43.0 APEX_CODE,FINEST;APEX_PROFILING,INFO;CALLOUT,INFO;DB,INFO;NBA,INFO;SYSTEM,DEBUG;VALIDATION,INFO;VISUALFORCE,INFO;WAVE,INFO;WORKFLOW,INFO
17:06:38.0 (383457)|USER_INFO|[EXTERNAL]|0051I000000JaV8|amarvick94@gmail.com|Pacific Standard Time|GMT-07:00
17:06:38.0 (426073)|EXECUTION_STARTED
17:06:38.0 (431333)|CODE_UNIT_STARTED|[EXTERNAL]|Aura
17:06:38.0 (2093962)|CODE_UNIT_STARTED|[EXTERNAL]|01p1I00000GA2Qw|CampingListController.getItems()
17:06:38.0 (2305012)|HEAP_ALLOCATE|[72]|Bytes:3
17:06:38.0 (2368557)|HEAP_ALLOCATE|[77]|Bytes:152
17:06:38.0 (2384919)|HEAP_ALLOCATE|[342]|Bytes:408
17:06:38.0 (2396247)|HEAP_ALLOCATE|[355]|Bytes:408
17:06:38.0 (2406464)|HEAP_ALLOCATE|[467]|Bytes:48
17:06:38.0 (2433441)|HEAP_ALLOCATE|[139]|Bytes:6
17:06:38.0 (2532490)|HEAP_ALLOCATE|[EXTERNAL]|Bytes:3
17:06:38.0 (2557608)|METHOD_ENTRY|[1]|01p1I00000GA2Qw|CampingListController.CampingListController()
17:06:38.0 (2567994)|STATEMENT_EXECUTE|[1]
17:06:38.0 (2574700)|STATEMENT_EXECUTE|[1]
17:06:38.0 (2580650)|METHOD_EXIT|[1]|CampingListController
17:06:38.0 (2597207)|SYSTEM_MODE_ENTER|false
17:06:38.0 (2609765)|STATEMENT_EXECUTE|[3]
17:06:38.0 (2611424)|STATEMENT_EXECUTE|[4]
17:06:38.0 (2614699)|HEAP_ALLOCATE|[4]|Bytes:70
17:06:38.0 (2643462)|HEAP_ALLOCATE|[4]|Bytes:4
17:06:38.0 (2701490)|HEAP_ALLOCATE|[50]|Bytes:5
17:06:38.0 (2729227)|HEAP_ALLOCATE|[56]|Bytes:5
17:06:38.0 (2738872)|HEAP_ALLOCATE|[64]|Bytes:7
17:06:38.0 (3155432)|SOQL_EXECUTE_BEGIN|[4]|Aggregations:0|SELECT id, name, price__c, Quantity__c, Packed__c FROM Camping_Item__c
17:06:38.0 (5698522)|SOQL_EXECUTE_END|[4]|Rows:0
17:06:38.0 (5733223)|HEAP_ALLOCATE|[4]|Bytes:4
17:06:38.0 (5752438)|HEAP_ALLOCATE|[4]|Bytes:0
17:06:38.0 (5898026)|HEAP_ALLOCATE|[4]|Bytes:4
17:06:38.0 (5919076)|VARIABLE_SCOPE_BEGIN|[4]|CI|List<Camping_Item__c>|true|false
17:06:38.0 (5967395)|VARIABLE_ASSIGNMENT|[4]|CI|[]|0x5cb7a660
17:06:38.0 (5980738)|STATEMENT_EXECUTE|[5]
17:06:38.0 (5990070)|SYSTEM_MODE_EXIT|false
17:06:38.6 (6024172)|CUMULATIVE_LIMIT_USAGE
17:06:38.6 (6024172)|LIMIT_USAGE_FOR_NS|(default)|
  Number of SOQL queries: 1 out of 100
  Number of query rows: 0 out of 50000
  Number of SOSL queries: 0 out of 20
  Number of DML statements: 0 out of 150
  Number of DML rows: 0 out of 10000
  Maximum CPU time: 0 out of 10000
  Maximum heap size: 0 out of 6000000
  Number of callouts: 0 out of 100
  Number of Email Invocations: 0 out of 10
  Number of future calls: 0 out of 50
  Number of queueable jobs added to the queue: 0 out of 50
  Number of Mobile Apex push calls: 0 out of 10

17:06:38.6 (6024172)|CUMULATIVE_LIMIT_USAGE_END

17:06:38.0 (6071810)|CODE_UNIT_FINISHED|CampingListController.getItems()
17:06:38.0 (6161768)|CODE_UNIT_FINISHED|Aura
17:06:38.0 (7447426)|EXECUTION_FINISHED
