42.0 APEX_CODE,FINEST;APEX_PROFILING,INFO;CALLOUT,INFO;DB,INFO;SYSTEM,DEBUG;VALIDATION,INFO;VISUALFORCE,INFO;WAVE,INFO;WORKFLOW,INFO
16:43:51.0 (295147)|USER_INFO|[EXTERNAL]|0051I000000JaV8|amarvick94@gmail.com|Pacific Standard Time|GMT-07:00
16:43:51.0 (326946)|EXECUTION_STARTED
16:43:51.0 (332587)|CODE_UNIT_STARTED|[EXTERNAL]|0661I000003daSA|VF: /apex/Settings
16:43:51.0 (12789933)|SYSTEM_MODE_ENTER|true
16:43:51.0 (13608458)|HEAP_ALLOCATE|[72]|Bytes:3
16:43:51.0 (13677217)|HEAP_ALLOCATE|[77]|Bytes:152
16:43:51.0 (13693504)|HEAP_ALLOCATE|[342]|Bytes:408
16:43:51.0 (13705758)|HEAP_ALLOCATE|[355]|Bytes:408
16:43:51.0 (13716379)|HEAP_ALLOCATE|[467]|Bytes:48
16:43:51.0 (13772976)|HEAP_ALLOCATE|[139]|Bytes:6
16:43:51.0 (13790248)|HEAP_ALLOCATE|[EXTERNAL]|Bytes:256
16:43:51.0 (13805907)|HEAP_ALLOCATE|[EXTERNAL]|Bytes:26
16:43:51.0 (13809812)|HEAP_ALLOCATE|[EXTERNAL]|Bytes:22
16:43:51.0 (13832169)|METHOD_ENTRY|[1]|01p1I00000G8yt3|OpsHR_UserSettingsController.OpsHR_UserSettingsController()
16:43:51.0 (13839695)|STATEMENT_EXECUTE|[1]
16:43:51.0 (13844650)|STATEMENT_EXECUTE|[1]
16:43:51.0 (13879492)|HEAP_ALLOCATE|[50]|Bytes:5
16:43:51.0 (13902615)|HEAP_ALLOCATE|[56]|Bytes:5
16:43:51.0 (13910197)|HEAP_ALLOCATE|[64]|Bytes:7
16:43:51.0 (13931746)|SYSTEM_MODE_ENTER|false
16:43:51.0 (13946638)|HEAP_ALLOCATE|[EXTERNAL]|Bytes:5
16:43:51.0 (13954651)|SYSTEM_MODE_EXIT|false
16:43:51.0 (13977873)|METHOD_EXIT|[1]|OpsHR_UserSettingsController
16:43:51.0 (14071807)|HEAP_ALLOCATE|[EXTERNAL]|Bytes:36
16:43:51.0 (14090018)|VARIABLE_SCOPE_BEGIN|[11]|this|OpsHR_UserSettingsController|true|false
16:43:51.0 (14162796)|VARIABLE_ASSIGNMENT|[11]|this|{}|0xa2ea59
16:43:51.0 (14171541)|VARIABLE_SCOPE_BEGIN|[11]|controller|ApexPages.StandardController|true|false
16:43:51.0 (14421815)|VARIABLE_ASSIGNMENT|[11]|controller|"StandardController [null]"|0x6a8ec28c
16:43:51.0 (14456031)|SYSTEM_MODE_ENTER|false
16:43:51.0 (14466504)|HEAP_ALLOCATE|[5]|Bytes:5
16:43:51.0 (14474049)|STATEMENT_EXECUTE|[1]
16:43:51.0 (14483908)|HEAP_ALLOCATE|[5]|Bytes:5
16:43:51.0 (14489142)|STATEMENT_EXECUTE|[3]
16:43:51.0 (14491870)|STATEMENT_EXECUTE|[4]
16:43:51.0 (14493322)|STATEMENT_EXECUTE|[5]
16:43:51.0 (14526343)|HEAP_ALLOCATE|[5]|Bytes:4
16:43:51.0 (14677647)|HEAP_ALLOCATE|[EXTERNAL]|Bytes:4
16:43:51.0 (14694195)|VARIABLE_ASSIGNMENT|[5]|this.recordTypes|[]|0xa2ea59
16:43:51.0 (14700191)|STATEMENT_EXECUTE|[7]
16:43:51.0 (14701775)|STATEMENT_EXECUTE|[8]
16:43:51.0 (14703159)|STATEMENT_EXECUTE|[14]
16:43:51.0 (14704616)|STATEMENT_EXECUTE|[43]
16:43:51.0 (14706207)|STATEMENT_EXECUTE|[73]
16:43:51.0 (14715824)|HEAP_ALLOCATE|[5]|Bytes:6
16:43:51.0 (14749544)|STATEMENT_EXECUTE|[11]
16:43:51.0 (14753014)|SYSTEM_MODE_EXIT|false
16:43:51.0 (16501259)|SYSTEM_MODE_ENTER|true
16:43:51.0 (16529709)|HEAP_ALLOCATE|[EXTERNAL]|Bytes:164
16:43:51.0 (16537443)|HEAP_ALLOCATE|[EXTERNAL]|Bytes:11
16:43:51.0 (16545022)|HEAP_ALLOCATE|[EXTERNAL]|Bytes:11
16:43:51.0 (16551397)|METHOD_ENTRY|[1]|01p1I00000G9Bhb|MultiselectController.MultiselectController()
16:43:51.0 (16556752)|STATEMENT_EXECUTE|[1]
16:43:51.0 (16559847)|STATEMENT_EXECUTE|[1]
16:43:51.0 (16568691)|SYSTEM_MODE_ENTER|false
16:43:51.0 (16576033)|HEAP_ALLOCATE|[EXTERNAL]|Bytes:5
16:43:51.0 (16582361)|SYSTEM_MODE_EXIT|false
16:43:51.0 (16589980)|METHOD_EXIT|[1]|MultiselectController
16:43:51.0 (16596516)|HEAP_ALLOCATE|[EXTERNAL]|Bytes:20
16:43:51.0 (16601386)|VARIABLE_SCOPE_BEGIN|[1]|this|MultiselectController|true|false
16:43:51.0 (16625023)|VARIABLE_ASSIGNMENT|[1]|this|{}|0x16c65e39
16:43:51.0 (16642121)|SYSTEM_MODE_ENTER|false
16:43:51.0 (16647553)|HEAP_ALLOCATE|[EXTERNAL]|Bytes:5
16:43:51.0 (16665744)|SYSTEM_MODE_EXIT|false
16:43:51.0 (16670413)|STATEMENT_EXECUTE|[1]
16:43:51.0 (16675853)|SYSTEM_MODE_ENTER|false
16:43:51.0 (16680099)|HEAP_ALLOCATE|[EXTERNAL]|Bytes:5
16:43:51.0 (16683542)|STATEMENT_EXECUTE|[3]
16:43:51.0 (16685207)|STATEMENT_EXECUTE|[4]
16:43:51.0 (16686740)|STATEMENT_EXECUTE|[24]
16:43:51.0 (16688348)|STATEMENT_EXECUTE|[32]
16:43:51.0 (16690471)|SYSTEM_MODE_EXIT|false
16:43:51.0 (17021720)|SYSTEM_MODE_ENTER|true
16:43:51.0 (17074044)|HEAP_ALLOCATE|[EXTERNAL]|Bytes:36
16:43:51.0 (17106586)|VARIABLE_ASSIGNMENT|[EXTERNAL]|this|{"recordTypes":"0x126bf954"}|0xa2ea59
16:43:51.0 (17122588)|SYSTEM_MODE_ENTER|false
16:43:51.0 (17128874)|HEAP_ALLOCATE|[45]|Bytes:5
16:43:51.0 (17133936)|STATEMENT_EXECUTE|[44]
16:43:51.0 (17135630)|STATEMENT_EXECUTE|[45]
16:43:51.0 (17147751)|HEAP_ALLOCATE|[45]|Bytes:4
16:43:51.0 (17175248)|VARIABLE_SCOPE_BEGIN|[45]|allQueues|List<System.SelectOption>|true|false
16:43:51.0 (17207694)|HEAP_ALLOCATE|[EXTERNAL]|Bytes:4
16:43:51.0 (17219373)|VARIABLE_ASSIGNMENT|[45]|allQueues|[]|0x7c2202cf
16:43:51.0 (17226107)|STATEMENT_EXECUTE|[46]
16:43:51.0 (17230193)|HEAP_ALLOCATE|[46]|Bytes:34
16:43:51.0 (17254487)|HEAP_ALLOCATE|[46]|Bytes:4
16:43:51.0 (18024111)|SOQL_EXECUTE_BEGIN|[46]|Aggregations:0|SELECT Label FROM OpsHR_Setup__mdt
16:43:51.0 (23450605)|SOQL_EXECUTE_END|[46]|Rows:17
16:43:51.0 (23478937)|HEAP_ALLOCATE|[46]|Bytes:72
16:43:51.0 (23515683)|HEAP_ALLOCATE|[46]|Bytes:714
16:43:51.0 (23578949)|HEAP_ALLOCATE|[46]|Bytes:72
16:43:51.0 (23591315)|VARIABLE_SCOPE_BEGIN|[46]|allMDT|List<OpsHR_Setup__mdt>|true|false
16:43:51.0 (23608284)|VARIABLE_ASSIGNMENT|[46]|allMDT|"List of size 17 too large to display"|0x4281ecd3
16:43:51.0 (23614835)|STATEMENT_EXECUTE|[48]
16:43:51.0 (23679264)|HEAP_ALLOCATE|[48]|Bytes:35
16:43:51.0 (23739241)|HEAP_ALLOCATE|[48]|Bytes:17
16:43:51.0 (23760106)|HEAP_ALLOCATE|[48]|Bytes:2
16:43:51.0 (23783543)|VARIABLE_SCOPE_BEGIN|[48]|retURL|String|false|false
16:43:51.0 (23796449)|VARIABLE_ASSIGNMENT|[48]|retURL|"0051I000000JaV8"
16:43:51.0 (23801131)|STATEMENT_EXECUTE|[50]
16:43:51.0 (23803793)|HEAP_ALLOCATE|[50]|Bytes:60
16:43:51.0 (23814111)|HEAP_ALLOCATE|[50]|Bytes:4
16:43:51.0 (23821592)|HEAP_ALLOCATE|[50]|Bytes:7
16:43:51.0 (23855480)|HEAP_ALLOCATE|[50]|Bytes:85
16:43:51.0 (23864470)|SYSTEM_METHOD_ENTRY|[1]|UserInfo.UserInfo()
16:43:51.0 (23869125)|STATEMENT_EXECUTE|[1]
16:43:51.0 (23874892)|SYSTEM_METHOD_EXIT|[1]|UserInfo
16:43:51.0 (23885977)|METHOD_ENTRY|[50]||System.UserInfo.getUserId()
16:43:51.0 (23920995)|METHOD_EXIT|[50]||System.UserInfo.getUserId()
16:43:51.0 (25308245)|SOQL_EXECUTE_BEGIN|[50]|Aggregations:0|SELECT Id, Support_Location__c FROM User WHERE Id = :tmpVar1
16:43:51.0 (28912411)|SOQL_EXECUTE_END|[50]|Rows:1
16:43:51.0 (28932437)|HEAP_ALLOCATE|[50]|Bytes:8
16:43:51.0 (28944009)|HEAP_ALLOCATE|[50]|Bytes:56
16:43:51.0 (28992703)|HEAP_ALLOCATE|[50]|Bytes:8
16:43:51.0 (29004360)|HEAP_ALLOCATE|[50]|Bytes:30
16:43:51.0 (29046963)|HEAP_ALLOCATE|[50]|Bytes:12
16:43:51.0 (29054564)|VARIABLE_SCOPE_BEGIN|[50]|theUser|User|true|false
16:43:51.0 (29074843)|VARIABLE_ASSIGNMENT|[50]|theUser|{"Id":"0051I000000JaV8QAK","Support_Location__c":"ABE3"}|0x2b4174ef
16:43:51.0 (29081600)|STATEMENT_EXECUTE|[53]
16:43:51.0 (29084721)|HEAP_ALLOCATE|[53]|Bytes:81
16:43:51.0 (29114467)|HEAP_ALLOCATE|[53]|Bytes:4
16:43:51.0 (29373941)|SOQL_EXECUTE_BEGIN|[53]|Aggregations:0|SELECT GroupId, Id, UserOrGroupId FROM GroupMember WHERE UserOrGroupId = :tmpVar1
16:43:51.0 (31330369)|SOQL_EXECUTE_END|[53]|Rows:7
16:43:51.0 (31349787)|HEAP_ALLOCATE|[53]|Bytes:32
16:43:51.0 (31369212)|HEAP_ALLOCATE|[53]|Bytes:651
16:43:51.0 (31419188)|HEAP_ALLOCATE|[53]|Bytes:32
16:43:51.0 (31429989)|VARIABLE_SCOPE_BEGIN|[53]|groupMembers|List<GroupMember>|true|false
16:43:51.0 (31451087)|VARIABLE_ASSIGNMENT|[53]|groupMembers|"List of size 7 too large to display"|0x1270e901
16:43:51.0 (31457844)|STATEMENT_EXECUTE|[54]
16:43:51.0 (31469051)|HEAP_ALLOCATE|[54]|Bytes:4
16:43:51.0 (31495935)|VARIABLE_SCOPE_BEGIN|[54]|groupIds|List<Id>|true|false
16:43:51.0 (31519857)|HEAP_ALLOCATE|[EXTERNAL]|Bytes:4
16:43:51.0 (31528253)|VARIABLE_ASSIGNMENT|[54]|groupIds|[]|0x31cd92dd
16:43:51.0 (31694315)|HEAP_ALLOCATE|[56]|Bytes:5
16:43:51.0 (31728475)|HEAP_ALLOCATE|[56]|Bytes:16
16:43:51.0 (31738632)|VARIABLE_SCOPE_BEGIN|[56]|g|GroupMember|true|false
16:43:51.0 (31754913)|VARIABLE_ASSIGNMENT|[56]|g|{"GroupId":"00G1I000000OhKRUA0","Id":"0111I000000UDEyQAO","UserOrGroupId":"0051I000000JaV8QAK"}|0x6537cd82
16:43:51.0 (31763035)|STATEMENT_EXECUTE|[56]
16:43:51.0 (31764857)|STATEMENT_EXECUTE|[57]
16:43:51.0 (31819573)|HEAP_ALLOCATE|[EXTERNAL]|Bytes:4
16:43:51.0 (31835725)|HEAP_ALLOCATE|[56]|Bytes:5
16:43:51.0 (31845998)|HEAP_ALLOCATE|[56]|Bytes:16
16:43:51.0 (31851630)|VARIABLE_SCOPE_BEGIN|[56]|g|GroupMember|true|false
16:43:51.0 (31869285)|VARIABLE_ASSIGNMENT|[56]|g|{"GroupId":"00G1I000000aJ8CUAU","Id":"0111I000000UDEpQAO","UserOrGroupId":"0051I000000JaV8QAK"}|0x373967ca
16:43:51.0 (31876341)|STATEMENT_EXECUTE|[56]
16:43:51.0 (31878155)|STATEMENT_EXECUTE|[57]
16:43:51.0 (31889192)|HEAP_ALLOCATE|[EXTERNAL]|Bytes:4
16:43:51.0 (31900477)|HEAP_ALLOCATE|[56]|Bytes:5
16:43:51.0 (31912062)|HEAP_ALLOCATE|[56]|Bytes:16
16:43:51.0 (31917164)|VARIABLE_SCOPE_BEGIN|[56]|g|GroupMember|true|false
16:43:51.0 (31928526)|VARIABLE_ASSIGNMENT|[56]|g|{"GroupId":"00G1I000000aJ8HUAU","Id":"0111I000000UDEqQAO","UserOrGroupId":"0051I000000JaV8QAK"}|0x66701299
16:43:51.0 (31934035)|STATEMENT_EXECUTE|[56]
16:43:51.0 (31935769)|STATEMENT_EXECUTE|[57]
16:43:51.0 (31943099)|HEAP_ALLOCATE|[EXTERNAL]|Bytes:4
16:43:51.0 (31953023)|HEAP_ALLOCATE|[56]|Bytes:5
16:43:51.0 (31960452)|HEAP_ALLOCATE|[56]|Bytes:16
16:43:51.0 (31965388)|VARIABLE_SCOPE_BEGIN|[56]|g|GroupMember|true|false
16:43:51.0 (31975682)|VARIABLE_ASSIGNMENT|[56]|g|{"GroupId":"00G1I000000aJ8WUAU","Id":"0111I000000UCIpQAO","UserOrGroupId":"0051I000000JaV8QAK"}|0x62fa1577
16:43:51.0 (31981213)|STATEMENT_EXECUTE|[56]
16:43:51.0 (31982630)|STATEMENT_EXECUTE|[57]
16:43:51.0 (31989319)|HEAP_ALLOCATE|[EXTERNAL]|Bytes:4
16:43:51.0 (31998733)|HEAP_ALLOCATE|[56]|Bytes:5
16:43:51.0 (32006092)|HEAP_ALLOCATE|[56]|Bytes:16
16:43:51.0 (32011575)|VARIABLE_SCOPE_BEGIN|[56]|g|GroupMember|true|false
16:43:51.0 (32021465)|VARIABLE_ASSIGNMENT|[56]|g|{"GroupId":"00G1I000000aJ8gUAE","Id":"0111I000000UDExQAO","UserOrGroupId":"0051I000000JaV8QAK"}|0x397a8f77
16:43:51.0 (32027465)|STATEMENT_EXECUTE|[56]
16:43:51.0 (32028932)|STATEMENT_EXECUTE|[57]
16:43:51.0 (32035634)|HEAP_ALLOCATE|[EXTERNAL]|Bytes:4
16:43:51.0 (32044863)|HEAP_ALLOCATE|[56]|Bytes:5
16:43:51.0 (32052358)|HEAP_ALLOCATE|[56]|Bytes:16
16:43:51.0 (32057253)|VARIABLE_SCOPE_BEGIN|[56]|g|GroupMember|true|false
16:43:51.0 (32067448)|VARIABLE_ASSIGNMENT|[56]|g|{"GroupId":"00G1I000000aJ8qUAE","Id":"0111I000000UDEnQAO","UserOrGroupId":"0051I000000JaV8QAK"}|0x4581b8a5
16:43:51.0 (32072854)|STATEMENT_EXECUTE|[56]
16:43:51.0 (32074238)|STATEMENT_EXECUTE|[57]
16:43:51.0 (32081689)|HEAP_ALLOCATE|[EXTERNAL]|Bytes:4
16:43:51.0 (32091038)|HEAP_ALLOCATE|[56]|Bytes:5
16:43:51.0 (32098484)|HEAP_ALLOCATE|[56]|Bytes:16
16:43:51.0 (32103371)|VARIABLE_SCOPE_BEGIN|[56]|g|GroupMember|true|false
16:43:51.0 (32113968)|VARIABLE_ASSIGNMENT|[56]|g|{"GroupId":"00G1I000000aJ8vUAE","Id":"0111I000000UDChQAO","UserOrGroupId":"0051I000000JaV8QAK"}|0x23839e56
16:43:51.0 (32119473)|STATEMENT_EXECUTE|[56]
16:43:51.0 (32121154)|STATEMENT_EXECUTE|[57]
16:43:51.0 (32127662)|HEAP_ALLOCATE|[EXTERNAL]|Bytes:4
16:43:51.0 (32137396)|HEAP_ALLOCATE|[56]|Bytes:5
16:43:51.0 (32146708)|VARIABLE_ASSIGNMENT|[56]|g|null|
16:43:51.0 (32152347)|STATEMENT_EXECUTE|[61]
16:43:51.0 (32155173)|HEAP_ALLOCATE|[61]|Bytes:74
16:43:51.0 (32167157)|HEAP_ALLOCATE|[61]|Bytes:4
16:43:51.0 (32402391)|SOQL_EXECUTE_BEGIN|[61]|Aggregations:0|SELECT Id, Name FROM Group WHERE (Type = 'Regular' AND Id NOT IN :tmpVar1)
16:43:51.0 (34461534)|SOQL_EXECUTE_END|[61]|Rows:9
16:43:51.0 (34481029)|HEAP_ALLOCATE|[61]|Bytes:40
16:43:51.0 (34502351)|HEAP_ALLOCATE|[61]|Bytes:369
16:43:51.0 (34550359)|HEAP_ALLOCATE|[61]|Bytes:40
16:43:51.0 (34561721)|VARIABLE_SCOPE_BEGIN|[61]|nonGroups|List<Group>|true|false
16:43:51.0 (34578276)|VARIABLE_ASSIGNMENT|[61]|nonGroups|"List of size 9 too large to display"|0x993e187
16:43:51.0 (34584670)|STATEMENT_EXECUTE|[62]
16:43:51.0 (34588258)|HEAP_ALLOCATE|[62]|Bytes:11
16:43:51.0 (34698421)|HEAP_ALLOCATE|[62]|Bytes:378
16:43:51.0 (34721470)|HEAP_ALLOCATE|[62]|Bytes:389
16:43:51.0 (34742881)|USER_DEBUG|[62]|DEBUG|nonGroups: (Group:{Id=00G1I000000aJ8bUAE, Name=ABE2}, Group:{Id=00G1I000000aJ8RUAU, Name=ABE4}, Group:{Id=00G1I000000aJ8MUAU, Name=ABE8}, Group:{Id=00G1I000000aJ9FUAU, Name=BDL2}, Group:{Id=00G1I000000aJ9KUAU, Name=BFI5}, Group:{Id=00G1I000000aJ90UAE, Name=BNA2}, Group:{Id=00G1I000000aJ95UAE, Name=BWI2}, Group:{Id=00G1I000000aJ8lUAE, Name=CLT2}, Group:{Id=00G1I000000aJ9AUAU, Name=CLT3})
16:43:51.0 (34853918)|HEAP_ALLOCATE|[64]|Bytes:5
16:43:51.0 (34869922)|HEAP_ALLOCATE|[64]|Bytes:12
16:43:51.0 (34877991)|VARIABLE_SCOPE_BEGIN|[64]|ng|Group|true|false
16:43:51.0 (34893844)|VARIABLE_ASSIGNMENT|[64]|ng|{"Id":"00G1I000000aJ8bUAE","Name":"ABE2"}|0x3b8c16c6
16:43:51.0 (34900640)|STATEMENT_EXECUTE|[64]
16:43:51.0 (34902610)|STATEMENT_EXECUTE|[65]
16:43:51.0 (34974247)|HEAP_ALLOCATE|[EXTERNAL]|Bytes:4
16:43:51.0 (34990203)|HEAP_ALLOCATE|[64]|Bytes:5
16:43:51.0 (35001023)|HEAP_ALLOCATE|[64]|Bytes:12
16:43:51.0 (35007883)|VARIABLE_SCOPE_BEGIN|[64]|ng|Group|true|false
16:43:51.0 (35020990)|VARIABLE_ASSIGNMENT|[64]|ng|{"Id":"00G1I000000aJ8RUAU","Name":"ABE4"}|0x19d31721
16:43:51.0 (35026647)|STATEMENT_EXECUTE|[64]
16:43:51.0 (35028203)|STATEMENT_EXECUTE|[65]
16:43:51.0 (35042195)|HEAP_ALLOCATE|[EXTERNAL]|Bytes:4
16:43:51.0 (35053394)|HEAP_ALLOCATE|[64]|Bytes:5
16:43:51.0 (35061855)|HEAP_ALLOCATE|[64]|Bytes:12
16:43:51.0 (35066970)|VARIABLE_SCOPE_BEGIN|[64]|ng|Group|true|false
16:43:51.0 (35078073)|VARIABLE_ASSIGNMENT|[64]|ng|{"Id":"00G1I000000aJ8MUAU","Name":"ABE8"}|0x1a35212b
16:43:51.0 (35083261)|STATEMENT_EXECUTE|[64]
16:43:51.0 (35084722)|STATEMENT_EXECUTE|[65]
16:43:51.0 (35094739)|HEAP_ALLOCATE|[EXTERNAL]|Bytes:4
16:43:51.0 (35104700)|HEAP_ALLOCATE|[64]|Bytes:5
16:43:51.0 (35112655)|HEAP_ALLOCATE|[64]|Bytes:12
16:43:51.0 (35117741)|VARIABLE_SCOPE_BEGIN|[64]|ng|Group|true|false
16:43:51.0 (35127808)|VARIABLE_ASSIGNMENT|[64]|ng|{"Id":"00G1I000000aJ9FUAU","Name":"BDL2"}|0x13ea27f5
16:43:51.0 (35132950)|STATEMENT_EXECUTE|[64]
16:43:51.0 (35134404)|STATEMENT_EXECUTE|[65]
16:43:51.0 (35143929)|HEAP_ALLOCATE|[EXTERNAL]|Bytes:4
16:43:51.0 (35153435)|HEAP_ALLOCATE|[64]|Bytes:5
16:43:51.0 (35161672)|HEAP_ALLOCATE|[64]|Bytes:12
16:43:51.0 (35166531)|VARIABLE_SCOPE_BEGIN|[64]|ng|Group|true|false
16:43:51.0 (35176474)|VARIABLE_ASSIGNMENT|[64]|ng|{"Id":"00G1I000000aJ9KUAU","Name":"BFI5"}|0x480b2968
16:43:51.0 (35181621)|STATEMENT_EXECUTE|[64]
16:43:51.0 (35183137)|STATEMENT_EXECUTE|[65]
16:43:51.0 (35192846)|HEAP_ALLOCATE|[EXTERNAL]|Bytes:4
16:43:51.0 (35205807)|HEAP_ALLOCATE|[64]|Bytes:5
16:43:51.0 (35214297)|HEAP_ALLOCATE|[64]|Bytes:12
16:43:51.0 (35219130)|VARIABLE_SCOPE_BEGIN|[64]|ng|Group|true|false
16:43:51.0 (35229435)|VARIABLE_ASSIGNMENT|[64]|ng|{"Id":"00G1I000000aJ90UAE","Name":"BNA2"}|0x49605557
16:43:51.0 (35234686)|STATEMENT_EXECUTE|[64]
16:43:51.0 (35236143)|STATEMENT_EXECUTE|[65]
16:43:51.0 (35245688)|HEAP_ALLOCATE|[EXTERNAL]|Bytes:4
16:43:51.0 (35255639)|HEAP_ALLOCATE|[64]|Bytes:5
16:43:51.0 (35262931)|HEAP_ALLOCATE|[64]|Bytes:12
16:43:51.0 (35268117)|VARIABLE_SCOPE_BEGIN|[64]|ng|Group|true|false
16:43:51.0 (35278163)|VARIABLE_ASSIGNMENT|[64]|ng|{"Id":"00G1I000000aJ95UAE","Name":"BWI2"}|0x7aef1929
16:43:51.0 (35284292)|STATEMENT_EXECUTE|[64]
16:43:51.0 (35285734)|STATEMENT_EXECUTE|[65]
16:43:51.0 (35294795)|HEAP_ALLOCATE|[EXTERNAL]|Bytes:4
16:43:51.0 (35304358)|HEAP_ALLOCATE|[64]|Bytes:5
16:43:51.0 (35311739)|HEAP_ALLOCATE|[64]|Bytes:12
16:43:51.0 (35316422)|VARIABLE_SCOPE_BEGIN|[64]|ng|Group|true|false
16:43:51.0 (35326277)|VARIABLE_ASSIGNMENT|[64]|ng|{"Id":"00G1I000000aJ8lUAE","Name":"CLT2"}|0x38f85c0e
16:43:51.0 (35331375)|STATEMENT_EXECUTE|[64]
16:43:51.0 (35332797)|STATEMENT_EXECUTE|[65]
16:43:51.0 (35341598)|HEAP_ALLOCATE|[EXTERNAL]|Bytes:4
16:43:51.0 (35351148)|HEAP_ALLOCATE|[64]|Bytes:5
16:43:51.0 (35358863)|HEAP_ALLOCATE|[64]|Bytes:12
16:43:51.0 (35363252)|VARIABLE_SCOPE_BEGIN|[64]|ng|Group|true|false
16:43:51.0 (35373052)|VARIABLE_ASSIGNMENT|[64]|ng|{"Id":"00G1I000000aJ9AUAU","Name":"CLT3"}|0x29a97210
16:43:51.0 (35377817)|STATEMENT_EXECUTE|[64]
16:43:51.0 (35379264)|STATEMENT_EXECUTE|[65]
16:43:51.0 (35388123)|HEAP_ALLOCATE|[EXTERNAL]|Bytes:4
16:43:51.0 (35397609)|HEAP_ALLOCATE|[64]|Bytes:5
16:43:51.0 (35407584)|VARIABLE_ASSIGNMENT|[64]|ng|null|
16:43:51.0 (35412249)|STATEMENT_EXECUTE|[68]
16:43:51.0 (35418564)|SYSTEM_MODE_EXIT|false
16:43:51.0 (35550017)|SYSTEM_MODE_ENTER|true
16:43:51.0 (35616447)|HEAP_ALLOCATE|[EXTERNAL]|Bytes:40
16:43:51.0 (35623123)|HEAP_ALLOCATE|[EXTERNAL]|Bytes:20
16:43:51.0 (35650006)|VARIABLE_ASSIGNMENT|[EXTERNAL]|this.leftOptions|"List of size 9 too large to display"|0x16c65e39
16:43:51.0 (35755605)|SYSTEM_MODE_ENTER|true
16:43:51.0 (35799844)|HEAP_ALLOCATE|[EXTERNAL]|Bytes:36
16:43:51.0 (35832431)|VARIABLE_ASSIGNMENT|[EXTERNAL]|this|{"recordTypes":"0x126bf954"}|0xa2ea59
16:43:51.0 (35849727)|SYSTEM_MODE_ENTER|false
16:43:51.0 (35856013)|HEAP_ALLOCATE|[75]|Bytes:5
16:43:51.0 (35860772)|STATEMENT_EXECUTE|[74]
16:43:51.0 (35862643)|STATEMENT_EXECUTE|[75]
16:43:51.0 (35871701)|HEAP_ALLOCATE|[75]|Bytes:4
16:43:51.0 (35893104)|VARIABLE_SCOPE_BEGIN|[75]|allQueues|List<System.SelectOption>|true|false
16:43:51.0 (35913553)|HEAP_ALLOCATE|[EXTERNAL]|Bytes:4
16:43:51.0 (35922313)|VARIABLE_ASSIGNMENT|[75]|allQueues|[]|0x7e96b5cf
16:43:51.0 (35928050)|STATEMENT_EXECUTE|[76]
16:43:51.0 (35937323)|HEAP_ALLOCATE|[76]|Bytes:4
16:43:51.0 (36032559)|SOQL_EXECUTE_BEGIN|[76]|Aggregations:0|SELECT Label FROM OpsHR_Setup__mdt
16:43:51.0 (37968615)|SOQL_EXECUTE_END|[76]|Rows:17
16:43:51.0 (37988284)|HEAP_ALLOCATE|[76]|Bytes:72
16:43:51.0 (38015336)|HEAP_ALLOCATE|[76]|Bytes:714
16:43:51.0 (38044171)|HEAP_ALLOCATE|[76]|Bytes:72
16:43:51.0 (38054405)|VARIABLE_SCOPE_BEGIN|[76]|allMDT|List<OpsHR_Setup__mdt>|true|false
16:43:51.0 (38069716)|VARIABLE_ASSIGNMENT|[76]|allMDT|"List of size 17 too large to display"|0x6f6a7095
16:43:51.0 (38076918)|STATEMENT_EXECUTE|[80]
16:43:51.0 (38081032)|HEAP_ALLOCATE|[80]|Bytes:39
16:43:51.0 (38093387)|HEAP_ALLOCATE|[80]|Bytes:4
16:43:51.0 (38109308)|METHOD_ENTRY|[80]||System.UserInfo.getUserId()
16:43:51.0 (38137761)|METHOD_EXIT|[80]||System.UserInfo.getUserId()
16:43:51.0 (38252450)|SOQL_EXECUTE_BEGIN|[80]|Aggregations:0|SELECT Id FROM User WHERE Id = :tmpVar1
16:43:51.0 (40061973)|SOQL_EXECUTE_END|[80]|Rows:1
16:43:51.0 (40082485)|HEAP_ALLOCATE|[80]|Bytes:8
16:43:51.0 (40094290)|HEAP_ALLOCATE|[80]|Bytes:29
16:43:51.0 (40122389)|HEAP_ALLOCATE|[80]|Bytes:8
16:43:51.0 (40144257)|HEAP_ALLOCATE|[80]|Bytes:8
16:43:51.0 (40150896)|VARIABLE_SCOPE_BEGIN|[80]|theUser|User|true|false
16:43:51.0 (40177285)|VARIABLE_ASSIGNMENT|[80]|theUser|{"Id":"0051I000000JaV8QAK"}|0x6bc36601
16:43:51.0 (40184866)|STATEMENT_EXECUTE|[83]
16:43:51.0 (40196154)|HEAP_ALLOCATE|[83]|Bytes:4
16:43:51.0 (40364365)|SOQL_EXECUTE_BEGIN|[83]|Aggregations:0|SELECT GroupId, Id, UserOrGroupId FROM GroupMember WHERE UserOrGroupId = :tmpVar1
16:43:51.0 (42332462)|SOQL_EXECUTE_END|[83]|Rows:7
16:43:51.0 (42351516)|HEAP_ALLOCATE|[83]|Bytes:32
16:43:51.0 (42369751)|HEAP_ALLOCATE|[83]|Bytes:651
16:43:51.0 (42396893)|HEAP_ALLOCATE|[83]|Bytes:32
16:43:51.0 (42406791)|VARIABLE_SCOPE_BEGIN|[83]|groupMembers|List<GroupMember>|true|false
16:43:51.0 (42422562)|VARIABLE_ASSIGNMENT|[83]|groupMembers|"List of size 7 too large to display"|0x37736615
16:43:51.0 (42430019)|STATEMENT_EXECUTE|[84]
16:43:51.0 (42439832)|HEAP_ALLOCATE|[84]|Bytes:4
16:43:51.0 (42470459)|VARIABLE_SCOPE_BEGIN|[84]|groupIds|List<Id>|true|false
16:43:51.0 (42492646)|HEAP_ALLOCATE|[EXTERNAL]|Bytes:4
16:43:51.0 (42501782)|VARIABLE_ASSIGNMENT|[84]|groupIds|[]|0x256a8c9a
16:43:51.0 (42541103)|HEAP_ALLOCATE|[86]|Bytes:5
16:43:51.0 (42556329)|HEAP_ALLOCATE|[86]|Bytes:16
16:43:51.0 (42564399)|VARIABLE_SCOPE_BEGIN|[86]|g|GroupMember|true|false
16:43:51.0 (42579706)|VARIABLE_ASSIGNMENT|[86]|g|{"GroupId":"00G1I000000OhKRUA0","Id":"0111I000000UDEyQAO","UserOrGroupId":"0051I000000JaV8QAK"}|0x2b099007
16:43:51.0 (42586111)|STATEMENT_EXECUTE|[86]
16:43:51.0 (42587718)|STATEMENT_EXECUTE|[87]
16:43:51.0 (42619873)|HEAP_ALLOCATE|[EXTERNAL]|Bytes:4
16:43:51.0 (42634766)|HEAP_ALLOCATE|[86]|Bytes:5
16:43:51.0 (42644599)|HEAP_ALLOCATE|[86]|Bytes:16
16:43:51.0 (42650544)|VARIABLE_SCOPE_BEGIN|[86]|g|GroupMember|true|false
16:43:51.0 (42663278)|VARIABLE_ASSIGNMENT|[86]|g|{"GroupId":"00G1I000000aJ8CUAU","Id":"0111I000000UDEpQAO","UserOrGroupId":"0051I000000JaV8QAK"}|0x1191fc1c
16:43:51.0 (42668824)|STATEMENT_EXECUTE|[86]
16:43:51.0 (42670288)|STATEMENT_EXECUTE|[87]
16:43:51.0 (42679466)|HEAP_ALLOCATE|[EXTERNAL]|Bytes:4
16:43:51.0 (42690499)|HEAP_ALLOCATE|[86]|Bytes:5
16:43:51.0 (42698772)|HEAP_ALLOCATE|[86]|Bytes:16
16:43:51.0 (42703723)|VARIABLE_SCOPE_BEGIN|[86]|g|GroupMember|true|false
16:43:51.0 (42714532)|VARIABLE_ASSIGNMENT|[86]|g|{"GroupId":"00G1I000000aJ8HUAU","Id":"0111I000000UDEqQAO","UserOrGroupId":"0051I000000JaV8QAK"}|0x18e28a1a
16:43:51.0 (42720106)|STATEMENT_EXECUTE|[86]
16:43:51.0 (42721505)|STATEMENT_EXECUTE|[87]
16:43:51.0 (42728550)|HEAP_ALLOCATE|[EXTERNAL]|Bytes:4
16:43:51.0 (42738400)|HEAP_ALLOCATE|[86]|Bytes:5
16:43:51.0 (42746140)|HEAP_ALLOCATE|[86]|Bytes:16
16:43:51.0 (42750861)|VARIABLE_SCOPE_BEGIN|[86]|g|GroupMember|true|false
16:43:51.0 (42761314)|VARIABLE_ASSIGNMENT|[86]|g|{"GroupId":"00G1I000000aJ8WUAU","Id":"0111I000000UCIpQAO","UserOrGroupId":"0051I000000JaV8QAK"}|0x8bd04fb
16:43:51.0 (42767001)|STATEMENT_EXECUTE|[86]
16:43:51.0 (42768397)|STATEMENT_EXECUTE|[87]
16:43:51.0 (42775408)|HEAP_ALLOCATE|[EXTERNAL]|Bytes:4
16:43:51.0 (42784737)|HEAP_ALLOCATE|[86]|Bytes:5
16:43:51.0 (42792341)|HEAP_ALLOCATE|[86]|Bytes:16
16:43:51.0 (42796855)|VARIABLE_SCOPE_BEGIN|[86]|g|GroupMember|true|false
16:43:51.0 (42806611)|VARIABLE_ASSIGNMENT|[86]|g|{"GroupId":"00G1I000000aJ8gUAE","Id":"0111I000000UDExQAO","UserOrGroupId":"0051I000000JaV8QAK"}|0x6fd33443
16:43:51.0 (42813000)|STATEMENT_EXECUTE|[86]
16:43:51.0 (42814383)|STATEMENT_EXECUTE|[87]
16:43:51.0 (42820704)|HEAP_ALLOCATE|[EXTERNAL]|Bytes:4
16:43:51.0 (42830118)|HEAP_ALLOCATE|[86]|Bytes:5
16:43:51.0 (42837131)|HEAP_ALLOCATE|[86]|Bytes:16
16:43:51.0 (42841333)|VARIABLE_SCOPE_BEGIN|[86]|g|GroupMember|true|false
16:43:51.0 (42851266)|VARIABLE_ASSIGNMENT|[86]|g|{"GroupId":"00G1I000000aJ8qUAE","Id":"0111I000000UDEnQAO","UserOrGroupId":"0051I000000JaV8QAK"}|0x713c54b9
16:43:51.0 (42856352)|STATEMENT_EXECUTE|[86]
16:43:51.0 (42857758)|STATEMENT_EXECUTE|[87]
16:43:51.0 (42864168)|HEAP_ALLOCATE|[EXTERNAL]|Bytes:4
16:43:51.0 (42873246)|HEAP_ALLOCATE|[86]|Bytes:5
16:43:51.0 (42880330)|HEAP_ALLOCATE|[86]|Bytes:16
16:43:51.0 (42885252)|VARIABLE_SCOPE_BEGIN|[86]|g|GroupMember|true|false
16:43:51.0 (42897408)|VARIABLE_ASSIGNMENT|[86]|g|{"GroupId":"00G1I000000aJ8vUAE","Id":"0111I000000UDChQAO","UserOrGroupId":"0051I000000JaV8QAK"}|0x7d82a2de
16:43:51.0 (42902792)|STATEMENT_EXECUTE|[86]
16:43:51.0 (42904172)|STATEMENT_EXECUTE|[87]
16:43:51.0 (42910344)|HEAP_ALLOCATE|[EXTERNAL]|Bytes:4
16:43:51.0 (42919299)|HEAP_ALLOCATE|[86]|Bytes:5
16:43:51.0 (42928459)|VARIABLE_ASSIGNMENT|[86]|g|null|
16:43:51.0 (42933230)|STATEMENT_EXECUTE|[91]
16:43:51.0 (42936214)|HEAP_ALLOCATE|[91]|Bytes:70
16:43:51.0 (42948060)|HEAP_ALLOCATE|[91]|Bytes:4
16:43:51.0 (43127404)|SOQL_EXECUTE_BEGIN|[91]|Aggregations:0|SELECT Id, Name FROM Group WHERE (Type = 'Regular' AND Id IN :tmpVar1)
16:43:51.0 (47357768)|SOQL_EXECUTE_END|[91]|Rows:7
16:43:51.0 (47381276)|HEAP_ALLOCATE|[91]|Bytes:32
16:43:51.0 (47398943)|HEAP_ALLOCATE|[91]|Bytes:292
16:43:51.0 (47425565)|HEAP_ALLOCATE|[91]|Bytes:32
16:43:51.0 (47435864)|VARIABLE_SCOPE_BEGIN|[91]|actualGroups|List<Group>|true|false
16:43:51.0 (47458329)|VARIABLE_ASSIGNMENT|[91]|actualGroups|"List of size 7 too large to display"|0x15c77615
16:43:51.0 (47499391)|HEAP_ALLOCATE|[93]|Bytes:5
16:43:51.0 (47513338)|HEAP_ALLOCATE|[93]|Bytes:12
16:43:51.0 (47521247)|VARIABLE_SCOPE_BEGIN|[93]|ng|Group|true|false
16:43:51.0 (47536176)|VARIABLE_ASSIGNMENT|[93]|ng|{"Id":"00G1I000000OhKRUA0","Name":"Reviewers"}|0x2a0bd4ca
16:43:51.0 (47542478)|STATEMENT_EXECUTE|[93]
16:43:51.0 (47544380)|STATEMENT_EXECUTE|[94]
16:43:51.0 (47596567)|HEAP_ALLOCATE|[EXTERNAL]|Bytes:4
16:43:51.0 (47612195)|HEAP_ALLOCATE|[93]|Bytes:5
16:43:51.0 (47622553)|HEAP_ALLOCATE|[93]|Bytes:12
16:43:51.0 (47628306)|VARIABLE_SCOPE_BEGIN|[93]|ng|Group|true|false
16:43:51.0 (47640257)|VARIABLE_ASSIGNMENT|[93]|ng|{"Id":"00G1I000000aJ8CUAU","Name":"BFI3"}|0x18da8a35
16:43:51.0 (47646580)|STATEMENT_EXECUTE|[93]
16:43:51.0 (47648231)|STATEMENT_EXECUTE|[94]
16:43:51.0 (47661560)|HEAP_ALLOCATE|[EXTERNAL]|Bytes:4
16:43:51.0 (47673189)|HEAP_ALLOCATE|[93]|Bytes:5
16:43:51.0 (47681418)|HEAP_ALLOCATE|[93]|Bytes:12
16:43:51.0 (47686573)|VARIABLE_SCOPE_BEGIN|[93]|ng|Group|true|false
16:43:51.0 (47697470)|VARIABLE_ASSIGNMENT|[93]|ng|{"Id":"00G1I000000aJ8HUAU","Name":"BFI4"}|0x30859a33
16:43:51.0 (47703325)|STATEMENT_EXECUTE|[93]
16:43:51.0 (47705050)|STATEMENT_EXECUTE|[94]
16:43:51.0 (47714850)|HEAP_ALLOCATE|[EXTERNAL]|Bytes:4
16:43:51.0 (47724559)|HEAP_ALLOCATE|[93]|Bytes:5
16:43:51.0 (47732859)|HEAP_ALLOCATE|[93]|Bytes:12
16:43:51.0 (47738058)|VARIABLE_SCOPE_BEGIN|[93]|ng|Group|true|false
16:43:51.0 (47747696)|VARIABLE_ASSIGNMENT|[93]|ng|{"Id":"00G1I000000aJ8WUAU","Name":"CMH1"}|0x20bd913d
16:43:51.0 (47752459)|STATEMENT_EXECUTE|[93]
16:43:51.0 (47753863)|STATEMENT_EXECUTE|[94]
16:43:51.0 (47763200)|HEAP_ALLOCATE|[EXTERNAL]|Bytes:4
16:43:51.0 (47773194)|HEAP_ALLOCATE|[93]|Bytes:5
16:43:51.0 (47781230)|HEAP_ALLOCATE|[93]|Bytes:12
16:43:51.0 (47785712)|VARIABLE_SCOPE_BEGIN|[93]|ng|Group|true|false
16:43:51.0 (47795402)|VARIABLE_ASSIGNMENT|[93]|ng|{"Id":"00G1I000000aJ8gUAE","Name":"DEN2"}|0x5464bc64
16:43:51.0 (47800778)|STATEMENT_EXECUTE|[93]
16:43:51.0 (47802326)|STATEMENT_EXECUTE|[94]
16:43:51.0 (47811579)|HEAP_ALLOCATE|[EXTERNAL]|Bytes:4
16:43:51.0 (47821370)|HEAP_ALLOCATE|[93]|Bytes:5
16:43:51.0 (47829458)|HEAP_ALLOCATE|[93]|Bytes:12
16:43:51.0 (47834611)|VARIABLE_SCOPE_BEGIN|[93]|ng|Group|true|false
16:43:51.0 (47844850)|VARIABLE_ASSIGNMENT|[93]|ng|{"Id":"00G1I000000aJ8qUAE","Name":"AVP1"}|0x18231fff
16:43:51.0 (47850021)|STATEMENT_EXECUTE|[93]
16:43:51.0 (47851413)|STATEMENT_EXECUTE|[94]
16:43:51.0 (47860687)|HEAP_ALLOCATE|[EXTERNAL]|Bytes:4
16:43:51.0 (47870132)|HEAP_ALLOCATE|[93]|Bytes:5
16:43:51.0 (47897468)|HEAP_ALLOCATE|[93]|Bytes:12
16:43:51.0 (47903345)|VARIABLE_SCOPE_BEGIN|[93]|ng|Group|true|false
16:43:51.0 (47913584)|VARIABLE_ASSIGNMENT|[93]|ng|{"Id":"00G1I000000aJ8vUAE","Name":"CAE1"}|0x46b5aca
16:43:51.0 (47918818)|STATEMENT_EXECUTE|[93]
16:43:51.0 (47920341)|STATEMENT_EXECUTE|[94]
16:43:51.0 (47931279)|HEAP_ALLOCATE|[EXTERNAL]|Bytes:4
16:43:51.0 (47941888)|HEAP_ALLOCATE|[93]|Bytes:5
16:43:51.0 (47951134)|VARIABLE_ASSIGNMENT|[93]|ng|null|
16:43:51.0 (47956584)|STATEMENT_EXECUTE|[97]
16:43:51.0 (47961813)|SYSTEM_MODE_EXIT|false
16:43:51.0 (48071196)|SYSTEM_MODE_ENTER|true
16:43:51.0 (48118998)|HEAP_ALLOCATE|[EXTERNAL]|Bytes:32
16:43:51.0 (48125633)|HEAP_ALLOCATE|[EXTERNAL]|Bytes:20
16:43:51.0 (48137532)|VARIABLE_ASSIGNMENT|[EXTERNAL]|this.rightOptions|"List of size 7 too large to display"|0x16c65e39
16:43:51.0 (48296323)|SYSTEM_MODE_ENTER|true
16:43:51.0 (48570102)|SYSTEM_MODE_ENTER|true
16:43:51.0 (66447637)|SYSTEM_MODE_ENTER|true
16:43:51.0 (66513325)|HEAP_ALLOCATE|[EXTERNAL]|Bytes:36
16:43:51.0 (66572793)|VARIABLE_ASSIGNMENT|[EXTERNAL]|this|{"recordTypes":"0x126bf954"}|0xa2ea59
16:43:51.0 (66595917)|SYSTEM_MODE_ENTER|false
16:43:51.0 (66604967)|HEAP_ALLOCATE|[16]|Bytes:5
16:43:51.0 (66611119)|STATEMENT_EXECUTE|[15]
16:43:51.0 (66613817)|STATEMENT_EXECUTE|[16]
16:43:51.0 (66627266)|HEAP_ALLOCATE|[16]|Bytes:4
16:43:51.0 (66671665)|VARIABLE_SCOPE_BEGIN|[16]|pubGroups|List<System.SelectOption>|true|false
16:43:51.0 (66695709)|HEAP_ALLOCATE|[EXTERNAL]|Bytes:4
16:43:51.0 (66704848)|VARIABLE_ASSIGNMENT|[16]|pubGroups|[]|0xc10b3cf
16:43:51.0 (66710991)|STATEMENT_EXECUTE|[18]
16:43:51.0 (66714987)|HEAP_ALLOCATE|[18]|Bytes:49
16:43:51.0 (66730457)|HEAP_ALLOCATE|[18]|Bytes:4
16:43:51.0 (66899822)|SOQL_EXECUTE_BEGIN|[18]|Aggregations:0|SELECT Id, Name FROM Group WHERE Type = 'Regular'
16:43:51.0 (69258622)|SOQL_EXECUTE_END|[18]|Rows:16
16:43:51.0 (69287548)|HEAP_ALLOCATE|[18]|Bytes:68
16:43:51.0 (69315445)|HEAP_ALLOCATE|[18]|Bytes:661
16:43:51.0 (69345378)|HEAP_ALLOCATE|[18]|Bytes:68
16:43:51.0 (69355957)|VARIABLE_SCOPE_BEGIN|[18]|regularGroups|List<Group>|true|false
16:43:51.0 (69376802)|VARIABLE_ASSIGNMENT|[18]|regularGroups|"List of size 16 too large to display"|0x7a375325
16:43:51.0 (69423148)|HEAP_ALLOCATE|[21]|Bytes:5
16:43:51.0 (69441077)|HEAP_ALLOCATE|[21]|Bytes:12
16:43:51.0 (69465622)|VARIABLE_SCOPE_BEGIN|[21]|rg|Group|true|false
16:43:51.0 (69481827)|VARIABLE_ASSIGNMENT|[21]|rg|{"Id":"00G1I000000aJ8bUAE","Name":"ABE2"}|0x43f00468
16:43:51.0 (69488539)|STATEMENT_EXECUTE|[21]
16:43:51.0 (69558058)|STATEMENT_EXECUTE|[22]
16:43:51.0 (69560193)|STATEMENT_EXECUTE|[23]
16:43:51.0 (69608674)|HEAP_ALLOCATE|[EXTERNAL]|Bytes:4
16:43:51.0 (69633584)|HEAP_ALLOCATE|[21]|Bytes:5
16:43:51.0 (69644903)|HEAP_ALLOCATE|[21]|Bytes:12
16:43:51.0 (69652015)|VARIABLE_SCOPE_BEGIN|[21]|rg|Group|true|false
16:43:51.0 (69666017)|VARIABLE_ASSIGNMENT|[21]|rg|{"Id":"00G1I000000aJ8RUAU","Name":"ABE4"}|0xd0d7b38
16:43:51.0 (69671862)|STATEMENT_EXECUTE|[21]
16:43:51.0 (69692335)|STATEMENT_EXECUTE|[22]
16:43:51.0 (69694265)|STATEMENT_EXECUTE|[23]
16:43:51.0 (69713426)|HEAP_ALLOCATE|[EXTERNAL]|Bytes:4
16:43:51.0 (69725660)|HEAP_ALLOCATE|[21]|Bytes:5
16:43:51.0 (69735472)|HEAP_ALLOCATE|[21]|Bytes:12
16:43:51.0 (69741065)|VARIABLE_SCOPE_BEGIN|[21]|rg|Group|true|false
16:43:51.0 (69752387)|VARIABLE_ASSIGNMENT|[21]|rg|{"Id":"00G1I000000aJ8MUAU","Name":"ABE8"}|0x4633607a
16:43:51.0 (69757050)|STATEMENT_EXECUTE|[21]
16:43:51.0 (69780634)|STATEMENT_EXECUTE|[22]
16:43:51.0 (69782614)|STATEMENT_EXECUTE|[23]
16:43:51.0 (69792163)|HEAP_ALLOCATE|[EXTERNAL]|Bytes:4
16:43:51.0 (69812038)|HEAP_ALLOCATE|[21]|Bytes:5
16:43:51.0 (69821747)|HEAP_ALLOCATE|[21]|Bytes:12
16:43:51.0 (69826960)|VARIABLE_SCOPE_BEGIN|[21]|rg|Group|true|false
16:43:51.0 (69837993)|VARIABLE_ASSIGNMENT|[21]|rg|{"Id":"00G1I000000aJ8qUAE","Name":"AVP1"}|0x46d8ae14
16:43:51.0 (69844618)|STATEMENT_EXECUTE|[21]
16:43:51.0 (69861316)|STATEMENT_EXECUTE|[22]
16:43:51.0 (69862917)|STATEMENT_EXECUTE|[23]
16:43:51.0 (69880146)|HEAP_ALLOCATE|[EXTERNAL]|Bytes:4
16:43:51.0 (69891557)|HEAP_ALLOCATE|[21]|Bytes:5
16:43:51.0 (69901138)|HEAP_ALLOCATE|[21]|Bytes:12
16:43:51.0 (69906089)|VARIABLE_SCOPE_BEGIN|[21]|rg|Group|true|false
16:43:51.0 (69916729)|VARIABLE_ASSIGNMENT|[21]|rg|{"Id":"00G1I000000aJ9FUAU","Name":"BDL2"}|0x5c821e3
16:43:51.0 (69922594)|STATEMENT_EXECUTE|[21]
16:43:51.0 (69937207)|STATEMENT_EXECUTE|[22]
16:43:51.0 (69938801)|STATEMENT_EXECUTE|[23]
16:43:51.0 (69947698)|HEAP_ALLOCATE|[EXTERNAL]|Bytes:4
16:43:51.0 (69957757)|HEAP_ALLOCATE|[21]|Bytes:5
16:43:51.0 (69966685)|HEAP_ALLOCATE|[21]|Bytes:12
16:43:51.0 (69971468)|VARIABLE_SCOPE_BEGIN|[21]|rg|Group|true|false
16:43:51.0 (69981643)|VARIABLE_ASSIGNMENT|[21]|rg|{"Id":"00G1I000000aJ8CUAU","Name":"BFI3"}|0x637a4ed9
16:43:51.0 (69986560)|STATEMENT_EXECUTE|[21]
16:43:51.0 (70001257)|STATEMENT_EXECUTE|[22]
16:43:51.0 (70003823)|STATEMENT_EXECUTE|[23]
16:43:51.0 (70012381)|HEAP_ALLOCATE|[EXTERNAL]|Bytes:4
16:43:51.0 (70026785)|HEAP_ALLOCATE|[21]|Bytes:5
16:43:51.0 (70035699)|HEAP_ALLOCATE|[21]|Bytes:12
16:43:51.0 (70041126)|VARIABLE_SCOPE_BEGIN|[21]|rg|Group|true|false
16:43:51.0 (70051863)|VARIABLE_ASSIGNMENT|[21]|rg|{"Id":"00G1I000000aJ8HUAU","Name":"BFI4"}|0x3e17c27c
16:43:51.0 (70057151)|STATEMENT_EXECUTE|[21]
16:43:51.0 (70072097)|STATEMENT_EXECUTE|[22]
16:43:51.0 (70073941)|STATEMENT_EXECUTE|[23]
16:43:51.0 (70082239)|HEAP_ALLOCATE|[EXTERNAL]|Bytes:4
16:43:51.0 (70093039)|HEAP_ALLOCATE|[21]|Bytes:5
16:43:51.0 (70101130)|HEAP_ALLOCATE|[21]|Bytes:12
16:43:51.0 (70105650)|VARIABLE_SCOPE_BEGIN|[21]|rg|Group|true|false
16:43:51.0 (70115954)|VARIABLE_ASSIGNMENT|[21]|rg|{"Id":"00G1I000000aJ9KUAU","Name":"BFI5"}|0x3dbc63a4
16:43:51.0 (70121250)|STATEMENT_EXECUTE|[21]
16:43:51.0 (70135528)|STATEMENT_EXECUTE|[22]
16:43:51.0 (70137080)|STATEMENT_EXECUTE|[23]
16:43:51.0 (70144990)|HEAP_ALLOCATE|[EXTERNAL]|Bytes:4
16:43:51.0 (70155890)|HEAP_ALLOCATE|[21]|Bytes:5
16:43:51.0 (70164320)|HEAP_ALLOCATE|[21]|Bytes:12
16:43:51.0 (70169229)|VARIABLE_SCOPE_BEGIN|[21]|rg|Group|true|false
16:43:51.0 (70179520)|VARIABLE_ASSIGNMENT|[21]|rg|{"Id":"00G1I000000aJ90UAE","Name":"BNA2"}|0x793f9ac9
16:43:51.0 (70184436)|STATEMENT_EXECUTE|[21]
16:43:51.0 (70198694)|STATEMENT_EXECUTE|[22]
16:43:51.0 (70200252)|STATEMENT_EXECUTE|[23]
16:43:51.0 (70208435)|HEAP_ALLOCATE|[EXTERNAL]|Bytes:4
16:43:51.0 (70218394)|HEAP_ALLOCATE|[21]|Bytes:5
16:43:51.0 (70226686)|HEAP_ALLOCATE|[21]|Bytes:12
16:43:51.0 (70235171)|VARIABLE_SCOPE_BEGIN|[21]|rg|Group|true|false
16:43:51.0 (70246116)|VARIABLE_ASSIGNMENT|[21]|rg|{"Id":"00G1I000000aJ95UAE","Name":"BWI2"}|0x48821fb1
16:43:51.0 (70251668)|STATEMENT_EXECUTE|[21]
16:43:51.0 (70266264)|STATEMENT_EXECUTE|[22]
16:43:51.0 (70267814)|STATEMENT_EXECUTE|[23]
16:43:51.0 (70276123)|HEAP_ALLOCATE|[EXTERNAL]|Bytes:4
16:43:51.0 (70286115)|HEAP_ALLOCATE|[21]|Bytes:5
16:43:51.0 (70294875)|HEAP_ALLOCATE|[21]|Bytes:12
16:43:51.0 (70299864)|VARIABLE_SCOPE_BEGIN|[21]|rg|Group|true|false
16:43:51.0 (70310489)|VARIABLE_ASSIGNMENT|[21]|rg|{"Id":"00G1I000000aJ8vUAE","Name":"CAE1"}|0x480620ff
16:43:51.0 (70315995)|STATEMENT_EXECUTE|[21]
16:43:51.0 (70330543)|STATEMENT_EXECUTE|[22]
16:43:51.0 (70332059)|STATEMENT_EXECUTE|[23]
16:43:51.0 (70340297)|HEAP_ALLOCATE|[EXTERNAL]|Bytes:4
16:43:51.0 (70350869)|HEAP_ALLOCATE|[21]|Bytes:5
16:43:51.0 (70359045)|HEAP_ALLOCATE|[21]|Bytes:12
16:43:51.0 (70363695)|VARIABLE_SCOPE_BEGIN|[21]|rg|Group|true|false
16:43:51.0 (70374001)|VARIABLE_ASSIGNMENT|[21]|rg|{"Id":"00G1I000000aJ8lUAE","Name":"CLT2"}|0x1679cb18
16:43:51.0 (70379204)|STATEMENT_EXECUTE|[21]
16:43:51.0 (70393347)|STATEMENT_EXECUTE|[22]
16:43:51.0 (70394872)|STATEMENT_EXECUTE|[23]
16:43:51.0 (70402952)|HEAP_ALLOCATE|[EXTERNAL]|Bytes:4
16:43:51.0 (70413016)|HEAP_ALLOCATE|[21]|Bytes:5
16:43:51.0 (70421136)|HEAP_ALLOCATE|[21]|Bytes:12
16:43:51.0 (70425872)|VARIABLE_SCOPE_BEGIN|[21]|rg|Group|true|false
16:43:51.0 (70435872)|VARIABLE_ASSIGNMENT|[21]|rg|{"Id":"00G1I000000aJ9AUAU","Name":"CLT3"}|0x1315e2cc
16:43:51.0 (70445553)|STATEMENT_EXECUTE|[21]
16:43:51.0 (70460981)|STATEMENT_EXECUTE|[22]
16:43:51.0 (70462625)|STATEMENT_EXECUTE|[23]
16:43:51.0 (70471230)|HEAP_ALLOCATE|[EXTERNAL]|Bytes:4
16:43:51.0 (70481363)|HEAP_ALLOCATE|[21]|Bytes:5
16:43:51.0 (70489810)|HEAP_ALLOCATE|[21]|Bytes:12
16:43:51.0 (70494458)|VARIABLE_SCOPE_BEGIN|[21]|rg|Group|true|false
16:43:51.0 (70505024)|VARIABLE_ASSIGNMENT|[21]|rg|{"Id":"00G1I000000aJ8WUAU","Name":"CMH1"}|0x4bb20888
16:43:51.0 (70510037)|STATEMENT_EXECUTE|[21]
16:43:51.0 (70524268)|STATEMENT_EXECUTE|[22]
16:43:51.0 (70525930)|STATEMENT_EXECUTE|[23]
16:43:51.0 (70534008)|HEAP_ALLOCATE|[EXTERNAL]|Bytes:4
16:43:51.0 (70544344)|HEAP_ALLOCATE|[21]|Bytes:5
16:43:51.0 (70552201)|HEAP_ALLOCATE|[21]|Bytes:12
16:43:51.0 (70557020)|VARIABLE_SCOPE_BEGIN|[21]|rg|Group|true|false
16:43:51.0 (70567517)|VARIABLE_ASSIGNMENT|[21]|rg|{"Id":"00G1I000000aJ8gUAE","Name":"DEN2"}|0x32cac8d9
16:43:51.0 (70572481)|STATEMENT_EXECUTE|[21]
16:43:51.0 (70586937)|STATEMENT_EXECUTE|[22]
16:43:51.0 (70588444)|STATEMENT_EXECUTE|[23]
16:43:51.0 (70596526)|HEAP_ALLOCATE|[EXTERNAL]|Bytes:4
16:43:51.0 (70606478)|HEAP_ALLOCATE|[21]|Bytes:5
16:43:51.0 (70614439)|HEAP_ALLOCATE|[21]|Bytes:12
16:43:51.0 (70619034)|VARIABLE_SCOPE_BEGIN|[21]|rg|Group|true|false
16:43:51.0 (70629006)|VARIABLE_ASSIGNMENT|[21]|rg|{"Id":"00G1I000000OhKRUA0","Name":"Reviewers"}|0x6ab3f493
16:43:51.0 (70634627)|STATEMENT_EXECUTE|[21]
16:43:51.0 (70648757)|STATEMENT_EXECUTE|[22]
16:43:51.0 (70654912)|HEAP_ALLOCATE|[21]|Bytes:5
16:43:51.0 (70665096)|VARIABLE_ASSIGNMENT|[21]|rg|null|
16:43:51.0 (70670291)|STATEMENT_EXECUTE|[26]
16:43:51.0 (70675703)|SYSTEM_MODE_EXIT|false
16:43:51.0 (70891619)|SYSTEM_MODE_ENTER|true
16:43:51.0 (71496382)|SYSTEM_MODE_ENTER|true
16:43:51.0 (71539527)|HEAP_ALLOCATE|[EXTERNAL]|Bytes:40
16:43:51.0 (71545904)|HEAP_ALLOCATE|[EXTERNAL]|Bytes:20
16:43:51.0 (71559501)|VARIABLE_ASSIGNMENT|[EXTERNAL]|this.leftOptions|"List of size 9 too large to display"|0x16c65e39
16:43:51.0 (71626684)|SYSTEM_MODE_ENTER|true
16:43:51.0 (71651701)|HEAP_ALLOCATE|[EXTERNAL]|Bytes:32
16:43:51.0 (71656704)|HEAP_ALLOCATE|[EXTERNAL]|Bytes:20
16:43:51.0 (71666137)|VARIABLE_ASSIGNMENT|[EXTERNAL]|this.rightOptions|"List of size 7 too large to display"|0x16c65e39
16:43:51.0 (72214503)|SYSTEM_MODE_ENTER|true
16:43:51.0 (74361054)|SYSTEM_MODE_ENTER|true
16:43:51.0 (74632494)|SYSTEM_MODE_ENTER|true
16:43:51.0 (74706129)|SYSTEM_MODE_ENTER|true
16:43:51.0 (76342264)|VF_SERIALIZE_VIEWSTATE_BEGIN|0661I000003daSA
16:43:51.0 (78890424)|VF_SERIALIZE_VIEWSTATE_END
16:43:51.81 (81337894)|CUMULATIVE_LIMIT_USAGE
16:43:51.81 (81337894)|LIMIT_USAGE_FOR_NS|(default)|
  Number of SOQL queries: 7 out of 100
  Number of query rows: 82 out of 50000
  Number of SOSL queries: 0 out of 20
  Number of DML statements: 0 out of 150
  Number of DML rows: 0 out of 10000
  Maximum CPU time: 0 out of 10000
  Maximum heap size: 0 out of 6000000
  Number of callouts: 0 out of 100
  Number of Email Invocations: 0 out of 10
  Number of future calls: 0 out of 50
  Number of queueable jobs added to the queue: 0 out of 50
  Number of Mobile Apex push calls: 0 out of 10

16:43:51.81 (81337894)|CUMULATIVE_LIMIT_USAGE_END

16:43:51.0 (81374319)|CODE_UNIT_FINISHED|VF: /apex/Settings
16:43:51.0 (82164663)|EXECUTION_FINISHED
