43.0 APEX_CODE,FINEST;APEX_PROFILING,INFO;CALLOUT,INFO;DB,INFO;NBA,INFO;SYSTEM,DEBUG;VALIDATION,INFO;VISUALFORCE,INFO;WAVE,INFO;WORKFLOW,INFO
17:20:11.0 (126258)|USER_INFO|[EXTERNAL]|0051I000000JaV8|amarvick94@gmail.com|Pacific Standard Time|GMT-07:00
17:20:11.0 (178903)|EXECUTION_STARTED
17:20:11.0 (184019)|CODE_UNIT_STARTED|[EXTERNAL]|Aura
17:20:11.0 (1900917)|CODE_UNIT_STARTED|[EXTERNAL]|01p1I00000GA2Qw|CampingListController.getItems()
17:20:11.0 (2114988)|HEAP_ALLOCATE|[72]|Bytes:3
17:20:11.0 (2175494)|HEAP_ALLOCATE|[77]|Bytes:152
17:20:11.0 (2197773)|HEAP_ALLOCATE|[342]|Bytes:408
17:20:11.0 (2219592)|HEAP_ALLOCATE|[355]|Bytes:408
17:20:11.0 (2239730)|HEAP_ALLOCATE|[467]|Bytes:48
17:20:11.0 (2279058)|HEAP_ALLOCATE|[139]|Bytes:6
17:20:11.0 (2357013)|HEAP_ALLOCATE|[EXTERNAL]|Bytes:3
17:20:11.0 (2376378)|METHOD_ENTRY|[1]|01p1I00000GA2Qw|CampingListController.CampingListController()
17:20:11.0 (2389344)|STATEMENT_EXECUTE|[1]
17:20:11.0 (2396509)|STATEMENT_EXECUTE|[1]
17:20:11.0 (2403258)|METHOD_EXIT|[1]|CampingListController
17:20:11.0 (2420748)|SYSTEM_MODE_ENTER|false
17:20:11.0 (2433978)|STATEMENT_EXECUTE|[3]
17:20:11.0 (2436743)|STATEMENT_EXECUTE|[4]
17:20:11.0 (2441148)|HEAP_ALLOCATE|[4]|Bytes:70
17:20:11.0 (2462816)|HEAP_ALLOCATE|[4]|Bytes:4
17:20:11.0 (2522915)|HEAP_ALLOCATE|[50]|Bytes:5
17:20:11.0 (2551145)|HEAP_ALLOCATE|[56]|Bytes:5
17:20:11.0 (2566406)|HEAP_ALLOCATE|[64]|Bytes:7
17:20:11.0 (3114456)|SOQL_EXECUTE_BEGIN|[4]|Aggregations:0|SELECT id, name, price__c, Quantity__c, Packed__c FROM Camping_Item__c
17:20:11.0 (5376032)|SOQL_EXECUTE_END|[4]|Rows:0
17:20:11.0 (5408614)|HEAP_ALLOCATE|[4]|Bytes:4
17:20:11.0 (5426926)|HEAP_ALLOCATE|[4]|Bytes:0
17:20:11.0 (5529602)|HEAP_ALLOCATE|[4]|Bytes:4
17:20:11.0 (5551520)|VARIABLE_SCOPE_BEGIN|[4]|CI|List<Camping_Item__c>|true|false
17:20:11.0 (5599690)|VARIABLE_ASSIGNMENT|[4]|CI|[]|0x3394af94
17:20:11.0 (5615129)|STATEMENT_EXECUTE|[5]
17:20:11.0 (5623421)|SYSTEM_MODE_EXIT|false
17:20:11.5 (5657655)|CUMULATIVE_LIMIT_USAGE
17:20:11.5 (5657655)|LIMIT_USAGE_FOR_NS|(default)|
  Number of SOQL queries: 1 out of 100
  Number of query rows: 0 out of 50000
  Number of SOSL queries: 0 out of 20
  Number of DML statements: 0 out of 150
  Number of DML rows: 0 out of 10000
  Maximum CPU time: 0 out of 10000
  Maximum heap size: 0 out of 6000000
  Number of callouts: 0 out of 100
  Number of Email Invocations: 0 out of 10
  Number of future calls: 0 out of 50
  Number of queueable jobs added to the queue: 0 out of 50
  Number of Mobile Apex push calls: 0 out of 10

17:20:11.5 (5657655)|CUMULATIVE_LIMIT_USAGE_END

17:20:11.0 (5703630)|CODE_UNIT_FINISHED|CampingListController.getItems()
17:20:11.0 (5786861)|CODE_UNIT_FINISHED|Aura
17:20:11.0 (7183731)|EXECUTION_FINISHED
