43.0 APEX_CODE,FINEST;APEX_PROFILING,INFO;CALLOUT,INFO;DB,INFO;NBA,INFO;SYSTEM,DEBUG;VALIDATION,INFO;VISUALFORCE,INFO;WAVE,INFO;WORKFLOW,INFO
17:14:35.0 (443347)|USER_INFO|[EXTERNAL]|0051I000000JaV8|amarvick94@gmail.com|Pacific Standard Time|GMT-07:00
17:14:35.0 (494963)|EXECUTION_STARTED
17:14:35.0 (500583)|CODE_UNIT_STARTED|[EXTERNAL]|Aura
17:14:35.0 (2353239)|CODE_UNIT_STARTED|[EXTERNAL]|01p1I00000GA2Qw|CampingListController.getItems()
17:14:35.0 (2572570)|HEAP_ALLOCATE|[72]|Bytes:3
17:14:35.0 (2638435)|HEAP_ALLOCATE|[77]|Bytes:152
17:14:35.0 (2659642)|HEAP_ALLOCATE|[342]|Bytes:408
17:14:35.0 (2680166)|HEAP_ALLOCATE|[355]|Bytes:408
17:14:35.0 (2699804)|HEAP_ALLOCATE|[467]|Bytes:48
17:14:35.0 (2737946)|HEAP_ALLOCATE|[139]|Bytes:6
17:14:35.0 (2829183)|HEAP_ALLOCATE|[EXTERNAL]|Bytes:3
17:14:35.0 (2848150)|METHOD_ENTRY|[1]|01p1I00000GA2Qw|CampingListController.CampingListController()
17:14:35.0 (2860112)|STATEMENT_EXECUTE|[1]
17:14:35.0 (2867440)|STATEMENT_EXECUTE|[1]
17:14:35.0 (2874108)|METHOD_EXIT|[1]|CampingListController
17:14:35.0 (2890319)|SYSTEM_MODE_ENTER|false
17:14:35.0 (2904187)|STATEMENT_EXECUTE|[3]
17:14:35.0 (2907072)|STATEMENT_EXECUTE|[4]
17:14:35.0 (2911113)|HEAP_ALLOCATE|[4]|Bytes:70
17:14:35.0 (2932609)|HEAP_ALLOCATE|[4]|Bytes:4
17:14:35.0 (2987993)|HEAP_ALLOCATE|[50]|Bytes:5
17:14:35.0 (3014531)|HEAP_ALLOCATE|[56]|Bytes:5
17:14:35.0 (3028117)|HEAP_ALLOCATE|[64]|Bytes:7
17:14:35.0 (3520676)|SOQL_EXECUTE_BEGIN|[4]|Aggregations:0|SELECT id, name, price__c, Quantity__c, Packed__c FROM Camping_Item__c
17:14:35.0 (6017976)|SOQL_EXECUTE_END|[4]|Rows:0
17:14:35.0 (6049452)|HEAP_ALLOCATE|[4]|Bytes:4
17:14:35.0 (6065154)|HEAP_ALLOCATE|[4]|Bytes:0
17:14:35.0 (6177326)|HEAP_ALLOCATE|[4]|Bytes:4
17:14:35.0 (6199066)|VARIABLE_SCOPE_BEGIN|[4]|CI|List<Camping_Item__c>|true|false
17:14:35.0 (6240342)|VARIABLE_ASSIGNMENT|[4]|CI|[]|0x42e43c9f
17:14:35.0 (6252807)|STATEMENT_EXECUTE|[5]
17:14:35.0 (6262143)|SYSTEM_MODE_EXIT|false
17:14:35.6 (6300769)|CUMULATIVE_LIMIT_USAGE
17:14:35.6 (6300769)|LIMIT_USAGE_FOR_NS|(default)|
  Number of SOQL queries: 1 out of 100
  Number of query rows: 0 out of 50000
  Number of SOSL queries: 0 out of 20
  Number of DML statements: 0 out of 150
  Number of DML rows: 0 out of 10000
  Maximum CPU time: 0 out of 10000
  Maximum heap size: 0 out of 6000000
  Number of callouts: 0 out of 100
  Number of Email Invocations: 0 out of 10
  Number of future calls: 0 out of 50
  Number of queueable jobs added to the queue: 0 out of 50
  Number of Mobile Apex push calls: 0 out of 10

17:14:35.6 (6300769)|CUMULATIVE_LIMIT_USAGE_END

17:14:35.0 (6347579)|CODE_UNIT_FINISHED|CampingListController.getItems()
17:14:35.0 (6426246)|CODE_UNIT_FINISHED|Aura
17:14:35.0 (7694285)|EXECUTION_FINISHED
