43.0 APEX_CODE,FINEST;APEX_PROFILING,INFO;CALLOUT,INFO;DB,INFO;NBA,INFO;SYSTEM,DEBUG;VALIDATION,INFO;VISUALFORCE,INFO;WAVE,INFO;WORKFLOW,INFO
16:57:27.0 (87251)|USER_INFO|[EXTERNAL]|0051I000000JaV8|amarvick94@gmail.com|Pacific Standard Time|GMT-07:00
16:57:27.0 (120572)|EXECUTION_STARTED
16:57:27.0 (125916)|CODE_UNIT_STARTED|[EXTERNAL]|Aura
16:57:27.0 (1323965)|CODE_UNIT_STARTED|[EXTERNAL]|01p1I00000GA2Qw|CampingListController.getItems()
16:57:27.0 (1523966)|HEAP_ALLOCATE|[72]|Bytes:3
16:57:27.0 (1585981)|HEAP_ALLOCATE|[77]|Bytes:152
16:57:27.0 (1601979)|HEAP_ALLOCATE|[342]|Bytes:408
16:57:27.0 (1612853)|HEAP_ALLOCATE|[355]|Bytes:408
16:57:27.0 (1623154)|HEAP_ALLOCATE|[467]|Bytes:48
16:57:27.0 (1657455)|HEAP_ALLOCATE|[139]|Bytes:6
16:57:27.0 (1739817)|HEAP_ALLOCATE|[EXTERNAL]|Bytes:3
16:57:27.0 (1754447)|METHOD_ENTRY|[1]|01p1I00000GA2Qw|CampingListController.CampingListController()
16:57:27.0 (1765190)|STATEMENT_EXECUTE|[1]
16:57:27.0 (1771920)|STATEMENT_EXECUTE|[1]
16:57:27.0 (1776372)|METHOD_EXIT|[1]|CampingListController
16:57:27.0 (1790551)|SYSTEM_MODE_ENTER|false
16:57:27.0 (1802695)|STATEMENT_EXECUTE|[3]
16:57:27.0 (1804410)|STATEMENT_EXECUTE|[4]
16:57:27.0 (1807442)|HEAP_ALLOCATE|[4]|Bytes:70
16:57:27.0 (1834738)|HEAP_ALLOCATE|[4]|Bytes:4
16:57:27.0 (1884989)|HEAP_ALLOCATE|[50]|Bytes:5
16:57:27.0 (1912398)|HEAP_ALLOCATE|[56]|Bytes:5
16:57:27.0 (1920038)|HEAP_ALLOCATE|[64]|Bytes:7
16:57:27.0 (2321185)|SOQL_EXECUTE_BEGIN|[4]|Aggregations:0|SELECT id, name, price__c, Quantity__c, Packed__c FROM Camping_Item__c
16:57:27.0 (4291761)|SOQL_EXECUTE_END|[4]|Rows:0
16:57:27.0 (4318722)|HEAP_ALLOCATE|[4]|Bytes:4
16:57:27.0 (4332834)|HEAP_ALLOCATE|[4]|Bytes:0
16:57:27.0 (4437412)|HEAP_ALLOCATE|[4]|Bytes:4
16:57:27.0 (4451960)|VARIABLE_SCOPE_BEGIN|[4]|CI|List<Camping_Item__c>|true|false
16:57:27.0 (4488767)|VARIABLE_ASSIGNMENT|[4]|CI|[]|0x49dac441
16:57:27.0 (4496137)|STATEMENT_EXECUTE|[5]
16:57:27.0 (4503776)|SYSTEM_MODE_EXIT|false
16:57:27.4 (4526937)|CUMULATIVE_LIMIT_USAGE
16:57:27.4 (4526937)|LIMIT_USAGE_FOR_NS|(default)|
  Number of SOQL queries: 1 out of 100
  Number of query rows: 0 out of 50000
  Number of SOSL queries: 0 out of 20
  Number of DML statements: 0 out of 150
  Number of DML rows: 0 out of 10000
  Maximum CPU time: 0 out of 10000
  Maximum heap size: 0 out of 6000000
  Number of callouts: 0 out of 100
  Number of Email Invocations: 0 out of 10
  Number of future calls: 0 out of 50
  Number of queueable jobs added to the queue: 0 out of 50
  Number of Mobile Apex push calls: 0 out of 10

16:57:27.4 (4526937)|CUMULATIVE_LIMIT_USAGE_END

16:57:27.0 (4559792)|CODE_UNIT_FINISHED|CampingListController.getItems()
16:57:27.0 (4617754)|CODE_UNIT_FINISHED|Aura
16:57:27.0 (5836698)|EXECUTION_FINISHED
