42.0 APEX_CODE,FINEST;APEX_PROFILING,INFO;CALLOUT,INFO;DB,INFO;SYSTEM,DEBUG;VALIDATION,INFO;VISUALFORCE,INFO;WAVE,INFO;WORKFLOW,INFO
16:28:40.0 (293934)|USER_INFO|[EXTERNAL]|0051I000000JaV8|amarvick94@gmail.com|Pacific Standard Time|GMT-07:00
16:28:40.0 (327085)|EXECUTION_STARTED
16:28:40.0 (332486)|CODE_UNIT_STARTED|[EXTERNAL]|0661I000003daSA|VF: /apex/Settings
16:28:40.0 (2376777)|SYSTEM_MODE_ENTER|true
16:28:40.0 (2854253)|HEAP_ALLOCATE|[72]|Bytes:3
16:28:40.0 (2919673)|HEAP_ALLOCATE|[77]|Bytes:152
16:28:40.0 (2938330)|HEAP_ALLOCATE|[342]|Bytes:408
16:28:40.0 (2951322)|HEAP_ALLOCATE|[355]|Bytes:408
16:28:40.0 (2961330)|HEAP_ALLOCATE|[467]|Bytes:48
16:28:40.0 (3018965)|HEAP_ALLOCATE|[139]|Bytes:6
16:28:40.0 (3040386)|HEAP_ALLOCATE|[EXTERNAL]|Bytes:256
16:28:40.0 (3060158)|HEAP_ALLOCATE|[EXTERNAL]|Bytes:26
16:28:40.0 (3064063)|HEAP_ALLOCATE|[EXTERNAL]|Bytes:22
16:28:40.0 (3115927)|METHOD_ENTRY|[1]|01p1I00000G8yt3|OpsHR_ContactDriverController.OpsHR_ContactDriverController()
16:28:40.0 (3123915)|STATEMENT_EXECUTE|[1]
16:28:40.0 (3128682)|STATEMENT_EXECUTE|[1]
16:28:40.0 (3164487)|HEAP_ALLOCATE|[50]|Bytes:5
16:28:40.0 (3189259)|HEAP_ALLOCATE|[56]|Bytes:5
16:28:40.0 (3196908)|HEAP_ALLOCATE|[64]|Bytes:7
16:28:40.0 (3222416)|SYSTEM_MODE_ENTER|false
16:28:40.0 (3238616)|HEAP_ALLOCATE|[EXTERNAL]|Bytes:5
16:28:40.0 (3247052)|SYSTEM_MODE_EXIT|false
16:28:40.0 (3271426)|METHOD_EXIT|[1]|OpsHR_ContactDriverController
16:28:40.0 (3347298)|HEAP_ALLOCATE|[EXTERNAL]|Bytes:36
16:28:40.0 (3404527)|VARIABLE_SCOPE_BEGIN|[11]|this|OpsHR_ContactDriverController|true|false
16:28:40.0 (3474845)|VARIABLE_ASSIGNMENT|[11]|this|{}|0x797de404
16:28:40.0 (3483566)|VARIABLE_SCOPE_BEGIN|[11]|controller|ApexPages.StandardController|true|false
16:28:40.0 (3778978)|VARIABLE_ASSIGNMENT|[11]|controller|"StandardController [null]"|0x19381e85
16:28:40.0 (3802405)|SYSTEM_MODE_ENTER|false
16:28:40.0 (3810727)|HEAP_ALLOCATE|[5]|Bytes:5
16:28:40.0 (3815905)|STATEMENT_EXECUTE|[1]
16:28:40.0 (3821505)|HEAP_ALLOCATE|[5]|Bytes:5
16:28:40.0 (3824809)|STATEMENT_EXECUTE|[3]
16:28:40.0 (3826530)|STATEMENT_EXECUTE|[4]
16:28:40.0 (3827891)|STATEMENT_EXECUTE|[5]
16:28:40.0 (3860844)|HEAP_ALLOCATE|[5]|Bytes:4
16:28:40.0 (4009887)|HEAP_ALLOCATE|[EXTERNAL]|Bytes:4
16:28:40.0 (4026632)|VARIABLE_ASSIGNMENT|[5]|this.recordTypes|[]|0x797de404
16:28:40.0 (4033319)|STATEMENT_EXECUTE|[7]
16:28:40.0 (4034953)|STATEMENT_EXECUTE|[8]
16:28:40.0 (4036353)|STATEMENT_EXECUTE|[16]
16:28:40.0 (4037875)|STATEMENT_EXECUTE|[43]
16:28:40.0 (4039367)|STATEMENT_EXECUTE|[73]
16:28:40.0 (4048537)|HEAP_ALLOCATE|[5]|Bytes:6
16:28:40.0 (4082185)|STATEMENT_EXECUTE|[12]
16:28:40.0 (4085942)|SYSTEM_MODE_EXIT|false
16:28:40.0 (4913509)|SYSTEM_MODE_ENTER|true
16:28:40.0 (4948895)|HEAP_ALLOCATE|[EXTERNAL]|Bytes:164
16:28:40.0 (4957214)|HEAP_ALLOCATE|[EXTERNAL]|Bytes:11
16:28:40.0 (4961516)|HEAP_ALLOCATE|[EXTERNAL]|Bytes:11
16:28:40.0 (4968867)|METHOD_ENTRY|[1]|01p1I00000G9Bhb|MultiselectController.MultiselectController()
16:28:40.0 (4974761)|STATEMENT_EXECUTE|[1]
16:28:40.0 (4978145)|STATEMENT_EXECUTE|[1]
16:28:40.0 (4987620)|SYSTEM_MODE_ENTER|false
16:28:40.0 (4994783)|HEAP_ALLOCATE|[EXTERNAL]|Bytes:5
16:28:40.0 (5000789)|SYSTEM_MODE_EXIT|false
16:28:40.0 (5008787)|METHOD_EXIT|[1]|MultiselectController
16:28:40.0 (5020393)|HEAP_ALLOCATE|[EXTERNAL]|Bytes:20
16:28:40.0 (5026015)|VARIABLE_SCOPE_BEGIN|[1]|this|MultiselectController|true|false
16:28:40.0 (5048818)|VARIABLE_ASSIGNMENT|[1]|this|{}|0xaedcc91
16:28:40.0 (5062708)|SYSTEM_MODE_ENTER|false
16:28:40.0 (5067878)|HEAP_ALLOCATE|[EXTERNAL]|Bytes:5
16:28:40.0 (5084713)|SYSTEM_MODE_EXIT|false
16:28:40.0 (5089323)|STATEMENT_EXECUTE|[1]
16:28:40.0 (5095164)|SYSTEM_MODE_ENTER|false
16:28:40.0 (5099397)|HEAP_ALLOCATE|[EXTERNAL]|Bytes:5
16:28:40.0 (5103076)|STATEMENT_EXECUTE|[3]
16:28:40.0 (5104791)|STATEMENT_EXECUTE|[4]
16:28:40.0 (5106298)|STATEMENT_EXECUTE|[24]
16:28:40.0 (5107962)|STATEMENT_EXECUTE|[32]
16:28:40.0 (5110138)|SYSTEM_MODE_EXIT|false
16:28:40.0 (5353494)|SYSTEM_MODE_ENTER|true
16:28:40.0 (5403608)|HEAP_ALLOCATE|[EXTERNAL]|Bytes:36
16:28:40.0 (5578833)|VARIABLE_ASSIGNMENT|[EXTERNAL]|this|{"recordTypes":"0x60776da8"}|0x797de404
16:28:40.0 (5596484)|SYSTEM_MODE_ENTER|false
16:28:40.0 (5603295)|HEAP_ALLOCATE|[45]|Bytes:5
16:28:40.0 (5608488)|STATEMENT_EXECUTE|[44]
16:28:40.0 (5610579)|STATEMENT_EXECUTE|[45]
16:28:40.0 (5621976)|HEAP_ALLOCATE|[45]|Bytes:4
16:28:40.0 (5651679)|VARIABLE_SCOPE_BEGIN|[45]|allQueues|List<System.SelectOption>|true|false
16:28:40.0 (5683760)|HEAP_ALLOCATE|[EXTERNAL]|Bytes:4
16:28:40.0 (5694536)|VARIABLE_ASSIGNMENT|[45]|allQueues|[]|0x3d7a34ce
16:28:40.0 (5700276)|STATEMENT_EXECUTE|[46]
16:28:40.0 (5703720)|HEAP_ALLOCATE|[46]|Bytes:34
16:28:40.0 (5722542)|HEAP_ALLOCATE|[46]|Bytes:4
16:28:40.0 (5950844)|SOQL_EXECUTE_BEGIN|[46]|Aggregations:0|SELECT Label FROM OpsHR_Setup__mdt
16:28:40.0 (10151806)|SOQL_EXECUTE_END|[46]|Rows:17
16:28:40.0 (10183385)|HEAP_ALLOCATE|[46]|Bytes:72
16:28:40.0 (10221643)|HEAP_ALLOCATE|[46]|Bytes:714
16:28:40.0 (10289309)|HEAP_ALLOCATE|[46]|Bytes:72
16:28:40.0 (10302371)|VARIABLE_SCOPE_BEGIN|[46]|allMDT|List<OpsHR_Setup__mdt>|true|false
16:28:40.0 (10319503)|VARIABLE_ASSIGNMENT|[46]|allMDT|"List of size 17 too large to display"|0x11db07a4
16:28:40.0 (10326805)|STATEMENT_EXECUTE|[48]
16:28:40.0 (10394499)|HEAP_ALLOCATE|[48]|Bytes:35
16:28:40.0 (10460503)|HEAP_ALLOCATE|[48]|Bytes:17
16:28:40.0 (10482728)|HEAP_ALLOCATE|[48]|Bytes:2
16:28:40.0 (10505478)|VARIABLE_SCOPE_BEGIN|[48]|retURL|String|false|false
16:28:40.0 (10517220)|VARIABLE_ASSIGNMENT|[48]|retURL|"0051I000000JaV8"
16:28:40.0 (10522973)|STATEMENT_EXECUTE|[50]
16:28:40.0 (10525816)|HEAP_ALLOCATE|[50]|Bytes:60
16:28:40.0 (10537189)|HEAP_ALLOCATE|[50]|Bytes:4
16:28:40.0 (10545018)|HEAP_ALLOCATE|[50]|Bytes:7
16:28:40.0 (10598466)|HEAP_ALLOCATE|[50]|Bytes:85
16:28:40.0 (10609273)|SYSTEM_METHOD_ENTRY|[1]|UserInfo.UserInfo()
16:28:40.0 (10613395)|STATEMENT_EXECUTE|[1]
16:28:40.0 (10619535)|SYSTEM_METHOD_EXIT|[1]|UserInfo
16:28:40.0 (10643651)|METHOD_ENTRY|[50]||System.UserInfo.getUserId()
16:28:40.0 (10689733)|METHOD_EXIT|[50]||System.UserInfo.getUserId()
16:28:40.0 (10916755)|SOQL_EXECUTE_BEGIN|[50]|Aggregations:0|SELECT Id, Support_Location__c FROM User WHERE Id = :tmpVar1
16:28:40.0 (15740660)|SOQL_EXECUTE_END|[50]|Rows:1
16:28:40.0 (15769742)|HEAP_ALLOCATE|[50]|Bytes:8
16:28:40.0 (15790941)|HEAP_ALLOCATE|[50]|Bytes:56
16:28:40.0 (15850400)|HEAP_ALLOCATE|[50]|Bytes:8
16:28:40.0 (15862427)|HEAP_ALLOCATE|[50]|Bytes:30
16:28:40.0 (15922028)|HEAP_ALLOCATE|[50]|Bytes:12
16:28:40.0 (15931341)|VARIABLE_SCOPE_BEGIN|[50]|theUser|User|true|false
16:28:40.0 (15954028)|VARIABLE_ASSIGNMENT|[50]|theUser|{"Id":"0051I000000JaV8QAK","Support_Location__c":"ABE3"}|0x10d2c50e
16:28:40.0 (15961216)|STATEMENT_EXECUTE|[53]
16:28:40.0 (15964959)|HEAP_ALLOCATE|[53]|Bytes:81
16:28:40.0 (15977615)|HEAP_ALLOCATE|[53]|Bytes:4
16:28:40.0 (16207691)|SOQL_EXECUTE_BEGIN|[53]|Aggregations:0|SELECT GroupId, Id, UserOrGroupId FROM GroupMember WHERE UserOrGroupId = :tmpVar1
16:28:40.0 (18548371)|SOQL_EXECUTE_END|[53]|Rows:6
16:28:40.0 (18568083)|HEAP_ALLOCATE|[53]|Bytes:28
16:28:40.0 (18587868)|HEAP_ALLOCATE|[53]|Bytes:558
16:28:40.0 (18643238)|HEAP_ALLOCATE|[53]|Bytes:28
16:28:40.0 (18660187)|VARIABLE_SCOPE_BEGIN|[53]|groupMembers|List<GroupMember>|true|false
16:28:40.0 (18678459)|VARIABLE_ASSIGNMENT|[53]|groupMembers|"List of size 6 too large to display"|0x37aaed09
16:28:40.0 (18684955)|STATEMENT_EXECUTE|[54]
16:28:40.0 (18699746)|HEAP_ALLOCATE|[54]|Bytes:4
16:28:40.0 (18728090)|VARIABLE_SCOPE_BEGIN|[54]|groupIds|List<Id>|true|false
16:28:40.0 (18755320)|HEAP_ALLOCATE|[EXTERNAL]|Bytes:4
16:28:40.0 (18765421)|VARIABLE_ASSIGNMENT|[54]|groupIds|[]|0x27e4d5a9
16:28:40.0 (18977548)|HEAP_ALLOCATE|[56]|Bytes:5
16:28:40.0 (19010765)|HEAP_ALLOCATE|[56]|Bytes:16
16:28:40.0 (19021675)|VARIABLE_SCOPE_BEGIN|[56]|g|GroupMember|true|false
16:28:40.0 (19038844)|VARIABLE_ASSIGNMENT|[56]|g|{"GroupId":"00G1I000000OhKRUA0","Id":"0111I000000UCIrQAO","UserOrGroupId":"0051I000000JaV8QAK"}|0x119c8c0d
16:28:40.0 (19046826)|STATEMENT_EXECUTE|[56]
16:28:40.0 (19048726)|STATEMENT_EXECUTE|[57]
16:28:40.0 (19110095)|HEAP_ALLOCATE|[EXTERNAL]|Bytes:4
16:28:40.0 (19126665)|HEAP_ALLOCATE|[56]|Bytes:5
16:28:40.0 (19137535)|HEAP_ALLOCATE|[56]|Bytes:16
16:28:40.0 (19143594)|VARIABLE_SCOPE_BEGIN|[56]|g|GroupMember|true|false
16:28:40.0 (19157381)|VARIABLE_ASSIGNMENT|[56]|g|{"GroupId":"00G1I000000aJ8WUAU","Id":"0111I000000UCIpQAO","UserOrGroupId":"0051I000000JaV8QAK"}|0x3621908e
16:28:40.0 (19163670)|STATEMENT_EXECUTE|[56]
16:28:40.0 (19165668)|STATEMENT_EXECUTE|[57]
16:28:40.0 (19180496)|HEAP_ALLOCATE|[EXTERNAL]|Bytes:4
16:28:40.0 (19191106)|HEAP_ALLOCATE|[56]|Bytes:5
16:28:40.0 (19200011)|HEAP_ALLOCATE|[56]|Bytes:16
16:28:40.0 (19204953)|VARIABLE_SCOPE_BEGIN|[56]|g|GroupMember|true|false
16:28:40.0 (19216685)|VARIABLE_ASSIGNMENT|[56]|g|{"GroupId":"00G1I000000aJ8gUAE","Id":"0111I000000UDCkQAO","UserOrGroupId":"0051I000000JaV8QAK"}|0x6db57448
16:28:40.0 (19222263)|STATEMENT_EXECUTE|[56]
16:28:40.0 (19223793)|STATEMENT_EXECUTE|[57]
16:28:40.0 (19231598)|HEAP_ALLOCATE|[EXTERNAL]|Bytes:4
16:28:40.0 (19240708)|HEAP_ALLOCATE|[56]|Bytes:5
16:28:40.0 (19248863)|HEAP_ALLOCATE|[56]|Bytes:16
16:28:40.0 (19253968)|VARIABLE_SCOPE_BEGIN|[56]|g|GroupMember|true|false
16:28:40.0 (19264504)|VARIABLE_ASSIGNMENT|[56]|g|{"GroupId":"00G1I000000aJ8lUAE","Id":"0111I000000UDCiQAO","UserOrGroupId":"0051I000000JaV8QAK"}|0x2dc58709
16:28:40.0 (19269583)|STATEMENT_EXECUTE|[56]
16:28:40.0 (19271168)|STATEMENT_EXECUTE|[57]
16:28:40.0 (19278188)|HEAP_ALLOCATE|[EXTERNAL]|Bytes:4
16:28:40.0 (19287082)|HEAP_ALLOCATE|[56]|Bytes:5
16:28:40.0 (19294678)|HEAP_ALLOCATE|[56]|Bytes:16
16:28:40.0 (19299560)|VARIABLE_SCOPE_BEGIN|[56]|g|GroupMember|true|false
16:28:40.0 (19309706)|VARIABLE_ASSIGNMENT|[56]|g|{"GroupId":"00G1I000000aJ8qUAE","Id":"0111I000000UDCcQAO","UserOrGroupId":"0051I000000JaV8QAK"}|0x58cc8a58
16:28:40.0 (19315843)|STATEMENT_EXECUTE|[56]
16:28:40.0 (19317343)|STATEMENT_EXECUTE|[57]
16:28:40.0 (19323948)|HEAP_ALLOCATE|[EXTERNAL]|Bytes:4
16:28:40.0 (19332880)|HEAP_ALLOCATE|[56]|Bytes:5
16:28:40.0 (19340031)|HEAP_ALLOCATE|[56]|Bytes:16
16:28:40.0 (19344630)|VARIABLE_SCOPE_BEGIN|[56]|g|GroupMember|true|false
16:28:40.0 (19354457)|VARIABLE_ASSIGNMENT|[56]|g|{"GroupId":"00G1I000000aJ8vUAE","Id":"0111I000000UDChQAO","UserOrGroupId":"0051I000000JaV8QAK"}|0x62d3c42f
16:28:40.0 (19359468)|STATEMENT_EXECUTE|[56]
16:28:40.0 (19360962)|STATEMENT_EXECUTE|[57]
16:28:40.0 (19367690)|HEAP_ALLOCATE|[EXTERNAL]|Bytes:4
16:28:40.0 (19376678)|HEAP_ALLOCATE|[56]|Bytes:5
16:28:40.0 (19386166)|VARIABLE_ASSIGNMENT|[56]|g|null|
16:28:40.0 (19392232)|STATEMENT_EXECUTE|[61]
16:28:40.0 (19395340)|HEAP_ALLOCATE|[61]|Bytes:74
16:28:40.0 (19407382)|HEAP_ALLOCATE|[61]|Bytes:4
16:28:40.0 (19595827)|SOQL_EXECUTE_BEGIN|[61]|Aggregations:0|SELECT Id, Name FROM Group WHERE (Type = 'Regular' AND Id NOT IN :tmpVar1)
16:28:40.0 (21561763)|SOQL_EXECUTE_END|[61]|Rows:10
16:28:40.0 (21581219)|HEAP_ALLOCATE|[61]|Bytes:44
16:28:40.0 (21603089)|HEAP_ALLOCATE|[61]|Bytes:410
16:28:40.0 (21660221)|HEAP_ALLOCATE|[61]|Bytes:44
16:28:40.0 (21672073)|VARIABLE_SCOPE_BEGIN|[61]|nonGroups|List<Group>|true|false
16:28:40.0 (21688148)|VARIABLE_ASSIGNMENT|[61]|nonGroups|"List of size 10 too large to display"|0x1d7fd730
16:28:40.0 (21694389)|STATEMENT_EXECUTE|[62]
16:28:40.0 (21698148)|HEAP_ALLOCATE|[62]|Bytes:11
16:28:40.0 (21819978)|HEAP_ALLOCATE|[62]|Bytes:420
16:28:40.0 (21843457)|HEAP_ALLOCATE|[62]|Bytes:431
16:28:40.0 (21865784)|USER_DEBUG|[62]|DEBUG|nonGroups: (Group:{Id=00G1I000000aJ8bUAE, Name=ABE2}, Group:{Id=00G1I000000aJ8RUAU, Name=ABE4}, Group:{Id=00G1I000000aJ8MUAU, Name=ABE8}, Group:{Id=00G1I000000aJ9FUAU, Name=BDL2}, Group:{Id=00G1I000000aJ8CUAU, Name=BFI3}, Group:{Id=00G1I000000aJ8HUAU, Name=BFI4}, Group:{Id=00G1I000000aJ9KUAU, Name=BFI5}, Group:{Id=00G1I000000aJ90UAE, Name=BNA2}, Group:{Id=00G1I000000aJ95UAE, Name=BWI2}, Group:{Id=00G1I000000aJ9AUAU, Name=CLT3})
16:28:40.0 (21972526)|HEAP_ALLOCATE|[64]|Bytes:5
16:28:40.0 (21986437)|HEAP_ALLOCATE|[64]|Bytes:12
16:28:40.0 (21994997)|VARIABLE_SCOPE_BEGIN|[64]|ng|Group|true|false
16:28:40.0 (22011347)|VARIABLE_ASSIGNMENT|[64]|ng|{"Id":"00G1I000000aJ8bUAE","Name":"ABE2"}|0x79c0358
16:28:40.0 (22018804)|STATEMENT_EXECUTE|[64]
16:28:40.0 (22020590)|STATEMENT_EXECUTE|[65]
16:28:40.0 (22093645)|HEAP_ALLOCATE|[EXTERNAL]|Bytes:4
16:28:40.0 (22108811)|HEAP_ALLOCATE|[64]|Bytes:5
16:28:40.0 (22119162)|HEAP_ALLOCATE|[64]|Bytes:12
16:28:40.0 (22124922)|VARIABLE_SCOPE_BEGIN|[64]|ng|Group|true|false
16:28:40.0 (22138569)|VARIABLE_ASSIGNMENT|[64]|ng|{"Id":"00G1I000000aJ8RUAU","Name":"ABE4"}|0x734edd73
16:28:40.0 (22144766)|STATEMENT_EXECUTE|[64]
16:28:40.0 (22146358)|STATEMENT_EXECUTE|[65]
16:28:40.0 (22160277)|HEAP_ALLOCATE|[EXTERNAL]|Bytes:4
16:28:40.0 (22171124)|HEAP_ALLOCATE|[64]|Bytes:5
16:28:40.0 (22179017)|HEAP_ALLOCATE|[64]|Bytes:12
16:28:40.0 (22184157)|VARIABLE_SCOPE_BEGIN|[64]|ng|Group|true|false
16:28:40.0 (22195188)|VARIABLE_ASSIGNMENT|[64]|ng|{"Id":"00G1I000000aJ8MUAU","Name":"ABE8"}|0x36daa381
16:28:40.0 (22201082)|STATEMENT_EXECUTE|[64]
16:28:40.0 (22202619)|STATEMENT_EXECUTE|[65]
16:28:40.0 (22213022)|HEAP_ALLOCATE|[EXTERNAL]|Bytes:4
16:28:40.0 (22222701)|HEAP_ALLOCATE|[64]|Bytes:5
16:28:40.0 (22230630)|HEAP_ALLOCATE|[64]|Bytes:12
16:28:40.0 (22235390)|VARIABLE_SCOPE_BEGIN|[64]|ng|Group|true|false
16:28:40.0 (22246177)|VARIABLE_ASSIGNMENT|[64]|ng|{"Id":"00G1I000000aJ9FUAU","Name":"BDL2"}|0x2ddf4c06
16:28:40.0 (22251186)|STATEMENT_EXECUTE|[64]
16:28:40.0 (22252682)|STATEMENT_EXECUTE|[65]
16:28:40.0 (22262383)|HEAP_ALLOCATE|[EXTERNAL]|Bytes:4
16:28:40.0 (22271207)|HEAP_ALLOCATE|[64]|Bytes:5
16:28:40.0 (22279044)|HEAP_ALLOCATE|[64]|Bytes:12
16:28:40.0 (22283996)|VARIABLE_SCOPE_BEGIN|[64]|ng|Group|true|false
16:28:40.0 (22294228)|VARIABLE_ASSIGNMENT|[64]|ng|{"Id":"00G1I000000aJ8CUAU","Name":"BFI3"}|0x4a3e0c26
16:28:40.0 (22299427)|STATEMENT_EXECUTE|[64]
16:28:40.0 (22300955)|STATEMENT_EXECUTE|[65]
16:28:40.0 (22310452)|HEAP_ALLOCATE|[EXTERNAL]|Bytes:4
16:28:40.0 (22319905)|HEAP_ALLOCATE|[64]|Bytes:5
16:28:40.0 (22327037)|HEAP_ALLOCATE|[64]|Bytes:12
16:28:40.0 (22331764)|VARIABLE_SCOPE_BEGIN|[64]|ng|Group|true|false
16:28:40.0 (22341834)|VARIABLE_ASSIGNMENT|[64]|ng|{"Id":"00G1I000000aJ8HUAU","Name":"BFI4"}|0x4f9ee557
16:28:40.0 (22347205)|STATEMENT_EXECUTE|[64]
16:28:40.0 (22348678)|STATEMENT_EXECUTE|[65]
16:28:40.0 (22358232)|HEAP_ALLOCATE|[EXTERNAL]|Bytes:4
16:28:40.0 (22367362)|HEAP_ALLOCATE|[64]|Bytes:5
16:28:40.0 (22374649)|HEAP_ALLOCATE|[64]|Bytes:12
16:28:40.0 (22379172)|VARIABLE_SCOPE_BEGIN|[64]|ng|Group|true|false
16:28:40.0 (22389046)|VARIABLE_ASSIGNMENT|[64]|ng|{"Id":"00G1I000000aJ9KUAU","Name":"BFI5"}|0x2c3b818e
16:28:40.0 (22394359)|STATEMENT_EXECUTE|[64]
16:28:40.0 (22395799)|STATEMENT_EXECUTE|[65]
16:28:40.0 (22405709)|HEAP_ALLOCATE|[EXTERNAL]|Bytes:4
16:28:40.0 (22414202)|HEAP_ALLOCATE|[64]|Bytes:5
16:28:40.0 (22421514)|HEAP_ALLOCATE|[64]|Bytes:12
16:28:40.0 (22425894)|VARIABLE_SCOPE_BEGIN|[64]|ng|Group|true|false
16:28:40.0 (22435731)|VARIABLE_ASSIGNMENT|[64]|ng|{"Id":"00G1I000000aJ90UAE","Name":"BNA2"}|0x7b534773
16:28:40.0 (22440830)|STATEMENT_EXECUTE|[64]
16:28:40.0 (22442332)|STATEMENT_EXECUTE|[65]
16:28:40.0 (22451623)|HEAP_ALLOCATE|[EXTERNAL]|Bytes:4
16:28:40.0 (22460400)|HEAP_ALLOCATE|[64]|Bytes:5
16:28:40.0 (22467741)|HEAP_ALLOCATE|[64]|Bytes:12
16:28:40.0 (22472512)|VARIABLE_SCOPE_BEGIN|[64]|ng|Group|true|false
16:28:40.0 (22482645)|VARIABLE_ASSIGNMENT|[64]|ng|{"Id":"00G1I000000aJ95UAE","Name":"BWI2"}|0x41b63b03
16:28:40.0 (22487364)|STATEMENT_EXECUTE|[64]
16:28:40.0 (22488803)|STATEMENT_EXECUTE|[65]
16:28:40.0 (22498321)|HEAP_ALLOCATE|[EXTERNAL]|Bytes:4
16:28:40.0 (22507200)|HEAP_ALLOCATE|[64]|Bytes:5
16:28:40.0 (22514491)|HEAP_ALLOCATE|[64]|Bytes:12
16:28:40.0 (22518880)|VARIABLE_SCOPE_BEGIN|[64]|ng|Group|true|false
16:28:40.0 (22529104)|VARIABLE_ASSIGNMENT|[64]|ng|{"Id":"00G1I000000aJ9AUAU","Name":"CLT3"}|0x79bada3f
16:28:40.0 (22534445)|STATEMENT_EXECUTE|[64]
16:28:40.0 (22535913)|STATEMENT_EXECUTE|[65]
16:28:40.0 (22544897)|HEAP_ALLOCATE|[EXTERNAL]|Bytes:4
16:28:40.0 (22554279)|HEAP_ALLOCATE|[64]|Bytes:5
16:28:40.0 (22563027)|VARIABLE_ASSIGNMENT|[64]|ng|null|
16:28:40.0 (22568472)|STATEMENT_EXECUTE|[68]
16:28:40.0 (22574683)|SYSTEM_MODE_EXIT|false
16:28:40.0 (22715910)|SYSTEM_MODE_ENTER|true
16:28:40.0 (22769845)|HEAP_ALLOCATE|[EXTERNAL]|Bytes:44
16:28:40.0 (22776165)|HEAP_ALLOCATE|[EXTERNAL]|Bytes:20
16:28:40.0 (22804857)|VARIABLE_ASSIGNMENT|[EXTERNAL]|this.leftOptions|"List of size 10 too large to display"|0xaedcc91
16:28:40.0 (22936143)|SYSTEM_MODE_ENTER|true
16:28:40.0 (22983221)|HEAP_ALLOCATE|[EXTERNAL]|Bytes:36
16:28:40.0 (23160013)|VARIABLE_ASSIGNMENT|[EXTERNAL]|this|{"recordTypes":"0x60776da8"}|0x797de404
16:28:40.0 (23180576)|SYSTEM_MODE_ENTER|false
16:28:40.0 (23187717)|HEAP_ALLOCATE|[75]|Bytes:5
16:28:40.0 (23192867)|STATEMENT_EXECUTE|[74]
16:28:40.0 (23194705)|STATEMENT_EXECUTE|[75]
16:28:40.0 (23204091)|HEAP_ALLOCATE|[75]|Bytes:4
16:28:40.0 (23226438)|VARIABLE_SCOPE_BEGIN|[75]|allQueues|List<System.SelectOption>|true|false
16:28:40.0 (23247979)|HEAP_ALLOCATE|[EXTERNAL]|Bytes:4
16:28:40.0 (23256846)|VARIABLE_ASSIGNMENT|[75]|allQueues|[]|0x284837e
16:28:40.0 (23262504)|STATEMENT_EXECUTE|[76]
16:28:40.0 (23271702)|HEAP_ALLOCATE|[76]|Bytes:4
16:28:40.0 (23376132)|SOQL_EXECUTE_BEGIN|[76]|Aggregations:0|SELECT Label FROM OpsHR_Setup__mdt
16:28:40.0 (25269326)|SOQL_EXECUTE_END|[76]|Rows:17
16:28:40.0 (25289235)|HEAP_ALLOCATE|[76]|Bytes:72
16:28:40.0 (25316201)|HEAP_ALLOCATE|[76]|Bytes:714
16:28:40.0 (25345050)|HEAP_ALLOCATE|[76]|Bytes:72
16:28:40.0 (25355199)|VARIABLE_SCOPE_BEGIN|[76]|allMDT|List<OpsHR_Setup__mdt>|true|false
16:28:40.0 (25371288)|VARIABLE_ASSIGNMENT|[76]|allMDT|"List of size 17 too large to display"|0x300ee748
16:28:40.0 (25377962)|STATEMENT_EXECUTE|[80]
16:28:40.0 (25381959)|HEAP_ALLOCATE|[80]|Bytes:39
16:28:40.0 (25393421)|HEAP_ALLOCATE|[80]|Bytes:4
16:28:40.0 (25409545)|METHOD_ENTRY|[80]||System.UserInfo.getUserId()
16:28:40.0 (25437173)|METHOD_EXIT|[80]||System.UserInfo.getUserId()
16:28:40.0 (25555935)|SOQL_EXECUTE_BEGIN|[80]|Aggregations:0|SELECT Id FROM User WHERE Id = :tmpVar1
16:28:40.0 (31722763)|SOQL_EXECUTE_END|[80]|Rows:1
16:28:40.0 (31743997)|HEAP_ALLOCATE|[80]|Bytes:8
16:28:40.0 (31757560)|HEAP_ALLOCATE|[80]|Bytes:29
16:28:40.0 (31790971)|HEAP_ALLOCATE|[80]|Bytes:8
16:28:40.0 (31817517)|HEAP_ALLOCATE|[80]|Bytes:8
16:28:40.0 (31825796)|VARIABLE_SCOPE_BEGIN|[80]|theUser|User|true|false
16:28:40.0 (31845170)|VARIABLE_ASSIGNMENT|[80]|theUser|{"Id":"0051I000000JaV8QAK"}|0x3914366f
16:28:40.0 (31852210)|STATEMENT_EXECUTE|[83]
16:28:40.0 (31863634)|HEAP_ALLOCATE|[83]|Bytes:4
16:28:40.0 (32038152)|SOQL_EXECUTE_BEGIN|[83]|Aggregations:0|SELECT GroupId, Id, UserOrGroupId FROM GroupMember WHERE UserOrGroupId = :tmpVar1
16:28:40.0 (38031745)|SOQL_EXECUTE_END|[83]|Rows:6
16:28:40.0 (38053709)|HEAP_ALLOCATE|[83]|Bytes:28
16:28:40.0 (38076095)|HEAP_ALLOCATE|[83]|Bytes:558
16:28:40.0 (38114395)|HEAP_ALLOCATE|[83]|Bytes:28
16:28:40.0 (38127725)|VARIABLE_SCOPE_BEGIN|[83]|groupMembers|List<GroupMember>|true|false
16:28:40.0 (38149051)|VARIABLE_ASSIGNMENT|[83]|groupMembers|"List of size 6 too large to display"|0xd3ee03e
16:28:40.0 (38155967)|STATEMENT_EXECUTE|[84]
16:28:40.0 (38170083)|HEAP_ALLOCATE|[84]|Bytes:4
16:28:40.0 (38203501)|VARIABLE_SCOPE_BEGIN|[84]|groupIds|List<Id>|true|false
16:28:40.0 (38230516)|HEAP_ALLOCATE|[EXTERNAL]|Bytes:4
16:28:40.0 (38241606)|VARIABLE_ASSIGNMENT|[84]|groupIds|[]|0x5fa9d82a
16:28:40.0 (38302039)|HEAP_ALLOCATE|[86]|Bytes:5
16:28:40.0 (38321782)|HEAP_ALLOCATE|[86]|Bytes:16
16:28:40.0 (38331782)|VARIABLE_SCOPE_BEGIN|[86]|g|GroupMember|true|false
16:28:40.0 (38348408)|VARIABLE_ASSIGNMENT|[86]|g|{"GroupId":"00G1I000000OhKRUA0","Id":"0111I000000UCIrQAO","UserOrGroupId":"0051I000000JaV8QAK"}|0x1cdd7a26
16:28:40.0 (38354924)|STATEMENT_EXECUTE|[86]
16:28:40.0 (38356956)|STATEMENT_EXECUTE|[87]
16:28:40.0 (38403621)|HEAP_ALLOCATE|[EXTERNAL]|Bytes:4
16:28:40.0 (38418183)|HEAP_ALLOCATE|[86]|Bytes:5
16:28:40.0 (38427769)|HEAP_ALLOCATE|[86]|Bytes:16
16:28:40.0 (38433466)|VARIABLE_SCOPE_BEGIN|[86]|g|GroupMember|true|false
16:28:40.0 (38446489)|VARIABLE_ASSIGNMENT|[86]|g|{"GroupId":"00G1I000000aJ8WUAU","Id":"0111I000000UCIpQAO","UserOrGroupId":"0051I000000JaV8QAK"}|0x52f7637
16:28:40.0 (38452248)|STATEMENT_EXECUTE|[86]
16:28:40.0 (38453786)|STATEMENT_EXECUTE|[87]
16:28:40.0 (38463354)|HEAP_ALLOCATE|[EXTERNAL]|Bytes:4
16:28:40.0 (38473244)|HEAP_ALLOCATE|[86]|Bytes:5
16:28:40.0 (38481651)|HEAP_ALLOCATE|[86]|Bytes:16
16:28:40.0 (38486647)|VARIABLE_SCOPE_BEGIN|[86]|g|GroupMember|true|false
16:28:40.0 (38497468)|VARIABLE_ASSIGNMENT|[86]|g|{"GroupId":"00G1I000000aJ8gUAE","Id":"0111I000000UDCkQAO","UserOrGroupId":"0051I000000JaV8QAK"}|0x2a48659
16:28:40.0 (38502562)|STATEMENT_EXECUTE|[86]
16:28:40.0 (38504376)|STATEMENT_EXECUTE|[87]
16:28:40.0 (38511680)|HEAP_ALLOCATE|[EXTERNAL]|Bytes:4
16:28:40.0 (38520103)|HEAP_ALLOCATE|[86]|Bytes:5
16:28:40.0 (38527604)|HEAP_ALLOCATE|[86]|Bytes:16
16:28:40.0 (38532193)|VARIABLE_SCOPE_BEGIN|[86]|g|GroupMember|true|false
16:28:40.0 (38543456)|VARIABLE_ASSIGNMENT|[86]|g|{"GroupId":"00G1I000000aJ8lUAE","Id":"0111I000000UDCiQAO","UserOrGroupId":"0051I000000JaV8QAK"}|0x2063bdb8
16:28:40.0 (38548299)|STATEMENT_EXECUTE|[86]
16:28:40.0 (38549943)|STATEMENT_EXECUTE|[87]
16:28:40.0 (38556820)|HEAP_ALLOCATE|[EXTERNAL]|Bytes:4
16:28:40.0 (38565333)|HEAP_ALLOCATE|[86]|Bytes:5
16:28:40.0 (38572638)|HEAP_ALLOCATE|[86]|Bytes:16
16:28:40.0 (38577522)|VARIABLE_SCOPE_BEGIN|[86]|g|GroupMember|true|false
16:28:40.0 (38588266)|VARIABLE_ASSIGNMENT|[86]|g|{"GroupId":"00G1I000000aJ8qUAE","Id":"0111I000000UDCcQAO","UserOrGroupId":"0051I000000JaV8QAK"}|0x5718efd8
16:28:40.0 (38593781)|STATEMENT_EXECUTE|[86]
16:28:40.0 (38595364)|STATEMENT_EXECUTE|[87]
16:28:40.0 (38602372)|HEAP_ALLOCATE|[EXTERNAL]|Bytes:4
16:28:40.0 (38610662)|HEAP_ALLOCATE|[86]|Bytes:5
16:28:40.0 (38617626)|HEAP_ALLOCATE|[86]|Bytes:16
16:28:40.0 (38621818)|VARIABLE_SCOPE_BEGIN|[86]|g|GroupMember|true|false
16:28:40.0 (38632537)|VARIABLE_ASSIGNMENT|[86]|g|{"GroupId":"00G1I000000aJ8vUAE","Id":"0111I000000UDChQAO","UserOrGroupId":"0051I000000JaV8QAK"}|0x2978a5c2
16:28:40.0 (38637675)|STATEMENT_EXECUTE|[86]
16:28:40.0 (38639160)|STATEMENT_EXECUTE|[87]
16:28:40.0 (38652229)|HEAP_ALLOCATE|[EXTERNAL]|Bytes:4
16:28:40.0 (38661900)|HEAP_ALLOCATE|[86]|Bytes:5
16:28:40.0 (38671678)|VARIABLE_ASSIGNMENT|[86]|g|null|
16:28:40.0 (38677868)|STATEMENT_EXECUTE|[91]
16:28:40.0 (38681285)|HEAP_ALLOCATE|[91]|Bytes:70
16:28:40.0 (38695804)|HEAP_ALLOCATE|[91]|Bytes:4
16:28:40.0 (38894482)|SOQL_EXECUTE_BEGIN|[91]|Aggregations:0|SELECT Id, Name FROM Group WHERE (Type = 'Regular' AND Id IN :tmpVar1)
16:28:40.0 (43605177)|SOQL_EXECUTE_END|[91]|Rows:6
16:28:40.0 (43626970)|HEAP_ALLOCATE|[91]|Bytes:28
16:28:40.0 (43650819)|HEAP_ALLOCATE|[91]|Bytes:251
16:28:40.0 (43685250)|HEAP_ALLOCATE|[91]|Bytes:28
16:28:40.0 (43698565)|VARIABLE_SCOPE_BEGIN|[91]|actualGroups|List<Group>|true|false
16:28:40.0 (43716523)|VARIABLE_ASSIGNMENT|[91]|actualGroups|"List of size 6 too large to display"|0x4def1e0d
16:28:40.0 (43764199)|HEAP_ALLOCATE|[93]|Bytes:5
16:28:40.0 (43778286)|HEAP_ALLOCATE|[93]|Bytes:12
16:28:40.0 (43786720)|VARIABLE_SCOPE_BEGIN|[93]|ng|Group|true|false
16:28:40.0 (43802648)|VARIABLE_ASSIGNMENT|[93]|ng|{"Id":"00G1I000000OhKRUA0","Name":"Reviewers"}|0x28ae0aec
16:28:40.0 (43809357)|STATEMENT_EXECUTE|[93]
16:28:40.0 (43811271)|STATEMENT_EXECUTE|[94]
16:28:40.0 (43880350)|HEAP_ALLOCATE|[EXTERNAL]|Bytes:4
16:28:40.0 (43895409)|HEAP_ALLOCATE|[93]|Bytes:5
16:28:40.0 (43907163)|HEAP_ALLOCATE|[93]|Bytes:12
16:28:40.0 (43912887)|VARIABLE_SCOPE_BEGIN|[93]|ng|Group|true|false
16:28:40.0 (43925548)|VARIABLE_ASSIGNMENT|[93]|ng|{"Id":"00G1I000000aJ8WUAU","Name":"CMH1"}|0x39831e0f
16:28:40.0 (43931987)|STATEMENT_EXECUTE|[93]
16:28:40.0 (43933869)|STATEMENT_EXECUTE|[94]
16:28:40.0 (43947676)|HEAP_ALLOCATE|[EXTERNAL]|Bytes:4
16:28:40.0 (43958381)|HEAP_ALLOCATE|[93]|Bytes:5
16:28:40.0 (43966308)|HEAP_ALLOCATE|[93]|Bytes:12
16:28:40.0 (43971044)|VARIABLE_SCOPE_BEGIN|[93]|ng|Group|true|false
16:28:40.0 (43982225)|VARIABLE_ASSIGNMENT|[93]|ng|{"Id":"00G1I000000aJ8gUAE","Name":"DEN2"}|0x7e8d34bd
16:28:40.0 (43987509)|STATEMENT_EXECUTE|[93]
16:28:40.0 (43989186)|STATEMENT_EXECUTE|[94]
16:28:40.0 (43999688)|HEAP_ALLOCATE|[EXTERNAL]|Bytes:4
16:28:40.0 (44008972)|HEAP_ALLOCATE|[93]|Bytes:5
16:28:40.0 (44017351)|HEAP_ALLOCATE|[93]|Bytes:12
16:28:40.0 (44022094)|VARIABLE_SCOPE_BEGIN|[93]|ng|Group|true|false
16:28:40.0 (44032617)|VARIABLE_ASSIGNMENT|[93]|ng|{"Id":"00G1I000000aJ8lUAE","Name":"CLT2"}|0x456e4ec4
16:28:40.0 (44037731)|STATEMENT_EXECUTE|[93]
16:28:40.0 (44039329)|STATEMENT_EXECUTE|[94]
16:28:40.0 (44049063)|HEAP_ALLOCATE|[EXTERNAL]|Bytes:4
16:28:40.0 (44058266)|HEAP_ALLOCATE|[93]|Bytes:5
16:28:40.0 (44065484)|HEAP_ALLOCATE|[93]|Bytes:12
16:28:40.0 (44070579)|VARIABLE_SCOPE_BEGIN|[93]|ng|Group|true|false
16:28:40.0 (44080793)|VARIABLE_ASSIGNMENT|[93]|ng|{"Id":"00G1I000000aJ8qUAE","Name":"AVP1"}|0x1d4fd5ef
16:28:40.0 (44085637)|STATEMENT_EXECUTE|[93]
16:28:40.0 (44087125)|STATEMENT_EXECUTE|[94]
16:28:40.0 (44096819)|HEAP_ALLOCATE|[EXTERNAL]|Bytes:4
16:28:40.0 (44105754)|HEAP_ALLOCATE|[93]|Bytes:5
16:28:40.0 (44113547)|HEAP_ALLOCATE|[93]|Bytes:12
16:28:40.0 (44117934)|VARIABLE_SCOPE_BEGIN|[93]|ng|Group|true|false
16:28:40.0 (44128294)|VARIABLE_ASSIGNMENT|[93]|ng|{"Id":"00G1I000000aJ8vUAE","Name":"CAE1"}|0x3c1dd32f
16:28:40.0 (44133178)|STATEMENT_EXECUTE|[93]
16:28:40.0 (44139059)|STATEMENT_EXECUTE|[94]
16:28:40.0 (44149532)|HEAP_ALLOCATE|[EXTERNAL]|Bytes:4
16:28:40.0 (44159423)|HEAP_ALLOCATE|[93]|Bytes:5
16:28:40.0 (44168514)|VARIABLE_ASSIGNMENT|[93]|ng|null|
16:28:40.0 (44173424)|STATEMENT_EXECUTE|[97]
16:28:40.0 (44180908)|SYSTEM_MODE_EXIT|false
16:28:40.0 (44331072)|SYSTEM_MODE_ENTER|true
16:28:40.0 (44388385)|HEAP_ALLOCATE|[EXTERNAL]|Bytes:28
16:28:40.0 (44394805)|HEAP_ALLOCATE|[EXTERNAL]|Bytes:20
16:28:40.0 (44410249)|VARIABLE_ASSIGNMENT|[EXTERNAL]|this.rightOptions|"List of size 6 too large to display"|0xaedcc91
16:28:40.0 (44595438)|SYSTEM_MODE_ENTER|true
16:28:40.0 (44882624)|SYSTEM_MODE_ENTER|true
16:28:40.0 (64130150)|SYSTEM_MODE_ENTER|true
16:28:40.0 (64221298)|HEAP_ALLOCATE|[EXTERNAL]|Bytes:36
16:28:40.0 (64404600)|VARIABLE_ASSIGNMENT|[EXTERNAL]|this|{"recordTypes":"0x60776da8"}|0x797de404
16:28:40.0 (64431395)|SYSTEM_MODE_ENTER|false
16:28:40.0 (64446175)|HEAP_ALLOCATE|[18]|Bytes:5
16:28:40.0 (64452170)|STATEMENT_EXECUTE|[17]
16:28:40.0 (64454480)|STATEMENT_EXECUTE|[18]
16:28:40.0 (64475776)|HEAP_ALLOCATE|[18]|Bytes:4
16:28:40.0 (64520458)|VARIABLE_SCOPE_BEGIN|[18]|pubGroups|List<System.SelectOption>|true|false
16:28:40.0 (64555635)|HEAP_ALLOCATE|[EXTERNAL]|Bytes:4
16:28:40.0 (64567322)|VARIABLE_ASSIGNMENT|[18]|pubGroups|[]|0x67e643f2
16:28:40.0 (64573102)|STATEMENT_EXECUTE|[20]
16:28:40.0 (64579112)|HEAP_ALLOCATE|[20]|Bytes:49
16:28:40.0 (64598314)|HEAP_ALLOCATE|[20]|Bytes:4
16:28:40.0 (64809295)|SOQL_EXECUTE_BEGIN|[20]|Aggregations:0|SELECT Id, Name FROM Group WHERE Type = 'Regular'
16:28:40.0 (69106273)|SOQL_EXECUTE_END|[20]|Rows:16
16:28:40.0 (69129899)|HEAP_ALLOCATE|[20]|Bytes:68
16:28:40.0 (69163947)|HEAP_ALLOCATE|[20]|Bytes:661
16:28:40.0 (69198978)|HEAP_ALLOCATE|[20]|Bytes:68
16:28:40.0 (69210794)|VARIABLE_SCOPE_BEGIN|[20]|regularGroups|List<Group>|true|false
16:28:40.0 (69229171)|VARIABLE_ASSIGNMENT|[20]|regularGroups|"List of size 16 too large to display"|0x30edcadd
16:28:40.0 (69288797)|HEAP_ALLOCATE|[23]|Bytes:5
16:28:40.0 (69309602)|HEAP_ALLOCATE|[23]|Bytes:12
16:28:40.0 (69319678)|VARIABLE_SCOPE_BEGIN|[23]|rg|Group|true|false
16:28:40.0 (69336603)|VARIABLE_ASSIGNMENT|[23]|rg|{"Id":"00G1I000000aJ8bUAE","Name":"ABE2"}|0x623e4f10
16:28:40.0 (69342899)|STATEMENT_EXECUTE|[23]
16:28:40.0 (69344860)|STATEMENT_EXECUTE|[24]
16:28:40.0 (69425375)|HEAP_ALLOCATE|[EXTERNAL]|Bytes:4
16:28:40.0 (69440932)|HEAP_ALLOCATE|[23]|Bytes:5
16:28:40.0 (69450389)|HEAP_ALLOCATE|[23]|Bytes:12
16:28:40.0 (69455661)|VARIABLE_SCOPE_BEGIN|[23]|rg|Group|true|false
16:28:40.0 (69468638)|VARIABLE_ASSIGNMENT|[23]|rg|{"Id":"00G1I000000aJ8RUAU","Name":"ABE4"}|0x18445a16
16:28:40.0 (69473861)|STATEMENT_EXECUTE|[23]
16:28:40.0 (69475568)|STATEMENT_EXECUTE|[24]
16:28:40.0 (69489015)|HEAP_ALLOCATE|[EXTERNAL]|Bytes:4
16:28:40.0 (69499068)|HEAP_ALLOCATE|[23]|Bytes:5
16:28:40.0 (69506593)|HEAP_ALLOCATE|[23]|Bytes:12
16:28:40.0 (69511233)|VARIABLE_SCOPE_BEGIN|[23]|rg|Group|true|false
16:28:40.0 (69521570)|VARIABLE_ASSIGNMENT|[23]|rg|{"Id":"00G1I000000aJ8MUAU","Name":"ABE8"}|0x3db05024
16:28:40.0 (69526270)|STATEMENT_EXECUTE|[23]
16:28:40.0 (69527794)|STATEMENT_EXECUTE|[24]
16:28:40.0 (69537977)|HEAP_ALLOCATE|[EXTERNAL]|Bytes:4
16:28:40.0 (69547155)|HEAP_ALLOCATE|[23]|Bytes:5
16:28:40.0 (69554749)|HEAP_ALLOCATE|[23]|Bytes:12
16:28:40.0 (69558936)|VARIABLE_SCOPE_BEGIN|[23]|rg|Group|true|false
16:28:40.0 (69569182)|VARIABLE_ASSIGNMENT|[23]|rg|{"Id":"00G1I000000aJ8qUAE","Name":"AVP1"}|0x3145b588
16:28:40.0 (69573899)|STATEMENT_EXECUTE|[23]
16:28:40.0 (69575574)|STATEMENT_EXECUTE|[24]
16:28:40.0 (69584799)|HEAP_ALLOCATE|[EXTERNAL]|Bytes:4
16:28:40.0 (69593818)|HEAP_ALLOCATE|[23]|Bytes:5
16:28:40.0 (69601024)|HEAP_ALLOCATE|[23]|Bytes:12
16:28:40.0 (69605388)|VARIABLE_SCOPE_BEGIN|[23]|rg|Group|true|false
16:28:40.0 (69614922)|VARIABLE_ASSIGNMENT|[23]|rg|{"Id":"00G1I000000aJ9FUAU","Name":"BDL2"}|0x21932a7f
16:28:40.0 (69619620)|STATEMENT_EXECUTE|[23]
16:28:40.0 (69621040)|STATEMENT_EXECUTE|[24]
16:28:40.0 (69630139)|HEAP_ALLOCATE|[EXTERNAL]|Bytes:4
16:28:40.0 (69638734)|HEAP_ALLOCATE|[23]|Bytes:5
16:28:40.0 (69650812)|HEAP_ALLOCATE|[23]|Bytes:12
16:28:40.0 (69655579)|VARIABLE_SCOPE_BEGIN|[23]|rg|Group|true|false
16:28:40.0 (69666431)|VARIABLE_ASSIGNMENT|[23]|rg|{"Id":"00G1I000000aJ8CUAU","Name":"BFI3"}|0x1bbd50b1
16:28:40.0 (69671011)|STATEMENT_EXECUTE|[23]
16:28:40.0 (69672492)|STATEMENT_EXECUTE|[24]
16:28:40.0 (69681933)|HEAP_ALLOCATE|[EXTERNAL]|Bytes:4
16:28:40.0 (69691001)|HEAP_ALLOCATE|[23]|Bytes:5
16:28:40.0 (69698199)|HEAP_ALLOCATE|[23]|Bytes:12
16:28:40.0 (69702585)|VARIABLE_SCOPE_BEGIN|[23]|rg|Group|true|false
16:28:40.0 (69712404)|VARIABLE_ASSIGNMENT|[23]|rg|{"Id":"00G1I000000aJ8HUAU","Name":"BFI4"}|0x24b30292
16:28:40.0 (69717313)|STATEMENT_EXECUTE|[23]
16:28:40.0 (69718775)|STATEMENT_EXECUTE|[24]
16:28:40.0 (69727588)|HEAP_ALLOCATE|[EXTERNAL]|Bytes:4
16:28:40.0 (69736308)|HEAP_ALLOCATE|[23]|Bytes:5
16:28:40.0 (69743342)|HEAP_ALLOCATE|[23]|Bytes:12
16:28:40.0 (69747407)|VARIABLE_SCOPE_BEGIN|[23]|rg|Group|true|false
16:28:40.0 (69757024)|VARIABLE_ASSIGNMENT|[23]|rg|{"Id":"00G1I000000aJ9KUAU","Name":"BFI5"}|0x38c60a79
16:28:40.0 (69761300)|STATEMENT_EXECUTE|[23]
16:28:40.0 (69762756)|STATEMENT_EXECUTE|[24]
16:28:40.0 (69771604)|HEAP_ALLOCATE|[EXTERNAL]|Bytes:4
16:28:40.0 (69780548)|HEAP_ALLOCATE|[23]|Bytes:5
16:28:40.0 (69787724)|HEAP_ALLOCATE|[23]|Bytes:12
16:28:40.0 (69792279)|VARIABLE_SCOPE_BEGIN|[23]|rg|Group|true|false
16:28:40.0 (69801573)|VARIABLE_ASSIGNMENT|[23]|rg|{"Id":"00G1I000000aJ90UAE","Name":"BNA2"}|0xbe1fcc
16:28:40.0 (69806387)|STATEMENT_EXECUTE|[23]
16:28:40.0 (69808111)|STATEMENT_EXECUTE|[24]
16:28:40.0 (69816993)|HEAP_ALLOCATE|[EXTERNAL]|Bytes:4
16:28:40.0 (69825698)|HEAP_ALLOCATE|[23]|Bytes:5
16:28:40.0 (69833249)|HEAP_ALLOCATE|[23]|Bytes:12
16:28:40.0 (69837276)|VARIABLE_SCOPE_BEGIN|[23]|rg|Group|true|false
16:28:40.0 (69847118)|VARIABLE_ASSIGNMENT|[23]|rg|{"Id":"00G1I000000aJ95UAE","Name":"BWI2"}|0x71f7efb2
16:28:40.0 (69851894)|STATEMENT_EXECUTE|[23]
16:28:40.0 (69853347)|STATEMENT_EXECUTE|[24]
16:28:40.0 (69862090)|HEAP_ALLOCATE|[EXTERNAL]|Bytes:4
16:28:40.0 (69870593)|HEAP_ALLOCATE|[23]|Bytes:5
16:28:40.0 (69877740)|HEAP_ALLOCATE|[23]|Bytes:12
16:28:40.0 (69881934)|VARIABLE_SCOPE_BEGIN|[23]|rg|Group|true|false
16:28:40.0 (69891809)|VARIABLE_ASSIGNMENT|[23]|rg|{"Id":"00G1I000000aJ8vUAE","Name":"CAE1"}|0x4d6cc48c
16:28:40.0 (69897694)|STATEMENT_EXECUTE|[23]
16:28:40.0 (69899668)|STATEMENT_EXECUTE|[24]
16:28:40.0 (69909430)|HEAP_ALLOCATE|[EXTERNAL]|Bytes:4
16:28:40.0 (69918864)|HEAP_ALLOCATE|[23]|Bytes:5
16:28:40.0 (69925769)|HEAP_ALLOCATE|[23]|Bytes:12
16:28:40.0 (69930241)|VARIABLE_SCOPE_BEGIN|[23]|rg|Group|true|false
16:28:40.0 (69939690)|VARIABLE_ASSIGNMENT|[23]|rg|{"Id":"00G1I000000aJ8lUAE","Name":"CLT2"}|0x45f18a9a
16:28:40.0 (69944199)|STATEMENT_EXECUTE|[23]
16:28:40.0 (69945599)|STATEMENT_EXECUTE|[24]
16:28:40.0 (69954745)|HEAP_ALLOCATE|[EXTERNAL]|Bytes:4
16:28:40.0 (69963118)|HEAP_ALLOCATE|[23]|Bytes:5
16:28:40.0 (69970305)|HEAP_ALLOCATE|[23]|Bytes:12
16:28:40.0 (69974236)|VARIABLE_SCOPE_BEGIN|[23]|rg|Group|true|false
16:28:40.0 (69984077)|VARIABLE_ASSIGNMENT|[23]|rg|{"Id":"00G1I000000aJ9AUAU","Name":"CLT3"}|0x35c1ad97
16:28:40.0 (69988518)|STATEMENT_EXECUTE|[23]
16:28:40.0 (69990057)|STATEMENT_EXECUTE|[24]
16:28:40.0 (69999175)|HEAP_ALLOCATE|[EXTERNAL]|Bytes:4
16:28:40.0 (70007650)|HEAP_ALLOCATE|[23]|Bytes:5
16:28:40.0 (70015472)|HEAP_ALLOCATE|[23]|Bytes:12
16:28:40.0 (70019643)|VARIABLE_SCOPE_BEGIN|[23]|rg|Group|true|false
16:28:40.0 (70029037)|VARIABLE_ASSIGNMENT|[23]|rg|{"Id":"00G1I000000aJ8WUAU","Name":"CMH1"}|0x7b054ee2
16:28:40.0 (70034056)|STATEMENT_EXECUTE|[23]
16:28:40.0 (70035637)|STATEMENT_EXECUTE|[24]
16:28:40.0 (70044508)|HEAP_ALLOCATE|[EXTERNAL]|Bytes:4
16:28:40.0 (70053032)|HEAP_ALLOCATE|[23]|Bytes:5
16:28:40.0 (70059851)|HEAP_ALLOCATE|[23]|Bytes:12
16:28:40.0 (70063992)|VARIABLE_SCOPE_BEGIN|[23]|rg|Group|true|false
16:28:40.0 (70074216)|VARIABLE_ASSIGNMENT|[23]|rg|{"Id":"00G1I000000aJ8gUAE","Name":"DEN2"}|0x50e6bdaa
16:28:40.0 (70079172)|STATEMENT_EXECUTE|[23]
16:28:40.0 (70080596)|STATEMENT_EXECUTE|[24]
16:28:40.0 (70089409)|HEAP_ALLOCATE|[EXTERNAL]|Bytes:4
16:28:40.0 (70097759)|HEAP_ALLOCATE|[23]|Bytes:5
16:28:40.0 (70104302)|HEAP_ALLOCATE|[23]|Bytes:12
16:28:40.0 (70108634)|VARIABLE_SCOPE_BEGIN|[23]|rg|Group|true|false
16:28:40.0 (70118557)|VARIABLE_ASSIGNMENT|[23]|rg|{"Id":"00G1I000000OhKRUA0","Name":"Reviewers"}|0x190a4876
16:28:40.0 (70123524)|STATEMENT_EXECUTE|[23]
16:28:40.0 (70125090)|STATEMENT_EXECUTE|[24]
16:28:40.0 (70134100)|HEAP_ALLOCATE|[EXTERNAL]|Bytes:4
16:28:40.0 (70143159)|HEAP_ALLOCATE|[23]|Bytes:5
16:28:40.0 (70152146)|VARIABLE_ASSIGNMENT|[23]|rg|null|
16:28:40.0 (70157352)|STATEMENT_EXECUTE|[26]
16:28:40.0 (70163444)|SYSTEM_MODE_EXIT|false
16:28:40.0 (70425959)|SYSTEM_MODE_ENTER|true
16:28:40.0 (71098011)|SYSTEM_MODE_ENTER|true
16:28:40.0 (71145260)|HEAP_ALLOCATE|[EXTERNAL]|Bytes:44
16:28:40.0 (71152426)|HEAP_ALLOCATE|[EXTERNAL]|Bytes:20
16:28:40.0 (71172646)|VARIABLE_ASSIGNMENT|[EXTERNAL]|this.leftOptions|"List of size 10 too large to display"|0xaedcc91
16:28:40.0 (71262094)|SYSTEM_MODE_ENTER|true
16:28:40.0 (71294946)|HEAP_ALLOCATE|[EXTERNAL]|Bytes:28
16:28:40.0 (71301661)|HEAP_ALLOCATE|[EXTERNAL]|Bytes:20
16:28:40.0 (71314719)|VARIABLE_ASSIGNMENT|[EXTERNAL]|this.rightOptions|"List of size 6 too large to display"|0xaedcc91
16:28:40.0 (72150951)|SYSTEM_MODE_ENTER|true
16:28:40.0 (74115349)|SYSTEM_MODE_ENTER|true
16:28:40.0 (74362423)|SYSTEM_MODE_ENTER|true
16:28:40.0 (74438119)|SYSTEM_MODE_ENTER|true
16:28:40.0 (76221253)|VF_SERIALIZE_VIEWSTATE_BEGIN|0661I000003daSA
16:28:40.0 (78952765)|VF_SERIALIZE_VIEWSTATE_END
16:28:40.81 (81421672)|CUMULATIVE_LIMIT_USAGE
16:28:40.81 (81421672)|LIMIT_USAGE_FOR_NS|(default)|
  Number of SOQL queries: 7 out of 100
  Number of query rows: 80 out of 50000
  Number of SOSL queries: 0 out of 20
  Number of DML statements: 0 out of 150
  Number of DML rows: 0 out of 10000
  Maximum CPU time: 0 out of 10000
  Maximum heap size: 0 out of 6000000
  Number of callouts: 0 out of 100
  Number of Email Invocations: 0 out of 10
  Number of future calls: 0 out of 50
  Number of queueable jobs added to the queue: 0 out of 50
  Number of Mobile Apex push calls: 0 out of 10

16:28:40.81 (81421672)|CUMULATIVE_LIMIT_USAGE_END

16:28:40.0 (81460712)|CODE_UNIT_FINISHED|VF: /apex/Settings
16:28:40.0 (82284446)|EXECUTION_FINISHED
