43.0 APEX_CODE,FINEST;APEX_PROFILING,INFO;CALLOUT,INFO;DB,INFO;NBA,INFO;SYSTEM,DEBUG;VALIDATION,INFO;VISUALFORCE,INFO;WAVE,INFO;WORKFLOW,INFO
16:51:24.0 (77938)|USER_INFO|[EXTERNAL]|0051I000000JaV8|amarvick94@gmail.com|Pacific Standard Time|GMT-07:00
16:51:24.0 (115094)|EXECUTION_STARTED
16:51:24.0 (120043)|CODE_UNIT_STARTED|[EXTERNAL]|Aura
16:51:24.0 (1511130)|CODE_UNIT_STARTED|[EXTERNAL]|01p1I00000GA2Qw|CampingListController.getItems()
16:51:24.0 (1697983)|HEAP_ALLOCATE|[72]|Bytes:3
16:51:24.0 (1756824)|HEAP_ALLOCATE|[77]|Bytes:152
16:51:24.0 (1772819)|HEAP_ALLOCATE|[342]|Bytes:408
16:51:24.0 (1785141)|HEAP_ALLOCATE|[355]|Bytes:408
16:51:24.0 (1796281)|HEAP_ALLOCATE|[467]|Bytes:48
16:51:24.0 (1822784)|HEAP_ALLOCATE|[139]|Bytes:6
16:51:24.0 (1886939)|HEAP_ALLOCATE|[EXTERNAL]|Bytes:3
16:51:24.0 (1900345)|METHOD_ENTRY|[1]|01p1I00000GA2Qw|CampingListController.CampingListController()
16:51:24.0 (1909409)|STATEMENT_EXECUTE|[1]
16:51:24.0 (1914753)|STATEMENT_EXECUTE|[1]
16:51:24.0 (1919356)|METHOD_EXIT|[1]|CampingListController
16:51:24.0 (1933543)|SYSTEM_MODE_ENTER|false
16:51:24.0 (1945692)|STATEMENT_EXECUTE|[3]
16:51:24.0 (1947450)|STATEMENT_EXECUTE|[4]
16:51:24.0 (1949898)|HEAP_ALLOCATE|[4]|Bytes:70
16:51:24.0 (1976018)|HEAP_ALLOCATE|[4]|Bytes:4
16:51:24.0 (2026310)|HEAP_ALLOCATE|[50]|Bytes:5
16:51:24.0 (2053094)|HEAP_ALLOCATE|[56]|Bytes:5
16:51:24.0 (2060826)|HEAP_ALLOCATE|[64]|Bytes:7
16:51:24.0 (2424737)|SOQL_EXECUTE_BEGIN|[4]|Aggregations:0|SELECT id, name, price__c, Quantity__c, Packed__c FROM Camping_Item__c
16:51:24.0 (4425102)|SOQL_EXECUTE_END|[4]|Rows:0
16:51:24.0 (4451536)|HEAP_ALLOCATE|[4]|Bytes:4
16:51:24.0 (4465842)|HEAP_ALLOCATE|[4]|Bytes:0
16:51:24.0 (4566339)|HEAP_ALLOCATE|[4]|Bytes:4
16:51:24.0 (4582491)|VARIABLE_SCOPE_BEGIN|[4]|CI|List<Camping_Item__c>|true|false
16:51:24.0 (4613183)|VARIABLE_ASSIGNMENT|[4]|CI|[]|0x67dc8638
16:51:24.0 (4621466)|STATEMENT_EXECUTE|[5]
16:51:24.0 (4628687)|SYSTEM_MODE_EXIT|false
16:51:24.4 (4648199)|CUMULATIVE_LIMIT_USAGE
16:51:24.4 (4648199)|LIMIT_USAGE_FOR_NS|(default)|
  Number of SOQL queries: 1 out of 100
  Number of query rows: 0 out of 50000
  Number of SOSL queries: 0 out of 20
  Number of DML statements: 0 out of 150
  Number of DML rows: 0 out of 10000
  Maximum CPU time: 0 out of 10000
  Maximum heap size: 0 out of 6000000
  Number of callouts: 0 out of 100
  Number of Email Invocations: 0 out of 10
  Number of future calls: 0 out of 50
  Number of queueable jobs added to the queue: 0 out of 50
  Number of Mobile Apex push calls: 0 out of 10

16:51:24.4 (4648199)|CUMULATIVE_LIMIT_USAGE_END

16:51:24.0 (4679549)|CODE_UNIT_FINISHED|CampingListController.getItems()
16:51:24.0 (4733076)|CODE_UNIT_FINISHED|Aura
16:51:24.0 (6219469)|EXECUTION_FINISHED
