42.0 APEX_CODE,FINEST;APEX_PROFILING,INFO;CALLOUT,INFO;DB,INFO;SYSTEM,DEBUG;VALIDATION,INFO;VISUALFORCE,INFO;WAVE,INFO;WORKFLOW,INFO
15:58:48.0 (441121)|USER_INFO|[EXTERNAL]|0051I000000JaV8|amarvick94@gmail.com|Pacific Standard Time|GMT-07:00
15:58:48.0 (478269)|EXECUTION_STARTED
15:58:48.0 (483449)|CODE_UNIT_STARTED|[EXTERNAL]|0661I000003daSA|VF: /apex/Settings
15:58:48.0 (54568606)|SYSTEM_MODE_ENTER|true
15:58:48.0 (55503377)|HEAP_ALLOCATE|[72]|Bytes:3
15:58:48.0 (55553097)|HEAP_ALLOCATE|[77]|Bytes:152
15:58:48.0 (55568332)|HEAP_ALLOCATE|[342]|Bytes:408
15:58:48.0 (55581296)|HEAP_ALLOCATE|[355]|Bytes:408
15:58:48.0 (55592803)|HEAP_ALLOCATE|[467]|Bytes:48
15:58:48.0 (55621838)|HEAP_ALLOCATE|[139]|Bytes:6
15:58:48.0 (55637951)|HEAP_ALLOCATE|[EXTERNAL]|Bytes:240
15:58:48.0 (55644493)|HEAP_ALLOCATE|[EXTERNAL]|Bytes:26
15:58:48.0 (55648385)|HEAP_ALLOCATE|[EXTERNAL]|Bytes:22
15:58:48.0 (55666079)|METHOD_ENTRY|[1]|01p1I00000G8yt3|OpsHR_ContactDriverController.OpsHR_ContactDriverController()
15:58:48.0 (55672922)|STATEMENT_EXECUTE|[1]
15:58:48.0 (55677182)|STATEMENT_EXECUTE|[1]
15:58:48.0 (55712904)|HEAP_ALLOCATE|[50]|Bytes:5
15:58:48.0 (55737491)|HEAP_ALLOCATE|[56]|Bytes:5
15:58:48.0 (55744880)|HEAP_ALLOCATE|[64]|Bytes:7
15:58:48.0 (55766761)|SYSTEM_MODE_ENTER|false
15:58:48.0 (55781239)|HEAP_ALLOCATE|[EXTERNAL]|Bytes:5
15:58:48.0 (55788475)|SYSTEM_MODE_EXIT|false
15:58:48.0 (55811335)|METHOD_EXIT|[1]|OpsHR_ContactDriverController
15:58:48.0 (55907847)|HEAP_ALLOCATE|[EXTERNAL]|Bytes:36
15:58:48.0 (55948606)|VARIABLE_SCOPE_BEGIN|[11]|this|OpsHR_ContactDriverController|true|false
15:58:48.0 (56022888)|VARIABLE_ASSIGNMENT|[11]|this|{}|0x3367f00a
15:58:48.0 (56032038)|VARIABLE_SCOPE_BEGIN|[11]|controller|ApexPages.StandardController|true|false
15:58:48.0 (56271454)|VARIABLE_ASSIGNMENT|[11]|controller|"StandardController [null]"|0x1a318a36
15:58:48.0 (56293666)|SYSTEM_MODE_ENTER|false
15:58:48.0 (56302299)|HEAP_ALLOCATE|[5]|Bytes:5
15:58:48.0 (56307508)|STATEMENT_EXECUTE|[1]
15:58:48.0 (56312667)|HEAP_ALLOCATE|[5]|Bytes:5
15:58:48.0 (56315645)|STATEMENT_EXECUTE|[3]
15:58:48.0 (56317436)|STATEMENT_EXECUTE|[4]
15:58:48.0 (56318786)|STATEMENT_EXECUTE|[5]
15:58:48.0 (56350387)|HEAP_ALLOCATE|[5]|Bytes:4
15:58:48.0 (56510664)|HEAP_ALLOCATE|[EXTERNAL]|Bytes:4
15:58:48.0 (56526055)|VARIABLE_ASSIGNMENT|[5]|this.recordTypes|[]|0x3367f00a
15:58:48.0 (56532495)|STATEMENT_EXECUTE|[7]
15:58:48.0 (56534292)|STATEMENT_EXECUTE|[8]
15:58:48.0 (56535725)|STATEMENT_EXECUTE|[16]
15:58:48.0 (56537329)|STATEMENT_EXECUTE|[42]
15:58:48.0 (56538717)|STATEMENT_EXECUTE|[73]
15:58:48.0 (56548670)|HEAP_ALLOCATE|[5]|Bytes:6
15:58:48.0 (56589208)|STATEMENT_EXECUTE|[12]
15:58:48.0 (56592584)|SYSTEM_MODE_EXIT|false
15:58:48.0 (63970249)|SYSTEM_MODE_ENTER|true
15:58:48.0 (64017836)|HEAP_ALLOCATE|[EXTERNAL]|Bytes:164
15:58:48.0 (64025944)|HEAP_ALLOCATE|[EXTERNAL]|Bytes:11
15:58:48.0 (64030168)|HEAP_ALLOCATE|[EXTERNAL]|Bytes:11
15:58:48.0 (64038316)|METHOD_ENTRY|[1]|01p1I00000G9Bhb|MultiselectController.MultiselectController()
15:58:48.0 (64044204)|STATEMENT_EXECUTE|[1]
15:58:48.0 (64047365)|STATEMENT_EXECUTE|[1]
15:58:48.0 (64055477)|SYSTEM_MODE_ENTER|false
15:58:48.0 (64062966)|HEAP_ALLOCATE|[EXTERNAL]|Bytes:5
15:58:48.0 (64069123)|SYSTEM_MODE_EXIT|false
15:58:48.0 (64076448)|METHOD_EXIT|[1]|MultiselectController
15:58:48.0 (64090055)|HEAP_ALLOCATE|[EXTERNAL]|Bytes:20
15:58:48.0 (64095786)|VARIABLE_SCOPE_BEGIN|[1]|this|MultiselectController|true|false
15:58:48.0 (64131395)|VARIABLE_ASSIGNMENT|[1]|this|{}|0x69a58bc8
15:58:48.0 (64146659)|SYSTEM_MODE_ENTER|false
15:58:48.0 (64152357)|HEAP_ALLOCATE|[EXTERNAL]|Bytes:5
15:58:48.0 (64172329)|SYSTEM_MODE_EXIT|false
15:58:48.0 (64177041)|STATEMENT_EXECUTE|[1]
15:58:48.0 (64181986)|SYSTEM_MODE_ENTER|false
15:58:48.0 (64186431)|HEAP_ALLOCATE|[EXTERNAL]|Bytes:5
15:58:48.0 (64190404)|STATEMENT_EXECUTE|[3]
15:58:48.0 (64191914)|STATEMENT_EXECUTE|[4]
15:58:48.0 (64193541)|STATEMENT_EXECUTE|[24]
15:58:48.0 (64195214)|STATEMENT_EXECUTE|[32]
15:58:48.0 (64197093)|SYSTEM_MODE_EXIT|false
15:58:48.0 (64623505)|SYSTEM_MODE_ENTER|true
15:58:48.0 (64673891)|HEAP_ALLOCATE|[EXTERNAL]|Bytes:36
15:58:48.0 (64805494)|VARIABLE_ASSIGNMENT|[EXTERNAL]|this|{"recordTypes":"0x5bc00972"}|0x3367f00a
15:58:48.0 (64823043)|SYSTEM_MODE_ENTER|false
15:58:48.0 (64830027)|HEAP_ALLOCATE|[44]|Bytes:5
15:58:48.0 (64834769)|STATEMENT_EXECUTE|[43]
15:58:48.0 (64836552)|STATEMENT_EXECUTE|[44]
15:58:48.0 (64849142)|HEAP_ALLOCATE|[44]|Bytes:4
15:58:48.0 (64880057)|VARIABLE_SCOPE_BEGIN|[44]|allQueues|List<System.SelectOption>|true|false
15:58:48.0 (64911731)|HEAP_ALLOCATE|[EXTERNAL]|Bytes:4
15:58:48.0 (64922325)|VARIABLE_ASSIGNMENT|[44]|allQueues|[]|0x126babe5
15:58:48.0 (64928368)|STATEMENT_EXECUTE|[45]
15:58:48.0 (64931996)|HEAP_ALLOCATE|[45]|Bytes:34
15:58:48.0 (64950516)|HEAP_ALLOCATE|[45]|Bytes:4
15:58:48.0 (65190365)|SOQL_EXECUTE_BEGIN|[45]|Aggregations:0|SELECT Label FROM OpsHR_Setup__mdt
15:58:48.0 (69649538)|SOQL_EXECUTE_END|[45]|Rows:17
15:58:48.0 (69681403)|HEAP_ALLOCATE|[45]|Bytes:72
15:58:48.0 (69718979)|HEAP_ALLOCATE|[45]|Bytes:714
15:58:48.0 (69784353)|HEAP_ALLOCATE|[45]|Bytes:72
15:58:48.0 (69797380)|VARIABLE_SCOPE_BEGIN|[45]|allMDT|List<OpsHR_Setup__mdt>|true|false
15:58:48.0 (69813938)|VARIABLE_ASSIGNMENT|[45]|allMDT|"List of size 17 too large to display"|0x386a388d
15:58:48.0 (69820646)|STATEMENT_EXECUTE|[47]
15:58:48.0 (69864151)|HEAP_ALLOCATE|[47]|Bytes:35
15:58:48.0 (69910978)|HEAP_ALLOCATE|[47]|Bytes:17
15:58:48.0 (69932450)|HEAP_ALLOCATE|[47]|Bytes:2
15:58:48.0 (69957279)|VARIABLE_SCOPE_BEGIN|[47]|retURL|String|false|false
15:58:48.0 (69969034)|VARIABLE_ASSIGNMENT|[47]|retURL|"0051I000000JaV8"
15:58:48.0 (69974115)|STATEMENT_EXECUTE|[50]
15:58:48.0 (69976987)|HEAP_ALLOCATE|[50]|Bytes:60
15:58:48.0 (69987901)|HEAP_ALLOCATE|[50]|Bytes:4
15:58:48.0 (69995164)|HEAP_ALLOCATE|[50]|Bytes:7
15:58:48.0 (70032029)|HEAP_ALLOCATE|[50]|Bytes:85
15:58:48.0 (70042912)|SYSTEM_METHOD_ENTRY|[1]|UserInfo.UserInfo()
15:58:48.0 (70047203)|STATEMENT_EXECUTE|[1]
15:58:48.0 (70053269)|SYSTEM_METHOD_EXIT|[1]|UserInfo
15:58:48.0 (70065444)|METHOD_ENTRY|[50]||System.UserInfo.getUserId()
15:58:48.0 (70102293)|METHOD_EXIT|[50]||System.UserInfo.getUserId()
15:58:48.0 (70303795)|SOQL_EXECUTE_BEGIN|[50]|Aggregations:0|SELECT Id, Support_Location__c FROM User WHERE Id = :tmpVar1
15:58:48.0 (74119054)|SOQL_EXECUTE_END|[50]|Rows:1
15:58:48.0 (74145354)|HEAP_ALLOCATE|[50]|Bytes:8
15:58:48.0 (74160291)|HEAP_ALLOCATE|[50]|Bytes:56
15:58:48.0 (74215042)|HEAP_ALLOCATE|[50]|Bytes:8
15:58:48.0 (74226896)|HEAP_ALLOCATE|[50]|Bytes:30
15:58:48.0 (74268979)|HEAP_ALLOCATE|[50]|Bytes:12
15:58:48.0 (74276797)|VARIABLE_SCOPE_BEGIN|[50]|theUser|User|true|false
15:58:48.0 (74298617)|VARIABLE_ASSIGNMENT|[50]|theUser|{"Id":"0051I000000JaV8QAK","Support_Location__c":"ABE3"}|0x432b1352
15:58:48.0 (74305489)|STATEMENT_EXECUTE|[53]
15:58:48.0 (74309096)|HEAP_ALLOCATE|[53]|Bytes:81
15:58:48.0 (74322381)|HEAP_ALLOCATE|[53]|Bytes:4
15:58:48.0 (74544574)|SOQL_EXECUTE_BEGIN|[53]|Aggregations:0|SELECT GroupId, Id, UserOrGroupId FROM GroupMember WHERE UserOrGroupId = :tmpVar1
15:58:48.0 (76715908)|SOQL_EXECUTE_END|[53]|Rows:11
15:58:48.0 (76736228)|HEAP_ALLOCATE|[53]|Bytes:48
15:58:48.0 (76761715)|HEAP_ALLOCATE|[53]|Bytes:1023
15:58:48.0 (76813568)|HEAP_ALLOCATE|[53]|Bytes:48
15:58:48.0 (76825839)|VARIABLE_SCOPE_BEGIN|[53]|groupMembers|List<GroupMember>|true|false
15:58:48.0 (76842631)|VARIABLE_ASSIGNMENT|[53]|groupMembers|"List of size 11 too large to display"|0x416a1d2b
15:58:48.0 (76848843)|STATEMENT_EXECUTE|[54]
15:58:48.0 (76862485)|HEAP_ALLOCATE|[54]|Bytes:4
15:58:48.0 (76891797)|VARIABLE_SCOPE_BEGIN|[54]|groupIds|List<Id>|true|false
15:58:48.0 (76915673)|HEAP_ALLOCATE|[EXTERNAL]|Bytes:4
15:58:48.0 (76926454)|VARIABLE_ASSIGNMENT|[54]|groupIds|[]|0x44f9230c
15:58:48.0 (77099552)|HEAP_ALLOCATE|[56]|Bytes:5
15:58:48.0 (77137892)|HEAP_ALLOCATE|[56]|Bytes:16
15:58:48.0 (77149566)|VARIABLE_SCOPE_BEGIN|[56]|g|GroupMember|true|false
15:58:48.0 (77168126)|VARIABLE_ASSIGNMENT|[56]|g|{"GroupId":"00G1I000000OhKRUA0","Id":"0111I000000UCIrQAO","UserOrGroupId":"0051I000000JaV8QAK"}|0xd35fd0f
15:58:48.0 (77176599)|STATEMENT_EXECUTE|[56]
15:58:48.0 (77178868)|STATEMENT_EXECUTE|[57]
15:58:48.0 (77236345)|HEAP_ALLOCATE|[EXTERNAL]|Bytes:4
15:58:48.0 (77252955)|HEAP_ALLOCATE|[56]|Bytes:5
15:58:48.0 (77263445)|HEAP_ALLOCATE|[56]|Bytes:16
15:58:48.0 (77269548)|VARIABLE_SCOPE_BEGIN|[56]|g|GroupMember|true|false
15:58:48.0 (77282847)|VARIABLE_ASSIGNMENT|[56]|g|{"GroupId":"00G1I000000aJ8WUAU","Id":"0111I000000UCIpQAO","UserOrGroupId":"0051I000000JaV8QAK"}|0x12021d54
15:58:48.0 (77288735)|STATEMENT_EXECUTE|[56]
15:58:48.0 (77290670)|STATEMENT_EXECUTE|[57]
15:58:48.0 (77300517)|HEAP_ALLOCATE|[EXTERNAL]|Bytes:4
15:58:48.0 (77311174)|HEAP_ALLOCATE|[56]|Bytes:5
15:58:48.0 (77318924)|HEAP_ALLOCATE|[56]|Bytes:16
15:58:48.0 (77323871)|VARIABLE_SCOPE_BEGIN|[56]|g|GroupMember|true|false
15:58:48.0 (77334633)|VARIABLE_ASSIGNMENT|[56]|g|{"GroupId":"00G1I000000aJ8gUAE","Id":"0111I000000UDCkQAO","UserOrGroupId":"0051I000000JaV8QAK"}|0x47b554ce
15:58:48.0 (77339777)|STATEMENT_EXECUTE|[56]
15:58:48.0 (77341280)|STATEMENT_EXECUTE|[57]
15:58:48.0 (77348291)|HEAP_ALLOCATE|[EXTERNAL]|Bytes:4
15:58:48.0 (77357044)|HEAP_ALLOCATE|[56]|Bytes:5
15:58:48.0 (77364028)|HEAP_ALLOCATE|[56]|Bytes:16
15:58:48.0 (77368503)|VARIABLE_SCOPE_BEGIN|[56]|g|GroupMember|true|false
15:58:48.0 (77379258)|VARIABLE_ASSIGNMENT|[56]|g|{"GroupId":"00G1I000000aJ8lUAE","Id":"0111I000000UDCiQAO","UserOrGroupId":"0051I000000JaV8QAK"}|0x59748a20
15:58:48.0 (77390155)|STATEMENT_EXECUTE|[56]
15:58:48.0 (77391897)|STATEMENT_EXECUTE|[57]
15:58:48.0 (77399188)|HEAP_ALLOCATE|[EXTERNAL]|Bytes:4
15:58:48.0 (77408416)|HEAP_ALLOCATE|[56]|Bytes:5
15:58:48.0 (77415806)|HEAP_ALLOCATE|[56]|Bytes:16
15:58:48.0 (77420258)|VARIABLE_SCOPE_BEGIN|[56]|g|GroupMember|true|false
15:58:48.0 (77430677)|VARIABLE_ASSIGNMENT|[56]|g|{"GroupId":"00G1I000000aJ8qUAE","Id":"0111I000000UDCcQAO","UserOrGroupId":"0051I000000JaV8QAK"}|0x7b0bc984
15:58:48.0 (77435842)|STATEMENT_EXECUTE|[56]
15:58:48.0 (77437302)|STATEMENT_EXECUTE|[57]
15:58:48.0 (77443749)|HEAP_ALLOCATE|[EXTERNAL]|Bytes:4
15:58:48.0 (77452179)|HEAP_ALLOCATE|[56]|Bytes:5
15:58:48.0 (77458953)|HEAP_ALLOCATE|[56]|Bytes:16
15:58:48.0 (77463391)|VARIABLE_SCOPE_BEGIN|[56]|g|GroupMember|true|false
15:58:48.0 (77473727)|VARIABLE_ASSIGNMENT|[56]|g|{"GroupId":"00G1I000000aJ8vUAE","Id":"0111I000000UDChQAO","UserOrGroupId":"0051I000000JaV8QAK"}|0x79e1930c
15:58:48.0 (77478666)|STATEMENT_EXECUTE|[56]
15:58:48.0 (77480095)|STATEMENT_EXECUTE|[57]
15:58:48.0 (77486811)|HEAP_ALLOCATE|[EXTERNAL]|Bytes:4
15:58:48.0 (77495366)|HEAP_ALLOCATE|[56]|Bytes:5
15:58:48.0 (77502040)|HEAP_ALLOCATE|[56]|Bytes:16
15:58:48.0 (77506527)|VARIABLE_SCOPE_BEGIN|[56]|g|GroupMember|true|false
15:58:48.0 (77517098)|VARIABLE_ASSIGNMENT|[56]|g|{"GroupId":"00G1I000000aJ90UAE","Id":"0111I000000UDCfQAO","UserOrGroupId":"0051I000000JaV8QAK"}|0x149fabda
15:58:48.0 (77522654)|STATEMENT_EXECUTE|[56]
15:58:48.0 (77524134)|STATEMENT_EXECUTE|[57]
15:58:48.0 (77530332)|HEAP_ALLOCATE|[EXTERNAL]|Bytes:4
15:58:48.0 (77538774)|HEAP_ALLOCATE|[56]|Bytes:5
15:58:48.0 (77545532)|HEAP_ALLOCATE|[56]|Bytes:16
15:58:48.0 (77549643)|VARIABLE_SCOPE_BEGIN|[56]|g|GroupMember|true|false
15:58:48.0 (77559846)|VARIABLE_ASSIGNMENT|[56]|g|{"GroupId":"00G1I000000aJ95UAE","Id":"0111I000000UDCgQAO","UserOrGroupId":"0051I000000JaV8QAK"}|0x69c706e3
15:58:48.0 (77565283)|STATEMENT_EXECUTE|[56]
15:58:48.0 (77566662)|STATEMENT_EXECUTE|[57]
15:58:48.0 (77572739)|HEAP_ALLOCATE|[EXTERNAL]|Bytes:4
15:58:48.0 (77580960)|HEAP_ALLOCATE|[56]|Bytes:5
15:58:48.0 (77588063)|HEAP_ALLOCATE|[56]|Bytes:16
15:58:48.0 (77592380)|VARIABLE_SCOPE_BEGIN|[56]|g|GroupMember|true|false
15:58:48.0 (77602422)|VARIABLE_ASSIGNMENT|[56]|g|{"GroupId":"00G1I000000aJ9AUAU","Id":"0111I000000UDCjQAO","UserOrGroupId":"0051I000000JaV8QAK"}|0x4ca5a5b6
15:58:48.0 (77607723)|STATEMENT_EXECUTE|[56]
15:58:48.0 (77609268)|STATEMENT_EXECUTE|[57]
15:58:48.0 (77615481)|HEAP_ALLOCATE|[EXTERNAL]|Bytes:4
15:58:48.0 (77623783)|HEAP_ALLOCATE|[56]|Bytes:5
15:58:48.0 (77630521)|HEAP_ALLOCATE|[56]|Bytes:16
15:58:48.0 (77634922)|VARIABLE_SCOPE_BEGIN|[56]|g|GroupMember|true|false
15:58:48.0 (77644537)|VARIABLE_ASSIGNMENT|[56]|g|{"GroupId":"00G1I000000aJ9FUAU","Id":"0111I000000UDCdQAO","UserOrGroupId":"0051I000000JaV8QAK"}|0x39a926dd
15:58:48.0 (77650120)|STATEMENT_EXECUTE|[56]
15:58:48.0 (77651509)|STATEMENT_EXECUTE|[57]
15:58:48.0 (77657564)|HEAP_ALLOCATE|[EXTERNAL]|Bytes:4
15:58:48.0 (77666274)|HEAP_ALLOCATE|[56]|Bytes:5
15:58:48.0 (77673008)|HEAP_ALLOCATE|[56]|Bytes:16
15:58:48.0 (77677644)|VARIABLE_SCOPE_BEGIN|[56]|g|GroupMember|true|false
15:58:48.0 (77688310)|VARIABLE_ASSIGNMENT|[56]|g|{"GroupId":"00G1I000000aJ9KUAU","Id":"0111I000000UDCeQAO","UserOrGroupId":"0051I000000JaV8QAK"}|0x50819b49
15:58:48.0 (77693755)|STATEMENT_EXECUTE|[56]
15:58:48.0 (77695168)|STATEMENT_EXECUTE|[57]
15:58:48.0 (77701269)|HEAP_ALLOCATE|[EXTERNAL]|Bytes:4
15:58:48.0 (77710322)|HEAP_ALLOCATE|[56]|Bytes:5
15:58:48.0 (77719956)|VARIABLE_ASSIGNMENT|[56]|g|null|
15:58:48.0 (77725948)|STATEMENT_EXECUTE|[61]
15:58:48.0 (77729427)|HEAP_ALLOCATE|[61]|Bytes:74
15:58:48.0 (77741912)|HEAP_ALLOCATE|[61]|Bytes:4
15:58:48.0 (77941257)|SOQL_EXECUTE_BEGIN|[61]|Aggregations:0|SELECT Id, Name FROM Group WHERE (Type = 'Regular' AND Id NOT IN :tmpVar1)
15:58:48.0 (80053511)|SOQL_EXECUTE_END|[61]|Rows:5
15:58:48.0 (80073423)|HEAP_ALLOCATE|[61]|Bytes:24
15:58:48.0 (80091680)|HEAP_ALLOCATE|[61]|Bytes:205
15:58:48.0 (80142087)|HEAP_ALLOCATE|[61]|Bytes:24
15:58:48.0 (80154040)|VARIABLE_SCOPE_BEGIN|[61]|nonGroups|List<Group>|true|false
15:58:48.0 (80177862)|VARIABLE_ASSIGNMENT|[61]|nonGroups|[{"Id":"00G1I000000aJ8bUAE","Name":"ABE2"},{"Id":"00G1I000000aJ8RUAU","Name":"ABE4"},{"Id":"00G1I000000aJ8MUAU","Name":"ABE8"},{"Id":"00G1I000000aJ8CUAU","Name":"BFI3"},{"Id":"00G1I000000aJ8HUAU","Name":"BFI4"}]|0xf77112
15:58:48.0 (80186056)|STATEMENT_EXECUTE|[62]
15:58:48.0 (80190456)|HEAP_ALLOCATE|[62]|Bytes:11
15:58:48.0 (80290438)|HEAP_ALLOCATE|[62]|Bytes:210
15:58:48.0 (80312609)|HEAP_ALLOCATE|[62]|Bytes:221
15:58:48.0 (80335457)|USER_DEBUG|[62]|DEBUG|nonGroups: (Group:{Id=00G1I000000aJ8bUAE, Name=ABE2}, Group:{Id=00G1I000000aJ8RUAU, Name=ABE4}, Group:{Id=00G1I000000aJ8MUAU, Name=ABE8}, Group:{Id=00G1I000000aJ8CUAU, Name=BFI3}, Group:{Id=00G1I000000aJ8HUAU, Name=BFI4})
15:58:48.0 (80444860)|HEAP_ALLOCATE|[64]|Bytes:5
15:58:48.0 (80459338)|HEAP_ALLOCATE|[64]|Bytes:12
15:58:48.0 (80467936)|VARIABLE_SCOPE_BEGIN|[64]|ng|Group|true|false
15:58:48.0 (80483068)|VARIABLE_ASSIGNMENT|[64]|ng|{"Id":"00G1I000000aJ8bUAE","Name":"ABE2"}|0x1132b86e
15:58:48.0 (80489760)|STATEMENT_EXECUTE|[64]
15:58:48.0 (80491631)|STATEMENT_EXECUTE|[65]
15:58:48.0 (80565282)|HEAP_ALLOCATE|[EXTERNAL]|Bytes:4
15:58:48.0 (80580694)|HEAP_ALLOCATE|[64]|Bytes:5
15:58:48.0 (80591226)|HEAP_ALLOCATE|[64]|Bytes:12
15:58:48.0 (80597925)|VARIABLE_SCOPE_BEGIN|[64]|ng|Group|true|false
15:58:48.0 (80610779)|VARIABLE_ASSIGNMENT|[64]|ng|{"Id":"00G1I000000aJ8RUAU","Name":"ABE4"}|0x3dada05c
15:58:48.0 (80616275)|STATEMENT_EXECUTE|[64]
15:58:48.0 (80617936)|STATEMENT_EXECUTE|[65]
15:58:48.0 (80632161)|HEAP_ALLOCATE|[EXTERNAL]|Bytes:4
15:58:48.0 (80642392)|HEAP_ALLOCATE|[64]|Bytes:5
15:58:48.0 (80650665)|HEAP_ALLOCATE|[64]|Bytes:12
15:58:48.0 (80655797)|VARIABLE_SCOPE_BEGIN|[64]|ng|Group|true|false
15:58:48.0 (80669243)|VARIABLE_ASSIGNMENT|[64]|ng|{"Id":"00G1I000000aJ8MUAU","Name":"ABE8"}|0x77f4fe9f
15:58:48.0 (80674651)|STATEMENT_EXECUTE|[64]
15:58:48.0 (80677020)|STATEMENT_EXECUTE|[65]
15:58:48.0 (80687374)|HEAP_ALLOCATE|[EXTERNAL]|Bytes:4
15:58:48.0 (80697294)|HEAP_ALLOCATE|[64]|Bytes:5
15:58:48.0 (80704359)|HEAP_ALLOCATE|[64]|Bytes:12
15:58:48.0 (80709319)|VARIABLE_SCOPE_BEGIN|[64]|ng|Group|true|false
15:58:48.0 (80719513)|VARIABLE_ASSIGNMENT|[64]|ng|{"Id":"00G1I000000aJ8CUAU","Name":"BFI3"}|0x1772c337
15:58:48.0 (80725684)|STATEMENT_EXECUTE|[64]
15:58:48.0 (80727392)|STATEMENT_EXECUTE|[65]
15:58:48.0 (80736533)|HEAP_ALLOCATE|[EXTERNAL]|Bytes:4
15:58:48.0 (80745936)|HEAP_ALLOCATE|[64]|Bytes:5
15:58:48.0 (80753017)|HEAP_ALLOCATE|[64]|Bytes:12
15:58:48.0 (80757640)|VARIABLE_SCOPE_BEGIN|[64]|ng|Group|true|false
15:58:48.0 (80767610)|VARIABLE_ASSIGNMENT|[64]|ng|{"Id":"00G1I000000aJ8HUAU","Name":"BFI4"}|0x1387e87f
15:58:48.0 (80772925)|STATEMENT_EXECUTE|[64]
15:58:48.0 (80774370)|STATEMENT_EXECUTE|[65]
15:58:48.0 (80783194)|HEAP_ALLOCATE|[EXTERNAL]|Bytes:4
15:58:48.0 (80793013)|HEAP_ALLOCATE|[64]|Bytes:5
15:58:48.0 (80801881)|VARIABLE_ASSIGNMENT|[64]|ng|null|
15:58:48.0 (80806962)|STATEMENT_EXECUTE|[68]
15:58:48.0 (80813776)|SYSTEM_MODE_EXIT|false
15:58:48.0 (80954144)|SYSTEM_MODE_ENTER|true
15:58:48.0 (81007835)|HEAP_ALLOCATE|[EXTERNAL]|Bytes:24
15:58:48.0 (81014720)|HEAP_ALLOCATE|[EXTERNAL]|Bytes:20
15:58:48.0 (81240108)|VARIABLE_ASSIGNMENT|[EXTERNAL]|this.leftOptions|"common.apex.runtime.impl.ScalarList@d4c51bda"|0x69a58bc8
15:58:48.0 (81370226)|SYSTEM_MODE_ENTER|true
15:58:48.0 (81422698)|HEAP_ALLOCATE|[EXTERNAL]|Bytes:36
15:58:48.0 (81598121)|VARIABLE_ASSIGNMENT|[EXTERNAL]|this|{"recordTypes":"0x5bc00972"}|0x3367f00a
15:58:48.0 (81616090)|SYSTEM_MODE_ENTER|false
15:58:48.0 (81623242)|HEAP_ALLOCATE|[75]|Bytes:5
15:58:48.0 (81628274)|STATEMENT_EXECUTE|[74]
15:58:48.0 (81630153)|STATEMENT_EXECUTE|[75]
15:58:48.0 (81640408)|HEAP_ALLOCATE|[75]|Bytes:4
15:58:48.0 (81662605)|VARIABLE_SCOPE_BEGIN|[75]|allQueues|List<System.SelectOption>|true|false
15:58:48.0 (81685420)|HEAP_ALLOCATE|[EXTERNAL]|Bytes:4
15:58:48.0 (81693989)|VARIABLE_ASSIGNMENT|[75]|allQueues|[]|0x3a71868e
15:58:48.0 (81699513)|STATEMENT_EXECUTE|[76]
15:58:48.0 (81708975)|HEAP_ALLOCATE|[76]|Bytes:4
15:58:48.0 (81813367)|SOQL_EXECUTE_BEGIN|[76]|Aggregations:0|SELECT Label FROM OpsHR_Setup__mdt
15:58:48.0 (83788177)|SOQL_EXECUTE_END|[76]|Rows:17
15:58:48.0 (83807754)|HEAP_ALLOCATE|[76]|Bytes:72
15:58:48.0 (83837362)|HEAP_ALLOCATE|[76]|Bytes:714
15:58:48.0 (83865911)|HEAP_ALLOCATE|[76]|Bytes:72
15:58:48.0 (83876245)|VARIABLE_SCOPE_BEGIN|[76]|allMDT|List<OpsHR_Setup__mdt>|true|false
15:58:48.0 (83891766)|VARIABLE_ASSIGNMENT|[76]|allMDT|"List of size 17 too large to display"|0x25a30ef8
15:58:48.0 (83897891)|STATEMENT_EXECUTE|[78]
15:58:48.0 (83933164)|HEAP_ALLOCATE|[78]|Bytes:35
15:58:48.0 (83976621)|HEAP_ALLOCATE|[78]|Bytes:17
15:58:48.0 (84009990)|VARIABLE_SCOPE_BEGIN|[78]|retURL|String|false|false
15:58:48.0 (84022649)|VARIABLE_ASSIGNMENT|[78]|retURL|"0051I000000JaV8"
15:58:48.0 (84027494)|STATEMENT_EXECUTE|[81]
15:58:48.0 (84030839)|HEAP_ALLOCATE|[81]|Bytes:39
15:58:48.0 (84040984)|HEAP_ALLOCATE|[81]|Bytes:4
15:58:48.0 (84055343)|METHOD_ENTRY|[81]||System.UserInfo.getUserId()
15:58:48.0 (84083117)|METHOD_EXIT|[81]||System.UserInfo.getUserId()
15:58:48.0 (84197794)|SOQL_EXECUTE_BEGIN|[81]|Aggregations:0|SELECT Id FROM User WHERE Id = :tmpVar1
15:58:48.0 (86181146)|SOQL_EXECUTE_END|[81]|Rows:1
15:58:48.0 (86201326)|HEAP_ALLOCATE|[81]|Bytes:8
15:58:48.0 (86212736)|HEAP_ALLOCATE|[81]|Bytes:29
15:58:48.0 (86238971)|HEAP_ALLOCATE|[81]|Bytes:8
15:58:48.0 (86259139)|HEAP_ALLOCATE|[81]|Bytes:8
15:58:48.0 (86266350)|VARIABLE_SCOPE_BEGIN|[81]|theUser|User|true|false
15:58:48.0 (86283168)|VARIABLE_ASSIGNMENT|[81]|theUser|{"Id":"0051I000000JaV8QAK"}|0x208cd942
15:58:48.0 (86289347)|STATEMENT_EXECUTE|[84]
15:58:48.0 (86299323)|HEAP_ALLOCATE|[84]|Bytes:4
15:58:48.0 (86458277)|SOQL_EXECUTE_BEGIN|[84]|Aggregations:0|SELECT GroupId, Id, UserOrGroupId FROM GroupMember WHERE UserOrGroupId = :tmpVar1
15:58:48.0 (88376142)|SOQL_EXECUTE_END|[84]|Rows:11
15:58:48.0 (88397432)|HEAP_ALLOCATE|[84]|Bytes:48
15:58:48.0 (88423331)|HEAP_ALLOCATE|[84]|Bytes:1023
15:58:48.0 (88450397)|HEAP_ALLOCATE|[84]|Bytes:48
15:58:48.0 (88460497)|VARIABLE_SCOPE_BEGIN|[84]|groupMembers|List<GroupMember>|true|false
15:58:48.0 (88476576)|VARIABLE_ASSIGNMENT|[84]|groupMembers|"List of size 11 too large to display"|0x10554c30
15:58:48.0 (88482667)|STATEMENT_EXECUTE|[85]
15:58:48.0 (88493087)|HEAP_ALLOCATE|[85]|Bytes:4
15:58:48.0 (88517546)|VARIABLE_SCOPE_BEGIN|[85]|groupIds|List<Id>|true|false
15:58:48.0 (88538611)|HEAP_ALLOCATE|[EXTERNAL]|Bytes:4
15:58:48.0 (88547640)|VARIABLE_ASSIGNMENT|[85]|groupIds|[]|0x78a7a6ae
15:58:48.0 (88586422)|HEAP_ALLOCATE|[87]|Bytes:5
15:58:48.0 (88599957)|HEAP_ALLOCATE|[87]|Bytes:16
15:58:48.0 (88607910)|VARIABLE_SCOPE_BEGIN|[87]|g|GroupMember|true|false
15:58:48.0 (88623267)|VARIABLE_ASSIGNMENT|[87]|g|{"GroupId":"00G1I000000OhKRUA0","Id":"0111I000000UCIrQAO","UserOrGroupId":"0051I000000JaV8QAK"}|0x416dc07d
15:58:48.0 (88630196)|STATEMENT_EXECUTE|[87]
15:58:48.0 (88632366)|STATEMENT_EXECUTE|[88]
15:58:48.0 (88664148)|HEAP_ALLOCATE|[EXTERNAL]|Bytes:4
15:58:48.0 (88678336)|HEAP_ALLOCATE|[87]|Bytes:5
15:58:48.0 (88688363)|HEAP_ALLOCATE|[87]|Bytes:16
15:58:48.0 (88694088)|VARIABLE_SCOPE_BEGIN|[87]|g|GroupMember|true|false
15:58:48.0 (88707001)|VARIABLE_ASSIGNMENT|[87]|g|{"GroupId":"00G1I000000aJ8WUAU","Id":"0111I000000UCIpQAO","UserOrGroupId":"0051I000000JaV8QAK"}|0xd6a3f16
15:58:48.0 (88712296)|STATEMENT_EXECUTE|[87]
15:58:48.0 (88713951)|STATEMENT_EXECUTE|[88]
15:58:48.0 (88722927)|HEAP_ALLOCATE|[EXTERNAL]|Bytes:4
15:58:48.0 (88732883)|HEAP_ALLOCATE|[87]|Bytes:5
15:58:48.0 (88740580)|HEAP_ALLOCATE|[87]|Bytes:16
15:58:48.0 (88745508)|VARIABLE_SCOPE_BEGIN|[87]|g|GroupMember|true|false
15:58:48.0 (88755780)|VARIABLE_ASSIGNMENT|[87]|g|{"GroupId":"00G1I000000aJ8gUAE","Id":"0111I000000UDCkQAO","UserOrGroupId":"0051I000000JaV8QAK"}|0x65526d39
15:58:48.0 (88760800)|STATEMENT_EXECUTE|[87]
15:58:48.0 (88762251)|STATEMENT_EXECUTE|[88]
15:58:48.0 (88769266)|HEAP_ALLOCATE|[EXTERNAL]|Bytes:4
15:58:48.0 (88778782)|HEAP_ALLOCATE|[87]|Bytes:5
15:58:48.0 (88785678)|HEAP_ALLOCATE|[87]|Bytes:16
15:58:48.0 (88789932)|VARIABLE_SCOPE_BEGIN|[87]|g|GroupMember|true|false
15:58:48.0 (88799852)|VARIABLE_ASSIGNMENT|[87]|g|{"GroupId":"00G1I000000aJ8lUAE","Id":"0111I000000UDCiQAO","UserOrGroupId":"0051I000000JaV8QAK"}|0x1f90f832
15:58:48.0 (88805577)|STATEMENT_EXECUTE|[87]
15:58:48.0 (88807096)|STATEMENT_EXECUTE|[88]
15:58:48.0 (88813329)|HEAP_ALLOCATE|[EXTERNAL]|Bytes:4
15:58:48.0 (88822134)|HEAP_ALLOCATE|[87]|Bytes:5
15:58:48.0 (88829067)|HEAP_ALLOCATE|[87]|Bytes:16
15:58:48.0 (88833492)|VARIABLE_SCOPE_BEGIN|[87]|g|GroupMember|true|false
15:58:48.0 (88843417)|VARIABLE_ASSIGNMENT|[87]|g|{"GroupId":"00G1I000000aJ8qUAE","Id":"0111I000000UDCcQAO","UserOrGroupId":"0051I000000JaV8QAK"}|0x3051ad95
15:58:48.0 (88848529)|STATEMENT_EXECUTE|[87]
15:58:48.0 (88849950)|STATEMENT_EXECUTE|[88]
15:58:48.0 (88856042)|HEAP_ALLOCATE|[EXTERNAL]|Bytes:4
15:58:48.0 (88864868)|HEAP_ALLOCATE|[87]|Bytes:5
15:58:48.0 (88871698)|HEAP_ALLOCATE|[87]|Bytes:16
15:58:48.0 (88876016)|VARIABLE_SCOPE_BEGIN|[87]|g|GroupMember|true|false
15:58:48.0 (88886021)|VARIABLE_ASSIGNMENT|[87]|g|{"GroupId":"00G1I000000aJ8vUAE","Id":"0111I000000UDChQAO","UserOrGroupId":"0051I000000JaV8QAK"}|0x6c9fb606
15:58:48.0 (88891842)|STATEMENT_EXECUTE|[87]
15:58:48.0 (88893270)|STATEMENT_EXECUTE|[88]
15:58:48.0 (88899269)|HEAP_ALLOCATE|[EXTERNAL]|Bytes:4
15:58:48.0 (88908134)|HEAP_ALLOCATE|[87]|Bytes:5
15:58:48.0 (88915295)|HEAP_ALLOCATE|[87]|Bytes:16
15:58:48.0 (88919611)|VARIABLE_SCOPE_BEGIN|[87]|g|GroupMember|true|false
15:58:48.0 (88929301)|VARIABLE_ASSIGNMENT|[87]|g|{"GroupId":"00G1I000000aJ90UAE","Id":"0111I000000UDCfQAO","UserOrGroupId":"0051I000000JaV8QAK"}|0x1a522509
15:58:48.0 (88934276)|STATEMENT_EXECUTE|[87]
15:58:48.0 (88935674)|STATEMENT_EXECUTE|[88]
15:58:48.0 (88941520)|HEAP_ALLOCATE|[EXTERNAL]|Bytes:4
15:58:48.0 (88950468)|HEAP_ALLOCATE|[87]|Bytes:5
15:58:48.0 (88957248)|HEAP_ALLOCATE|[87]|Bytes:16
15:58:48.0 (88961669)|VARIABLE_SCOPE_BEGIN|[87]|g|GroupMember|true|false
15:58:48.0 (88971929)|VARIABLE_ASSIGNMENT|[87]|g|{"GroupId":"00G1I000000aJ95UAE","Id":"0111I000000UDCgQAO","UserOrGroupId":"0051I000000JaV8QAK"}|0x21b0f19
15:58:48.0 (88976979)|STATEMENT_EXECUTE|[87]
15:58:48.0 (88978583)|STATEMENT_EXECUTE|[88]
15:58:48.0 (88984406)|HEAP_ALLOCATE|[EXTERNAL]|Bytes:4
15:58:48.0 (88993144)|HEAP_ALLOCATE|[87]|Bytes:5
15:58:48.0 (88999687)|HEAP_ALLOCATE|[87]|Bytes:16
15:58:48.0 (89003945)|VARIABLE_SCOPE_BEGIN|[87]|g|GroupMember|true|false
15:58:48.0 (89014572)|VARIABLE_ASSIGNMENT|[87]|g|{"GroupId":"00G1I000000aJ9AUAU","Id":"0111I000000UDCjQAO","UserOrGroupId":"0051I000000JaV8QAK"}|0x3f9b27ca
15:58:48.0 (89020419)|STATEMENT_EXECUTE|[87]
15:58:48.0 (89021871)|STATEMENT_EXECUTE|[88]
15:58:48.0 (89027875)|HEAP_ALLOCATE|[EXTERNAL]|Bytes:4
15:58:48.0 (89036508)|HEAP_ALLOCATE|[87]|Bytes:5
15:58:48.0 (89043887)|HEAP_ALLOCATE|[87]|Bytes:16
15:58:48.0 (89047929)|VARIABLE_SCOPE_BEGIN|[87]|g|GroupMember|true|false
15:58:48.0 (89058001)|VARIABLE_ASSIGNMENT|[87]|g|{"GroupId":"00G1I000000aJ9FUAU","Id":"0111I000000UDCdQAO","UserOrGroupId":"0051I000000JaV8QAK"}|0x2e2589b9
15:58:48.0 (89063688)|STATEMENT_EXECUTE|[87]
15:58:48.0 (89065173)|STATEMENT_EXECUTE|[88]
15:58:48.0 (89071833)|HEAP_ALLOCATE|[EXTERNAL]|Bytes:4
15:58:48.0 (89080618)|HEAP_ALLOCATE|[87]|Bytes:5
15:58:48.0 (89087702)|HEAP_ALLOCATE|[87]|Bytes:16
15:58:48.0 (89092159)|VARIABLE_SCOPE_BEGIN|[87]|g|GroupMember|true|false
15:58:48.0 (89102541)|VARIABLE_ASSIGNMENT|[87]|g|{"GroupId":"00G1I000000aJ9KUAU","Id":"0111I000000UDCeQAO","UserOrGroupId":"0051I000000JaV8QAK"}|0x25548b19
15:58:48.0 (89107311)|STATEMENT_EXECUTE|[87]
15:58:48.0 (89108823)|STATEMENT_EXECUTE|[88]
15:58:48.0 (89114626)|HEAP_ALLOCATE|[EXTERNAL]|Bytes:4
15:58:48.0 (89123521)|HEAP_ALLOCATE|[87]|Bytes:5
15:58:48.0 (89137159)|VARIABLE_ASSIGNMENT|[87]|g|null|
15:58:48.0 (89142224)|STATEMENT_EXECUTE|[92]
15:58:48.0 (89145928)|HEAP_ALLOCATE|[92]|Bytes:70
15:58:48.0 (89157424)|HEAP_ALLOCATE|[92]|Bytes:4
15:58:48.0 (89340209)|SOQL_EXECUTE_BEGIN|[92]|Aggregations:0|SELECT Id, Name FROM Group WHERE (Type = 'Regular' AND Id IN :tmpVar1)
15:58:48.0 (91841785)|SOQL_EXECUTE_END|[92]|Rows:11
15:58:48.0 (91861599)|HEAP_ALLOCATE|[92]|Bytes:48
15:58:48.0 (91882927)|HEAP_ALLOCATE|[92]|Bytes:456
15:58:48.0 (91910157)|HEAP_ALLOCATE|[92]|Bytes:48
15:58:48.0 (91920339)|VARIABLE_SCOPE_BEGIN|[92]|actualGroups|List<Group>|true|false
15:58:48.0 (91935981)|VARIABLE_ASSIGNMENT|[92]|actualGroups|"List of size 11 too large to display"|0x1ee8e5e1
15:58:48.0 (91976413)|HEAP_ALLOCATE|[94]|Bytes:5
15:58:48.0 (91989659)|HEAP_ALLOCATE|[94]|Bytes:12
15:58:48.0 (91997738)|VARIABLE_SCOPE_BEGIN|[94]|ng|Group|true|false
15:58:48.0 (92012548)|VARIABLE_ASSIGNMENT|[94]|ng|{"Id":"00G1I000000OhKRUA0","Name":"Reviewers"}|0x4426c93b
15:58:48.0 (92019995)|STATEMENT_EXECUTE|[94]
15:58:48.0 (92022065)|STATEMENT_EXECUTE|[95]
15:58:48.0 (92080017)|HEAP_ALLOCATE|[EXTERNAL]|Bytes:4
15:58:48.0 (92095396)|HEAP_ALLOCATE|[94]|Bytes:5
15:58:48.0 (92105457)|HEAP_ALLOCATE|[94]|Bytes:12
15:58:48.0 (92111228)|VARIABLE_SCOPE_BEGIN|[94]|ng|Group|true|false
15:58:48.0 (92124356)|VARIABLE_ASSIGNMENT|[94]|ng|{"Id":"00G1I000000aJ8WUAU","Name":"CMH1"}|0x595d64ca
15:58:48.0 (92130075)|STATEMENT_EXECUTE|[94]
15:58:48.0 (92132254)|STATEMENT_EXECUTE|[95]
15:58:48.0 (92147693)|HEAP_ALLOCATE|[EXTERNAL]|Bytes:4
15:58:48.0 (92158159)|HEAP_ALLOCATE|[94]|Bytes:5
15:58:48.0 (92166458)|HEAP_ALLOCATE|[94]|Bytes:12
15:58:48.0 (92171302)|VARIABLE_SCOPE_BEGIN|[94]|ng|Group|true|false
15:58:48.0 (92182198)|VARIABLE_ASSIGNMENT|[94]|ng|{"Id":"00G1I000000aJ8gUAE","Name":"DEN2"}|0x28c04455
15:58:48.0 (92187346)|STATEMENT_EXECUTE|[94]
15:58:48.0 (92188882)|STATEMENT_EXECUTE|[95]
15:58:48.0 (92199087)|HEAP_ALLOCATE|[EXTERNAL]|Bytes:4
15:58:48.0 (92208439)|HEAP_ALLOCATE|[94]|Bytes:5
15:58:48.0 (92215817)|HEAP_ALLOCATE|[94]|Bytes:12
15:58:48.0 (92220343)|VARIABLE_SCOPE_BEGIN|[94]|ng|Group|true|false
15:58:48.0 (92230126)|VARIABLE_ASSIGNMENT|[94]|ng|{"Id":"00G1I000000aJ8lUAE","Name":"CLT2"}|0x5c4e972f
15:58:48.0 (92234966)|STATEMENT_EXECUTE|[94]
15:58:48.0 (92236433)|STATEMENT_EXECUTE|[95]
15:58:48.0 (92245844)|HEAP_ALLOCATE|[EXTERNAL]|Bytes:4
15:58:48.0 (92254782)|HEAP_ALLOCATE|[94]|Bytes:5
15:58:48.0 (92262054)|HEAP_ALLOCATE|[94]|Bytes:12
15:58:48.0 (92267196)|VARIABLE_SCOPE_BEGIN|[94]|ng|Group|true|false
15:58:48.0 (92276398)|VARIABLE_ASSIGNMENT|[94]|ng|{"Id":"00G1I000000aJ8qUAE","Name":"AVP1"}|0x2ed3e28c
15:58:48.0 (92281889)|STATEMENT_EXECUTE|[94]
15:58:48.0 (92283388)|STATEMENT_EXECUTE|[95]
15:58:48.0 (92311527)|HEAP_ALLOCATE|[EXTERNAL]|Bytes:4
15:58:48.0 (92333649)|HEAP_ALLOCATE|[94]|Bytes:5
15:58:48.0 (92353129)|HEAP_ALLOCATE|[94]|Bytes:12
15:58:48.0 (92360704)|VARIABLE_SCOPE_BEGIN|[94]|ng|Group|true|false
15:58:48.0 (92374505)|VARIABLE_ASSIGNMENT|[94]|ng|{"Id":"00G1I000000aJ8vUAE","Name":"CAE1"}|0x1c1ab8a8
15:58:48.0 (92380479)|STATEMENT_EXECUTE|[94]
15:58:48.0 (92386271)|STATEMENT_EXECUTE|[95]
15:58:48.0 (92401845)|HEAP_ALLOCATE|[EXTERNAL]|Bytes:4
15:58:48.0 (92412777)|HEAP_ALLOCATE|[94]|Bytes:5
15:58:48.0 (92420885)|HEAP_ALLOCATE|[94]|Bytes:12
15:58:48.0 (92425851)|VARIABLE_SCOPE_BEGIN|[94]|ng|Group|true|false
15:58:48.0 (92436325)|VARIABLE_ASSIGNMENT|[94]|ng|{"Id":"00G1I000000aJ90UAE","Name":"BNA2"}|0x3652b592
15:58:48.0 (92442162)|STATEMENT_EXECUTE|[94]
15:58:48.0 (92443984)|STATEMENT_EXECUTE|[95]
15:58:48.0 (92453785)|HEAP_ALLOCATE|[EXTERNAL]|Bytes:4
15:58:48.0 (92463137)|HEAP_ALLOCATE|[94]|Bytes:5
15:58:48.0 (92470120)|HEAP_ALLOCATE|[94]|Bytes:12
15:58:48.0 (92474796)|VARIABLE_SCOPE_BEGIN|[94]|ng|Group|true|false
15:58:48.0 (92484601)|VARIABLE_ASSIGNMENT|[94]|ng|{"Id":"00G1I000000aJ95UAE","Name":"BWI2"}|0x1e8dbb98
15:58:48.0 (92489676)|STATEMENT_EXECUTE|[94]
15:58:48.0 (92491257)|STATEMENT_EXECUTE|[95]
15:58:48.0 (92500236)|HEAP_ALLOCATE|[EXTERNAL]|Bytes:4
15:58:48.0 (92509284)|HEAP_ALLOCATE|[94]|Bytes:5
15:58:48.0 (92516475)|HEAP_ALLOCATE|[94]|Bytes:12
15:58:48.0 (92520937)|VARIABLE_SCOPE_BEGIN|[94]|ng|Group|true|false
15:58:48.0 (92530863)|VARIABLE_ASSIGNMENT|[94]|ng|{"Id":"00G1I000000aJ9AUAU","Name":"CLT3"}|0x2f7bed47
15:58:48.0 (92535676)|STATEMENT_EXECUTE|[94]
15:58:48.0 (92537220)|STATEMENT_EXECUTE|[95]
15:58:48.0 (92546121)|HEAP_ALLOCATE|[EXTERNAL]|Bytes:4
15:58:48.0 (92555174)|HEAP_ALLOCATE|[94]|Bytes:5
15:58:48.0 (92563199)|HEAP_ALLOCATE|[94]|Bytes:12
15:58:48.0 (92567921)|VARIABLE_SCOPE_BEGIN|[94]|ng|Group|true|false
15:58:48.0 (92577484)|VARIABLE_ASSIGNMENT|[94]|ng|{"Id":"00G1I000000aJ9FUAU","Name":"BDL2"}|0x666ddff8
15:58:48.0 (92582160)|STATEMENT_EXECUTE|[94]
15:58:48.0 (92583605)|STATEMENT_EXECUTE|[95]
15:58:48.0 (92592733)|HEAP_ALLOCATE|[EXTERNAL]|Bytes:4
15:58:48.0 (92601361)|HEAP_ALLOCATE|[94]|Bytes:5
15:58:48.0 (92608772)|HEAP_ALLOCATE|[94]|Bytes:12
15:58:48.0 (92613431)|VARIABLE_SCOPE_BEGIN|[94]|ng|Group|true|false
15:58:48.0 (92622804)|VARIABLE_ASSIGNMENT|[94]|ng|{"Id":"00G1I000000aJ9KUAU","Name":"BFI5"}|0x45b00882
15:58:48.0 (92627774)|STATEMENT_EXECUTE|[94]
15:58:48.0 (92629249)|STATEMENT_EXECUTE|[95]
15:58:48.0 (92638057)|HEAP_ALLOCATE|[EXTERNAL]|Bytes:4
15:58:48.0 (92647434)|HEAP_ALLOCATE|[94]|Bytes:5
15:58:48.0 (92656343)|VARIABLE_ASSIGNMENT|[94]|ng|null|
15:58:48.0 (92661956)|STATEMENT_EXECUTE|[98]
15:58:48.0 (92668866)|SYSTEM_MODE_EXIT|false
15:58:48.0 (92791175)|SYSTEM_MODE_ENTER|true
15:58:48.0 (92841021)|HEAP_ALLOCATE|[EXTERNAL]|Bytes:48
15:58:48.0 (92846928)|HEAP_ALLOCATE|[EXTERNAL]|Bytes:20
15:58:48.0 (92860399)|VARIABLE_ASSIGNMENT|[EXTERNAL]|this.rightOptions|"List of size 11 too large to display"|0x69a58bc8
15:58:48.0 (93038145)|SYSTEM_MODE_ENTER|true
15:58:48.0 (93297620)|SYSTEM_MODE_ENTER|true
15:58:48.0 (104079620)|SYSTEM_MODE_ENTER|true
15:58:48.0 (104147568)|HEAP_ALLOCATE|[EXTERNAL]|Bytes:24
15:58:48.0 (104158214)|HEAP_ALLOCATE|[EXTERNAL]|Bytes:20
15:58:48.0 (104319502)|VARIABLE_ASSIGNMENT|[EXTERNAL]|this.leftOptions|"common.apex.runtime.impl.ScalarList@d4c51bda"|0x69a58bc8
15:58:48.0 (104406446)|SYSTEM_MODE_ENTER|true
15:58:48.0 (104433786)|HEAP_ALLOCATE|[EXTERNAL]|Bytes:48
15:58:48.0 (104438772)|HEAP_ALLOCATE|[EXTERNAL]|Bytes:20
15:58:48.0 (104450432)|VARIABLE_ASSIGNMENT|[EXTERNAL]|this.rightOptions|"List of size 11 too large to display"|0x69a58bc8
15:58:48.0 (105101545)|SYSTEM_MODE_ENTER|true
15:58:48.0 (107053827)|SYSTEM_MODE_ENTER|true
15:58:48.0 (107380131)|SYSTEM_MODE_ENTER|true
15:58:48.0 (107461756)|SYSTEM_MODE_ENTER|true
15:58:48.0 (109116430)|VF_SERIALIZE_VIEWSTATE_BEGIN|0661I000003daSA
15:58:48.0 (111841782)|VF_SERIALIZE_VIEWSTATE_END
15:58:48.113 (113933885)|CUMULATIVE_LIMIT_USAGE
15:58:48.113 (113933885)|LIMIT_USAGE_FOR_NS|(default)|
  Number of SOQL queries: 6 out of 100
  Number of query rows: 74 out of 50000
  Number of SOSL queries: 0 out of 20
  Number of DML statements: 0 out of 150
  Number of DML rows: 0 out of 10000
  Maximum CPU time: 0 out of 10000
  Maximum heap size: 0 out of 6000000
  Number of callouts: 0 out of 100
  Number of Email Invocations: 0 out of 10
  Number of future calls: 0 out of 50
  Number of queueable jobs added to the queue: 0 out of 50
  Number of Mobile Apex push calls: 0 out of 10

15:58:48.113 (113933885)|CUMULATIVE_LIMIT_USAGE_END

15:58:48.0 (113976764)|CODE_UNIT_FINISHED|VF: /apex/Settings
15:58:48.0 (114757394)|EXECUTION_FINISHED
