43.0 APEX_CODE,FINEST;APEX_PROFILING,INFO;CALLOUT,INFO;DB,INFO;NBA,INFO;SYSTEM,DEBUG;VALIDATION,INFO;VISUALFORCE,INFO;WAVE,INFO;WORKFLOW,INFO
17:08:09.0 (91156)|USER_INFO|[EXTERNAL]|0051I000000JaV8|amarvick94@gmail.com|Pacific Standard Time|GMT-07:00
17:08:09.0 (129593)|EXECUTION_STARTED
17:08:09.0 (134460)|CODE_UNIT_STARTED|[EXTERNAL]|Aura
17:08:09.0 (1482835)|CODE_UNIT_STARTED|[EXTERNAL]|01p1I00000GA2Qw|CampingListController.getItems()
17:08:09.0 (1677229)|HEAP_ALLOCATE|[72]|Bytes:3
17:08:09.0 (1736955)|HEAP_ALLOCATE|[77]|Bytes:152
17:08:09.0 (1753251)|HEAP_ALLOCATE|[342]|Bytes:408
17:08:09.0 (1764336)|HEAP_ALLOCATE|[355]|Bytes:408
17:08:09.0 (1774727)|HEAP_ALLOCATE|[467]|Bytes:48
17:08:09.0 (1800959)|HEAP_ALLOCATE|[139]|Bytes:6
17:08:09.0 (1866758)|HEAP_ALLOCATE|[EXTERNAL]|Bytes:3
17:08:09.0 (1880325)|METHOD_ENTRY|[1]|01p1I00000GA2Qw|CampingListController.CampingListController()
17:08:09.0 (1889164)|STATEMENT_EXECUTE|[1]
17:08:09.0 (1895048)|STATEMENT_EXECUTE|[1]
17:08:09.0 (1900229)|METHOD_EXIT|[1]|CampingListController
17:08:09.0 (1915322)|SYSTEM_MODE_ENTER|false
17:08:09.0 (1927345)|STATEMENT_EXECUTE|[3]
17:08:09.0 (1929292)|STATEMENT_EXECUTE|[4]
17:08:09.0 (1932386)|HEAP_ALLOCATE|[4]|Bytes:70
17:08:09.0 (1959472)|HEAP_ALLOCATE|[4]|Bytes:4
17:08:09.0 (2010539)|HEAP_ALLOCATE|[50]|Bytes:5
17:08:09.0 (2036331)|HEAP_ALLOCATE|[56]|Bytes:5
17:08:09.0 (2043608)|HEAP_ALLOCATE|[64]|Bytes:7
17:08:09.0 (2453740)|SOQL_EXECUTE_BEGIN|[4]|Aggregations:0|SELECT id, name, price__c, Quantity__c, Packed__c FROM Camping_Item__c
17:08:09.0 (4389343)|SOQL_EXECUTE_END|[4]|Rows:0
17:08:09.0 (4416721)|HEAP_ALLOCATE|[4]|Bytes:4
17:08:09.0 (4430305)|HEAP_ALLOCATE|[4]|Bytes:0
17:08:09.0 (4536534)|HEAP_ALLOCATE|[4]|Bytes:4
17:08:09.0 (4552283)|VARIABLE_SCOPE_BEGIN|[4]|CI|List<Camping_Item__c>|true|false
17:08:09.0 (4586305)|VARIABLE_ASSIGNMENT|[4]|CI|[]|0x13d0207a
17:08:09.0 (4593737)|STATEMENT_EXECUTE|[5]
17:08:09.0 (4601393)|SYSTEM_MODE_EXIT|false
17:08:09.4 (4624387)|CUMULATIVE_LIMIT_USAGE
17:08:09.4 (4624387)|LIMIT_USAGE_FOR_NS|(default)|
  Number of SOQL queries: 1 out of 100
  Number of query rows: 0 out of 50000
  Number of SOSL queries: 0 out of 20
  Number of DML statements: 0 out of 150
  Number of DML rows: 0 out of 10000
  Maximum CPU time: 0 out of 10000
  Maximum heap size: 0 out of 6000000
  Number of callouts: 0 out of 100
  Number of Email Invocations: 0 out of 10
  Number of future calls: 0 out of 50
  Number of queueable jobs added to the queue: 0 out of 50
  Number of Mobile Apex push calls: 0 out of 10

17:08:09.4 (4624387)|CUMULATIVE_LIMIT_USAGE_END

17:08:09.0 (4658329)|CODE_UNIT_FINISHED|CampingListController.getItems()
17:08:09.0 (4715078)|CODE_UNIT_FINISHED|Aura
17:08:09.0 (5810635)|EXECUTION_FINISHED
