43.0 APEX_CODE,FINEST;APEX_PROFILING,INFO;CALLOUT,INFO;DB,INFO;NBA,INFO;SYSTEM,DEBUG;VALIDATION,INFO;VISUALFORCE,INFO;WAVE,INFO;WORKFLOW,INFO
10:38:53.0 (347259)|USER_INFO|[EXTERNAL]|0051I000000JaV8|amarvick94@gmail.com|Pacific Standard Time|GMT-07:00
10:38:53.0 (385582)|EXECUTION_STARTED
10:38:53.0 (389310)|CODE_UNIT_STARTED|[EXTERNAL]|VisualForce View State
10:38:53.0 (253565660)|HEAP_ALLOCATE|[72]|Bytes:3
10:38:53.0 (253673025)|HEAP_ALLOCATE|[77]|Bytes:152
10:38:53.0 (253704010)|HEAP_ALLOCATE|[342]|Bytes:408
10:38:53.0 (253726350)|HEAP_ALLOCATE|[355]|Bytes:408
10:38:53.0 (253744903)|HEAP_ALLOCATE|[467]|Bytes:48
10:38:53.0 (253784166)|HEAP_ALLOCATE|[139]|Bytes:6
10:38:53.0 (253822053)|HEAP_ALLOCATE|[50]|Bytes:5
10:38:53.0 (253848644)|HEAP_ALLOCATE|[56]|Bytes:5
10:38:53.0 (253862059)|HEAP_ALLOCATE|[64]|Bytes:7
10:38:53.0 (255932270)|CODE_UNIT_FINISHED|VisualForce View State
10:38:53.0 (257362052)|EXECUTION_FINISHED
10:38:53.259 (259065789)|USER_INFO|[EXTERNAL]|0051I000000JaV8|amarvick94@gmail.com|Pacific Standard Time|GMT-07:00
10:38:53.259 (259132466)|SYSTEM_MODE_ENTER|true
10:38:53.259 (259221070)|HEAP_ALLOCATE|[EXTERNAL]|Bytes:38
10:38:53.259 (259238809)|HEAP_ALLOCATE|[EXTERNAL]|Bytes:7
10:38:53.263 (263147389)|CUMULATIVE_LIMIT_USAGE
10:38:53.263 (263147389)|LIMIT_USAGE_FOR_NS|(default)|
  Number of SOQL queries: 0 out of 100
  Number of query rows: 0 out of 50000
  Number of SOSL queries: 0 out of 20
  Number of DML statements: 0 out of 150
  Number of DML rows: 0 out of 10000
  Maximum CPU time: 0 out of 10000
  Maximum heap size: 0 out of 6000000
  Number of callouts: 0 out of 100
  Number of Email Invocations: 0 out of 10
  Number of future calls: 0 out of 50
  Number of queueable jobs added to the queue: 0 out of 50
  Number of Mobile Apex push calls: 0 out of 10

10:38:53.263 (263147389)|CUMULATIVE_LIMIT_USAGE_END

