42.0 APEX_CODE,FINEST;APEX_PROFILING,INFO;CALLOUT,INFO;DB,INFO;SYSTEM,DEBUG;VALIDATION,INFO;VISUALFORCE,INFO;WAVE,INFO;WORKFLOW,INFO
16:36:51.0 (279174)|USER_INFO|[EXTERNAL]|0051I000000JaV8|amarvick94@gmail.com|Pacific Standard Time|GMT-07:00
16:36:51.0 (311545)|EXECUTION_STARTED
16:36:51.0 (316584)|CODE_UNIT_STARTED|[EXTERNAL]|0661I000003daSA|VF: /apex/Settings
16:36:51.0 (2204922)|SYSTEM_MODE_ENTER|true
16:36:51.0 (2608025)|HEAP_ALLOCATE|[72]|Bytes:3
16:36:51.0 (2663664)|HEAP_ALLOCATE|[77]|Bytes:152
16:36:51.0 (2680751)|HEAP_ALLOCATE|[342]|Bytes:408
16:36:51.0 (2693571)|HEAP_ALLOCATE|[355]|Bytes:408
16:36:51.0 (2704506)|HEAP_ALLOCATE|[467]|Bytes:48
16:36:51.0 (2758616)|HEAP_ALLOCATE|[139]|Bytes:6
16:36:51.0 (2783797)|HEAP_ALLOCATE|[EXTERNAL]|Bytes:256
16:36:51.0 (2804186)|HEAP_ALLOCATE|[EXTERNAL]|Bytes:26
16:36:51.0 (2808024)|HEAP_ALLOCATE|[EXTERNAL]|Bytes:22
16:36:51.0 (2856523)|METHOD_ENTRY|[1]|01p1I00000G8yt3|OpsHR_UserSettingsController.OpsHR_UserSettingsController()
16:36:51.0 (2864230)|STATEMENT_EXECUTE|[1]
16:36:51.0 (2869724)|STATEMENT_EXECUTE|[1]
16:36:51.0 (2901211)|HEAP_ALLOCATE|[50]|Bytes:5
16:36:51.0 (2924369)|HEAP_ALLOCATE|[56]|Bytes:5
16:36:51.0 (2931331)|HEAP_ALLOCATE|[64]|Bytes:7
16:36:51.0 (2954929)|SYSTEM_MODE_ENTER|false
16:36:51.0 (2968627)|HEAP_ALLOCATE|[EXTERNAL]|Bytes:5
16:36:51.0 (2976279)|SYSTEM_MODE_EXIT|false
16:36:51.0 (3000678)|METHOD_EXIT|[1]|OpsHR_UserSettingsController
16:36:51.0 (3072852)|HEAP_ALLOCATE|[EXTERNAL]|Bytes:36
16:36:51.0 (3123434)|VARIABLE_SCOPE_BEGIN|[11]|this|OpsHR_UserSettingsController|true|false
16:36:51.0 (3195910)|VARIABLE_ASSIGNMENT|[11]|this|{}|0x7d9cf46e
16:36:51.0 (3204610)|VARIABLE_SCOPE_BEGIN|[11]|controller|ApexPages.StandardController|true|false
16:36:51.0 (3492301)|VARIABLE_ASSIGNMENT|[11]|controller|"StandardController [null]"|0x61e894c0
16:36:51.0 (3515106)|SYSTEM_MODE_ENTER|false
16:36:51.0 (3522617)|HEAP_ALLOCATE|[5]|Bytes:5
16:36:51.0 (3527442)|STATEMENT_EXECUTE|[1]
16:36:51.0 (3532710)|HEAP_ALLOCATE|[5]|Bytes:5
16:36:51.0 (3535394)|STATEMENT_EXECUTE|[3]
16:36:51.0 (3537044)|STATEMENT_EXECUTE|[4]
16:36:51.0 (3538371)|STATEMENT_EXECUTE|[5]
16:36:51.0 (3569554)|HEAP_ALLOCATE|[5]|Bytes:4
16:36:51.0 (3696087)|HEAP_ALLOCATE|[EXTERNAL]|Bytes:4
16:36:51.0 (3710703)|VARIABLE_ASSIGNMENT|[5]|this.recordTypes|[]|0x7d9cf46e
16:36:51.0 (3716466)|STATEMENT_EXECUTE|[7]
16:36:51.0 (3718035)|STATEMENT_EXECUTE|[8]
16:36:51.0 (3719382)|STATEMENT_EXECUTE|[14]
16:36:51.0 (3720895)|STATEMENT_EXECUTE|[43]
16:36:51.0 (3722234)|STATEMENT_EXECUTE|[73]
16:36:51.0 (3731265)|HEAP_ALLOCATE|[5]|Bytes:6
16:36:51.0 (3770240)|STATEMENT_EXECUTE|[11]
16:36:51.0 (3774140)|SYSTEM_MODE_EXIT|false
16:36:51.0 (4504313)|SYSTEM_MODE_ENTER|true
16:36:51.0 (4537611)|HEAP_ALLOCATE|[EXTERNAL]|Bytes:164
16:36:51.0 (4545202)|HEAP_ALLOCATE|[EXTERNAL]|Bytes:11
16:36:51.0 (4549227)|HEAP_ALLOCATE|[EXTERNAL]|Bytes:11
16:36:51.0 (4556017)|METHOD_ENTRY|[1]|01p1I00000G9Bhb|MultiselectController.MultiselectController()
16:36:51.0 (4561360)|STATEMENT_EXECUTE|[1]
16:36:51.0 (4564408)|STATEMENT_EXECUTE|[1]
16:36:51.0 (4573447)|SYSTEM_MODE_ENTER|false
16:36:51.0 (4580073)|HEAP_ALLOCATE|[EXTERNAL]|Bytes:5
16:36:51.0 (4586006)|SYSTEM_MODE_EXIT|false
16:36:51.0 (4597045)|METHOD_EXIT|[1]|MultiselectController
16:36:51.0 (4608766)|HEAP_ALLOCATE|[EXTERNAL]|Bytes:20
16:36:51.0 (4614690)|VARIABLE_SCOPE_BEGIN|[1]|this|MultiselectController|true|false
16:36:51.0 (4637201)|VARIABLE_ASSIGNMENT|[1]|this|{}|0x47b1bf32
16:36:51.0 (4650740)|SYSTEM_MODE_ENTER|false
16:36:51.0 (4656513)|HEAP_ALLOCATE|[EXTERNAL]|Bytes:5
16:36:51.0 (4673237)|SYSTEM_MODE_EXIT|false
16:36:51.0 (4678190)|STATEMENT_EXECUTE|[1]
16:36:51.0 (4684123)|SYSTEM_MODE_ENTER|false
16:36:51.0 (4687878)|HEAP_ALLOCATE|[EXTERNAL]|Bytes:5
16:36:51.0 (4690966)|STATEMENT_EXECUTE|[3]
16:36:51.0 (4692757)|STATEMENT_EXECUTE|[4]
16:36:51.0 (4694211)|STATEMENT_EXECUTE|[24]
16:36:51.0 (4695762)|STATEMENT_EXECUTE|[32]
16:36:51.0 (4697997)|SYSTEM_MODE_EXIT|false
16:36:51.0 (4926138)|SYSTEM_MODE_ENTER|true
16:36:51.0 (4973737)|HEAP_ALLOCATE|[EXTERNAL]|Bytes:36
16:36:51.0 (5134941)|VARIABLE_ASSIGNMENT|[EXTERNAL]|this|{"recordTypes":"0x62abd90a"}|0x7d9cf46e
16:36:51.0 (5157443)|SYSTEM_MODE_ENTER|false
16:36:51.0 (5164635)|HEAP_ALLOCATE|[45]|Bytes:5
16:36:51.0 (5169523)|STATEMENT_EXECUTE|[44]
16:36:51.0 (5173215)|STATEMENT_EXECUTE|[45]
16:36:51.0 (5185675)|HEAP_ALLOCATE|[45]|Bytes:4
16:36:51.0 (5212504)|VARIABLE_SCOPE_BEGIN|[45]|allQueues|List<System.SelectOption>|true|false
16:36:51.0 (5237630)|HEAP_ALLOCATE|[EXTERNAL]|Bytes:4
16:36:51.0 (5247982)|VARIABLE_ASSIGNMENT|[45]|allQueues|[]|0xc18767b
16:36:51.0 (5254153)|STATEMENT_EXECUTE|[46]
16:36:51.0 (5257405)|HEAP_ALLOCATE|[46]|Bytes:34
16:36:51.0 (5274053)|HEAP_ALLOCATE|[46]|Bytes:4
16:36:51.0 (5482422)|SOQL_EXECUTE_BEGIN|[46]|Aggregations:0|SELECT Label FROM OpsHR_Setup__mdt
16:36:51.0 (10991796)|SOQL_EXECUTE_END|[46]|Rows:17
16:36:51.0 (11022438)|HEAP_ALLOCATE|[46]|Bytes:72
16:36:51.0 (11060608)|HEAP_ALLOCATE|[46]|Bytes:714
16:36:51.0 (11130485)|HEAP_ALLOCATE|[46]|Bytes:72
16:36:51.0 (11146587)|VARIABLE_SCOPE_BEGIN|[46]|allMDT|List<OpsHR_Setup__mdt>|true|false
16:36:51.0 (11166122)|VARIABLE_ASSIGNMENT|[46]|allMDT|"List of size 17 too large to display"|0x3a990385
16:36:51.0 (11172579)|STATEMENT_EXECUTE|[48]
16:36:51.0 (11240406)|HEAP_ALLOCATE|[48]|Bytes:35
16:36:51.0 (11302635)|HEAP_ALLOCATE|[48]|Bytes:17
16:36:51.0 (11325022)|HEAP_ALLOCATE|[48]|Bytes:2
16:36:51.0 (11349160)|VARIABLE_SCOPE_BEGIN|[48]|retURL|String|false|false
16:36:51.0 (11361855)|VARIABLE_ASSIGNMENT|[48]|retURL|"0051I000000JaV8"
16:36:51.0 (11366709)|STATEMENT_EXECUTE|[50]
16:36:51.0 (11369933)|HEAP_ALLOCATE|[50]|Bytes:60
16:36:51.0 (11381089)|HEAP_ALLOCATE|[50]|Bytes:4
16:36:51.0 (11388654)|HEAP_ALLOCATE|[50]|Bytes:7
16:36:51.0 (11437135)|HEAP_ALLOCATE|[50]|Bytes:85
16:36:51.0 (11448924)|SYSTEM_METHOD_ENTRY|[1]|UserInfo.UserInfo()
16:36:51.0 (11453128)|STATEMENT_EXECUTE|[1]
16:36:51.0 (11460141)|SYSTEM_METHOD_EXIT|[1]|UserInfo
16:36:51.0 (11472154)|METHOD_ENTRY|[50]||System.UserInfo.getUserId()
16:36:51.0 (11506523)|METHOD_EXIT|[50]||System.UserInfo.getUserId()
16:36:51.0 (11689208)|SOQL_EXECUTE_BEGIN|[50]|Aggregations:0|SELECT Id, Support_Location__c FROM User WHERE Id = :tmpVar1
16:36:51.0 (24801050)|SOQL_EXECUTE_END|[50]|Rows:1
16:36:51.0 (24825182)|HEAP_ALLOCATE|[50]|Bytes:8
16:36:51.0 (24840494)|HEAP_ALLOCATE|[50]|Bytes:56
16:36:51.0 (24907676)|HEAP_ALLOCATE|[50]|Bytes:8
16:36:51.0 (24922863)|HEAP_ALLOCATE|[50]|Bytes:30
16:36:51.0 (24968898)|HEAP_ALLOCATE|[50]|Bytes:12
16:36:51.0 (24976012)|VARIABLE_SCOPE_BEGIN|[50]|theUser|User|true|false
16:36:51.0 (25002689)|VARIABLE_ASSIGNMENT|[50]|theUser|{"Id":"0051I000000JaV8QAK","Support_Location__c":"ABE3"}|0x78368080
16:36:51.0 (25011132)|STATEMENT_EXECUTE|[53]
16:36:51.0 (25014546)|HEAP_ALLOCATE|[53]|Bytes:81
16:36:51.0 (25028278)|HEAP_ALLOCATE|[53]|Bytes:4
16:36:51.0 (25286828)|SOQL_EXECUTE_BEGIN|[53]|Aggregations:0|SELECT GroupId, Id, UserOrGroupId FROM GroupMember WHERE UserOrGroupId = :tmpVar1
16:36:51.0 (34681241)|SOQL_EXECUTE_END|[53]|Rows:11
16:36:51.0 (34709990)|HEAP_ALLOCATE|[53]|Bytes:48
16:36:51.0 (34745058)|HEAP_ALLOCATE|[53]|Bytes:1023
16:36:51.0 (34827444)|HEAP_ALLOCATE|[53]|Bytes:48
16:36:51.0 (34847054)|VARIABLE_SCOPE_BEGIN|[53]|groupMembers|List<GroupMember>|true|false
16:36:51.0 (34873609)|VARIABLE_ASSIGNMENT|[53]|groupMembers|"List of size 11 too large to display"|0x42a71939
16:36:51.0 (34881282)|STATEMENT_EXECUTE|[54]
16:36:51.0 (34898689)|HEAP_ALLOCATE|[54]|Bytes:4
16:36:51.0 (34937593)|VARIABLE_SCOPE_BEGIN|[54]|groupIds|List<Id>|true|false
16:36:51.0 (34967472)|HEAP_ALLOCATE|[EXTERNAL]|Bytes:4
16:36:51.0 (34979041)|VARIABLE_ASSIGNMENT|[54]|groupIds|[]|0xe94c7a
16:36:51.0 (35183354)|HEAP_ALLOCATE|[56]|Bytes:5
16:36:51.0 (35229991)|HEAP_ALLOCATE|[56]|Bytes:16
16:36:51.0 (35240529)|VARIABLE_SCOPE_BEGIN|[56]|g|GroupMember|true|false
16:36:51.0 (35258784)|VARIABLE_ASSIGNMENT|[56]|g|{"GroupId":"00G1I000000OhKRUA0","Id":"0111I000000UDEyQAO","UserOrGroupId":"0051I000000JaV8QAK"}|0x5e81ea85
16:36:51.0 (35266845)|STATEMENT_EXECUTE|[56]
16:36:51.0 (35268848)|STATEMENT_EXECUTE|[57]
16:36:51.0 (35336238)|HEAP_ALLOCATE|[EXTERNAL]|Bytes:4
16:36:51.0 (35352447)|HEAP_ALLOCATE|[56]|Bytes:5
16:36:51.0 (35361988)|HEAP_ALLOCATE|[56]|Bytes:16
16:36:51.0 (35368184)|VARIABLE_SCOPE_BEGIN|[56]|g|GroupMember|true|false
16:36:51.0 (35381977)|VARIABLE_ASSIGNMENT|[56]|g|{"GroupId":"00G1I000000aJ8CUAU","Id":"0111I000000UDEpQAO","UserOrGroupId":"0051I000000JaV8QAK"}|0x3c409551
16:36:51.0 (35388374)|STATEMENT_EXECUTE|[56]
16:36:51.0 (35390089)|STATEMENT_EXECUTE|[57]
16:36:51.0 (35401735)|HEAP_ALLOCATE|[EXTERNAL]|Bytes:4
16:36:51.0 (35412314)|HEAP_ALLOCATE|[56]|Bytes:5
16:36:51.0 (35420173)|HEAP_ALLOCATE|[56]|Bytes:16
16:36:51.0 (35424997)|VARIABLE_SCOPE_BEGIN|[56]|g|GroupMember|true|false
16:36:51.0 (35436418)|VARIABLE_ASSIGNMENT|[56]|g|{"GroupId":"00G1I000000aJ8HUAU","Id":"0111I000000UDEqQAO","UserOrGroupId":"0051I000000JaV8QAK"}|0x29b041a
16:36:51.0 (35442774)|STATEMENT_EXECUTE|[56]
16:36:51.0 (35444212)|STATEMENT_EXECUTE|[57]
16:36:51.0 (35451658)|HEAP_ALLOCATE|[EXTERNAL]|Bytes:4
16:36:51.0 (35461785)|HEAP_ALLOCATE|[56]|Bytes:5
16:36:51.0 (35468828)|HEAP_ALLOCATE|[56]|Bytes:16
16:36:51.0 (35473749)|VARIABLE_SCOPE_BEGIN|[56]|g|GroupMember|true|false
16:36:51.0 (35484403)|VARIABLE_ASSIGNMENT|[56]|g|{"GroupId":"00G1I000000aJ8WUAU","Id":"0111I000000UCIpQAO","UserOrGroupId":"0051I000000JaV8QAK"}|0x1bbec575
16:36:51.0 (35490210)|STATEMENT_EXECUTE|[56]
16:36:51.0 (35491728)|STATEMENT_EXECUTE|[57]
16:36:51.0 (35499213)|HEAP_ALLOCATE|[EXTERNAL]|Bytes:4
16:36:51.0 (35508420)|HEAP_ALLOCATE|[56]|Bytes:5
16:36:51.0 (35522356)|HEAP_ALLOCATE|[56]|Bytes:16
16:36:51.0 (35527722)|VARIABLE_SCOPE_BEGIN|[56]|g|GroupMember|true|false
16:36:51.0 (35538753)|VARIABLE_ASSIGNMENT|[56]|g|{"GroupId":"00G1I000000aJ8gUAE","Id":"0111I000000UDExQAO","UserOrGroupId":"0051I000000JaV8QAK"}|0x4abac145
16:36:51.0 (35544255)|STATEMENT_EXECUTE|[56]
16:36:51.0 (35545733)|STATEMENT_EXECUTE|[57]
16:36:51.0 (35552829)|HEAP_ALLOCATE|[EXTERNAL]|Bytes:4
16:36:51.0 (35562205)|HEAP_ALLOCATE|[56]|Bytes:5
16:36:51.0 (35569515)|HEAP_ALLOCATE|[56]|Bytes:16
16:36:51.0 (35574106)|VARIABLE_SCOPE_BEGIN|[56]|g|GroupMember|true|false
16:36:51.0 (35584502)|VARIABLE_ASSIGNMENT|[56]|g|{"GroupId":"00G1I000000aJ8qUAE","Id":"0111I000000UDEnQAO","UserOrGroupId":"0051I000000JaV8QAK"}|0x72683f5e
16:36:51.0 (35590245)|STATEMENT_EXECUTE|[56]
16:36:51.0 (35591723)|STATEMENT_EXECUTE|[57]
16:36:51.0 (35598368)|HEAP_ALLOCATE|[EXTERNAL]|Bytes:4
16:36:51.0 (35607763)|HEAP_ALLOCATE|[56]|Bytes:5
16:36:51.0 (35614677)|HEAP_ALLOCATE|[56]|Bytes:16
16:36:51.0 (35618991)|VARIABLE_SCOPE_BEGIN|[56]|g|GroupMember|true|false
16:36:51.0 (35629481)|VARIABLE_ASSIGNMENT|[56]|g|{"GroupId":"00G1I000000aJ8vUAE","Id":"0111I000000UDChQAO","UserOrGroupId":"0051I000000JaV8QAK"}|0x28095edd
16:36:51.0 (35635158)|STATEMENT_EXECUTE|[56]
16:36:51.0 (35636511)|STATEMENT_EXECUTE|[57]
16:36:51.0 (35643107)|HEAP_ALLOCATE|[EXTERNAL]|Bytes:4
16:36:51.0 (35652650)|HEAP_ALLOCATE|[56]|Bytes:5
16:36:51.0 (35659337)|HEAP_ALLOCATE|[56]|Bytes:16
16:36:51.0 (35663887)|VARIABLE_SCOPE_BEGIN|[56]|g|GroupMember|true|false
16:36:51.0 (35674222)|VARIABLE_ASSIGNMENT|[56]|g|{"GroupId":"00G1I000000aJ90UAE","Id":"0111I000000UDEsQAO","UserOrGroupId":"0051I000000JaV8QAK"}|0x45f1b3c4
16:36:51.0 (35679938)|STATEMENT_EXECUTE|[56]
16:36:51.0 (35681286)|STATEMENT_EXECUTE|[57]
16:36:51.0 (35687663)|HEAP_ALLOCATE|[EXTERNAL]|Bytes:4
16:36:51.0 (35696686)|HEAP_ALLOCATE|[56]|Bytes:5
16:36:51.0 (35703771)|HEAP_ALLOCATE|[56]|Bytes:16
16:36:51.0 (35708361)|VARIABLE_SCOPE_BEGIN|[56]|g|GroupMember|true|false
16:36:51.0 (35719154)|VARIABLE_ASSIGNMENT|[56]|g|{"GroupId":"00G1I000000aJ95UAE","Id":"0111I000000UDEtQAO","UserOrGroupId":"0051I000000JaV8QAK"}|0x59ddf2d6
16:36:51.0 (35724314)|STATEMENT_EXECUTE|[56]
16:36:51.0 (35725753)|STATEMENT_EXECUTE|[57]
16:36:51.0 (35732621)|HEAP_ALLOCATE|[EXTERNAL]|Bytes:4
16:36:51.0 (35741326)|HEAP_ALLOCATE|[56]|Bytes:5
16:36:51.0 (35748682)|HEAP_ALLOCATE|[56]|Bytes:16
16:36:51.0 (35753274)|VARIABLE_SCOPE_BEGIN|[56]|g|GroupMember|true|false
16:36:51.0 (35764912)|VARIABLE_ASSIGNMENT|[56]|g|{"GroupId":"00G1I000000aJ9FUAU","Id":"0111I000000UDEoQAO","UserOrGroupId":"0051I000000JaV8QAK"}|0x6a7ca47c
16:36:51.0 (35771799)|STATEMENT_EXECUTE|[56]
16:36:51.0 (35773192)|STATEMENT_EXECUTE|[57]
16:36:51.0 (35780251)|HEAP_ALLOCATE|[EXTERNAL]|Bytes:4
16:36:51.0 (35790012)|HEAP_ALLOCATE|[56]|Bytes:5
16:36:51.0 (35797104)|HEAP_ALLOCATE|[56]|Bytes:16
16:36:51.0 (35801623)|VARIABLE_SCOPE_BEGIN|[56]|g|GroupMember|true|false
16:36:51.0 (35812423)|VARIABLE_ASSIGNMENT|[56]|g|{"GroupId":"00G1I000000aJ9KUAU","Id":"0111I000000UDErQAO","UserOrGroupId":"0051I000000JaV8QAK"}|0x861e058
16:36:51.0 (35818066)|STATEMENT_EXECUTE|[56]
16:36:51.0 (35819422)|STATEMENT_EXECUTE|[57]
16:36:51.0 (35826260)|HEAP_ALLOCATE|[EXTERNAL]|Bytes:4
16:36:51.0 (35835461)|HEAP_ALLOCATE|[56]|Bytes:5
16:36:51.0 (35848959)|VARIABLE_ASSIGNMENT|[56]|g|null|
16:36:51.0 (35858072)|STATEMENT_EXECUTE|[61]
16:36:51.0 (35863144)|HEAP_ALLOCATE|[61]|Bytes:74
16:36:51.0 (35880579)|HEAP_ALLOCATE|[61]|Bytes:4
16:36:51.0 (36155855)|SOQL_EXECUTE_BEGIN|[61]|Aggregations:0|SELECT Id, Name FROM Group WHERE (Type = 'Regular' AND Id NOT IN :tmpVar1)
16:36:51.0 (40295181)|SOQL_EXECUTE_END|[61]|Rows:5
16:36:51.0 (40314988)|HEAP_ALLOCATE|[61]|Bytes:24
16:36:51.0 (40331634)|HEAP_ALLOCATE|[61]|Bytes:205
16:36:51.0 (40382172)|HEAP_ALLOCATE|[61]|Bytes:24
16:36:51.0 (40394129)|VARIABLE_SCOPE_BEGIN|[61]|nonGroups|List<Group>|true|false
16:36:51.0 (40419281)|VARIABLE_ASSIGNMENT|[61]|nonGroups|[{"Id":"00G1I000000aJ8bUAE","Name":"ABE2"},{"Id":"00G1I000000aJ8RUAU","Name":"ABE4"},{"Id":"00G1I000000aJ8MUAU","Name":"ABE8"},{"Id":"00G1I000000aJ8lUAE","Name":"CLT2"},{"Id":"00G1I000000aJ9AUAU","Name":"CLT3"}]|0xb030cb9
16:36:51.0 (40428158)|STATEMENT_EXECUTE|[62]
16:36:51.0 (40431973)|HEAP_ALLOCATE|[62]|Bytes:11
16:36:51.0 (40539419)|HEAP_ALLOCATE|[62]|Bytes:210
16:36:51.0 (40562030)|HEAP_ALLOCATE|[62]|Bytes:221
16:36:51.0 (40586482)|USER_DEBUG|[62]|DEBUG|nonGroups: (Group:{Id=00G1I000000aJ8bUAE, Name=ABE2}, Group:{Id=00G1I000000aJ8RUAU, Name=ABE4}, Group:{Id=00G1I000000aJ8MUAU, Name=ABE8}, Group:{Id=00G1I000000aJ8lUAE, Name=CLT2}, Group:{Id=00G1I000000aJ9AUAU, Name=CLT3})
16:36:51.0 (40690451)|HEAP_ALLOCATE|[64]|Bytes:5
16:36:51.0 (40704505)|HEAP_ALLOCATE|[64]|Bytes:12
16:36:51.0 (40712797)|VARIABLE_SCOPE_BEGIN|[64]|ng|Group|true|false
16:36:51.0 (40728150)|VARIABLE_ASSIGNMENT|[64]|ng|{"Id":"00G1I000000aJ8bUAE","Name":"ABE2"}|0x763b0f3
16:36:51.0 (40734881)|STATEMENT_EXECUTE|[64]
16:36:51.0 (40736906)|STATEMENT_EXECUTE|[65]
16:36:51.0 (40821298)|HEAP_ALLOCATE|[EXTERNAL]|Bytes:4
16:36:51.0 (40837531)|HEAP_ALLOCATE|[64]|Bytes:5
16:36:51.0 (40847297)|HEAP_ALLOCATE|[64]|Bytes:12
16:36:51.0 (40854215)|VARIABLE_SCOPE_BEGIN|[64]|ng|Group|true|false
16:36:51.0 (40867490)|VARIABLE_ASSIGNMENT|[64]|ng|{"Id":"00G1I000000aJ8RUAU","Name":"ABE4"}|0x53849a53
16:36:51.0 (40873685)|STATEMENT_EXECUTE|[64]
16:36:51.0 (40875374)|STATEMENT_EXECUTE|[65]
16:36:51.0 (40890046)|HEAP_ALLOCATE|[EXTERNAL]|Bytes:4
16:36:51.0 (40900634)|HEAP_ALLOCATE|[64]|Bytes:5
16:36:51.0 (40908503)|HEAP_ALLOCATE|[64]|Bytes:12
16:36:51.0 (40913504)|VARIABLE_SCOPE_BEGIN|[64]|ng|Group|true|false
16:36:51.0 (40924448)|VARIABLE_ASSIGNMENT|[64]|ng|{"Id":"00G1I000000aJ8MUAU","Name":"ABE8"}|0x486efc7d
16:36:51.0 (40929664)|STATEMENT_EXECUTE|[64]
16:36:51.0 (40931253)|STATEMENT_EXECUTE|[65]
16:36:51.0 (40941866)|HEAP_ALLOCATE|[EXTERNAL]|Bytes:4
16:36:51.0 (40951203)|HEAP_ALLOCATE|[64]|Bytes:5
16:36:51.0 (40958571)|HEAP_ALLOCATE|[64]|Bytes:12
16:36:51.0 (40963229)|VARIABLE_SCOPE_BEGIN|[64]|ng|Group|true|false
16:36:51.0 (40973658)|VARIABLE_ASSIGNMENT|[64]|ng|{"Id":"00G1I000000aJ8lUAE","Name":"CLT2"}|0x767bfee3
16:36:51.0 (40978667)|STATEMENT_EXECUTE|[64]
16:36:51.0 (40980351)|STATEMENT_EXECUTE|[65]
16:36:51.0 (40990421)|HEAP_ALLOCATE|[EXTERNAL]|Bytes:4
16:36:51.0 (40999660)|HEAP_ALLOCATE|[64]|Bytes:5
16:36:51.0 (41006614)|HEAP_ALLOCATE|[64]|Bytes:12
16:36:51.0 (41012160)|VARIABLE_SCOPE_BEGIN|[64]|ng|Group|true|false
16:36:51.0 (41022115)|VARIABLE_ASSIGNMENT|[64]|ng|{"Id":"00G1I000000aJ9AUAU","Name":"CLT3"}|0x6c052cf7
16:36:51.0 (41027758)|STATEMENT_EXECUTE|[64]
16:36:51.0 (41029339)|STATEMENT_EXECUTE|[65]
16:36:51.0 (41039216)|HEAP_ALLOCATE|[EXTERNAL]|Bytes:4
16:36:51.0 (41048701)|HEAP_ALLOCATE|[64]|Bytes:5
16:36:51.0 (41057821)|VARIABLE_ASSIGNMENT|[64]|ng|null|
16:36:51.0 (41062679)|STATEMENT_EXECUTE|[68]
16:36:51.0 (41070113)|SYSTEM_MODE_EXIT|false
16:36:51.0 (41230165)|SYSTEM_MODE_ENTER|true
16:36:51.0 (41287156)|HEAP_ALLOCATE|[EXTERNAL]|Bytes:24
16:36:51.0 (41293695)|HEAP_ALLOCATE|[EXTERNAL]|Bytes:20
16:36:51.0 (41474811)|VARIABLE_ASSIGNMENT|[EXTERNAL]|this.leftOptions|"common.apex.runtime.impl.ScalarList@d6f5ffda"|0x47b1bf32
16:36:51.0 (41611221)|SYSTEM_MODE_ENTER|true
16:36:51.0 (41661813)|HEAP_ALLOCATE|[EXTERNAL]|Bytes:36
16:36:51.0 (41842124)|VARIABLE_ASSIGNMENT|[EXTERNAL]|this|{"recordTypes":"0x62abd90a"}|0x7d9cf46e
16:36:51.0 (41861749)|SYSTEM_MODE_ENTER|false
16:36:51.0 (41868940)|HEAP_ALLOCATE|[75]|Bytes:5
16:36:51.0 (41873961)|STATEMENT_EXECUTE|[74]
16:36:51.0 (41875600)|STATEMENT_EXECUTE|[75]
16:36:51.0 (41885487)|HEAP_ALLOCATE|[75]|Bytes:4
16:36:51.0 (41910037)|VARIABLE_SCOPE_BEGIN|[75]|allQueues|List<System.SelectOption>|true|false
16:36:51.0 (41937261)|HEAP_ALLOCATE|[EXTERNAL]|Bytes:4
16:36:51.0 (41946265)|VARIABLE_ASSIGNMENT|[75]|allQueues|[]|0x781b20b4
16:36:51.0 (41951605)|STATEMENT_EXECUTE|[76]
16:36:51.0 (41961271)|HEAP_ALLOCATE|[76]|Bytes:4
16:36:51.0 (42077712)|SOQL_EXECUTE_BEGIN|[76]|Aggregations:0|SELECT Label FROM OpsHR_Setup__mdt
16:36:51.0 (44218613)|SOQL_EXECUTE_END|[76]|Rows:17
16:36:51.0 (44239865)|HEAP_ALLOCATE|[76]|Bytes:72
16:36:51.0 (44268301)|HEAP_ALLOCATE|[76]|Bytes:714
16:36:51.0 (44299228)|HEAP_ALLOCATE|[76]|Bytes:72
16:36:51.0 (44313351)|VARIABLE_SCOPE_BEGIN|[76]|allMDT|List<OpsHR_Setup__mdt>|true|false
16:36:51.0 (44336236)|VARIABLE_ASSIGNMENT|[76]|allMDT|"List of size 17 too large to display"|0x76f388eb
16:36:51.0 (44346013)|STATEMENT_EXECUTE|[80]
16:36:51.0 (44351283)|HEAP_ALLOCATE|[80]|Bytes:39
16:36:51.0 (44367193)|HEAP_ALLOCATE|[80]|Bytes:4
16:36:51.0 (44385247)|METHOD_ENTRY|[80]||System.UserInfo.getUserId()
16:36:51.0 (44414432)|METHOD_EXIT|[80]||System.UserInfo.getUserId()
16:36:51.0 (44550466)|SOQL_EXECUTE_BEGIN|[80]|Aggregations:0|SELECT Id FROM User WHERE Id = :tmpVar1
16:36:51.0 (50029587)|SOQL_EXECUTE_END|[80]|Rows:1
16:36:51.0 (50051069)|HEAP_ALLOCATE|[80]|Bytes:8
16:36:51.0 (50063155)|HEAP_ALLOCATE|[80]|Bytes:29
16:36:51.0 (50093281)|HEAP_ALLOCATE|[80]|Bytes:8
16:36:51.0 (50116387)|HEAP_ALLOCATE|[80]|Bytes:8
16:36:51.0 (50124271)|VARIABLE_SCOPE_BEGIN|[80]|theUser|User|true|false
16:36:51.0 (50143314)|VARIABLE_ASSIGNMENT|[80]|theUser|{"Id":"0051I000000JaV8QAK"}|0x38bdb149
16:36:51.0 (50150173)|STATEMENT_EXECUTE|[83]
16:36:51.0 (50161325)|HEAP_ALLOCATE|[83]|Bytes:4
16:36:51.0 (50338476)|SOQL_EXECUTE_BEGIN|[83]|Aggregations:0|SELECT GroupId, Id, UserOrGroupId FROM GroupMember WHERE UserOrGroupId = :tmpVar1
16:36:51.0 (55470508)|SOQL_EXECUTE_END|[83]|Rows:11
16:36:51.0 (55490252)|HEAP_ALLOCATE|[83]|Bytes:48
16:36:51.0 (55515290)|HEAP_ALLOCATE|[83]|Bytes:1023
16:36:51.0 (55546030)|HEAP_ALLOCATE|[83]|Bytes:48
16:36:51.0 (55556851)|VARIABLE_SCOPE_BEGIN|[83]|groupMembers|List<GroupMember>|true|false
16:36:51.0 (55573794)|VARIABLE_ASSIGNMENT|[83]|groupMembers|"List of size 11 too large to display"|0x3969693c
16:36:51.0 (55580961)|STATEMENT_EXECUTE|[84]
16:36:51.0 (55592616)|HEAP_ALLOCATE|[84]|Bytes:4
16:36:51.0 (55622130)|VARIABLE_SCOPE_BEGIN|[84]|groupIds|List<Id>|true|false
16:36:51.0 (55647803)|HEAP_ALLOCATE|[EXTERNAL]|Bytes:4
16:36:51.0 (55656764)|VARIABLE_ASSIGNMENT|[84]|groupIds|[]|0x470179cf
16:36:51.0 (55703813)|HEAP_ALLOCATE|[86]|Bytes:5
16:36:51.0 (55718829)|HEAP_ALLOCATE|[86]|Bytes:16
16:36:51.0 (55727144)|VARIABLE_SCOPE_BEGIN|[86]|g|GroupMember|true|false
16:36:51.0 (55742911)|VARIABLE_ASSIGNMENT|[86]|g|{"GroupId":"00G1I000000OhKRUA0","Id":"0111I000000UDEyQAO","UserOrGroupId":"0051I000000JaV8QAK"}|0x2da0090
16:36:51.0 (55749526)|STATEMENT_EXECUTE|[86]
16:36:51.0 (55751321)|STATEMENT_EXECUTE|[87]
16:36:51.0 (55794942)|HEAP_ALLOCATE|[EXTERNAL]|Bytes:4
16:36:51.0 (55809613)|HEAP_ALLOCATE|[86]|Bytes:5
16:36:51.0 (55819403)|HEAP_ALLOCATE|[86]|Bytes:16
16:36:51.0 (55825195)|VARIABLE_SCOPE_BEGIN|[86]|g|GroupMember|true|false
16:36:51.0 (55838614)|VARIABLE_ASSIGNMENT|[86]|g|{"GroupId":"00G1I000000aJ8CUAU","Id":"0111I000000UDEpQAO","UserOrGroupId":"0051I000000JaV8QAK"}|0x77c52409
16:36:51.0 (55845141)|STATEMENT_EXECUTE|[86]
16:36:51.0 (55846852)|STATEMENT_EXECUTE|[87]
16:36:51.0 (55856563)|HEAP_ALLOCATE|[EXTERNAL]|Bytes:4
16:36:51.0 (55867092)|HEAP_ALLOCATE|[86]|Bytes:5
16:36:51.0 (55874304)|HEAP_ALLOCATE|[86]|Bytes:16
16:36:51.0 (55878990)|VARIABLE_SCOPE_BEGIN|[86]|g|GroupMember|true|false
16:36:51.0 (55890333)|VARIABLE_ASSIGNMENT|[86]|g|{"GroupId":"00G1I000000aJ8HUAU","Id":"0111I000000UDEqQAO","UserOrGroupId":"0051I000000JaV8QAK"}|0x226cfe45
16:36:51.0 (55895685)|STATEMENT_EXECUTE|[86]
16:36:51.0 (55897090)|STATEMENT_EXECUTE|[87]
16:36:51.0 (55904467)|HEAP_ALLOCATE|[EXTERNAL]|Bytes:4
16:36:51.0 (55914134)|HEAP_ALLOCATE|[86]|Bytes:5
16:36:51.0 (55921112)|HEAP_ALLOCATE|[86]|Bytes:16
16:36:51.0 (55925439)|VARIABLE_SCOPE_BEGIN|[86]|g|GroupMember|true|false
16:36:51.0 (55936771)|VARIABLE_ASSIGNMENT|[86]|g|{"GroupId":"00G1I000000aJ8WUAU","Id":"0111I000000UCIpQAO","UserOrGroupId":"0051I000000JaV8QAK"}|0x56120806
16:36:51.0 (55941632)|STATEMENT_EXECUTE|[86]
16:36:51.0 (55943352)|STATEMENT_EXECUTE|[87]
16:36:51.0 (55950474)|HEAP_ALLOCATE|[EXTERNAL]|Bytes:4
16:36:51.0 (55959881)|HEAP_ALLOCATE|[86]|Bytes:5
16:36:51.0 (55966767)|HEAP_ALLOCATE|[86]|Bytes:16
16:36:51.0 (55971130)|VARIABLE_SCOPE_BEGIN|[86]|g|GroupMember|true|false
16:36:51.0 (55981831)|VARIABLE_ASSIGNMENT|[86]|g|{"GroupId":"00G1I000000aJ8gUAE","Id":"0111I000000UDExQAO","UserOrGroupId":"0051I000000JaV8QAK"}|0x41e5cd4
16:36:51.0 (55987643)|STATEMENT_EXECUTE|[86]
16:36:51.0 (55989032)|STATEMENT_EXECUTE|[87]
16:36:51.0 (55996022)|HEAP_ALLOCATE|[EXTERNAL]|Bytes:4
16:36:51.0 (56004919)|HEAP_ALLOCATE|[86]|Bytes:5
16:36:51.0 (56012379)|HEAP_ALLOCATE|[86]|Bytes:16
16:36:51.0 (56017028)|VARIABLE_SCOPE_BEGIN|[86]|g|GroupMember|true|false
16:36:51.0 (56027586)|VARIABLE_ASSIGNMENT|[86]|g|{"GroupId":"00G1I000000aJ8qUAE","Id":"0111I000000UDEnQAO","UserOrGroupId":"0051I000000JaV8QAK"}|0x5a25c532
16:36:51.0 (56032656)|STATEMENT_EXECUTE|[86]
16:36:51.0 (56034075)|STATEMENT_EXECUTE|[87]
16:36:51.0 (56041048)|HEAP_ALLOCATE|[EXTERNAL]|Bytes:4
16:36:51.0 (56050773)|HEAP_ALLOCATE|[86]|Bytes:5
16:36:51.0 (56057512)|HEAP_ALLOCATE|[86]|Bytes:16
16:36:51.0 (56062020)|VARIABLE_SCOPE_BEGIN|[86]|g|GroupMember|true|false
16:36:51.0 (56072870)|VARIABLE_ASSIGNMENT|[86]|g|{"GroupId":"00G1I000000aJ8vUAE","Id":"0111I000000UDChQAO","UserOrGroupId":"0051I000000JaV8QAK"}|0x1f7e86e5
16:36:51.0 (56078386)|STATEMENT_EXECUTE|[86]
16:36:51.0 (56079757)|STATEMENT_EXECUTE|[87]
16:36:51.0 (56086380)|HEAP_ALLOCATE|[EXTERNAL]|Bytes:4
16:36:51.0 (56095477)|HEAP_ALLOCATE|[86]|Bytes:5
16:36:51.0 (56102489)|HEAP_ALLOCATE|[86]|Bytes:16
16:36:51.0 (56106723)|VARIABLE_SCOPE_BEGIN|[86]|g|GroupMember|true|false
16:36:51.0 (56117431)|VARIABLE_ASSIGNMENT|[86]|g|{"GroupId":"00G1I000000aJ90UAE","Id":"0111I000000UDEsQAO","UserOrGroupId":"0051I000000JaV8QAK"}|0x59eaff34
16:36:51.0 (56122533)|STATEMENT_EXECUTE|[86]
16:36:51.0 (56123891)|STATEMENT_EXECUTE|[87]
16:36:51.0 (56130632)|HEAP_ALLOCATE|[EXTERNAL]|Bytes:4
16:36:51.0 (56139758)|HEAP_ALLOCATE|[86]|Bytes:5
16:36:51.0 (56146747)|HEAP_ALLOCATE|[86]|Bytes:16
16:36:51.0 (56151504)|VARIABLE_SCOPE_BEGIN|[86]|g|GroupMember|true|false
16:36:51.0 (56161901)|VARIABLE_ASSIGNMENT|[86]|g|{"GroupId":"00G1I000000aJ95UAE","Id":"0111I000000UDEtQAO","UserOrGroupId":"0051I000000JaV8QAK"}|0x2f64f021
16:36:51.0 (56167144)|STATEMENT_EXECUTE|[86]
16:36:51.0 (56168687)|STATEMENT_EXECUTE|[87]
16:36:51.0 (56175252)|HEAP_ALLOCATE|[EXTERNAL]|Bytes:4
16:36:51.0 (56184089)|HEAP_ALLOCATE|[86]|Bytes:5
16:36:51.0 (56191034)|HEAP_ALLOCATE|[86]|Bytes:16
16:36:51.0 (56195438)|VARIABLE_SCOPE_BEGIN|[86]|g|GroupMember|true|false
16:36:51.0 (56205829)|VARIABLE_ASSIGNMENT|[86]|g|{"GroupId":"00G1I000000aJ9FUAU","Id":"0111I000000UDEoQAO","UserOrGroupId":"0051I000000JaV8QAK"}|0x5b1cacaa
16:36:51.0 (56211413)|STATEMENT_EXECUTE|[86]
16:36:51.0 (56212773)|STATEMENT_EXECUTE|[87]
16:36:51.0 (56219391)|HEAP_ALLOCATE|[EXTERNAL]|Bytes:4
16:36:51.0 (56228473)|HEAP_ALLOCATE|[86]|Bytes:5
16:36:51.0 (56235555)|HEAP_ALLOCATE|[86]|Bytes:16
16:36:51.0 (56240039)|VARIABLE_SCOPE_BEGIN|[86]|g|GroupMember|true|false
16:36:51.0 (56250979)|VARIABLE_ASSIGNMENT|[86]|g|{"GroupId":"00G1I000000aJ9KUAU","Id":"0111I000000UDErQAO","UserOrGroupId":"0051I000000JaV8QAK"}|0x303e4082
16:36:51.0 (56256043)|STATEMENT_EXECUTE|[86]
16:36:51.0 (56257633)|STATEMENT_EXECUTE|[87]
16:36:51.0 (56264516)|HEAP_ALLOCATE|[EXTERNAL]|Bytes:4
16:36:51.0 (56273670)|HEAP_ALLOCATE|[86]|Bytes:5
16:36:51.0 (56282755)|VARIABLE_ASSIGNMENT|[86]|g|null|
16:36:51.0 (56288566)|STATEMENT_EXECUTE|[91]
16:36:51.0 (56291939)|HEAP_ALLOCATE|[91]|Bytes:70
16:36:51.0 (56303445)|HEAP_ALLOCATE|[91]|Bytes:4
16:36:51.0 (56531545)|SOQL_EXECUTE_BEGIN|[91]|Aggregations:0|SELECT Id, Name FROM Group WHERE (Type = 'Regular' AND Id IN :tmpVar1)
16:36:51.0 (61096560)|SOQL_EXECUTE_END|[91]|Rows:11
16:36:51.0 (61116516)|HEAP_ALLOCATE|[91]|Bytes:48
16:36:51.0 (61137963)|HEAP_ALLOCATE|[91]|Bytes:456
16:36:51.0 (61166076)|HEAP_ALLOCATE|[91]|Bytes:48
16:36:51.0 (61177085)|VARIABLE_SCOPE_BEGIN|[91]|actualGroups|List<Group>|true|false
16:36:51.0 (61192929)|VARIABLE_ASSIGNMENT|[91]|actualGroups|"List of size 11 too large to display"|0x72426506
16:36:51.0 (61234937)|HEAP_ALLOCATE|[93]|Bytes:5
16:36:51.0 (61248236)|HEAP_ALLOCATE|[93]|Bytes:12
16:36:51.0 (61256005)|VARIABLE_SCOPE_BEGIN|[93]|ng|Group|true|false
16:36:51.0 (61271364)|VARIABLE_ASSIGNMENT|[93]|ng|{"Id":"00G1I000000OhKRUA0","Name":"Reviewers"}|0x7527f0b
16:36:51.0 (61277899)|STATEMENT_EXECUTE|[93]
16:36:51.0 (61279815)|STATEMENT_EXECUTE|[94]
16:36:51.0 (61339861)|HEAP_ALLOCATE|[EXTERNAL]|Bytes:4
16:36:51.0 (61354488)|HEAP_ALLOCATE|[93]|Bytes:5
16:36:51.0 (61363829)|HEAP_ALLOCATE|[93]|Bytes:12
16:36:51.0 (61370039)|VARIABLE_SCOPE_BEGIN|[93]|ng|Group|true|false
16:36:51.0 (61382960)|VARIABLE_ASSIGNMENT|[93]|ng|{"Id":"00G1I000000aJ8CUAU","Name":"BFI3"}|0x7a040a05
16:36:51.0 (61388612)|STATEMENT_EXECUTE|[93]
16:36:51.0 (61390200)|STATEMENT_EXECUTE|[94]
16:36:51.0 (61404647)|HEAP_ALLOCATE|[EXTERNAL]|Bytes:4
16:36:51.0 (61414921)|HEAP_ALLOCATE|[93]|Bytes:5
16:36:51.0 (61423061)|HEAP_ALLOCATE|[93]|Bytes:12
16:36:51.0 (61428015)|VARIABLE_SCOPE_BEGIN|[93]|ng|Group|true|false
16:36:51.0 (61439009)|VARIABLE_ASSIGNMENT|[93]|ng|{"Id":"00G1I000000aJ8HUAU","Name":"BFI4"}|0x1a9aef30
16:36:51.0 (61444193)|STATEMENT_EXECUTE|[93]
16:36:51.0 (61445638)|STATEMENT_EXECUTE|[94]
16:36:51.0 (61456589)|HEAP_ALLOCATE|[EXTERNAL]|Bytes:4
16:36:51.0 (61466406)|HEAP_ALLOCATE|[93]|Bytes:5
16:36:51.0 (61473876)|HEAP_ALLOCATE|[93]|Bytes:12
16:36:51.0 (61478585)|VARIABLE_SCOPE_BEGIN|[93]|ng|Group|true|false
16:36:51.0 (61489370)|VARIABLE_ASSIGNMENT|[93]|ng|{"Id":"00G1I000000aJ8WUAU","Name":"CMH1"}|0x69c55f8d
16:36:51.0 (61494409)|STATEMENT_EXECUTE|[93]
16:36:51.0 (61495798)|STATEMENT_EXECUTE|[94]
16:36:51.0 (61505779)|HEAP_ALLOCATE|[EXTERNAL]|Bytes:4
16:36:51.0 (61514776)|HEAP_ALLOCATE|[93]|Bytes:5
16:36:51.0 (61521912)|HEAP_ALLOCATE|[93]|Bytes:12
16:36:51.0 (61527039)|VARIABLE_SCOPE_BEGIN|[93]|ng|Group|true|false
16:36:51.0 (61537351)|VARIABLE_ASSIGNMENT|[93]|ng|{"Id":"00G1I000000aJ8gUAE","Name":"DEN2"}|0x7d7bcf99
16:36:51.0 (61542589)|STATEMENT_EXECUTE|[93]
16:36:51.0 (61544009)|STATEMENT_EXECUTE|[94]
16:36:51.0 (61553833)|HEAP_ALLOCATE|[EXTERNAL]|Bytes:4
16:36:51.0 (61562892)|HEAP_ALLOCATE|[93]|Bytes:5
16:36:51.0 (61570082)|HEAP_ALLOCATE|[93]|Bytes:12
16:36:51.0 (61574665)|VARIABLE_SCOPE_BEGIN|[93]|ng|Group|true|false
16:36:51.0 (61585237)|VARIABLE_ASSIGNMENT|[93]|ng|{"Id":"00G1I000000aJ8qUAE","Name":"AVP1"}|0x27f5a611
16:36:51.0 (61590442)|STATEMENT_EXECUTE|[93]
16:36:51.0 (61591920)|STATEMENT_EXECUTE|[94]
16:36:51.0 (61601757)|HEAP_ALLOCATE|[EXTERNAL]|Bytes:4
16:36:51.0 (61611010)|HEAP_ALLOCATE|[93]|Bytes:5
16:36:51.0 (61618294)|HEAP_ALLOCATE|[93]|Bytes:12
16:36:51.0 (61622707)|VARIABLE_SCOPE_BEGIN|[93]|ng|Group|true|false
16:36:51.0 (61632894)|VARIABLE_ASSIGNMENT|[93]|ng|{"Id":"00G1I000000aJ8vUAE","Name":"CAE1"}|0x6adb2eb0
16:36:51.0 (61637907)|STATEMENT_EXECUTE|[93]
16:36:51.0 (61639303)|STATEMENT_EXECUTE|[94]
16:36:51.0 (61648880)|HEAP_ALLOCATE|[EXTERNAL]|Bytes:4
16:36:51.0 (61658001)|HEAP_ALLOCATE|[93]|Bytes:5
16:36:51.0 (61665205)|HEAP_ALLOCATE|[93]|Bytes:12
16:36:51.0 (61669585)|VARIABLE_SCOPE_BEGIN|[93]|ng|Group|true|false
16:36:51.0 (61679497)|VARIABLE_ASSIGNMENT|[93]|ng|{"Id":"00G1I000000aJ90UAE","Name":"BNA2"}|0x29213d51
16:36:51.0 (61684609)|STATEMENT_EXECUTE|[93]
16:36:51.0 (61686069)|STATEMENT_EXECUTE|[94]
16:36:51.0 (61695479)|HEAP_ALLOCATE|[EXTERNAL]|Bytes:4
16:36:51.0 (61704678)|HEAP_ALLOCATE|[93]|Bytes:5
16:36:51.0 (61711884)|HEAP_ALLOCATE|[93]|Bytes:12
16:36:51.0 (61716398)|VARIABLE_SCOPE_BEGIN|[93]|ng|Group|true|false
16:36:51.0 (61726028)|VARIABLE_ASSIGNMENT|[93]|ng|{"Id":"00G1I000000aJ95UAE","Name":"BWI2"}|0xa0538eb
16:36:51.0 (61731254)|STATEMENT_EXECUTE|[93]
16:36:51.0 (61732664)|STATEMENT_EXECUTE|[94]
16:36:51.0 (61742241)|HEAP_ALLOCATE|[EXTERNAL]|Bytes:4
16:36:51.0 (61751436)|HEAP_ALLOCATE|[93]|Bytes:5
16:36:51.0 (61758616)|HEAP_ALLOCATE|[93]|Bytes:12
16:36:51.0 (61768242)|VARIABLE_SCOPE_BEGIN|[93]|ng|Group|true|false
16:36:51.0 (61778455)|VARIABLE_ASSIGNMENT|[93]|ng|{"Id":"00G1I000000aJ9FUAU","Name":"BDL2"}|0x4ad294
16:36:51.0 (61783514)|STATEMENT_EXECUTE|[93]
16:36:51.0 (61784907)|STATEMENT_EXECUTE|[94]
16:36:51.0 (61794959)|HEAP_ALLOCATE|[EXTERNAL]|Bytes:4
16:36:51.0 (61804394)|HEAP_ALLOCATE|[93]|Bytes:5
16:36:51.0 (61811999)|HEAP_ALLOCATE|[93]|Bytes:12
16:36:51.0 (61816906)|VARIABLE_SCOPE_BEGIN|[93]|ng|Group|true|false
16:36:51.0 (61827135)|VARIABLE_ASSIGNMENT|[93]|ng|{"Id":"00G1I000000aJ9KUAU","Name":"BFI5"}|0x33d7c283
16:36:51.0 (61832027)|STATEMENT_EXECUTE|[93]
16:36:51.0 (61833404)|STATEMENT_EXECUTE|[94]
16:36:51.0 (61843085)|HEAP_ALLOCATE|[EXTERNAL]|Bytes:4
16:36:51.0 (61852632)|HEAP_ALLOCATE|[93]|Bytes:5
16:36:51.0 (61861477)|VARIABLE_ASSIGNMENT|[93]|ng|null|
16:36:51.0 (61866732)|STATEMENT_EXECUTE|[97]
16:36:51.0 (61873521)|SYSTEM_MODE_EXIT|false
16:36:51.0 (62006331)|SYSTEM_MODE_ENTER|true
16:36:51.0 (62057266)|HEAP_ALLOCATE|[EXTERNAL]|Bytes:48
16:36:51.0 (62064079)|HEAP_ALLOCATE|[EXTERNAL]|Bytes:20
16:36:51.0 (62077393)|VARIABLE_ASSIGNMENT|[EXTERNAL]|this.rightOptions|"List of size 11 too large to display"|0x47b1bf32
16:36:51.0 (62257967)|SYSTEM_MODE_ENTER|true
16:36:51.0 (62510849)|SYSTEM_MODE_ENTER|true
16:36:51.0 (83105348)|SYSTEM_MODE_ENTER|true
16:36:51.0 (83160763)|HEAP_ALLOCATE|[EXTERNAL]|Bytes:36
16:36:51.0 (83316193)|VARIABLE_ASSIGNMENT|[EXTERNAL]|this|{"recordTypes":"0x62abd90a"}|0x7d9cf46e
16:36:51.0 (83337990)|SYSTEM_MODE_ENTER|false
16:36:51.0 (83347394)|HEAP_ALLOCATE|[16]|Bytes:5
16:36:51.0 (83353405)|STATEMENT_EXECUTE|[15]
16:36:51.0 (83355221)|STATEMENT_EXECUTE|[16]
16:36:51.0 (83368224)|HEAP_ALLOCATE|[16]|Bytes:4
16:36:51.0 (83401061)|VARIABLE_SCOPE_BEGIN|[16]|pubGroups|List<System.SelectOption>|true|false
16:36:51.0 (83425457)|HEAP_ALLOCATE|[EXTERNAL]|Bytes:4
16:36:51.0 (83435364)|VARIABLE_ASSIGNMENT|[16]|pubGroups|[]|0x3391225d
16:36:51.0 (83441339)|STATEMENT_EXECUTE|[18]
16:36:51.0 (83446159)|HEAP_ALLOCATE|[18]|Bytes:49
16:36:51.0 (83463255)|HEAP_ALLOCATE|[18]|Bytes:4
16:36:51.0 (83661762)|SOQL_EXECUTE_BEGIN|[18]|Aggregations:0|SELECT Id, Name FROM Group WHERE Type = 'Regular'
16:36:51.0 (88538978)|SOQL_EXECUTE_END|[18]|Rows:16
16:36:51.0 (88560362)|HEAP_ALLOCATE|[18]|Bytes:68
16:36:51.0 (88589393)|HEAP_ALLOCATE|[18]|Bytes:661
16:36:51.0 (88619319)|HEAP_ALLOCATE|[18]|Bytes:68
16:36:51.0 (88630743)|VARIABLE_SCOPE_BEGIN|[18]|regularGroups|List<Group>|true|false
16:36:51.0 (88646630)|VARIABLE_ASSIGNMENT|[18]|regularGroups|"List of size 16 too large to display"|0x6b19eb54
16:36:51.0 (88692674)|HEAP_ALLOCATE|[21]|Bytes:5
16:36:51.0 (88706972)|HEAP_ALLOCATE|[21]|Bytes:12
16:36:51.0 (88715194)|VARIABLE_SCOPE_BEGIN|[21]|rg|Group|true|false
16:36:51.0 (88731759)|VARIABLE_ASSIGNMENT|[21]|rg|{"Id":"00G1I000000aJ8bUAE","Name":"ABE2"}|0x1e7725e2
16:36:51.0 (88738142)|STATEMENT_EXECUTE|[21]
16:36:51.0 (88802563)|STATEMENT_EXECUTE|[22]
16:36:51.0 (88804641)|STATEMENT_EXECUTE|[23]
16:36:51.0 (88852699)|HEAP_ALLOCATE|[EXTERNAL]|Bytes:4
16:36:51.0 (88868465)|HEAP_ALLOCATE|[21]|Bytes:5
16:36:51.0 (88878920)|HEAP_ALLOCATE|[21]|Bytes:12
16:36:51.0 (88885190)|VARIABLE_SCOPE_BEGIN|[21]|rg|Group|true|false
16:36:51.0 (88898760)|VARIABLE_ASSIGNMENT|[21]|rg|{"Id":"00G1I000000aJ8RUAU","Name":"ABE4"}|0x20baccac
16:36:51.0 (88904661)|STATEMENT_EXECUTE|[21]
16:36:51.0 (88923330)|STATEMENT_EXECUTE|[22]
16:36:51.0 (88924979)|STATEMENT_EXECUTE|[23]
16:36:51.0 (88936363)|HEAP_ALLOCATE|[EXTERNAL]|Bytes:4
16:36:51.0 (88947446)|HEAP_ALLOCATE|[21]|Bytes:5
16:36:51.0 (88956210)|HEAP_ALLOCATE|[21]|Bytes:12
16:36:51.0 (88961306)|VARIABLE_SCOPE_BEGIN|[21]|rg|Group|true|false
16:36:51.0 (88972698)|VARIABLE_ASSIGNMENT|[21]|rg|{"Id":"00G1I000000aJ8MUAU","Name":"ABE8"}|0x574b970b
16:36:51.0 (88977849)|STATEMENT_EXECUTE|[21]
16:36:51.0 (88993572)|STATEMENT_EXECUTE|[22]
16:36:51.0 (88995219)|STATEMENT_EXECUTE|[23]
16:36:51.0 (89004912)|HEAP_ALLOCATE|[EXTERNAL]|Bytes:4
16:36:51.0 (89016436)|HEAP_ALLOCATE|[21]|Bytes:5
16:36:51.0 (89024656)|HEAP_ALLOCATE|[21]|Bytes:12
16:36:51.0 (89029517)|VARIABLE_SCOPE_BEGIN|[21]|rg|Group|true|false
16:36:51.0 (89040716)|VARIABLE_ASSIGNMENT|[21]|rg|{"Id":"00G1I000000aJ8qUAE","Name":"AVP1"}|0x645423c7
16:36:51.0 (89045909)|STATEMENT_EXECUTE|[21]
16:36:51.0 (89061605)|STATEMENT_EXECUTE|[22]
16:36:51.0 (89063202)|STATEMENT_EXECUTE|[23]
16:36:51.0 (89071998)|HEAP_ALLOCATE|[EXTERNAL]|Bytes:4
16:36:51.0 (89081902)|HEAP_ALLOCATE|[21]|Bytes:5
16:36:51.0 (89089597)|HEAP_ALLOCATE|[21]|Bytes:12
16:36:51.0 (89094250)|VARIABLE_SCOPE_BEGIN|[21]|rg|Group|true|false
16:36:51.0 (89106310)|VARIABLE_ASSIGNMENT|[21]|rg|{"Id":"00G1I000000aJ9FUAU","Name":"BDL2"}|0x432b529a
16:36:51.0 (89111263)|STATEMENT_EXECUTE|[21]
16:36:51.0 (89125878)|STATEMENT_EXECUTE|[22]
16:36:51.0 (89127527)|STATEMENT_EXECUTE|[23]
16:36:51.0 (89136217)|HEAP_ALLOCATE|[EXTERNAL]|Bytes:4
16:36:51.0 (89145937)|HEAP_ALLOCATE|[21]|Bytes:5
16:36:51.0 (89153560)|HEAP_ALLOCATE|[21]|Bytes:12
16:36:51.0 (89158157)|VARIABLE_SCOPE_BEGIN|[21]|rg|Group|true|false
16:36:51.0 (89169164)|VARIABLE_ASSIGNMENT|[21]|rg|{"Id":"00G1I000000aJ8CUAU","Name":"BFI3"}|0x350239ff
16:36:51.0 (89174217)|STATEMENT_EXECUTE|[21]
16:36:51.0 (89188791)|STATEMENT_EXECUTE|[22]
16:36:51.0 (89190411)|STATEMENT_EXECUTE|[23]
16:36:51.0 (89198958)|HEAP_ALLOCATE|[EXTERNAL]|Bytes:4
16:36:51.0 (89208572)|HEAP_ALLOCATE|[21]|Bytes:5
16:36:51.0 (89216085)|HEAP_ALLOCATE|[21]|Bytes:12
16:36:51.0 (89220912)|VARIABLE_SCOPE_BEGIN|[21]|rg|Group|true|false
16:36:51.0 (89231916)|VARIABLE_ASSIGNMENT|[21]|rg|{"Id":"00G1I000000aJ8HUAU","Name":"BFI4"}|0x3efa039b
16:36:51.0 (89237494)|STATEMENT_EXECUTE|[21]
16:36:51.0 (89252142)|STATEMENT_EXECUTE|[22]
16:36:51.0 (89253781)|STATEMENT_EXECUTE|[23]
16:36:51.0 (89262641)|HEAP_ALLOCATE|[EXTERNAL]|Bytes:4
16:36:51.0 (89272518)|HEAP_ALLOCATE|[21]|Bytes:5
16:36:51.0 (89280299)|HEAP_ALLOCATE|[21]|Bytes:12
16:36:51.0 (89284943)|VARIABLE_SCOPE_BEGIN|[21]|rg|Group|true|false
16:36:51.0 (89295547)|VARIABLE_ASSIGNMENT|[21]|rg|{"Id":"00G1I000000aJ9KUAU","Name":"BFI5"}|0x7bf55598
16:36:51.0 (89300402)|STATEMENT_EXECUTE|[21]
16:36:51.0 (89314971)|STATEMENT_EXECUTE|[22]
16:36:51.0 (89316596)|STATEMENT_EXECUTE|[23]
16:36:51.0 (89325466)|HEAP_ALLOCATE|[EXTERNAL]|Bytes:4
16:36:51.0 (89335734)|HEAP_ALLOCATE|[21]|Bytes:5
16:36:51.0 (89343246)|HEAP_ALLOCATE|[21]|Bytes:12
16:36:51.0 (89348220)|VARIABLE_SCOPE_BEGIN|[21]|rg|Group|true|false
16:36:51.0 (89358727)|VARIABLE_ASSIGNMENT|[21]|rg|{"Id":"00G1I000000aJ90UAE","Name":"BNA2"}|0x62d367fe
16:36:51.0 (89363888)|STATEMENT_EXECUTE|[21]
16:36:51.0 (89378269)|STATEMENT_EXECUTE|[22]
16:36:51.0 (89380225)|STATEMENT_EXECUTE|[23]
16:36:51.0 (89388774)|HEAP_ALLOCATE|[EXTERNAL]|Bytes:4
16:36:51.0 (89398749)|HEAP_ALLOCATE|[21]|Bytes:5
16:36:51.0 (89405976)|HEAP_ALLOCATE|[21]|Bytes:12
16:36:51.0 (89410576)|VARIABLE_SCOPE_BEGIN|[21]|rg|Group|true|false
16:36:51.0 (89421007)|VARIABLE_ASSIGNMENT|[21]|rg|{"Id":"00G1I000000aJ95UAE","Name":"BWI2"}|0x463a779a
16:36:51.0 (89426375)|STATEMENT_EXECUTE|[21]
16:36:51.0 (89441001)|STATEMENT_EXECUTE|[22]
16:36:51.0 (89442915)|STATEMENT_EXECUTE|[23]
16:36:51.0 (89451874)|HEAP_ALLOCATE|[EXTERNAL]|Bytes:4
16:36:51.0 (89461232)|HEAP_ALLOCATE|[21]|Bytes:5
16:36:51.0 (89469105)|HEAP_ALLOCATE|[21]|Bytes:12
16:36:51.0 (89473510)|VARIABLE_SCOPE_BEGIN|[21]|rg|Group|true|false
16:36:51.0 (89484265)|VARIABLE_ASSIGNMENT|[21]|rg|{"Id":"00G1I000000aJ8vUAE","Name":"CAE1"}|0x2832521d
16:36:51.0 (89489388)|STATEMENT_EXECUTE|[21]
16:36:51.0 (89503692)|STATEMENT_EXECUTE|[22]
16:36:51.0 (89505320)|STATEMENT_EXECUTE|[23]
16:36:51.0 (89513725)|HEAP_ALLOCATE|[EXTERNAL]|Bytes:4
16:36:51.0 (89523744)|HEAP_ALLOCATE|[21]|Bytes:5
16:36:51.0 (89531194)|HEAP_ALLOCATE|[21]|Bytes:12
16:36:51.0 (89535872)|VARIABLE_SCOPE_BEGIN|[21]|rg|Group|true|false
16:36:51.0 (89546576)|VARIABLE_ASSIGNMENT|[21]|rg|{"Id":"00G1I000000aJ8lUAE","Name":"CLT2"}|0x79ba9b16
16:36:51.0 (89551678)|STATEMENT_EXECUTE|[21]
16:36:51.0 (89565884)|STATEMENT_EXECUTE|[22]
16:36:51.0 (89567603)|STATEMENT_EXECUTE|[23]
16:36:51.0 (89576299)|HEAP_ALLOCATE|[EXTERNAL]|Bytes:4
16:36:51.0 (89586285)|HEAP_ALLOCATE|[21]|Bytes:5
16:36:51.0 (89593738)|HEAP_ALLOCATE|[21]|Bytes:12
16:36:51.0 (89598412)|VARIABLE_SCOPE_BEGIN|[21]|rg|Group|true|false
16:36:51.0 (89609376)|VARIABLE_ASSIGNMENT|[21]|rg|{"Id":"00G1I000000aJ9AUAU","Name":"CLT3"}|0x2fff48
16:36:51.0 (89614633)|STATEMENT_EXECUTE|[21]
16:36:51.0 (89628847)|STATEMENT_EXECUTE|[22]
16:36:51.0 (89630539)|STATEMENT_EXECUTE|[23]
16:36:51.0 (89638921)|HEAP_ALLOCATE|[EXTERNAL]|Bytes:4
16:36:51.0 (89648405)|HEAP_ALLOCATE|[21]|Bytes:5
16:36:51.0 (89655484)|HEAP_ALLOCATE|[21]|Bytes:12
16:36:51.0 (89660531)|VARIABLE_SCOPE_BEGIN|[21]|rg|Group|true|false
16:36:51.0 (89671152)|VARIABLE_ASSIGNMENT|[21]|rg|{"Id":"00G1I000000aJ8WUAU","Name":"CMH1"}|0x15bcce70
16:36:51.0 (89676165)|STATEMENT_EXECUTE|[21]
16:36:51.0 (89690477)|STATEMENT_EXECUTE|[22]
16:36:51.0 (89692213)|STATEMENT_EXECUTE|[23]
16:36:51.0 (89700492)|HEAP_ALLOCATE|[EXTERNAL]|Bytes:4
16:36:51.0 (89710535)|HEAP_ALLOCATE|[21]|Bytes:5
16:36:51.0 (89718280)|HEAP_ALLOCATE|[21]|Bytes:12
16:36:51.0 (89722857)|VARIABLE_SCOPE_BEGIN|[21]|rg|Group|true|false
16:36:51.0 (89733331)|VARIABLE_ASSIGNMENT|[21]|rg|{"Id":"00G1I000000aJ8gUAE","Name":"DEN2"}|0x2fa4c460
16:36:51.0 (89738712)|STATEMENT_EXECUTE|[21]
16:36:51.0 (89752880)|STATEMENT_EXECUTE|[22]
16:36:51.0 (89754522)|STATEMENT_EXECUTE|[23]
16:36:51.0 (89766438)|HEAP_ALLOCATE|[EXTERNAL]|Bytes:4
16:36:51.0 (89776583)|HEAP_ALLOCATE|[21]|Bytes:5
16:36:51.0 (89784152)|HEAP_ALLOCATE|[21]|Bytes:12
16:36:51.0 (89788850)|VARIABLE_SCOPE_BEGIN|[21]|rg|Group|true|false
16:36:51.0 (89800027)|VARIABLE_ASSIGNMENT|[21]|rg|{"Id":"00G1I000000OhKRUA0","Name":"Reviewers"}|0x2eb88a9
16:36:51.0 (89805341)|STATEMENT_EXECUTE|[21]
16:36:51.0 (89819716)|STATEMENT_EXECUTE|[22]
16:36:51.0 (89825948)|HEAP_ALLOCATE|[21]|Bytes:5
16:36:51.0 (89836074)|VARIABLE_ASSIGNMENT|[21]|rg|null|
16:36:51.0 (89841079)|STATEMENT_EXECUTE|[26]
16:36:51.0 (89847304)|SYSTEM_MODE_EXIT|false
16:36:51.0 (90056920)|SYSTEM_MODE_ENTER|true
16:36:51.0 (90664166)|SYSTEM_MODE_ENTER|true
16:36:51.0 (90702738)|HEAP_ALLOCATE|[EXTERNAL]|Bytes:24
16:36:51.0 (90709065)|HEAP_ALLOCATE|[EXTERNAL]|Bytes:20
16:36:51.0 (90919272)|VARIABLE_ASSIGNMENT|[EXTERNAL]|this.leftOptions|"common.apex.runtime.impl.ScalarList@d6f5ffda"|0x47b1bf32
16:36:51.0 (90995793)|SYSTEM_MODE_ENTER|true
16:36:51.0 (91024772)|HEAP_ALLOCATE|[EXTERNAL]|Bytes:48
16:36:51.0 (91030414)|HEAP_ALLOCATE|[EXTERNAL]|Bytes:20
16:36:51.0 (91040718)|VARIABLE_ASSIGNMENT|[EXTERNAL]|this.rightOptions|"List of size 11 too large to display"|0x47b1bf32
16:36:51.0 (91545577)|SYSTEM_MODE_ENTER|true
16:36:51.0 (93200619)|SYSTEM_MODE_ENTER|true
16:36:51.0 (93547589)|SYSTEM_MODE_ENTER|true
16:36:51.0 (93622691)|SYSTEM_MODE_ENTER|true
16:36:51.0 (95185825)|VF_SERIALIZE_VIEWSTATE_BEGIN|0661I000003daSA
16:36:51.0 (98086684)|VF_SERIALIZE_VIEWSTATE_END
16:36:51.100 (100523492)|CUMULATIVE_LIMIT_USAGE
16:36:51.100 (100523492)|LIMIT_USAGE_FOR_NS|(default)|
  Number of SOQL queries: 7 out of 100
  Number of query rows: 90 out of 50000
  Number of SOSL queries: 0 out of 20
  Number of DML statements: 0 out of 150
  Number of DML rows: 0 out of 10000
  Maximum CPU time: 0 out of 10000
  Maximum heap size: 0 out of 6000000
  Number of callouts: 0 out of 100
  Number of Email Invocations: 0 out of 10
  Number of future calls: 0 out of 50
  Number of queueable jobs added to the queue: 0 out of 50
  Number of Mobile Apex push calls: 0 out of 10

16:36:51.100 (100523492)|CUMULATIVE_LIMIT_USAGE_END

16:36:51.0 (100564467)|CODE_UNIT_FINISHED|VF: /apex/Settings
16:36:51.0 (101363156)|EXECUTION_FINISHED
