42.0 APEX_CODE,FINEST;APEX_PROFILING,INFO;CALLOUT,INFO;DB,INFO;SYSTEM,DEBUG;VALIDATION,INFO;VISUALFORCE,INFO;WAVE,INFO;WORKFLOW,INFO
16:30:55.0 (324405)|USER_INFO|[EXTERNAL]|0051I000000JaV8|amarvick94@gmail.com|Pacific Standard Time|GMT-07:00
16:30:55.0 (355486)|EXECUTION_STARTED
16:30:55.0 (359903)|CODE_UNIT_STARTED|[EXTERNAL]|0661I000003daSA|VF: /apex/Settings
16:30:55.0 (2353886)|SYSTEM_MODE_ENTER|true
16:30:55.0 (2913872)|HEAP_ALLOCATE|[72]|Bytes:3
16:30:55.0 (2984791)|HEAP_ALLOCATE|[77]|Bytes:152
16:30:55.0 (3001412)|HEAP_ALLOCATE|[342]|Bytes:408
16:30:55.0 (3014775)|HEAP_ALLOCATE|[355]|Bytes:408
16:30:55.0 (3025477)|HEAP_ALLOCATE|[467]|Bytes:48
16:30:55.0 (3077565)|HEAP_ALLOCATE|[139]|Bytes:6
16:30:55.0 (3098096)|HEAP_ALLOCATE|[EXTERNAL]|Bytes:256
16:30:55.0 (3117163)|HEAP_ALLOCATE|[EXTERNAL]|Bytes:26
16:30:55.0 (3121469)|HEAP_ALLOCATE|[EXTERNAL]|Bytes:22
16:30:55.0 (3170604)|METHOD_ENTRY|[1]|01p1I00000G8yt3|OpsHR_ContactDriverController.OpsHR_ContactDriverController()
16:30:55.0 (3178075)|STATEMENT_EXECUTE|[1]
16:30:55.0 (3183243)|STATEMENT_EXECUTE|[1]
16:30:55.0 (3218719)|HEAP_ALLOCATE|[50]|Bytes:5
16:30:55.0 (3244719)|HEAP_ALLOCATE|[56]|Bytes:5
16:30:55.0 (3251815)|HEAP_ALLOCATE|[64]|Bytes:7
16:30:55.0 (3280997)|SYSTEM_MODE_ENTER|false
16:30:55.0 (3295425)|HEAP_ALLOCATE|[EXTERNAL]|Bytes:5
16:30:55.0 (3303719)|SYSTEM_MODE_EXIT|false
16:30:55.0 (3322832)|METHOD_EXIT|[1]|OpsHR_ContactDriverController
16:30:55.0 (3396077)|HEAP_ALLOCATE|[EXTERNAL]|Bytes:36
16:30:55.0 (3455117)|VARIABLE_SCOPE_BEGIN|[11]|this|OpsHR_ContactDriverController|true|false
16:30:55.0 (3530341)|VARIABLE_ASSIGNMENT|[11]|this|{}|0x4b27aa8e
16:30:55.0 (3539092)|VARIABLE_SCOPE_BEGIN|[11]|controller|ApexPages.StandardController|true|false
16:30:55.0 (3761631)|VARIABLE_ASSIGNMENT|[11]|controller|"StandardController [null]"|0x77723c53
16:30:55.0 (3785080)|SYSTEM_MODE_ENTER|false
16:30:55.0 (3792652)|HEAP_ALLOCATE|[5]|Bytes:5
16:30:55.0 (3797542)|STATEMENT_EXECUTE|[1]
16:30:55.0 (3803166)|HEAP_ALLOCATE|[5]|Bytes:5
16:30:55.0 (3806919)|STATEMENT_EXECUTE|[3]
16:30:55.0 (3808759)|STATEMENT_EXECUTE|[4]
16:30:55.0 (3810254)|STATEMENT_EXECUTE|[5]
16:30:55.0 (3842094)|HEAP_ALLOCATE|[5]|Bytes:4
16:30:55.0 (3977659)|HEAP_ALLOCATE|[EXTERNAL]|Bytes:4
16:30:55.0 (3994218)|VARIABLE_ASSIGNMENT|[5]|this.recordTypes|[]|0x4b27aa8e
16:30:55.0 (4000358)|STATEMENT_EXECUTE|[7]
16:30:55.0 (4002665)|STATEMENT_EXECUTE|[8]
16:30:55.0 (4004233)|STATEMENT_EXECUTE|[16]
16:30:55.0 (4005830)|STATEMENT_EXECUTE|[45]
16:30:55.0 (4007238)|STATEMENT_EXECUTE|[75]
16:30:55.0 (4017554)|HEAP_ALLOCATE|[5]|Bytes:6
16:30:55.0 (4051555)|STATEMENT_EXECUTE|[12]
16:30:55.0 (4055561)|SYSTEM_MODE_EXIT|false
16:30:55.0 (4840346)|SYSTEM_MODE_ENTER|true
16:30:55.0 (4872970)|HEAP_ALLOCATE|[EXTERNAL]|Bytes:164
16:30:55.0 (4880788)|HEAP_ALLOCATE|[EXTERNAL]|Bytes:11
16:30:55.0 (4885073)|HEAP_ALLOCATE|[EXTERNAL]|Bytes:11
16:30:55.0 (4892347)|METHOD_ENTRY|[1]|01p1I00000G9Bhb|MultiselectController.MultiselectController()
16:30:55.0 (4897532)|STATEMENT_EXECUTE|[1]
16:30:55.0 (4900855)|STATEMENT_EXECUTE|[1]
16:30:55.0 (4910446)|SYSTEM_MODE_ENTER|false
16:30:55.0 (4916788)|HEAP_ALLOCATE|[EXTERNAL]|Bytes:5
16:30:55.0 (4923131)|SYSTEM_MODE_EXIT|false
16:30:55.0 (4930014)|METHOD_EXIT|[1]|MultiselectController
16:30:55.0 (4941564)|HEAP_ALLOCATE|[EXTERNAL]|Bytes:20
16:30:55.0 (4947114)|VARIABLE_SCOPE_BEGIN|[1]|this|MultiselectController|true|false
16:30:55.0 (4969434)|VARIABLE_ASSIGNMENT|[1]|this|{}|0x13288aab
16:30:55.0 (4982504)|SYSTEM_MODE_ENTER|false
16:30:55.0 (4987777)|HEAP_ALLOCATE|[EXTERNAL]|Bytes:5
16:30:55.0 (5005001)|SYSTEM_MODE_EXIT|false
16:30:55.0 (5010774)|STATEMENT_EXECUTE|[1]
16:30:55.0 (5016014)|SYSTEM_MODE_ENTER|false
16:30:55.0 (5020344)|HEAP_ALLOCATE|[EXTERNAL]|Bytes:5
16:30:55.0 (5023640)|STATEMENT_EXECUTE|[3]
16:30:55.0 (5025715)|STATEMENT_EXECUTE|[4]
16:30:55.0 (5027259)|STATEMENT_EXECUTE|[24]
16:30:55.0 (5028891)|STATEMENT_EXECUTE|[32]
16:30:55.0 (5031722)|SYSTEM_MODE_EXIT|false
16:30:55.0 (5265943)|SYSTEM_MODE_ENTER|true
16:30:55.0 (5311721)|HEAP_ALLOCATE|[EXTERNAL]|Bytes:36
16:30:55.0 (5485929)|VARIABLE_ASSIGNMENT|[EXTERNAL]|this|{"recordTypes":"0x587e0758"}|0x4b27aa8e
16:30:55.0 (5504975)|SYSTEM_MODE_ENTER|false
16:30:55.0 (5512245)|HEAP_ALLOCATE|[47]|Bytes:5
16:30:55.0 (5517203)|STATEMENT_EXECUTE|[46]
16:30:55.0 (5518950)|STATEMENT_EXECUTE|[47]
16:30:55.0 (5531319)|HEAP_ALLOCATE|[47]|Bytes:4
16:30:55.0 (5558836)|VARIABLE_SCOPE_BEGIN|[47]|allQueues|List<System.SelectOption>|true|false
16:30:55.0 (5585554)|HEAP_ALLOCATE|[EXTERNAL]|Bytes:4
16:30:55.0 (5595697)|VARIABLE_ASSIGNMENT|[47]|allQueues|[]|0x6fd176a0
16:30:55.0 (5601660)|STATEMENT_EXECUTE|[48]
16:30:55.0 (5605016)|HEAP_ALLOCATE|[48]|Bytes:34
16:30:55.0 (5620073)|HEAP_ALLOCATE|[48]|Bytes:4
16:30:55.0 (5837240)|SOQL_EXECUTE_BEGIN|[48]|Aggregations:0|SELECT Label FROM OpsHR_Setup__mdt
16:30:55.0 (10207898)|SOQL_EXECUTE_END|[48]|Rows:17
16:30:55.0 (10236818)|HEAP_ALLOCATE|[48]|Bytes:72
16:30:55.0 (10273360)|HEAP_ALLOCATE|[48]|Bytes:714
16:30:55.0 (10365696)|HEAP_ALLOCATE|[48]|Bytes:72
16:30:55.0 (10384680)|VARIABLE_SCOPE_BEGIN|[48]|allMDT|List<OpsHR_Setup__mdt>|true|false
16:30:55.0 (10412667)|VARIABLE_ASSIGNMENT|[48]|allMDT|"List of size 17 too large to display"|0x3b6e39d0
16:30:55.0 (10423239)|STATEMENT_EXECUTE|[50]
16:30:55.0 (10522140)|HEAP_ALLOCATE|[50]|Bytes:35
16:30:55.0 (10602226)|HEAP_ALLOCATE|[50]|Bytes:17
16:30:55.0 (10629680)|HEAP_ALLOCATE|[50]|Bytes:2
16:30:55.0 (10657171)|VARIABLE_SCOPE_BEGIN|[50]|retURL|String|false|false
16:30:55.0 (10676461)|VARIABLE_ASSIGNMENT|[50]|retURL|"0051I000000JaV8"
16:30:55.0 (10684381)|STATEMENT_EXECUTE|[52]
16:30:55.0 (10688475)|HEAP_ALLOCATE|[52]|Bytes:60
16:30:55.0 (10701871)|HEAP_ALLOCATE|[52]|Bytes:4
16:30:55.0 (10712918)|HEAP_ALLOCATE|[52]|Bytes:7
16:30:55.0 (10781668)|HEAP_ALLOCATE|[52]|Bytes:85
16:30:55.0 (10798576)|SYSTEM_METHOD_ENTRY|[1]|UserInfo.UserInfo()
16:30:55.0 (10805480)|STATEMENT_EXECUTE|[1]
16:30:55.0 (10815869)|SYSTEM_METHOD_EXIT|[1]|UserInfo
16:30:55.0 (10835116)|METHOD_ENTRY|[52]||System.UserInfo.getUserId()
16:30:55.0 (10884292)|METHOD_EXIT|[52]||System.UserInfo.getUserId()
16:30:55.0 (11116305)|SOQL_EXECUTE_BEGIN|[52]|Aggregations:0|SELECT Id, Support_Location__c FROM User WHERE Id = :tmpVar1
16:30:55.0 (25871916)|SOQL_EXECUTE_END|[52]|Rows:1
16:30:55.0 (25921663)|HEAP_ALLOCATE|[52]|Bytes:8
16:30:55.0 (25945898)|HEAP_ALLOCATE|[52]|Bytes:56
16:30:55.0 (26032006)|HEAP_ALLOCATE|[52]|Bytes:8
16:30:55.0 (26054880)|HEAP_ALLOCATE|[52]|Bytes:30
16:30:55.0 (26117787)|HEAP_ALLOCATE|[52]|Bytes:12
16:30:55.0 (26132137)|VARIABLE_SCOPE_BEGIN|[52]|theUser|User|true|false
16:30:55.0 (26179937)|VARIABLE_ASSIGNMENT|[52]|theUser|{"Id":"0051I000000JaV8QAK","Support_Location__c":"ABE3"}|0x3a01b63f
16:30:55.0 (26194253)|STATEMENT_EXECUTE|[55]
16:30:55.0 (26199816)|HEAP_ALLOCATE|[55]|Bytes:81
16:30:55.0 (26217931)|HEAP_ALLOCATE|[55]|Bytes:4
16:30:55.0 (26636208)|SOQL_EXECUTE_BEGIN|[55]|Aggregations:0|SELECT GroupId, Id, UserOrGroupId FROM GroupMember WHERE UserOrGroupId = :tmpVar1
16:30:55.0 (37324601)|SOQL_EXECUTE_END|[55]|Rows:6
16:30:55.0 (37355948)|HEAP_ALLOCATE|[55]|Bytes:28
16:30:55.0 (37384102)|HEAP_ALLOCATE|[55]|Bytes:558
16:30:55.0 (37474557)|HEAP_ALLOCATE|[55]|Bytes:28
16:30:55.0 (37496855)|VARIABLE_SCOPE_BEGIN|[55]|groupMembers|List<GroupMember>|true|false
16:30:55.0 (37529669)|VARIABLE_ASSIGNMENT|[55]|groupMembers|"List of size 6 too large to display"|0x115247fd
16:30:55.0 (37537774)|STATEMENT_EXECUTE|[56]
16:30:55.0 (37552544)|HEAP_ALLOCATE|[56]|Bytes:4
16:30:55.0 (37605578)|VARIABLE_SCOPE_BEGIN|[56]|groupIds|List<Id>|true|false
16:30:55.0 (37636548)|HEAP_ALLOCATE|[EXTERNAL]|Bytes:4
16:30:55.0 (37653856)|VARIABLE_ASSIGNMENT|[56]|groupIds|[]|0x714e2584
16:30:55.0 (37929692)|HEAP_ALLOCATE|[58]|Bytes:5
16:30:55.0 (37972845)|HEAP_ALLOCATE|[58]|Bytes:16
16:30:55.0 (37985522)|VARIABLE_SCOPE_BEGIN|[58]|g|GroupMember|true|false
16:30:55.0 (38012511)|VARIABLE_ASSIGNMENT|[58]|g|{"GroupId":"00G1I000000OhKRUA0","Id":"0111I000000UCIrQAO","UserOrGroupId":"0051I000000JaV8QAK"}|0x1650a07c
16:30:55.0 (38029395)|STATEMENT_EXECUTE|[58]
16:30:55.0 (38031973)|STATEMENT_EXECUTE|[59]
16:30:55.0 (38113864)|HEAP_ALLOCATE|[EXTERNAL]|Bytes:4
16:30:55.0 (38133625)|HEAP_ALLOCATE|[58]|Bytes:5
16:30:55.0 (38145531)|HEAP_ALLOCATE|[58]|Bytes:16
16:30:55.0 (38152810)|VARIABLE_SCOPE_BEGIN|[58]|g|GroupMember|true|false
16:30:55.0 (38172039)|VARIABLE_ASSIGNMENT|[58]|g|{"GroupId":"00G1I000000aJ8WUAU","Id":"0111I000000UCIpQAO","UserOrGroupId":"0051I000000JaV8QAK"}|0x8e06172
16:30:55.0 (38179361)|STATEMENT_EXECUTE|[58]
16:30:55.0 (38181346)|STATEMENT_EXECUTE|[59]
16:30:55.0 (38193741)|HEAP_ALLOCATE|[EXTERNAL]|Bytes:4
16:30:55.0 (38206815)|HEAP_ALLOCATE|[58]|Bytes:5
16:30:55.0 (38215355)|HEAP_ALLOCATE|[58]|Bytes:16
16:30:55.0 (38220718)|VARIABLE_SCOPE_BEGIN|[58]|g|GroupMember|true|false
16:30:55.0 (38232770)|VARIABLE_ASSIGNMENT|[58]|g|{"GroupId":"00G1I000000aJ8gUAE","Id":"0111I000000UDCkQAO","UserOrGroupId":"0051I000000JaV8QAK"}|0x41ef3b08
16:30:55.0 (38238705)|STATEMENT_EXECUTE|[58]
16:30:55.0 (38240226)|STATEMENT_EXECUTE|[59]
16:30:55.0 (38247643)|HEAP_ALLOCATE|[EXTERNAL]|Bytes:4
16:30:55.0 (38257178)|HEAP_ALLOCATE|[58]|Bytes:5
16:30:55.0 (38264586)|HEAP_ALLOCATE|[58]|Bytes:16
16:30:55.0 (38269574)|VARIABLE_SCOPE_BEGIN|[58]|g|GroupMember|true|false
16:30:55.0 (38280439)|VARIABLE_ASSIGNMENT|[58]|g|{"GroupId":"00G1I000000aJ8lUAE","Id":"0111I000000UDCiQAO","UserOrGroupId":"0051I000000JaV8QAK"}|0x249b8972
16:30:55.0 (38285584)|STATEMENT_EXECUTE|[58]
16:30:55.0 (38287027)|STATEMENT_EXECUTE|[59]
16:30:55.0 (38293814)|HEAP_ALLOCATE|[EXTERNAL]|Bytes:4
16:30:55.0 (38302740)|HEAP_ALLOCATE|[58]|Bytes:5
16:30:55.0 (38310153)|HEAP_ALLOCATE|[58]|Bytes:16
16:30:55.0 (38316308)|VARIABLE_SCOPE_BEGIN|[58]|g|GroupMember|true|false
16:30:55.0 (38333320)|VARIABLE_ASSIGNMENT|[58]|g|{"GroupId":"00G1I000000aJ8qUAE","Id":"0111I000000UDCcQAO","UserOrGroupId":"0051I000000JaV8QAK"}|0x375b8edd
16:30:55.0 (38343183)|STATEMENT_EXECUTE|[58]
16:30:55.0 (38345042)|STATEMENT_EXECUTE|[59]
16:30:55.0 (38356759)|HEAP_ALLOCATE|[EXTERNAL]|Bytes:4
16:30:55.0 (38373021)|HEAP_ALLOCATE|[58]|Bytes:5
16:30:55.0 (38386097)|HEAP_ALLOCATE|[58]|Bytes:16
16:30:55.0 (38394050)|VARIABLE_SCOPE_BEGIN|[58]|g|GroupMember|true|false
16:30:55.0 (38411688)|VARIABLE_ASSIGNMENT|[58]|g|{"GroupId":"00G1I000000aJ8vUAE","Id":"0111I000000UDChQAO","UserOrGroupId":"0051I000000JaV8QAK"}|0x3cbb92b5
16:30:55.0 (38421818)|STATEMENT_EXECUTE|[58]
16:30:55.0 (38423882)|STATEMENT_EXECUTE|[59]
16:30:55.0 (38437032)|HEAP_ALLOCATE|[EXTERNAL]|Bytes:4
16:30:55.0 (38460837)|HEAP_ALLOCATE|[58]|Bytes:5
16:30:55.0 (38473335)|VARIABLE_ASSIGNMENT|[58]|g|null|
16:30:55.0 (38478946)|STATEMENT_EXECUTE|[63]
16:30:55.0 (38483477)|HEAP_ALLOCATE|[63]|Bytes:74
16:30:55.0 (38497156)|HEAP_ALLOCATE|[63]|Bytes:4
16:30:55.0 (38762569)|SOQL_EXECUTE_BEGIN|[63]|Aggregations:0|SELECT Id, Name FROM Group WHERE (Type = 'Regular' AND Id NOT IN :tmpVar1)
16:30:55.0 (43019522)|SOQL_EXECUTE_END|[63]|Rows:10
16:30:55.0 (43039850)|HEAP_ALLOCATE|[63]|Bytes:44
16:30:55.0 (43062186)|HEAP_ALLOCATE|[63]|Bytes:410
16:30:55.0 (43119960)|HEAP_ALLOCATE|[63]|Bytes:44
16:30:55.0 (43133060)|VARIABLE_SCOPE_BEGIN|[63]|nonGroups|List<Group>|true|false
16:30:55.0 (43150042)|VARIABLE_ASSIGNMENT|[63]|nonGroups|"List of size 10 too large to display"|0x223ad2bf
16:30:55.0 (43157024)|STATEMENT_EXECUTE|[64]
16:30:55.0 (43162105)|HEAP_ALLOCATE|[64]|Bytes:11
16:30:55.0 (43277992)|HEAP_ALLOCATE|[64]|Bytes:420
16:30:55.0 (43301976)|HEAP_ALLOCATE|[64]|Bytes:431
16:30:55.0 (43329489)|USER_DEBUG|[64]|DEBUG|nonGroups: (Group:{Id=00G1I000000aJ8bUAE, Name=ABE2}, Group:{Id=00G1I000000aJ8RUAU, Name=ABE4}, Group:{Id=00G1I000000aJ8MUAU, Name=ABE8}, Group:{Id=00G1I000000aJ9FUAU, Name=BDL2}, Group:{Id=00G1I000000aJ8CUAU, Name=BFI3}, Group:{Id=00G1I000000aJ8HUAU, Name=BFI4}, Group:{Id=00G1I000000aJ9KUAU, Name=BFI5}, Group:{Id=00G1I000000aJ90UAE, Name=BNA2}, Group:{Id=00G1I000000aJ95UAE, Name=BWI2}, Group:{Id=00G1I000000aJ9AUAU, Name=CLT3})
16:30:55.0 (43436136)|HEAP_ALLOCATE|[66]|Bytes:5
16:30:55.0 (43450694)|HEAP_ALLOCATE|[66]|Bytes:12
16:30:55.0 (43459027)|VARIABLE_SCOPE_BEGIN|[66]|ng|Group|true|false
16:30:55.0 (43475053)|VARIABLE_ASSIGNMENT|[66]|ng|{"Id":"00G1I000000aJ8bUAE","Name":"ABE2"}|0x5db192f2
16:30:55.0 (43481689)|STATEMENT_EXECUTE|[66]
16:30:55.0 (43483595)|STATEMENT_EXECUTE|[67]
16:30:55.0 (43554452)|HEAP_ALLOCATE|[EXTERNAL]|Bytes:4
16:30:55.0 (43570364)|HEAP_ALLOCATE|[66]|Bytes:5
16:30:55.0 (43581128)|HEAP_ALLOCATE|[66]|Bytes:12
16:30:55.0 (43587233)|VARIABLE_SCOPE_BEGIN|[66]|ng|Group|true|false
16:30:55.0 (43600704)|VARIABLE_ASSIGNMENT|[66]|ng|{"Id":"00G1I000000aJ8RUAU","Name":"ABE4"}|0x26b9ea1f
16:30:55.0 (43606489)|STATEMENT_EXECUTE|[66]
16:30:55.0 (43608092)|STATEMENT_EXECUTE|[67]
16:30:55.0 (43622975)|HEAP_ALLOCATE|[EXTERNAL]|Bytes:4
16:30:55.0 (43634201)|HEAP_ALLOCATE|[66]|Bytes:5
16:30:55.0 (43642674)|HEAP_ALLOCATE|[66]|Bytes:12
16:30:55.0 (43647761)|VARIABLE_SCOPE_BEGIN|[66]|ng|Group|true|false
16:30:55.0 (43658188)|VARIABLE_ASSIGNMENT|[66]|ng|{"Id":"00G1I000000aJ8MUAU","Name":"ABE8"}|0x7ac668a2
16:30:55.0 (43663523)|STATEMENT_EXECUTE|[66]
16:30:55.0 (43664963)|STATEMENT_EXECUTE|[67]
16:30:55.0 (43675671)|HEAP_ALLOCATE|[EXTERNAL]|Bytes:4
16:30:55.0 (43685125)|HEAP_ALLOCATE|[66]|Bytes:5
16:30:55.0 (43692970)|HEAP_ALLOCATE|[66]|Bytes:12
16:30:55.0 (43697640)|VARIABLE_SCOPE_BEGIN|[66]|ng|Group|true|false
16:30:55.0 (43707796)|VARIABLE_ASSIGNMENT|[66]|ng|{"Id":"00G1I000000aJ9FUAU","Name":"BDL2"}|0x69dd1478
16:30:55.0 (43712996)|STATEMENT_EXECUTE|[66]
16:30:55.0 (43714514)|STATEMENT_EXECUTE|[67]
16:30:55.0 (43724210)|HEAP_ALLOCATE|[EXTERNAL]|Bytes:4
16:30:55.0 (43733253)|HEAP_ALLOCATE|[66]|Bytes:5
16:30:55.0 (43740592)|HEAP_ALLOCATE|[66]|Bytes:12
16:30:55.0 (43745288)|VARIABLE_SCOPE_BEGIN|[66]|ng|Group|true|false
16:30:55.0 (43755501)|VARIABLE_ASSIGNMENT|[66]|ng|{"Id":"00G1I000000aJ8CUAU","Name":"BFI3"}|0x38aa2db3
16:30:55.0 (43760824)|STATEMENT_EXECUTE|[66]
16:30:55.0 (43762285)|STATEMENT_EXECUTE|[67]
16:30:55.0 (43772194)|HEAP_ALLOCATE|[EXTERNAL]|Bytes:4
16:30:55.0 (43781719)|HEAP_ALLOCATE|[66]|Bytes:5
16:30:55.0 (43789515)|HEAP_ALLOCATE|[66]|Bytes:12
16:30:55.0 (43794414)|VARIABLE_SCOPE_BEGIN|[66]|ng|Group|true|false
16:30:55.0 (43803982)|VARIABLE_ASSIGNMENT|[66]|ng|{"Id":"00G1I000000aJ8HUAU","Name":"BFI4"}|0x512ac1ab
16:30:55.0 (43809699)|STATEMENT_EXECUTE|[66]
16:30:55.0 (43811168)|STATEMENT_EXECUTE|[67]
16:30:55.0 (43820291)|HEAP_ALLOCATE|[EXTERNAL]|Bytes:4
16:30:55.0 (43829937)|HEAP_ALLOCATE|[66]|Bytes:5
16:30:55.0 (43837315)|HEAP_ALLOCATE|[66]|Bytes:12
16:30:55.0 (43841926)|VARIABLE_SCOPE_BEGIN|[66]|ng|Group|true|false
16:30:55.0 (43851444)|VARIABLE_ASSIGNMENT|[66]|ng|{"Id":"00G1I000000aJ9KUAU","Name":"BFI5"}|0x18602054
16:30:55.0 (43857074)|STATEMENT_EXECUTE|[66]
16:30:55.0 (43858576)|STATEMENT_EXECUTE|[67]
16:30:55.0 (43868144)|HEAP_ALLOCATE|[EXTERNAL]|Bytes:4
16:30:55.0 (43877725)|HEAP_ALLOCATE|[66]|Bytes:5
16:30:55.0 (43885429)|HEAP_ALLOCATE|[66]|Bytes:12
16:30:55.0 (43890233)|VARIABLE_SCOPE_BEGIN|[66]|ng|Group|true|false
16:30:55.0 (43900147)|VARIABLE_ASSIGNMENT|[66]|ng|{"Id":"00G1I000000aJ90UAE","Name":"BNA2"}|0x191f89f4
16:30:55.0 (43905261)|STATEMENT_EXECUTE|[66]
16:30:55.0 (43906817)|STATEMENT_EXECUTE|[67]
16:30:55.0 (43916204)|HEAP_ALLOCATE|[EXTERNAL]|Bytes:4
16:30:55.0 (43925483)|HEAP_ALLOCATE|[66]|Bytes:5
16:30:55.0 (43933111)|HEAP_ALLOCATE|[66]|Bytes:12
16:30:55.0 (43937844)|VARIABLE_SCOPE_BEGIN|[66]|ng|Group|true|false
16:30:55.0 (43948147)|VARIABLE_ASSIGNMENT|[66]|ng|{"Id":"00G1I000000aJ95UAE","Name":"BWI2"}|0x7031f8d1
16:30:55.0 (43953230)|STATEMENT_EXECUTE|[66]
16:30:55.0 (43954685)|STATEMENT_EXECUTE|[67]
16:30:55.0 (43963679)|HEAP_ALLOCATE|[EXTERNAL]|Bytes:4
16:30:55.0 (43972793)|HEAP_ALLOCATE|[66]|Bytes:5
16:30:55.0 (43980265)|HEAP_ALLOCATE|[66]|Bytes:12
16:30:55.0 (43985007)|VARIABLE_SCOPE_BEGIN|[66]|ng|Group|true|false
16:30:55.0 (43995768)|VARIABLE_ASSIGNMENT|[66]|ng|{"Id":"00G1I000000aJ9AUAU","Name":"CLT3"}|0x779158e5
16:30:55.0 (44000896)|STATEMENT_EXECUTE|[66]
16:30:55.0 (44002980)|STATEMENT_EXECUTE|[67]
16:30:55.0 (44012363)|HEAP_ALLOCATE|[EXTERNAL]|Bytes:4
16:30:55.0 (44021605)|HEAP_ALLOCATE|[66]|Bytes:5
16:30:55.0 (44030473)|VARIABLE_ASSIGNMENT|[66]|ng|null|
16:30:55.0 (44035468)|STATEMENT_EXECUTE|[70]
16:30:55.0 (44040506)|SYSTEM_MODE_EXIT|false
16:30:55.0 (44176122)|SYSTEM_MODE_ENTER|true
16:30:55.0 (44228564)|HEAP_ALLOCATE|[EXTERNAL]|Bytes:44
16:30:55.0 (44233999)|HEAP_ALLOCATE|[EXTERNAL]|Bytes:20
16:30:55.0 (44265512)|VARIABLE_ASSIGNMENT|[EXTERNAL]|this.leftOptions|"List of size 10 too large to display"|0x13288aab
16:30:55.0 (44398637)|SYSTEM_MODE_ENTER|true
16:30:55.0 (44446806)|HEAP_ALLOCATE|[EXTERNAL]|Bytes:36
16:30:55.0 (44621748)|VARIABLE_ASSIGNMENT|[EXTERNAL]|this|{"recordTypes":"0x587e0758"}|0x4b27aa8e
16:30:55.0 (44640512)|SYSTEM_MODE_ENTER|false
16:30:55.0 (44647953)|HEAP_ALLOCATE|[77]|Bytes:5
16:30:55.0 (44653125)|STATEMENT_EXECUTE|[76]
16:30:55.0 (44655034)|STATEMENT_EXECUTE|[77]
16:30:55.0 (44664177)|HEAP_ALLOCATE|[77]|Bytes:4
16:30:55.0 (44687254)|VARIABLE_SCOPE_BEGIN|[77]|allQueues|List<System.SelectOption>|true|false
16:30:55.0 (44708346)|HEAP_ALLOCATE|[EXTERNAL]|Bytes:4
16:30:55.0 (44716888)|VARIABLE_ASSIGNMENT|[77]|allQueues|[]|0x21649767
16:30:55.0 (44722493)|STATEMENT_EXECUTE|[78]
16:30:55.0 (44733767)|HEAP_ALLOCATE|[78]|Bytes:4
16:30:55.0 (44847292)|SOQL_EXECUTE_BEGIN|[78]|Aggregations:0|SELECT Label FROM OpsHR_Setup__mdt
16:30:55.0 (46959047)|SOQL_EXECUTE_END|[78]|Rows:17
16:30:55.0 (46979628)|HEAP_ALLOCATE|[78]|Bytes:72
16:30:55.0 (47006544)|HEAP_ALLOCATE|[78]|Bytes:714
16:30:55.0 (47035327)|HEAP_ALLOCATE|[78]|Bytes:72
16:30:55.0 (47045938)|VARIABLE_SCOPE_BEGIN|[78]|allMDT|List<OpsHR_Setup__mdt>|true|false
16:30:55.0 (47061105)|VARIABLE_ASSIGNMENT|[78]|allMDT|"List of size 17 too large to display"|0x1cbf7229
16:30:55.0 (47067200)|STATEMENT_EXECUTE|[82]
16:30:55.0 (47070890)|HEAP_ALLOCATE|[82]|Bytes:39
16:30:55.0 (47081934)|HEAP_ALLOCATE|[82]|Bytes:4
16:30:55.0 (47102385)|METHOD_ENTRY|[82]||System.UserInfo.getUserId()
16:30:55.0 (47134548)|METHOD_EXIT|[82]||System.UserInfo.getUserId()
16:30:55.0 (47249257)|SOQL_EXECUTE_BEGIN|[82]|Aggregations:0|SELECT Id FROM User WHERE Id = :tmpVar1
16:30:55.0 (52039687)|SOQL_EXECUTE_END|[82]|Rows:1
16:30:55.0 (52059957)|HEAP_ALLOCATE|[82]|Bytes:8
16:30:55.0 (52072460)|HEAP_ALLOCATE|[82]|Bytes:29
16:30:55.0 (52100358)|HEAP_ALLOCATE|[82]|Bytes:8
16:30:55.0 (52123835)|HEAP_ALLOCATE|[82]|Bytes:8
16:30:55.0 (52130500)|VARIABLE_SCOPE_BEGIN|[82]|theUser|User|true|false
16:30:55.0 (52149009)|VARIABLE_ASSIGNMENT|[82]|theUser|{"Id":"0051I000000JaV8QAK"}|0x6daa960b
16:30:55.0 (52155821)|STATEMENT_EXECUTE|[85]
16:30:55.0 (52166738)|HEAP_ALLOCATE|[85]|Bytes:4
16:30:55.0 (52338278)|SOQL_EXECUTE_BEGIN|[85]|Aggregations:0|SELECT GroupId, Id, UserOrGroupId FROM GroupMember WHERE UserOrGroupId = :tmpVar1
16:30:55.0 (57324615)|SOQL_EXECUTE_END|[85]|Rows:6
16:30:55.0 (57349533)|HEAP_ALLOCATE|[85]|Bytes:28
16:30:55.0 (57375492)|HEAP_ALLOCATE|[85]|Bytes:558
16:30:55.0 (57414702)|HEAP_ALLOCATE|[85]|Bytes:28
16:30:55.0 (57429115)|VARIABLE_SCOPE_BEGIN|[85]|groupMembers|List<GroupMember>|true|false
16:30:55.0 (57453245)|VARIABLE_ASSIGNMENT|[85]|groupMembers|"List of size 6 too large to display"|0x4169cd30
16:30:55.0 (57463365)|STATEMENT_EXECUTE|[86]
16:30:55.0 (57478416)|HEAP_ALLOCATE|[86]|Bytes:4
16:30:55.0 (57517998)|VARIABLE_SCOPE_BEGIN|[86]|groupIds|List<Id>|true|false
16:30:55.0 (57548461)|HEAP_ALLOCATE|[EXTERNAL]|Bytes:4
16:30:55.0 (57559747)|VARIABLE_ASSIGNMENT|[86]|groupIds|[]|0x115b6cac
16:30:55.0 (57611134)|HEAP_ALLOCATE|[88]|Bytes:5
16:30:55.0 (57628567)|HEAP_ALLOCATE|[88]|Bytes:16
16:30:55.0 (57638000)|VARIABLE_SCOPE_BEGIN|[88]|g|GroupMember|true|false
16:30:55.0 (57654804)|VARIABLE_ASSIGNMENT|[88]|g|{"GroupId":"00G1I000000OhKRUA0","Id":"0111I000000UCIrQAO","UserOrGroupId":"0051I000000JaV8QAK"}|0x49ea860c
16:30:55.0 (57662089)|STATEMENT_EXECUTE|[88]
16:30:55.0 (57663932)|STATEMENT_EXECUTE|[89]
16:30:55.0 (57704392)|HEAP_ALLOCATE|[EXTERNAL]|Bytes:4
16:30:55.0 (57719862)|HEAP_ALLOCATE|[88]|Bytes:5
16:30:55.0 (57729402)|HEAP_ALLOCATE|[88]|Bytes:16
16:30:55.0 (57735325)|VARIABLE_SCOPE_BEGIN|[88]|g|GroupMember|true|false
16:30:55.0 (57747866)|VARIABLE_ASSIGNMENT|[88]|g|{"GroupId":"00G1I000000aJ8WUAU","Id":"0111I000000UCIpQAO","UserOrGroupId":"0051I000000JaV8QAK"}|0x90dc541
16:30:55.0 (57753653)|STATEMENT_EXECUTE|[88]
16:30:55.0 (57755180)|STATEMENT_EXECUTE|[89]
16:30:55.0 (57764099)|HEAP_ALLOCATE|[EXTERNAL]|Bytes:4
16:30:55.0 (57789706)|HEAP_ALLOCATE|[88]|Bytes:5
16:30:55.0 (57806171)|HEAP_ALLOCATE|[88]|Bytes:16
16:30:55.0 (57814918)|VARIABLE_SCOPE_BEGIN|[88]|g|GroupMember|true|false
16:30:55.0 (57833526)|VARIABLE_ASSIGNMENT|[88]|g|{"GroupId":"00G1I000000aJ8gUAE","Id":"0111I000000UDCkQAO","UserOrGroupId":"0051I000000JaV8QAK"}|0x2eea0b0d
16:30:55.0 (57843885)|STATEMENT_EXECUTE|[88]
16:30:55.0 (57846048)|STATEMENT_EXECUTE|[89]
16:30:55.0 (57860100)|HEAP_ALLOCATE|[EXTERNAL]|Bytes:4
16:30:55.0 (57877613)|HEAP_ALLOCATE|[88]|Bytes:5
16:30:55.0 (57886917)|HEAP_ALLOCATE|[88]|Bytes:16
16:30:55.0 (57892004)|VARIABLE_SCOPE_BEGIN|[88]|g|GroupMember|true|false
16:30:55.0 (57904124)|VARIABLE_ASSIGNMENT|[88]|g|{"GroupId":"00G1I000000aJ8lUAE","Id":"0111I000000UDCiQAO","UserOrGroupId":"0051I000000JaV8QAK"}|0x18c1fde5
16:30:55.0 (57910305)|STATEMENT_EXECUTE|[88]
16:30:55.0 (57911772)|STATEMENT_EXECUTE|[89]
16:30:55.0 (57919189)|HEAP_ALLOCATE|[EXTERNAL]|Bytes:4
16:30:55.0 (57929063)|HEAP_ALLOCATE|[88]|Bytes:5
16:30:55.0 (57936338)|HEAP_ALLOCATE|[88]|Bytes:16
16:30:55.0 (57954340)|VARIABLE_SCOPE_BEGIN|[88]|g|GroupMember|true|false
16:30:55.0 (57973785)|VARIABLE_ASSIGNMENT|[88]|g|{"GroupId":"00G1I000000aJ8qUAE","Id":"0111I000000UDCcQAO","UserOrGroupId":"0051I000000JaV8QAK"}|0x506c217
16:30:55.0 (57984423)|STATEMENT_EXECUTE|[88]
16:30:55.0 (57986570)|STATEMENT_EXECUTE|[89]
16:30:55.0 (57999778)|HEAP_ALLOCATE|[EXTERNAL]|Bytes:4
16:30:55.0 (58017141)|HEAP_ALLOCATE|[88]|Bytes:5
16:30:55.0 (58031700)|HEAP_ALLOCATE|[88]|Bytes:16
16:30:55.0 (58040581)|VARIABLE_SCOPE_BEGIN|[88]|g|GroupMember|true|false
16:30:55.0 (58059115)|VARIABLE_ASSIGNMENT|[88]|g|{"GroupId":"00G1I000000aJ8vUAE","Id":"0111I000000UDChQAO","UserOrGroupId":"0051I000000JaV8QAK"}|0x6246283b
16:30:55.0 (58069464)|STATEMENT_EXECUTE|[88]
16:30:55.0 (58071617)|STATEMENT_EXECUTE|[89]
16:30:55.0 (58084489)|HEAP_ALLOCATE|[EXTERNAL]|Bytes:4
16:30:55.0 (58101576)|HEAP_ALLOCATE|[88]|Bytes:5
16:30:55.0 (58118061)|VARIABLE_ASSIGNMENT|[88]|g|null|
16:30:55.0 (58126978)|STATEMENT_EXECUTE|[93]
16:30:55.0 (58132271)|HEAP_ALLOCATE|[93]|Bytes:70
16:30:55.0 (58148091)|HEAP_ALLOCATE|[93]|Bytes:4
16:30:55.0 (58400712)|SOQL_EXECUTE_BEGIN|[93]|Aggregations:0|SELECT Id, Name FROM Group WHERE (Type = 'Regular' AND Id IN :tmpVar1)
16:30:55.0 (63434767)|SOQL_EXECUTE_END|[93]|Rows:6
16:30:55.0 (63463696)|HEAP_ALLOCATE|[93]|Bytes:28
16:30:55.0 (63489016)|HEAP_ALLOCATE|[93]|Bytes:251
16:30:55.0 (63525502)|HEAP_ALLOCATE|[93]|Bytes:28
16:30:55.0 (63542556)|VARIABLE_SCOPE_BEGIN|[93]|actualGroups|List<Group>|true|false
16:30:55.0 (63569043)|VARIABLE_ASSIGNMENT|[93]|actualGroups|"List of size 6 too large to display"|0x4de05fbc
16:30:55.0 (63629036)|HEAP_ALLOCATE|[95]|Bytes:5
16:30:55.0 (63650019)|HEAP_ALLOCATE|[95]|Bytes:12
16:30:55.0 (63663216)|VARIABLE_SCOPE_BEGIN|[95]|ng|Group|true|false
16:30:55.0 (63687573)|VARIABLE_ASSIGNMENT|[95]|ng|{"Id":"00G1I000000OhKRUA0","Name":"Reviewers"}|0x144eb254
16:30:55.0 (63698966)|STATEMENT_EXECUTE|[95]
16:30:55.0 (63701292)|STATEMENT_EXECUTE|[96]
16:30:55.0 (63853929)|HEAP_ALLOCATE|[EXTERNAL]|Bytes:4
16:30:55.0 (63903759)|HEAP_ALLOCATE|[95]|Bytes:5
16:30:55.0 (63924206)|HEAP_ALLOCATE|[95]|Bytes:12
16:30:55.0 (63935730)|VARIABLE_SCOPE_BEGIN|[95]|ng|Group|true|false
16:30:55.0 (63958885)|VARIABLE_ASSIGNMENT|[95]|ng|{"Id":"00G1I000000aJ8WUAU","Name":"CMH1"}|0x458a0def
16:30:55.0 (64027381)|STATEMENT_EXECUTE|[95]
16:30:55.0 (64030986)|STATEMENT_EXECUTE|[96]
16:30:55.0 (64077021)|HEAP_ALLOCATE|[EXTERNAL]|Bytes:4
16:30:55.0 (64097623)|HEAP_ALLOCATE|[95]|Bytes:5
16:30:55.0 (64114019)|HEAP_ALLOCATE|[95]|Bytes:12
16:30:55.0 (64124491)|VARIABLE_SCOPE_BEGIN|[95]|ng|Group|true|false
16:30:55.0 (64145105)|VARIABLE_ASSIGNMENT|[95]|ng|{"Id":"00G1I000000aJ8gUAE","Name":"DEN2"}|0xe02a24
16:30:55.0 (64220739)|STATEMENT_EXECUTE|[95]
16:30:55.0 (64223139)|STATEMENT_EXECUTE|[96]
16:30:55.0 (64242466)|HEAP_ALLOCATE|[EXTERNAL]|Bytes:4
16:30:55.0 (64259277)|HEAP_ALLOCATE|[95]|Bytes:5
16:30:55.0 (64272291)|HEAP_ALLOCATE|[95]|Bytes:12
16:30:55.0 (64279029)|VARIABLE_SCOPE_BEGIN|[95]|ng|Group|true|false
16:30:55.0 (64320990)|VARIABLE_ASSIGNMENT|[95]|ng|{"Id":"00G1I000000aJ8lUAE","Name":"CLT2"}|0x5a12efc6
16:30:55.0 (64330727)|STATEMENT_EXECUTE|[95]
16:30:55.0 (64332876)|STATEMENT_EXECUTE|[96]
16:30:55.0 (64350259)|HEAP_ALLOCATE|[EXTERNAL]|Bytes:4
16:30:55.0 (64367898)|HEAP_ALLOCATE|[95]|Bytes:5
16:30:55.0 (64378549)|HEAP_ALLOCATE|[95]|Bytes:12
16:30:55.0 (64384422)|VARIABLE_SCOPE_BEGIN|[95]|ng|Group|true|false
16:30:55.0 (64396542)|VARIABLE_ASSIGNMENT|[95]|ng|{"Id":"00G1I000000aJ8qUAE","Name":"AVP1"}|0x3b2f2ac2
16:30:55.0 (64403118)|STATEMENT_EXECUTE|[95]
16:30:55.0 (64405215)|STATEMENT_EXECUTE|[96]
16:30:55.0 (64416909)|HEAP_ALLOCATE|[EXTERNAL]|Bytes:4
16:30:55.0 (64427981)|HEAP_ALLOCATE|[95]|Bytes:5
16:30:55.0 (64436101)|HEAP_ALLOCATE|[95]|Bytes:12
16:30:55.0 (64441711)|VARIABLE_SCOPE_BEGIN|[95]|ng|Group|true|false
16:30:55.0 (64454450)|VARIABLE_ASSIGNMENT|[95]|ng|{"Id":"00G1I000000aJ8vUAE","Name":"CAE1"}|0x2e5fad3d
16:30:55.0 (64459847)|STATEMENT_EXECUTE|[95]
16:30:55.0 (64461348)|STATEMENT_EXECUTE|[96]
16:30:55.0 (64471226)|HEAP_ALLOCATE|[EXTERNAL]|Bytes:4
16:30:55.0 (64481628)|HEAP_ALLOCATE|[95]|Bytes:5
16:30:55.0 (64491454)|VARIABLE_ASSIGNMENT|[95]|ng|null|
16:30:55.0 (64498272)|STATEMENT_EXECUTE|[99]
16:30:55.0 (64505360)|SYSTEM_MODE_EXIT|false
16:30:55.0 (64705515)|SYSTEM_MODE_ENTER|true
16:30:55.0 (64786374)|HEAP_ALLOCATE|[EXTERNAL]|Bytes:28
16:30:55.0 (64794622)|HEAP_ALLOCATE|[EXTERNAL]|Bytes:20
16:30:55.0 (64816113)|VARIABLE_ASSIGNMENT|[EXTERNAL]|this.rightOptions|"List of size 6 too large to display"|0x13288aab
16:30:55.0 (65082769)|SYSTEM_MODE_ENTER|true
16:30:55.0 (65562246)|SYSTEM_MODE_ENTER|true
16:30:55.0 (87195947)|SYSTEM_MODE_ENTER|true
16:30:55.0 (87268400)|HEAP_ALLOCATE|[EXTERNAL]|Bytes:36
16:30:55.0 (87442767)|VARIABLE_ASSIGNMENT|[EXTERNAL]|this|{"recordTypes":"0x587e0758"}|0x4b27aa8e
16:30:55.0 (87464671)|SYSTEM_MODE_ENTER|false
16:30:55.0 (87472609)|HEAP_ALLOCATE|[18]|Bytes:5
16:30:55.0 (87480140)|STATEMENT_EXECUTE|[17]
16:30:55.0 (87482275)|STATEMENT_EXECUTE|[18]
16:30:55.0 (87494622)|HEAP_ALLOCATE|[18]|Bytes:4
16:30:55.0 (87537112)|VARIABLE_SCOPE_BEGIN|[18]|pubGroups|List<System.SelectOption>|true|false
16:30:55.0 (87564435)|HEAP_ALLOCATE|[EXTERNAL]|Bytes:4
16:30:55.0 (87578301)|VARIABLE_ASSIGNMENT|[18]|pubGroups|[]|0x3b497baa
16:30:55.0 (87585096)|STATEMENT_EXECUTE|[20]
16:30:55.0 (87588698)|HEAP_ALLOCATE|[20]|Bytes:49
16:30:55.0 (87601209)|HEAP_ALLOCATE|[20]|Bytes:4
16:30:55.0 (87735609)|SOQL_EXECUTE_BEGIN|[20]|Aggregations:0|SELECT Id, Name FROM Group WHERE Type = 'Regular'
16:30:55.0 (90749475)|SOQL_EXECUTE_END|[20]|Rows:16
16:30:55.0 (90771026)|HEAP_ALLOCATE|[20]|Bytes:68
16:30:55.0 (90804216)|HEAP_ALLOCATE|[20]|Bytes:661
16:30:55.0 (90834004)|HEAP_ALLOCATE|[20]|Bytes:68
16:30:55.0 (90845225)|VARIABLE_SCOPE_BEGIN|[20]|regularGroups|List<Group>|true|false
16:30:55.0 (90863484)|VARIABLE_ASSIGNMENT|[20]|regularGroups|"List of size 16 too large to display"|0x2c97df00
16:30:55.0 (90913339)|HEAP_ALLOCATE|[23]|Bytes:5
16:30:55.0 (90931318)|HEAP_ALLOCATE|[23]|Bytes:12
16:30:55.0 (90940060)|VARIABLE_SCOPE_BEGIN|[23]|rg|Group|true|false
16:30:55.0 (90957172)|VARIABLE_ASSIGNMENT|[23]|rg|{"Id":"00G1I000000aJ8bUAE","Name":"ABE2"}|0x773e862e
16:30:55.0 (90963722)|STATEMENT_EXECUTE|[23]
16:30:55.0 (91024031)|STATEMENT_EXECUTE|[24]
16:30:55.0 (91026750)|STATEMENT_EXECUTE|[25]
16:30:55.0 (91080240)|HEAP_ALLOCATE|[EXTERNAL]|Bytes:4
16:30:55.0 (91096916)|HEAP_ALLOCATE|[23]|Bytes:5
16:30:55.0 (91107338)|HEAP_ALLOCATE|[23]|Bytes:12
16:30:55.0 (91114300)|VARIABLE_SCOPE_BEGIN|[23]|rg|Group|true|false
16:30:55.0 (91127039)|VARIABLE_ASSIGNMENT|[23]|rg|{"Id":"00G1I000000aJ8RUAU","Name":"ABE4"}|0x46a0970
16:30:55.0 (91132569)|STATEMENT_EXECUTE|[23]
16:30:55.0 (91150618)|STATEMENT_EXECUTE|[24]
16:30:55.0 (91152328)|STATEMENT_EXECUTE|[25]
16:30:55.0 (91163159)|HEAP_ALLOCATE|[EXTERNAL]|Bytes:4
16:30:55.0 (91174289)|HEAP_ALLOCATE|[23]|Bytes:5
16:30:55.0 (91182760)|HEAP_ALLOCATE|[23]|Bytes:12
16:30:55.0 (91187540)|VARIABLE_SCOPE_BEGIN|[23]|rg|Group|true|false
16:30:55.0 (91203774)|VARIABLE_ASSIGNMENT|[23]|rg|{"Id":"00G1I000000aJ8MUAU","Name":"ABE8"}|0x17eb1b12
16:30:55.0 (91209554)|STATEMENT_EXECUTE|[23]
16:30:55.0 (91225427)|STATEMENT_EXECUTE|[24]
16:30:55.0 (91227098)|STATEMENT_EXECUTE|[25]
16:30:55.0 (91236729)|HEAP_ALLOCATE|[EXTERNAL]|Bytes:4
16:30:55.0 (91247541)|HEAP_ALLOCATE|[23]|Bytes:5
16:30:55.0 (91255735)|HEAP_ALLOCATE|[23]|Bytes:12
16:30:55.0 (91260768)|VARIABLE_SCOPE_BEGIN|[23]|rg|Group|true|false
16:30:55.0 (91271386)|VARIABLE_ASSIGNMENT|[23]|rg|{"Id":"00G1I000000aJ8qUAE","Name":"AVP1"}|0x56f2321d
16:30:55.0 (91276888)|STATEMENT_EXECUTE|[23]
16:30:55.0 (91291693)|STATEMENT_EXECUTE|[24]
16:30:55.0 (91293353)|STATEMENT_EXECUTE|[25]
16:30:55.0 (91302181)|HEAP_ALLOCATE|[EXTERNAL]|Bytes:4
16:30:55.0 (91311777)|HEAP_ALLOCATE|[23]|Bytes:5
16:30:55.0 (91319690)|HEAP_ALLOCATE|[23]|Bytes:12
16:30:55.0 (91324290)|VARIABLE_SCOPE_BEGIN|[23]|rg|Group|true|false
16:30:55.0 (91334257)|VARIABLE_ASSIGNMENT|[23]|rg|{"Id":"00G1I000000aJ9FUAU","Name":"BDL2"}|0x55fec11b
16:30:55.0 (91339462)|STATEMENT_EXECUTE|[23]
16:30:55.0 (91353548)|STATEMENT_EXECUTE|[24]
16:30:55.0 (91355216)|STATEMENT_EXECUTE|[25]
16:30:55.0 (91363444)|HEAP_ALLOCATE|[EXTERNAL]|Bytes:4
16:30:55.0 (91372940)|HEAP_ALLOCATE|[23]|Bytes:5
16:30:55.0 (91380496)|HEAP_ALLOCATE|[23]|Bytes:12
16:30:55.0 (91387225)|VARIABLE_SCOPE_BEGIN|[23]|rg|Group|true|false
16:30:55.0 (91397336)|VARIABLE_ASSIGNMENT|[23]|rg|{"Id":"00G1I000000aJ8CUAU","Name":"BFI3"}|0x18b635d
16:30:55.0 (91402851)|STATEMENT_EXECUTE|[23]
16:30:55.0 (91417133)|STATEMENT_EXECUTE|[24]
16:30:55.0 (91418827)|STATEMENT_EXECUTE|[25]
16:30:55.0 (91427013)|HEAP_ALLOCATE|[EXTERNAL]|Bytes:4
16:30:55.0 (91436713)|HEAP_ALLOCATE|[23]|Bytes:5
16:30:55.0 (91444324)|HEAP_ALLOCATE|[23]|Bytes:12
16:30:55.0 (91449106)|VARIABLE_SCOPE_BEGIN|[23]|rg|Group|true|false
16:30:55.0 (91459341)|VARIABLE_ASSIGNMENT|[23]|rg|{"Id":"00G1I000000aJ8HUAU","Name":"BFI4"}|0x4e77dbf5
16:30:55.0 (91464650)|STATEMENT_EXECUTE|[23]
16:30:55.0 (91478752)|STATEMENT_EXECUTE|[24]
16:30:55.0 (91480373)|STATEMENT_EXECUTE|[25]
16:30:55.0 (91488542)|HEAP_ALLOCATE|[EXTERNAL]|Bytes:4
16:30:55.0 (91497941)|HEAP_ALLOCATE|[23]|Bytes:5
16:30:55.0 (91505490)|HEAP_ALLOCATE|[23]|Bytes:12
16:30:55.0 (91510015)|VARIABLE_SCOPE_BEGIN|[23]|rg|Group|true|false
16:30:55.0 (91520148)|VARIABLE_ASSIGNMENT|[23]|rg|{"Id":"00G1I000000aJ9KUAU","Name":"BFI5"}|0x9d27afc
16:30:55.0 (91525259)|STATEMENT_EXECUTE|[23]
16:30:55.0 (91539107)|STATEMENT_EXECUTE|[24]
16:30:55.0 (91540737)|STATEMENT_EXECUTE|[25]
16:30:55.0 (91549891)|HEAP_ALLOCATE|[EXTERNAL]|Bytes:4
16:30:55.0 (91559579)|HEAP_ALLOCATE|[23]|Bytes:5
16:30:55.0 (91567286)|HEAP_ALLOCATE|[23]|Bytes:12
16:30:55.0 (91572094)|VARIABLE_SCOPE_BEGIN|[23]|rg|Group|true|false
16:30:55.0 (91582599)|VARIABLE_ASSIGNMENT|[23]|rg|{"Id":"00G1I000000aJ90UAE","Name":"BNA2"}|0x2a8794c4
16:30:55.0 (91587910)|STATEMENT_EXECUTE|[23]
16:30:55.0 (91601696)|STATEMENT_EXECUTE|[24]
16:30:55.0 (91603308)|STATEMENT_EXECUTE|[25]
16:30:55.0 (91611465)|HEAP_ALLOCATE|[EXTERNAL]|Bytes:4
16:30:55.0 (91620942)|HEAP_ALLOCATE|[23]|Bytes:5
16:30:55.0 (91628646)|HEAP_ALLOCATE|[23]|Bytes:12
16:30:55.0 (91633175)|VARIABLE_SCOPE_BEGIN|[23]|rg|Group|true|false
16:30:55.0 (91642981)|VARIABLE_ASSIGNMENT|[23]|rg|{"Id":"00G1I000000aJ95UAE","Name":"BWI2"}|0x704c9b42
16:30:55.0 (91647973)|STATEMENT_EXECUTE|[23]
16:30:55.0 (91661956)|STATEMENT_EXECUTE|[24]
16:30:55.0 (91663616)|STATEMENT_EXECUTE|[25]
16:30:55.0 (91671864)|HEAP_ALLOCATE|[EXTERNAL]|Bytes:4
16:30:55.0 (91681502)|HEAP_ALLOCATE|[23]|Bytes:5
16:30:55.0 (91690266)|HEAP_ALLOCATE|[23]|Bytes:12
16:30:55.0 (91699380)|VARIABLE_SCOPE_BEGIN|[23]|rg|Group|true|false
16:30:55.0 (91709514)|VARIABLE_ASSIGNMENT|[23]|rg|{"Id":"00G1I000000aJ8vUAE","Name":"CAE1"}|0x945ecd
16:30:55.0 (91714917)|STATEMENT_EXECUTE|[23]
16:30:55.0 (91729978)|STATEMENT_EXECUTE|[24]
16:30:55.0 (91731655)|STATEMENT_EXECUTE|[25]
16:30:55.0 (91740486)|HEAP_ALLOCATE|[EXTERNAL]|Bytes:4
16:30:55.0 (91750596)|HEAP_ALLOCATE|[23]|Bytes:5
16:30:55.0 (91758118)|HEAP_ALLOCATE|[23]|Bytes:12
16:30:55.0 (91762994)|VARIABLE_SCOPE_BEGIN|[23]|rg|Group|true|false
16:30:55.0 (91773277)|VARIABLE_ASSIGNMENT|[23]|rg|{"Id":"00G1I000000aJ8lUAE","Name":"CLT2"}|0x1a0bd1b9
16:30:55.0 (91778319)|STATEMENT_EXECUTE|[23]
16:30:55.0 (91792546)|STATEMENT_EXECUTE|[24]
16:30:55.0 (91794196)|STATEMENT_EXECUTE|[25]
16:30:55.0 (91805820)|HEAP_ALLOCATE|[EXTERNAL]|Bytes:4
16:30:55.0 (91815861)|HEAP_ALLOCATE|[23]|Bytes:5
16:30:55.0 (91823744)|HEAP_ALLOCATE|[23]|Bytes:12
16:30:55.0 (91828345)|VARIABLE_SCOPE_BEGIN|[23]|rg|Group|true|false
16:30:55.0 (91838393)|VARIABLE_ASSIGNMENT|[23]|rg|{"Id":"00G1I000000aJ9AUAU","Name":"CLT3"}|0xcbc4788
16:30:55.0 (91843508)|STATEMENT_EXECUTE|[23]
16:30:55.0 (91857793)|STATEMENT_EXECUTE|[24]
16:30:55.0 (91859478)|STATEMENT_EXECUTE|[25]
16:30:55.0 (91867873)|HEAP_ALLOCATE|[EXTERNAL]|Bytes:4
16:30:55.0 (91877777)|HEAP_ALLOCATE|[23]|Bytes:5
16:30:55.0 (91885387)|HEAP_ALLOCATE|[23]|Bytes:12
16:30:55.0 (91890251)|VARIABLE_SCOPE_BEGIN|[23]|rg|Group|true|false
16:30:55.0 (91900358)|VARIABLE_ASSIGNMENT|[23]|rg|{"Id":"00G1I000000aJ8WUAU","Name":"CMH1"}|0x18be4bd6
16:30:55.0 (91905629)|STATEMENT_EXECUTE|[23]
16:30:55.0 (91919342)|STATEMENT_EXECUTE|[24]
16:30:55.0 (91920974)|STATEMENT_EXECUTE|[25]
16:30:55.0 (91929706)|HEAP_ALLOCATE|[EXTERNAL]|Bytes:4
16:30:55.0 (91939286)|HEAP_ALLOCATE|[23]|Bytes:5
16:30:55.0 (91947157)|HEAP_ALLOCATE|[23]|Bytes:12
16:30:55.0 (91951821)|VARIABLE_SCOPE_BEGIN|[23]|rg|Group|true|false
16:30:55.0 (91961760)|VARIABLE_ASSIGNMENT|[23]|rg|{"Id":"00G1I000000aJ8gUAE","Name":"DEN2"}|0x3afe1c3a
16:30:55.0 (91966809)|STATEMENT_EXECUTE|[23]
16:30:55.0 (91981052)|STATEMENT_EXECUTE|[24]
16:30:55.0 (91982699)|STATEMENT_EXECUTE|[25]
16:30:55.0 (91991352)|HEAP_ALLOCATE|[EXTERNAL]|Bytes:4
16:30:55.0 (92001093)|HEAP_ALLOCATE|[23]|Bytes:5
16:30:55.0 (92009320)|HEAP_ALLOCATE|[23]|Bytes:12
16:30:55.0 (92014415)|VARIABLE_SCOPE_BEGIN|[23]|rg|Group|true|false
16:30:55.0 (92024971)|VARIABLE_ASSIGNMENT|[23]|rg|{"Id":"00G1I000000OhKRUA0","Name":"Reviewers"}|0x7e3c84c5
16:30:55.0 (92030431)|STATEMENT_EXECUTE|[23]
16:30:55.0 (92044676)|STATEMENT_EXECUTE|[24]
16:30:55.0 (92050564)|HEAP_ALLOCATE|[23]|Bytes:5
16:30:55.0 (92060222)|VARIABLE_ASSIGNMENT|[23]|rg|null|
16:30:55.0 (92065187)|STATEMENT_EXECUTE|[28]
16:30:55.0 (92069835)|SYSTEM_MODE_EXIT|false
16:30:55.0 (92326534)|SYSTEM_MODE_ENTER|true
16:30:55.0 (92999093)|SYSTEM_MODE_ENTER|true
16:30:55.0 (93043869)|HEAP_ALLOCATE|[EXTERNAL]|Bytes:44
16:30:55.0 (93050618)|HEAP_ALLOCATE|[EXTERNAL]|Bytes:20
16:30:55.0 (93068642)|VARIABLE_ASSIGNMENT|[EXTERNAL]|this.leftOptions|"List of size 10 too large to display"|0x13288aab
16:30:55.0 (93140346)|SYSTEM_MODE_ENTER|true
16:30:55.0 (93167074)|HEAP_ALLOCATE|[EXTERNAL]|Bytes:28
16:30:55.0 (93171658)|HEAP_ALLOCATE|[EXTERNAL]|Bytes:20
16:30:55.0 (93181183)|VARIABLE_ASSIGNMENT|[EXTERNAL]|this.rightOptions|"List of size 6 too large to display"|0x13288aab
16:30:55.0 (93784907)|SYSTEM_MODE_ENTER|true
16:30:55.0 (95901210)|SYSTEM_MODE_ENTER|true
16:30:55.0 (96165919)|SYSTEM_MODE_ENTER|true
16:30:55.0 (96248043)|SYSTEM_MODE_ENTER|true
16:30:55.0 (98278732)|VF_SERIALIZE_VIEWSTATE_BEGIN|0661I000003daSA
16:30:55.0 (101770092)|VF_SERIALIZE_VIEWSTATE_END
16:30:55.104 (104242769)|CUMULATIVE_LIMIT_USAGE
16:30:55.104 (104242769)|LIMIT_USAGE_FOR_NS|(default)|
  Number of SOQL queries: 7 out of 100
  Number of query rows: 80 out of 50000
  Number of SOSL queries: 0 out of 20
  Number of DML statements: 0 out of 150
  Number of DML rows: 0 out of 10000
  Maximum CPU time: 0 out of 10000
  Maximum heap size: 0 out of 6000000
  Number of callouts: 0 out of 100
  Number of Email Invocations: 0 out of 10
  Number of future calls: 0 out of 50
  Number of queueable jobs added to the queue: 0 out of 50
  Number of Mobile Apex push calls: 0 out of 10

16:30:55.104 (104242769)|CUMULATIVE_LIMIT_USAGE_END

16:30:55.0 (104291699)|CODE_UNIT_FINISHED|VF: /apex/Settings
16:30:55.0 (105187945)|EXECUTION_FINISHED
