42.0 APEX_CODE,FINEST;APEX_PROFILING,INFO;CALLOUT,INFO;DB,INFO;SYSTEM,DEBUG;VALIDATION,INFO;VISUALFORCE,INFO;WAVE,INFO;WORKFLOW,INFO
15:58:55.0 (98309)|USER_INFO|[EXTERNAL]|0051I000000JaV8|amarvick94@gmail.com|Pacific Standard Time|GMT-07:00
15:58:55.0 (150453)|EXECUTION_STARTED
15:58:55.0 (164118)|CODE_UNIT_STARTED|[EXTERNAL]|0661I000003daSA|VF: /apex/Settings
15:58:55.0 (386319)|VF_DESERIALIZE_VIEWSTATE_BEGIN|0661I000003daSA
15:58:55.0 (7079486)|HEAP_ALLOCATE|[72]|Bytes:3
15:58:55.0 (7149086)|HEAP_ALLOCATE|[77]|Bytes:152
15:58:55.0 (7179400)|HEAP_ALLOCATE|[342]|Bytes:408
15:58:55.0 (7207580)|HEAP_ALLOCATE|[355]|Bytes:408
15:58:55.0 (7233241)|HEAP_ALLOCATE|[467]|Bytes:48
15:58:55.0 (7279706)|HEAP_ALLOCATE|[139]|Bytes:6
15:58:55.0 (12002357)|VF_DESERIALIZE_VIEWSTATE_END
15:58:55.0 (18508901)|SYSTEM_MODE_ENTER|true
15:58:55.0 (18593468)|HEAP_ALLOCATE|[EXTERNAL]|Bytes:164
15:58:55.0 (18617504)|HEAP_ALLOCATE|[EXTERNAL]|Bytes:11
15:58:55.0 (18624836)|HEAP_ALLOCATE|[EXTERNAL]|Bytes:11
15:58:55.0 (18648427)|METHOD_ENTRY|[1]|01p1I00000G9Bhb|MultiselectController.MultiselectController()
15:58:55.0 (18655833)|STATEMENT_EXECUTE|[1]
15:58:55.0 (18669618)|STATEMENT_EXECUTE|[1]
15:58:55.0 (18734312)|HEAP_ALLOCATE|[50]|Bytes:5
15:58:55.0 (18809550)|HEAP_ALLOCATE|[56]|Bytes:5
15:58:55.0 (18833983)|HEAP_ALLOCATE|[64]|Bytes:7
15:58:55.0 (18885950)|SYSTEM_MODE_ENTER|false
15:58:55.0 (18902102)|HEAP_ALLOCATE|[EXTERNAL]|Bytes:5
15:58:55.0 (18909480)|SYSTEM_MODE_EXIT|false
15:58:55.0 (18919746)|METHOD_EXIT|[1]|MultiselectController
15:58:55.0 (19183574)|SYSTEM_MODE_ENTER|true
15:58:55.0 (19791629)|SYSTEM_MODE_ENTER|true
15:58:55.0 (20117449)|HEAP_ALLOCATE|[EXTERNAL]|Bytes:240
15:58:55.0 (20138446)|HEAP_ALLOCATE|[EXTERNAL]|Bytes:26
15:58:55.0 (20145477)|HEAP_ALLOCATE|[EXTERNAL]|Bytes:22
15:58:55.0 (20153580)|METHOD_ENTRY|[1]|01p1I00000G8yt3|OpsHR_ContactDriverController.OpsHR_ContactDriverController()
15:58:55.0 (20170688)|STATEMENT_EXECUTE|[1]
15:58:55.0 (20174638)|STATEMENT_EXECUTE|[1]
15:58:55.0 (20211137)|SYSTEM_MODE_ENTER|false
15:58:55.0 (20224241)|HEAP_ALLOCATE|[EXTERNAL]|Bytes:5
15:58:55.0 (20232687)|SYSTEM_MODE_EXIT|false
15:58:55.0 (20240284)|METHOD_EXIT|[1]|OpsHR_ContactDriverController
15:58:55.0 (20263037)|HEAP_ALLOCATE|[EXTERNAL]|Bytes:36
15:58:55.0 (20400420)|VARIABLE_ASSIGNMENT|[EXTERNAL]|this|{"recordTypes":"0x4ecae54d"}|0xb3218cd
15:58:55.0 (20432455)|SYSTEM_MODE_ENTER|false
15:58:55.0 (20439237)|HEAP_ALLOCATE|[44]|Bytes:5
15:58:55.0 (20454026)|STATEMENT_EXECUTE|[43]
15:58:55.0 (20461370)|STATEMENT_EXECUTE|[44]
15:58:55.0 (20482169)|HEAP_ALLOCATE|[44]|Bytes:4
15:58:55.0 (20589622)|VARIABLE_SCOPE_BEGIN|[44]|allQueues|List<System.SelectOption>|true|false
15:58:55.0 (20630910)|HEAP_ALLOCATE|[EXTERNAL]|Bytes:4
15:58:55.0 (20655751)|VARIABLE_ASSIGNMENT|[44]|allQueues|[]|0x78e8685d
15:58:55.0 (20671008)|STATEMENT_EXECUTE|[45]
15:58:55.0 (20679769)|HEAP_ALLOCATE|[45]|Bytes:34
15:58:55.0 (20744584)|HEAP_ALLOCATE|[45]|Bytes:4
15:58:55.0 (21254893)|SOQL_EXECUTE_BEGIN|[45]|Aggregations:0|SELECT Label FROM OpsHR_Setup__mdt
15:58:55.0 (26341793)|SOQL_EXECUTE_END|[45]|Rows:17
15:58:55.0 (26373647)|HEAP_ALLOCATE|[45]|Bytes:72
15:58:55.0 (26410897)|HEAP_ALLOCATE|[45]|Bytes:714
15:58:55.0 (26499632)|HEAP_ALLOCATE|[45]|Bytes:72
15:58:55.0 (26521001)|VARIABLE_SCOPE_BEGIN|[45]|allMDT|List<OpsHR_Setup__mdt>|true|false
15:58:55.0 (26546117)|VARIABLE_ASSIGNMENT|[45]|allMDT|"List of size 17 too large to display"|0x4ce75555
15:58:55.0 (26553636)|STATEMENT_EXECUTE|[47]
15:58:55.0 (26651556)|HEAP_ALLOCATE|[47]|Bytes:618
15:58:55.0 (26705633)|HEAP_ALLOCATE|[47]|Bytes:600
15:58:55.0 (26731533)|HEAP_ALLOCATE|[47]|Bytes:2
15:58:55.0 (26756531)|VARIABLE_SCOPE_BEGIN|[47]|retURL|String|false|false
15:58:55.0 (26770256)|VARIABLE_ASSIGNMENT|[47]|retURL|"0051I000000JaV8"
15:58:55.0 (26775458)|STATEMENT_EXECUTE|[50]
15:58:55.0 (26778309)|HEAP_ALLOCATE|[50]|Bytes:60
15:58:55.0 (26792061)|HEAP_ALLOCATE|[50]|Bytes:4
15:58:55.0 (26801214)|HEAP_ALLOCATE|[50]|Bytes:7
15:58:55.0 (26860826)|HEAP_ALLOCATE|[50]|Bytes:85
15:58:55.0 (26875132)|SYSTEM_METHOD_ENTRY|[1]|UserInfo.UserInfo()
15:58:55.0 (26879312)|STATEMENT_EXECUTE|[1]
15:58:55.0 (26887141)|SYSTEM_METHOD_EXIT|[1]|UserInfo
15:58:55.0 (26900803)|METHOD_ENTRY|[50]||System.UserInfo.getUserId()
15:58:55.0 (26953485)|METHOD_EXIT|[50]||System.UserInfo.getUserId()
15:58:55.0 (27881545)|SOQL_EXECUTE_BEGIN|[50]|Aggregations:0|SELECT Id, Support_Location__c FROM User WHERE Id = :tmpVar1
15:58:55.0 (31732260)|SOQL_EXECUTE_END|[50]|Rows:1
15:58:55.0 (31807155)|HEAP_ALLOCATE|[50]|Bytes:8
15:58:55.0 (31874876)|HEAP_ALLOCATE|[50]|Bytes:56
15:58:55.0 (32068524)|HEAP_ALLOCATE|[50]|Bytes:8
15:58:55.0 (32101750)|HEAP_ALLOCATE|[50]|Bytes:30
15:58:55.0 (32170751)|HEAP_ALLOCATE|[50]|Bytes:12
15:58:55.0 (32182560)|VARIABLE_SCOPE_BEGIN|[50]|theUser|User|true|false
15:58:55.0 (32240763)|VARIABLE_ASSIGNMENT|[50]|theUser|{"Id":"0051I000000JaV8QAK","Support_Location__c":"ABE3"}|0x7d1afde3
15:58:55.0 (32249860)|STATEMENT_EXECUTE|[53]
15:58:55.0 (32263365)|HEAP_ALLOCATE|[53]|Bytes:81
15:58:55.0 (32283116)|HEAP_ALLOCATE|[53]|Bytes:4
15:58:55.0 (32753167)|SOQL_EXECUTE_BEGIN|[53]|Aggregations:0|SELECT GroupId, Id, UserOrGroupId FROM GroupMember WHERE UserOrGroupId = :tmpVar1
15:58:55.0 (37163788)|SOQL_EXECUTE_END|[53]|Rows:11
15:58:55.0 (37197001)|HEAP_ALLOCATE|[53]|Bytes:48
15:58:55.0 (37234195)|HEAP_ALLOCATE|[53]|Bytes:1023
15:58:55.0 (37345005)|HEAP_ALLOCATE|[53]|Bytes:48
15:58:55.0 (37375626)|VARIABLE_SCOPE_BEGIN|[53]|groupMembers|List<GroupMember>|true|false
15:58:55.0 (37413197)|VARIABLE_ASSIGNMENT|[53]|groupMembers|"List of size 11 too large to display"|0x719b639b
15:58:55.0 (37423737)|STATEMENT_EXECUTE|[54]
15:58:55.0 (37446718)|HEAP_ALLOCATE|[54]|Bytes:4
15:58:55.0 (37506194)|VARIABLE_SCOPE_BEGIN|[54]|groupIds|List<Id>|true|false
15:58:55.0 (37551887)|HEAP_ALLOCATE|[EXTERNAL]|Bytes:4
15:58:55.0 (37568261)|VARIABLE_ASSIGNMENT|[54]|groupIds|[]|0x61b2eef4
15:58:55.0 (37848302)|HEAP_ALLOCATE|[56]|Bytes:5
15:58:55.0 (37874698)|HEAP_ALLOCATE|[56]|Bytes:16
15:58:55.0 (37886146)|VARIABLE_SCOPE_BEGIN|[56]|g|GroupMember|true|false
15:58:55.0 (37907216)|VARIABLE_ASSIGNMENT|[56]|g|{"GroupId":"00G1I000000OhKRUA0","Id":"0111I000000UCIrQAO","UserOrGroupId":"0051I000000JaV8QAK"}|0x34666f74
15:58:55.0 (37914800)|STATEMENT_EXECUTE|[56]
15:58:55.0 (37917123)|STATEMENT_EXECUTE|[57]
15:58:55.0 (37992581)|HEAP_ALLOCATE|[EXTERNAL]|Bytes:4
15:58:55.0 (38010714)|HEAP_ALLOCATE|[56]|Bytes:5
15:58:55.0 (38022098)|HEAP_ALLOCATE|[56]|Bytes:16
15:58:55.0 (38028351)|VARIABLE_SCOPE_BEGIN|[56]|g|GroupMember|true|false
15:58:55.0 (38042245)|VARIABLE_ASSIGNMENT|[56]|g|{"GroupId":"00G1I000000aJ8WUAU","Id":"0111I000000UCIpQAO","UserOrGroupId":"0051I000000JaV8QAK"}|0x3e5de31c
15:58:55.0 (38048486)|STATEMENT_EXECUTE|[56]
15:58:55.0 (38050197)|STATEMENT_EXECUTE|[57]
15:58:55.0 (38061144)|HEAP_ALLOCATE|[EXTERNAL]|Bytes:4
15:58:55.0 (38071865)|HEAP_ALLOCATE|[56]|Bytes:5
15:58:55.0 (38080180)|HEAP_ALLOCATE|[56]|Bytes:16
15:58:55.0 (38085442)|VARIABLE_SCOPE_BEGIN|[56]|g|GroupMember|true|false
15:58:55.0 (38096987)|VARIABLE_ASSIGNMENT|[56]|g|{"GroupId":"00G1I000000aJ8gUAE","Id":"0111I000000UDCkQAO","UserOrGroupId":"0051I000000JaV8QAK"}|0x19cd3d9b
15:58:55.0 (38102871)|STATEMENT_EXECUTE|[56]
15:58:55.0 (38104396)|STATEMENT_EXECUTE|[57]
15:58:55.0 (38111168)|HEAP_ALLOCATE|[EXTERNAL]|Bytes:4
15:58:55.0 (38120176)|HEAP_ALLOCATE|[56]|Bytes:5
15:58:55.0 (38127227)|HEAP_ALLOCATE|[56]|Bytes:16
15:58:55.0 (38132183)|VARIABLE_SCOPE_BEGIN|[56]|g|GroupMember|true|false
15:58:55.0 (38142901)|VARIABLE_ASSIGNMENT|[56]|g|{"GroupId":"00G1I000000aJ8lUAE","Id":"0111I000000UDCiQAO","UserOrGroupId":"0051I000000JaV8QAK"}|0x1d30e943
15:58:55.0 (38147741)|STATEMENT_EXECUTE|[56]
15:58:55.0 (38149356)|STATEMENT_EXECUTE|[57]
15:58:55.0 (38155906)|HEAP_ALLOCATE|[EXTERNAL]|Bytes:4
15:58:55.0 (38164969)|HEAP_ALLOCATE|[56]|Bytes:5
15:58:55.0 (38172065)|HEAP_ALLOCATE|[56]|Bytes:16
15:58:55.0 (38176912)|VARIABLE_SCOPE_BEGIN|[56]|g|GroupMember|true|false
15:58:55.0 (38187318)|VARIABLE_ASSIGNMENT|[56]|g|{"GroupId":"00G1I000000aJ8qUAE","Id":"0111I000000UDCcQAO","UserOrGroupId":"0051I000000JaV8QAK"}|0x1a2a385e
15:58:55.0 (38193455)|STATEMENT_EXECUTE|[56]
15:58:55.0 (38194973)|STATEMENT_EXECUTE|[57]
15:58:55.0 (38201170)|HEAP_ALLOCATE|[EXTERNAL]|Bytes:4
15:58:55.0 (38210210)|HEAP_ALLOCATE|[56]|Bytes:5
15:58:55.0 (38217326)|HEAP_ALLOCATE|[56]|Bytes:16
15:58:55.0 (38221690)|VARIABLE_SCOPE_BEGIN|[56]|g|GroupMember|true|false
15:58:55.0 (38232072)|VARIABLE_ASSIGNMENT|[56]|g|{"GroupId":"00G1I000000aJ8vUAE","Id":"0111I000000UDChQAO","UserOrGroupId":"0051I000000JaV8QAK"}|0x4b3e7d04
15:58:55.0 (38237860)|STATEMENT_EXECUTE|[56]
15:58:55.0 (38239323)|STATEMENT_EXECUTE|[57]
15:58:55.0 (38245625)|HEAP_ALLOCATE|[EXTERNAL]|Bytes:4
15:58:55.0 (38254281)|HEAP_ALLOCATE|[56]|Bytes:5
15:58:55.0 (38261854)|HEAP_ALLOCATE|[56]|Bytes:16
15:58:55.0 (38266824)|VARIABLE_SCOPE_BEGIN|[56]|g|GroupMember|true|false
15:58:55.0 (38277523)|VARIABLE_ASSIGNMENT|[56]|g|{"GroupId":"00G1I000000aJ90UAE","Id":"0111I000000UDCfQAO","UserOrGroupId":"0051I000000JaV8QAK"}|0x3b6fb01d
15:58:55.0 (38282824)|STATEMENT_EXECUTE|[56]
15:58:55.0 (38284457)|STATEMENT_EXECUTE|[57]
15:58:55.0 (38290496)|HEAP_ALLOCATE|[EXTERNAL]|Bytes:4
15:58:55.0 (38298750)|HEAP_ALLOCATE|[56]|Bytes:5
15:58:55.0 (38306109)|HEAP_ALLOCATE|[56]|Bytes:16
15:58:55.0 (38311225)|VARIABLE_SCOPE_BEGIN|[56]|g|GroupMember|true|false
15:58:55.0 (38322056)|VARIABLE_ASSIGNMENT|[56]|g|{"GroupId":"00G1I000000aJ95UAE","Id":"0111I000000UDCgQAO","UserOrGroupId":"0051I000000JaV8QAK"}|0x218f3cc2
15:58:55.0 (38328048)|STATEMENT_EXECUTE|[56]
15:58:55.0 (38342981)|STATEMENT_EXECUTE|[57]
15:58:55.0 (38351277)|HEAP_ALLOCATE|[EXTERNAL]|Bytes:4
15:58:55.0 (38361836)|HEAP_ALLOCATE|[56]|Bytes:5
15:58:55.0 (38369685)|HEAP_ALLOCATE|[56]|Bytes:16
15:58:55.0 (38374853)|VARIABLE_SCOPE_BEGIN|[56]|g|GroupMember|true|false
15:58:55.0 (38386162)|VARIABLE_ASSIGNMENT|[56]|g|{"GroupId":"00G1I000000aJ9AUAU","Id":"0111I000000UDCjQAO","UserOrGroupId":"0051I000000JaV8QAK"}|0x6a2c0865
15:58:55.0 (38391564)|STATEMENT_EXECUTE|[56]
15:58:55.0 (38393057)|STATEMENT_EXECUTE|[57]
15:58:55.0 (38399736)|HEAP_ALLOCATE|[EXTERNAL]|Bytes:4
15:58:55.0 (38408930)|HEAP_ALLOCATE|[56]|Bytes:5
15:58:55.0 (38416138)|HEAP_ALLOCATE|[56]|Bytes:16
15:58:55.0 (38420956)|VARIABLE_SCOPE_BEGIN|[56]|g|GroupMember|true|false
15:58:55.0 (38431209)|VARIABLE_ASSIGNMENT|[56]|g|{"GroupId":"00G1I000000aJ9FUAU","Id":"0111I000000UDCdQAO","UserOrGroupId":"0051I000000JaV8QAK"}|0x52429e79
15:58:55.0 (38508437)|STATEMENT_EXECUTE|[56]
15:58:55.0 (38510500)|STATEMENT_EXECUTE|[57]
15:58:55.0 (38528204)|HEAP_ALLOCATE|[EXTERNAL]|Bytes:4
15:58:55.0 (38541435)|HEAP_ALLOCATE|[56]|Bytes:5
15:58:55.0 (38549939)|HEAP_ALLOCATE|[56]|Bytes:16
15:58:55.0 (38555029)|VARIABLE_SCOPE_BEGIN|[56]|g|GroupMember|true|false
15:58:55.0 (38566726)|VARIABLE_ASSIGNMENT|[56]|g|{"GroupId":"00G1I000000aJ9KUAU","Id":"0111I000000UDCeQAO","UserOrGroupId":"0051I000000JaV8QAK"}|0x14eb2374
15:58:55.0 (38595647)|STATEMENT_EXECUTE|[56]
15:58:55.0 (38597285)|STATEMENT_EXECUTE|[57]
15:58:55.0 (38605460)|HEAP_ALLOCATE|[EXTERNAL]|Bytes:4
15:58:55.0 (38617880)|HEAP_ALLOCATE|[56]|Bytes:5
15:58:55.0 (38630944)|VARIABLE_ASSIGNMENT|[56]|g|null|
15:58:55.0 (38637314)|STATEMENT_EXECUTE|[61]
15:58:55.0 (38641181)|HEAP_ALLOCATE|[61]|Bytes:74
15:58:55.0 (38684287)|HEAP_ALLOCATE|[61]|Bytes:4
15:58:55.0 (39148125)|SOQL_EXECUTE_BEGIN|[61]|Aggregations:0|SELECT Id, Name FROM Group WHERE (Type = 'Regular' AND Id NOT IN :tmpVar1)
15:58:55.0 (42746443)|SOQL_EXECUTE_END|[61]|Rows:5
15:58:55.0 (42794350)|HEAP_ALLOCATE|[61]|Bytes:24
15:58:55.0 (42853014)|HEAP_ALLOCATE|[61]|Bytes:205
15:58:55.0 (42996790)|HEAP_ALLOCATE|[61]|Bytes:24
15:58:55.0 (43041190)|VARIABLE_SCOPE_BEGIN|[61]|nonGroups|List<Group>|true|false
15:58:55.0 (43128966)|VARIABLE_ASSIGNMENT|[61]|nonGroups|[{"Id":"00G1I000000aJ8bUAE","Name":"ABE2"},{"Id":"00G1I000000aJ8RUAU","Name":"ABE4"},{"Id":"00G1I000000aJ8MUAU","Name":"ABE8"},{"Id":"00G1I000000aJ8CUAU","Name":"BFI3"},{"Id":"00G1I000000aJ8HUAU","Name":"BFI4"}]|0xac6516a
15:58:55.0 (43160002)|STATEMENT_EXECUTE|[62]
15:58:55.0 (43167667)|HEAP_ALLOCATE|[62]|Bytes:11
15:58:55.0 (43383197)|HEAP_ALLOCATE|[62]|Bytes:210
15:58:55.0 (43424382)|HEAP_ALLOCATE|[62]|Bytes:221
15:58:55.0 (43472601)|USER_DEBUG|[62]|DEBUG|nonGroups: (Group:{Id=00G1I000000aJ8bUAE, Name=ABE2}, Group:{Id=00G1I000000aJ8RUAU, Name=ABE4}, Group:{Id=00G1I000000aJ8MUAU, Name=ABE8}, Group:{Id=00G1I000000aJ8CUAU, Name=BFI3}, Group:{Id=00G1I000000aJ8HUAU, Name=BFI4})
15:58:55.0 (43693782)|HEAP_ALLOCATE|[64]|Bytes:5
15:58:55.0 (43721891)|HEAP_ALLOCATE|[64]|Bytes:12
15:58:55.0 (43736116)|VARIABLE_SCOPE_BEGIN|[64]|ng|Group|true|false
15:58:55.0 (43758181)|VARIABLE_ASSIGNMENT|[64]|ng|{"Id":"00G1I000000aJ8bUAE","Name":"ABE2"}|0x418d6666
15:58:55.0 (43768884)|STATEMENT_EXECUTE|[64]
15:58:55.0 (43771702)|STATEMENT_EXECUTE|[65]
15:58:55.0 (44179378)|HEAP_ALLOCATE|[EXTERNAL]|Bytes:4
15:58:55.0 (44236871)|HEAP_ALLOCATE|[64]|Bytes:5
15:58:55.0 (44261219)|HEAP_ALLOCATE|[64]|Bytes:12
15:58:55.0 (44296904)|VARIABLE_SCOPE_BEGIN|[64]|ng|Group|true|false
15:58:55.0 (44333338)|VARIABLE_ASSIGNMENT|[64]|ng|{"Id":"00G1I000000aJ8RUAU","Name":"ABE4"}|0x237f47ca
15:58:55.0 (44359705)|STATEMENT_EXECUTE|[64]
15:58:55.0 (44381971)|STATEMENT_EXECUTE|[65]
15:58:55.0 (44414854)|HEAP_ALLOCATE|[EXTERNAL]|Bytes:4
15:58:55.0 (44437502)|HEAP_ALLOCATE|[64]|Bytes:5
15:58:55.0 (44454035)|HEAP_ALLOCATE|[64]|Bytes:12
15:58:55.0 (44464308)|VARIABLE_SCOPE_BEGIN|[64]|ng|Group|true|false
15:58:55.0 (44550202)|VARIABLE_ASSIGNMENT|[64]|ng|{"Id":"00G1I000000aJ8MUAU","Name":"ABE8"}|0x103dc178
15:58:55.0 (44562839)|STATEMENT_EXECUTE|[64]
15:58:55.0 (44565287)|STATEMENT_EXECUTE|[65]
15:58:55.0 (44607497)|HEAP_ALLOCATE|[EXTERNAL]|Bytes:4
15:58:55.0 (44637856)|HEAP_ALLOCATE|[64]|Bytes:5
15:58:55.0 (44678014)|HEAP_ALLOCATE|[64]|Bytes:12
15:58:55.0 (44691937)|VARIABLE_SCOPE_BEGIN|[64]|ng|Group|true|false
15:58:55.0 (44751579)|VARIABLE_ASSIGNMENT|[64]|ng|{"Id":"00G1I000000aJ8CUAU","Name":"BFI3"}|0x74e144fc
15:58:55.0 (44768484)|STATEMENT_EXECUTE|[64]
15:58:55.0 (44770902)|STATEMENT_EXECUTE|[65]
15:58:55.0 (44820971)|HEAP_ALLOCATE|[EXTERNAL]|Bytes:4
15:58:55.0 (44839649)|HEAP_ALLOCATE|[64]|Bytes:5
15:58:55.0 (44862497)|HEAP_ALLOCATE|[64]|Bytes:12
15:58:55.0 (44872115)|VARIABLE_SCOPE_BEGIN|[64]|ng|Group|true|false
15:58:55.0 (44895488)|VARIABLE_ASSIGNMENT|[64]|ng|{"Id":"00G1I000000aJ8HUAU","Name":"BFI4"}|0x5ef5a250
15:58:55.0 (44903759)|STATEMENT_EXECUTE|[64]
15:58:55.0 (44905416)|STATEMENT_EXECUTE|[65]
15:58:55.0 (44928710)|HEAP_ALLOCATE|[EXTERNAL]|Bytes:4
15:58:55.0 (44951938)|HEAP_ALLOCATE|[64]|Bytes:5
15:58:55.0 (44973135)|VARIABLE_ASSIGNMENT|[64]|ng|null|
15:58:55.0 (44981442)|STATEMENT_EXECUTE|[68]
15:58:55.0 (44988800)|SYSTEM_MODE_EXIT|false
15:58:55.0 (45290056)|SYSTEM_MODE_ENTER|true
15:58:55.0 (45456893)|HEAP_ALLOCATE|[EXTERNAL]|Bytes:24
15:58:55.0 (45476524)|HEAP_ALLOCATE|[EXTERNAL]|Bytes:20
15:58:55.0 (46099030)|VARIABLE_ASSIGNMENT|[EXTERNAL]|this.leftOptions|"common.apex.runtime.impl.ScalarList@d4c51bda"|0x16fa0ef9
15:58:55.0 (46474128)|SYSTEM_MODE_ENTER|true
15:58:55.0 (46634632)|HEAP_ALLOCATE|[EXTERNAL]|Bytes:36
15:58:55.0 (46726705)|VARIABLE_ASSIGNMENT|[EXTERNAL]|this|{"recordTypes":"0x4ecae54d"}|0xb3218cd
15:58:55.0 (46761790)|SYSTEM_MODE_ENTER|false
15:58:55.0 (46781355)|HEAP_ALLOCATE|[75]|Bytes:5
15:58:55.0 (46804537)|STATEMENT_EXECUTE|[74]
15:58:55.0 (46807899)|STATEMENT_EXECUTE|[75]
15:58:55.0 (46842511)|HEAP_ALLOCATE|[75]|Bytes:4
15:58:55.0 (46936158)|VARIABLE_SCOPE_BEGIN|[75]|allQueues|List<System.SelectOption>|true|false
15:58:55.0 (47046379)|HEAP_ALLOCATE|[EXTERNAL]|Bytes:4
15:58:55.0 (47077828)|VARIABLE_ASSIGNMENT|[75]|allQueues|[]|0x4e59f778
15:58:55.0 (47085175)|STATEMENT_EXECUTE|[76]
15:58:55.0 (47110524)|HEAP_ALLOCATE|[76]|Bytes:4
15:58:55.0 (47432958)|SOQL_EXECUTE_BEGIN|[76]|Aggregations:0|SELECT Label FROM OpsHR_Setup__mdt
15:58:55.0 (50820718)|SOQL_EXECUTE_END|[76]|Rows:17
15:58:55.0 (50850541)|HEAP_ALLOCATE|[76]|Bytes:72
15:58:55.0 (50928076)|HEAP_ALLOCATE|[76]|Bytes:714
15:58:55.0 (51014105)|HEAP_ALLOCATE|[76]|Bytes:72
15:58:55.0 (51027513)|VARIABLE_SCOPE_BEGIN|[76]|allMDT|List<OpsHR_Setup__mdt>|true|false
15:58:55.0 (51055330)|VARIABLE_ASSIGNMENT|[76]|allMDT|"List of size 17 too large to display"|0x7e3fa8c0
15:58:55.0 (51073736)|STATEMENT_EXECUTE|[78]
15:58:55.0 (51161154)|HEAP_ALLOCATE|[78]|Bytes:618
15:58:55.0 (51264548)|HEAP_ALLOCATE|[78]|Bytes:600
15:58:55.0 (51347956)|VARIABLE_SCOPE_BEGIN|[78]|retURL|String|false|false
15:58:55.0 (51371373)|VARIABLE_ASSIGNMENT|[78]|retURL|"0051I000000JaV8"
15:58:55.0 (51395670)|STATEMENT_EXECUTE|[81]
15:58:55.0 (51419707)|HEAP_ALLOCATE|[81]|Bytes:39
15:58:55.0 (51443880)|HEAP_ALLOCATE|[81]|Bytes:4
15:58:55.0 (51505152)|METHOD_ENTRY|[81]||System.UserInfo.getUserId()
15:58:55.0 (51588035)|METHOD_EXIT|[81]||System.UserInfo.getUserId()
15:58:55.0 (52066321)|SOQL_EXECUTE_BEGIN|[81]|Aggregations:0|SELECT Id FROM User WHERE Id = :tmpVar1
15:58:55.0 (59497154)|SOQL_EXECUTE_END|[81]|Rows:1
15:58:55.0 (59548726)|HEAP_ALLOCATE|[81]|Bytes:8
15:58:55.0 (59590497)|HEAP_ALLOCATE|[81]|Bytes:29
15:58:55.0 (59770500)|HEAP_ALLOCATE|[81]|Bytes:8
15:58:55.0 (59858115)|HEAP_ALLOCATE|[81]|Bytes:8
15:58:55.0 (59897123)|VARIABLE_SCOPE_BEGIN|[81]|theUser|User|true|false
15:58:55.0 (59983834)|VARIABLE_ASSIGNMENT|[81]|theUser|{"Id":"0051I000000JaV8QAK"}|0x49438222
15:58:55.0 (60001380)|STATEMENT_EXECUTE|[84]
15:58:55.0 (60032617)|HEAP_ALLOCATE|[84]|Bytes:4
15:58:55.0 (60593666)|SOQL_EXECUTE_BEGIN|[84]|Aggregations:0|SELECT GroupId, Id, UserOrGroupId FROM GroupMember WHERE UserOrGroupId = :tmpVar1
15:58:55.0 (62678030)|SOQL_EXECUTE_END|[84]|Rows:11
15:58:55.0 (62700639)|HEAP_ALLOCATE|[84]|Bytes:48
15:58:55.0 (62730632)|HEAP_ALLOCATE|[84]|Bytes:1023
15:58:55.0 (62767281)|HEAP_ALLOCATE|[84]|Bytes:48
15:58:55.0 (62781125)|VARIABLE_SCOPE_BEGIN|[84]|groupMembers|List<GroupMember>|true|false
15:58:55.0 (62805619)|VARIABLE_ASSIGNMENT|[84]|groupMembers|"List of size 11 too large to display"|0x6689ec76
15:58:55.0 (62813139)|STATEMENT_EXECUTE|[85]
15:58:55.0 (62828923)|HEAP_ALLOCATE|[85]|Bytes:4
15:58:55.0 (62868805)|VARIABLE_SCOPE_BEGIN|[85]|groupIds|List<Id>|true|false
15:58:55.0 (62898662)|HEAP_ALLOCATE|[EXTERNAL]|Bytes:4
15:58:55.0 (62911037)|VARIABLE_ASSIGNMENT|[85]|groupIds|[]|0x225a321b
15:58:55.0 (62974771)|HEAP_ALLOCATE|[87]|Bytes:5
15:58:55.0 (62994590)|HEAP_ALLOCATE|[87]|Bytes:16
15:58:55.0 (63004634)|VARIABLE_SCOPE_BEGIN|[87]|g|GroupMember|true|false
15:58:55.0 (63023317)|VARIABLE_ASSIGNMENT|[87]|g|{"GroupId":"00G1I000000OhKRUA0","Id":"0111I000000UCIrQAO","UserOrGroupId":"0051I000000JaV8QAK"}|0x7d84e4c1
15:58:55.0 (63030977)|STATEMENT_EXECUTE|[87]
15:58:55.0 (63033070)|STATEMENT_EXECUTE|[88]
15:58:55.0 (63081579)|HEAP_ALLOCATE|[EXTERNAL]|Bytes:4
15:58:55.0 (63096313)|HEAP_ALLOCATE|[87]|Bytes:5
15:58:55.0 (63106167)|HEAP_ALLOCATE|[87]|Bytes:16
15:58:55.0 (63112045)|VARIABLE_SCOPE_BEGIN|[87]|g|GroupMember|true|false
15:58:55.0 (63124804)|VARIABLE_ASSIGNMENT|[87]|g|{"GroupId":"00G1I000000aJ8WUAU","Id":"0111I000000UCIpQAO","UserOrGroupId":"0051I000000JaV8QAK"}|0x1dc7ec3d
15:58:55.0 (63130680)|STATEMENT_EXECUTE|[87]
15:58:55.0 (63132304)|STATEMENT_EXECUTE|[88]
15:58:55.0 (63141277)|HEAP_ALLOCATE|[EXTERNAL]|Bytes:4
15:58:55.0 (63151219)|HEAP_ALLOCATE|[87]|Bytes:5
15:58:55.0 (63159010)|HEAP_ALLOCATE|[87]|Bytes:16
15:58:55.0 (63164010)|VARIABLE_SCOPE_BEGIN|[87]|g|GroupMember|true|false
15:58:55.0 (63175087)|VARIABLE_ASSIGNMENT|[87]|g|{"GroupId":"00G1I000000aJ8gUAE","Id":"0111I000000UDCkQAO","UserOrGroupId":"0051I000000JaV8QAK"}|0x3d556361
15:58:55.0 (63180467)|STATEMENT_EXECUTE|[87]
15:58:55.0 (63182291)|STATEMENT_EXECUTE|[88]
15:58:55.0 (63189340)|HEAP_ALLOCATE|[EXTERNAL]|Bytes:4
15:58:55.0 (63198547)|HEAP_ALLOCATE|[87]|Bytes:5
15:58:55.0 (63206018)|HEAP_ALLOCATE|[87]|Bytes:16
15:58:55.0 (63212929)|VARIABLE_SCOPE_BEGIN|[87]|g|GroupMember|true|false
15:58:55.0 (63224062)|VARIABLE_ASSIGNMENT|[87]|g|{"GroupId":"00G1I000000aJ8lUAE","Id":"0111I000000UDCiQAO","UserOrGroupId":"0051I000000JaV8QAK"}|0x3586f996
15:58:55.0 (63229788)|STATEMENT_EXECUTE|[87]
15:58:55.0 (63231331)|STATEMENT_EXECUTE|[88]
15:58:55.0 (63238128)|HEAP_ALLOCATE|[EXTERNAL]|Bytes:4
15:58:55.0 (63247173)|HEAP_ALLOCATE|[87]|Bytes:5
15:58:55.0 (63254838)|HEAP_ALLOCATE|[87]|Bytes:16
15:58:55.0 (63259680)|VARIABLE_SCOPE_BEGIN|[87]|g|GroupMember|true|false
15:58:55.0 (63270355)|VARIABLE_ASSIGNMENT|[87]|g|{"GroupId":"00G1I000000aJ8qUAE","Id":"0111I000000UDCcQAO","UserOrGroupId":"0051I000000JaV8QAK"}|0x6f7ea10b
15:58:55.0 (63276080)|STATEMENT_EXECUTE|[87]
15:58:55.0 (63277721)|STATEMENT_EXECUTE|[88]
15:58:55.0 (63284612)|HEAP_ALLOCATE|[EXTERNAL]|Bytes:4
15:58:55.0 (63293307)|HEAP_ALLOCATE|[87]|Bytes:5
15:58:55.0 (63300220)|HEAP_ALLOCATE|[87]|Bytes:16
15:58:55.0 (63304805)|VARIABLE_SCOPE_BEGIN|[87]|g|GroupMember|true|false
15:58:55.0 (63314728)|VARIABLE_ASSIGNMENT|[87]|g|{"GroupId":"00G1I000000aJ8vUAE","Id":"0111I000000UDChQAO","UserOrGroupId":"0051I000000JaV8QAK"}|0x4d7a1edd
15:58:55.0 (63319800)|STATEMENT_EXECUTE|[87]
15:58:55.0 (63321234)|STATEMENT_EXECUTE|[88]
15:58:55.0 (63327612)|HEAP_ALLOCATE|[EXTERNAL]|Bytes:4
15:58:55.0 (63336129)|HEAP_ALLOCATE|[87]|Bytes:5
15:58:55.0 (63343247)|HEAP_ALLOCATE|[87]|Bytes:16
15:58:55.0 (63347798)|VARIABLE_SCOPE_BEGIN|[87]|g|GroupMember|true|false
15:58:55.0 (63357917)|VARIABLE_ASSIGNMENT|[87]|g|{"GroupId":"00G1I000000aJ90UAE","Id":"0111I000000UDCfQAO","UserOrGroupId":"0051I000000JaV8QAK"}|0x5b223278
15:58:55.0 (63363177)|STATEMENT_EXECUTE|[87]
15:58:55.0 (63364733)|STATEMENT_EXECUTE|[88]
15:58:55.0 (63371103)|HEAP_ALLOCATE|[EXTERNAL]|Bytes:4
15:58:55.0 (63380061)|HEAP_ALLOCATE|[87]|Bytes:5
15:58:55.0 (63387532)|HEAP_ALLOCATE|[87]|Bytes:16
15:58:55.0 (63392051)|VARIABLE_SCOPE_BEGIN|[87]|g|GroupMember|true|false
15:58:55.0 (63402398)|VARIABLE_ASSIGNMENT|[87]|g|{"GroupId":"00G1I000000aJ95UAE","Id":"0111I000000UDCgQAO","UserOrGroupId":"0051I000000JaV8QAK"}|0x59ea3ac3
15:58:55.0 (63407556)|STATEMENT_EXECUTE|[87]
15:58:55.0 (63408993)|STATEMENT_EXECUTE|[88]
15:58:55.0 (63415370)|HEAP_ALLOCATE|[EXTERNAL]|Bytes:4
15:58:55.0 (63424402)|HEAP_ALLOCATE|[87]|Bytes:5
15:58:55.0 (63431380)|HEAP_ALLOCATE|[87]|Bytes:16
15:58:55.0 (63436246)|VARIABLE_SCOPE_BEGIN|[87]|g|GroupMember|true|false
15:58:55.0 (63446352)|VARIABLE_ASSIGNMENT|[87]|g|{"GroupId":"00G1I000000aJ9AUAU","Id":"0111I000000UDCjQAO","UserOrGroupId":"0051I000000JaV8QAK"}|0x4386ae0c
15:58:55.0 (63451644)|STATEMENT_EXECUTE|[87]
15:58:55.0 (63453070)|STATEMENT_EXECUTE|[88]
15:58:55.0 (63459332)|HEAP_ALLOCATE|[EXTERNAL]|Bytes:4
15:58:55.0 (63467863)|HEAP_ALLOCATE|[87]|Bytes:5
15:58:55.0 (63474895)|HEAP_ALLOCATE|[87]|Bytes:16
15:58:55.0 (63479423)|VARIABLE_SCOPE_BEGIN|[87]|g|GroupMember|true|false
15:58:55.0 (63489746)|VARIABLE_ASSIGNMENT|[87]|g|{"GroupId":"00G1I000000aJ9FUAU","Id":"0111I000000UDCdQAO","UserOrGroupId":"0051I000000JaV8QAK"}|0x5e97cc57
15:58:55.0 (63494833)|STATEMENT_EXECUTE|[87]
15:58:55.0 (63496265)|STATEMENT_EXECUTE|[88]
15:58:55.0 (63508141)|HEAP_ALLOCATE|[EXTERNAL]|Bytes:4
15:58:55.0 (63518023)|HEAP_ALLOCATE|[87]|Bytes:5
15:58:55.0 (63525431)|HEAP_ALLOCATE|[87]|Bytes:16
15:58:55.0 (63530304)|VARIABLE_SCOPE_BEGIN|[87]|g|GroupMember|true|false
15:58:55.0 (63540925)|VARIABLE_ASSIGNMENT|[87]|g|{"GroupId":"00G1I000000aJ9KUAU","Id":"0111I000000UDCeQAO","UserOrGroupId":"0051I000000JaV8QAK"}|0x146c840f
15:58:55.0 (63545831)|STATEMENT_EXECUTE|[87]
15:58:55.0 (63547300)|STATEMENT_EXECUTE|[88]
15:58:55.0 (63553727)|HEAP_ALLOCATE|[EXTERNAL]|Bytes:4
15:58:55.0 (63562709)|HEAP_ALLOCATE|[87]|Bytes:5
15:58:55.0 (63572896)|VARIABLE_ASSIGNMENT|[87]|g|null|
15:58:55.0 (63578839)|STATEMENT_EXECUTE|[92]
15:58:55.0 (63581937)|HEAP_ALLOCATE|[92]|Bytes:70
15:58:55.0 (63598324)|HEAP_ALLOCATE|[92]|Bytes:4
15:58:55.0 (63801134)|SOQL_EXECUTE_BEGIN|[92]|Aggregations:0|SELECT Id, Name FROM Group WHERE (Type = 'Regular' AND Id IN :tmpVar1)
15:58:55.0 (66426115)|SOQL_EXECUTE_END|[92]|Rows:11
15:58:55.0 (66479967)|HEAP_ALLOCATE|[92]|Bytes:48
15:58:55.0 (66553860)|HEAP_ALLOCATE|[92]|Bytes:456
15:58:55.0 (66629121)|HEAP_ALLOCATE|[92]|Bytes:48
15:58:55.0 (66675161)|VARIABLE_SCOPE_BEGIN|[92]|actualGroups|List<Group>|true|false
15:58:55.0 (66737199)|VARIABLE_ASSIGNMENT|[92]|actualGroups|"List of size 11 too large to display"|0x574da2d3
15:58:55.0 (66867426)|HEAP_ALLOCATE|[94]|Bytes:5
15:58:55.0 (66924337)|HEAP_ALLOCATE|[94]|Bytes:12
15:58:55.0 (66954879)|VARIABLE_SCOPE_BEGIN|[94]|ng|Group|true|false
15:58:55.0 (67014427)|VARIABLE_ASSIGNMENT|[94]|ng|{"Id":"00G1I000000OhKRUA0","Name":"Reviewers"}|0x30884021
15:58:55.0 (67026681)|STATEMENT_EXECUTE|[94]
15:58:55.0 (67054814)|STATEMENT_EXECUTE|[95]
15:58:55.0 (67244506)|HEAP_ALLOCATE|[EXTERNAL]|Bytes:4
15:58:55.0 (67299217)|HEAP_ALLOCATE|[94]|Bytes:5
15:58:55.0 (67338292)|HEAP_ALLOCATE|[94]|Bytes:12
15:58:55.0 (67353062)|VARIABLE_SCOPE_BEGIN|[94]|ng|Group|true|false
15:58:55.0 (67398311)|VARIABLE_ASSIGNMENT|[94]|ng|{"Id":"00G1I000000aJ8WUAU","Name":"CMH1"}|0x42cc2e62
15:58:55.0 (67422003)|STATEMENT_EXECUTE|[94]
15:58:55.0 (67424885)|STATEMENT_EXECUTE|[95]
15:58:55.0 (67502365)|HEAP_ALLOCATE|[EXTERNAL]|Bytes:4
15:58:55.0 (67551092)|HEAP_ALLOCATE|[94]|Bytes:5
15:58:55.0 (67583260)|HEAP_ALLOCATE|[94]|Bytes:12
15:58:55.0 (67614041)|VARIABLE_SCOPE_BEGIN|[94]|ng|Group|true|false
15:58:55.0 (67638228)|VARIABLE_ASSIGNMENT|[94]|ng|{"Id":"00G1I000000aJ8gUAE","Name":"DEN2"}|0x25d27a1a
15:58:55.0 (67671410)|STATEMENT_EXECUTE|[94]
15:58:55.0 (67674023)|STATEMENT_EXECUTE|[95]
15:58:55.0 (67722039)|HEAP_ALLOCATE|[EXTERNAL]|Bytes:4
15:58:55.0 (67763461)|HEAP_ALLOCATE|[94]|Bytes:5
15:58:55.0 (67791023)|HEAP_ALLOCATE|[94]|Bytes:12
15:58:55.0 (67821594)|VARIABLE_SCOPE_BEGIN|[94]|ng|Group|true|false
15:58:55.0 (67867805)|VARIABLE_ASSIGNMENT|[94]|ng|{"Id":"00G1I000000aJ8lUAE","Name":"CLT2"}|0xe5de4cc
15:58:55.0 (67891812)|STATEMENT_EXECUTE|[94]
15:58:55.0 (67895054)|STATEMENT_EXECUTE|[95]
15:58:55.0 (67937348)|HEAP_ALLOCATE|[EXTERNAL]|Bytes:4
15:58:55.0 (67971604)|HEAP_ALLOCATE|[94]|Bytes:5
15:58:55.0 (67992208)|HEAP_ALLOCATE|[94]|Bytes:12
15:58:55.0 (68023714)|VARIABLE_SCOPE_BEGIN|[94]|ng|Group|true|false
15:58:55.0 (68083039)|VARIABLE_ASSIGNMENT|[94]|ng|{"Id":"00G1I000000aJ8qUAE","Name":"AVP1"}|0x7c26246e
15:58:55.0 (68100517)|STATEMENT_EXECUTE|[94]
15:58:55.0 (68105457)|STATEMENT_EXECUTE|[95]
15:58:55.0 (68145540)|HEAP_ALLOCATE|[EXTERNAL]|Bytes:4
15:58:55.0 (68192970)|HEAP_ALLOCATE|[94]|Bytes:5
15:58:55.0 (68210048)|HEAP_ALLOCATE|[94]|Bytes:12
15:58:55.0 (68218316)|VARIABLE_SCOPE_BEGIN|[94]|ng|Group|true|false
15:58:55.0 (68257458)|VARIABLE_ASSIGNMENT|[94]|ng|{"Id":"00G1I000000aJ8vUAE","Name":"CAE1"}|0x5fbabab6
15:58:55.0 (68276870)|STATEMENT_EXECUTE|[94]
15:58:55.0 (68279051)|STATEMENT_EXECUTE|[95]
15:58:55.0 (68319164)|HEAP_ALLOCATE|[EXTERNAL]|Bytes:4
15:58:55.0 (68355068)|HEAP_ALLOCATE|[94]|Bytes:5
15:58:55.0 (68372414)|HEAP_ALLOCATE|[94]|Bytes:12
15:58:55.0 (68392894)|VARIABLE_SCOPE_BEGIN|[94]|ng|Group|true|false
15:58:55.0 (68419683)|VARIABLE_ASSIGNMENT|[94]|ng|{"Id":"00G1I000000aJ90UAE","Name":"BNA2"}|0x690e09f1
15:58:55.0 (68425504)|STATEMENT_EXECUTE|[94]
15:58:55.0 (68427100)|STATEMENT_EXECUTE|[95]
15:58:55.0 (68442827)|HEAP_ALLOCATE|[EXTERNAL]|Bytes:4
15:58:55.0 (68470280)|HEAP_ALLOCATE|[94]|Bytes:5
15:58:55.0 (68479712)|HEAP_ALLOCATE|[94]|Bytes:12
15:58:55.0 (68492826)|VARIABLE_SCOPE_BEGIN|[94]|ng|Group|true|false
15:58:55.0 (68530141)|VARIABLE_ASSIGNMENT|[94]|ng|{"Id":"00G1I000000aJ95UAE","Name":"BWI2"}|0x894fb98
15:58:55.0 (68540208)|STATEMENT_EXECUTE|[94]
15:58:55.0 (68542511)|STATEMENT_EXECUTE|[95]
15:58:55.0 (68590283)|HEAP_ALLOCATE|[EXTERNAL]|Bytes:4
15:58:55.0 (68621517)|HEAP_ALLOCATE|[94]|Bytes:5
15:58:55.0 (68648535)|HEAP_ALLOCATE|[94]|Bytes:12
15:58:55.0 (68657134)|VARIABLE_SCOPE_BEGIN|[94]|ng|Group|true|false
15:58:55.0 (68686829)|VARIABLE_ASSIGNMENT|[94]|ng|{"Id":"00G1I000000aJ9AUAU","Name":"CLT3"}|0x455cbbb0
15:58:55.0 (68703908)|STATEMENT_EXECUTE|[94]
15:58:55.0 (68706503)|STATEMENT_EXECUTE|[95]
15:58:55.0 (68741475)|HEAP_ALLOCATE|[EXTERNAL]|Bytes:4
15:58:55.0 (68788281)|HEAP_ALLOCATE|[94]|Bytes:5
15:58:55.0 (68812534)|HEAP_ALLOCATE|[94]|Bytes:12
15:58:55.0 (68823844)|VARIABLE_SCOPE_BEGIN|[94]|ng|Group|true|false
15:58:55.0 (68879635)|VARIABLE_ASSIGNMENT|[94]|ng|{"Id":"00G1I000000aJ9FUAU","Name":"BDL2"}|0x4f39d6a7
15:58:55.0 (68889632)|STATEMENT_EXECUTE|[94]
15:58:55.0 (68891927)|STATEMENT_EXECUTE|[95]
15:58:55.0 (68935742)|HEAP_ALLOCATE|[EXTERNAL]|Bytes:4
15:58:55.0 (68983086)|HEAP_ALLOCATE|[94]|Bytes:5
15:58:55.0 (69023464)|HEAP_ALLOCATE|[94]|Bytes:12
15:58:55.0 (69035778)|VARIABLE_SCOPE_BEGIN|[94]|ng|Group|true|false
15:58:55.0 (69103315)|VARIABLE_ASSIGNMENT|[94]|ng|{"Id":"00G1I000000aJ9KUAU","Name":"BFI5"}|0x56611f30
15:58:55.0 (69112687)|STATEMENT_EXECUTE|[94]
15:58:55.0 (69115091)|STATEMENT_EXECUTE|[95]
15:58:55.0 (69153214)|HEAP_ALLOCATE|[EXTERNAL]|Bytes:4
15:58:55.0 (69192467)|HEAP_ALLOCATE|[94]|Bytes:5
15:58:55.0 (69227835)|VARIABLE_ASSIGNMENT|[94]|ng|null|
15:58:55.0 (69251950)|STATEMENT_EXECUTE|[98]
15:58:55.0 (69276292)|SYSTEM_MODE_EXIT|false
15:58:55.0 (69623280)|SYSTEM_MODE_ENTER|true
15:58:55.0 (69767944)|HEAP_ALLOCATE|[EXTERNAL]|Bytes:48
15:58:55.0 (69775837)|HEAP_ALLOCATE|[EXTERNAL]|Bytes:20
15:58:55.0 (69804705)|VARIABLE_ASSIGNMENT|[EXTERNAL]|this.rightOptions|"List of size 11 too large to display"|0x16fa0ef9
15:58:55.0 (70331417)|SYSTEM_MODE_ENTER|true
15:58:55.0 (70457786)|SYSTEM_MODE_ENTER|true
15:58:55.0 (70768977)|SYSTEM_MODE_ENTER|true
15:58:55.0 (70898458)|HEAP_ALLOCATE|[EXTERNAL]|Bytes:20
15:58:55.0 (70916826)|HEAP_ALLOCATE|[EXTERNAL]|Bytes:99
15:58:55.0 (70983147)|VARIABLE_ASSIGNMENT|[EXTERNAL]|this|{"leftOptions":"0x78e8685d","rightOptions":"0x4e59f778"}|0x16fa0ef9
15:58:55.0 (71020119)|VARIABLE_ASSIGNMENT|[EXTERNAL]|value|"ABE2&ABE2&ABE4&ABE4& (79 more) ..."
15:58:55.0 (71081277)|SYSTEM_MODE_ENTER|false
15:58:55.0 (71124874)|HEAP_ALLOCATE|[25]|Bytes:5
15:58:55.0 (71133851)|STATEMENT_EXECUTE|[24]
15:58:55.0 (71148516)|STATEMENT_EXECUTE|[25]
15:58:55.0 (71164212)|VARIABLE_ASSIGNMENT|[25]|this.leftOptionsHidden|"ABE2&ABE2&ABE4&ABE4& (79 more) ..."|0x16fa0ef9
15:58:55.0 (71176683)|STATEMENT_EXECUTE|[26]
15:58:55.0 (71253073)|VARIABLE_ASSIGNMENT|[EXTERNAL]|this|{"leftOptions":"0x78e8685d","leftOptionsHidden":"ABE2&ABE2&ABE4&ABE4& (79 more) ...","rightOptions":"0x4e59f778"}|0x16fa0ef9
15:58:55.0 (71309477)|METHOD_ENTRY|[26]|01p1I00000G9Bhb|MultiselectController.setOptions(List<System.SelectOption>, String)
15:58:55.0 (71327667)|VARIABLE_SCOPE_BEGIN|[9]|this|MultiselectController|true|false
15:58:55.0 (71357950)|VARIABLE_ASSIGNMENT|[9]|this|{"leftOptions":"0x78e8685d","leftOptionsHidden":"ABE2&ABE2&ABE4&ABE4& (79 more) ...","rightOptions":"0x4e59f778"}|0x16fa0ef9
15:58:55.0 (71367332)|VARIABLE_SCOPE_BEGIN|[9]|options|List<System.SelectOption>|true|false
15:58:55.0 (71593880)|VARIABLE_ASSIGNMENT|[9]|options|"common.apex.runtime.impl.ScalarList@d4c51bda"|0x78e8685d
15:58:55.0 (71603135)|VARIABLE_SCOPE_BEGIN|[9]|value|String|false|false
15:58:55.0 (71622809)|VARIABLE_ASSIGNMENT|[9]|value|"ABE2&ABE2&ABE4&ABE4& (79 more) ..."
15:58:55.0 (71649944)|HEAP_ALLOCATE|[10]|Bytes:5
15:58:55.0 (71657935)|STATEMENT_EXECUTE|[9]
15:58:55.0 (71671837)|STATEMENT_EXECUTE|[10]
15:58:55.0 (71770359)|STATEMENT_EXECUTE|[11]
15:58:55.0 (71779658)|HEAP_ALLOCATE|[11]|Bytes:9
15:58:55.0 (71884975)|HEAP_ALLOCATE|[11]|Bytes:2
15:58:55.0 (71953152)|HEAP_ALLOCATE|[11]|Bytes:11
15:58:55.0 (71987343)|USER_DEBUG|[11]|DEBUG|options: ()
15:58:55.0 (71997938)|STATEMENT_EXECUTE|[12]
15:58:55.0 (72011894)|HEAP_ALLOCATE|[12]|Bytes:1
15:58:55.0 (72119055)|HEAP_ALLOCATE|[12]|Bytes:4
15:58:55.0 (72131260)|HEAP_ALLOCATE|[12]|Bytes:4
15:58:55.0 (72134583)|HEAP_ALLOCATE|[12]|Bytes:4
15:58:55.0 (72137221)|HEAP_ALLOCATE|[12]|Bytes:4
15:58:55.0 (72142533)|HEAP_ALLOCATE|[12]|Bytes:4
15:58:55.0 (72145280)|HEAP_ALLOCATE|[12]|Bytes:4
15:58:55.0 (72148120)|HEAP_ALLOCATE|[12]|Bytes:4
15:58:55.0 (72150922)|HEAP_ALLOCATE|[12]|Bytes:4
15:58:55.0 (72153521)|HEAP_ALLOCATE|[12]|Bytes:4
15:58:55.0 (72166073)|HEAP_ALLOCATE|[12]|Bytes:4
15:58:55.0 (72171034)|HEAP_ALLOCATE|[12]|Bytes:4
15:58:55.0 (72185679)|HEAP_ALLOCATE|[12]|Bytes:4
15:58:55.0 (72194631)|HEAP_ALLOCATE|[12]|Bytes:4
15:58:55.0 (72198934)|HEAP_ALLOCATE|[12]|Bytes:4
15:58:55.0 (72201569)|HEAP_ALLOCATE|[12]|Bytes:4
15:58:55.0 (72204505)|HEAP_ALLOCATE|[12]|Bytes:4
15:58:55.0 (72218629)|HEAP_ALLOCATE|[12]|Bytes:4
15:58:55.0 (72222001)|HEAP_ALLOCATE|[12]|Bytes:4
15:58:55.0 (72224911)|HEAP_ALLOCATE|[12]|Bytes:4
15:58:55.0 (72229849)|HEAP_ALLOCATE|[12]|Bytes:4
15:58:55.0 (72234625)|HEAP_ALLOCATE|[12]|Bytes:84
15:58:55.0 (72258347)|VARIABLE_SCOPE_BEGIN|[12]|parts|List<String>|true|false
15:58:55.0 (72307360)|HEAP_ALLOCATE|[EXTERNAL]|Bytes:84
15:58:55.0 (72325342)|VARIABLE_ASSIGNMENT|[12]|parts|"List of size 20 too large to display"|0x2c4c11e8
15:58:55.0 (72361334)|STATEMENT_EXECUTE|[13]
15:58:55.0 (72369368)|HEAP_ALLOCATE|[13]|Bytes:7
15:58:55.0 (72482719)|HEAP_ALLOCATE|[13]|Bytes:65
15:58:55.0 (72537068)|HEAP_ALLOCATE|[13]|Bytes:72
15:58:55.0 (72563964)|USER_DEBUG|[13]|DEBUG|parts: (ABE2, ABE2, ABE4, ABE4, ABE8, ABE8, BFI3, BFI3, BFI4, BFI4, ...)
15:58:55.0 (72584480)|STATEMENT_EXECUTE|[14]
15:58:55.0 (72590750)|VARIABLE_SCOPE_BEGIN|[14]|i|Integer|false|false
15:58:55.0 (72601542)|HEAP_ALLOCATE|[14]|Bytes:4
15:58:55.0 (72622245)|VARIABLE_ASSIGNMENT|[14]|i|0
15:58:55.0 (72678551)|STATEMENT_EXECUTE|[14]
15:58:55.0 (72694595)|STATEMENT_EXECUTE|[15]
15:58:55.0 (72702509)|HEAP_ALLOCATE|[15]|Bytes:21
15:58:55.0 (72793751)|HEAP_ALLOCATE|[15]|Bytes:1
15:58:55.0 (72838047)|HEAP_ALLOCATE|[15]|Bytes:22
15:58:55.0 (72851218)|USER_DEBUG|[15]|DEBUG|beginning iteration: 0
15:58:55.0 (72871923)|STATEMENT_EXECUTE|[16]
15:58:55.0 (72886868)|HEAP_ALLOCATE|[16]|Bytes:4
15:58:55.0 (72894429)|HEAP_ALLOCATE|[16]|Bytes:5
15:58:55.0 (73050253)|HEAP_ALLOCATE|[16]|Bytes:15
15:58:55.0 (73074820)|SYSTEM_METHOD_ENTRY|[1]|EncodingUtil.EncodingUtil()
15:58:55.0 (73081857)|STATEMENT_EXECUTE|[1]
15:58:55.0 (73091961)|SYSTEM_METHOD_EXIT|[1]|EncodingUtil
15:58:55.0 (73118090)|METHOD_ENTRY|[16]||System.EncodingUtil.urlDecode(String, String)
15:58:55.0 (73332616)|METHOD_EXIT|[16]||System.EncodingUtil.urlDecode(String, String)
15:58:55.0 (73370834)|HEAP_ALLOCATE|[17]|Bytes:4
15:58:55.0 (73406025)|METHOD_ENTRY|[17]||System.EncodingUtil.urlDecode(String, String)
15:58:55.0 (73479858)|METHOD_EXIT|[17]||System.EncodingUtil.urlDecode(String, String)
15:58:55.0 (73562556)|HEAP_ALLOCATE|[EXTERNAL]|Bytes:4
15:58:55.0 (73594892)|STATEMENT_EXECUTE|[18]
15:58:55.0 (73603875)|HEAP_ALLOCATE|[18]|Bytes:27
15:58:55.0 (73679291)|HEAP_ALLOCATE|[18]|Bytes:67
15:58:55.0 (73705660)|HEAP_ALLOCATE|[18]|Bytes:94
15:58:55.0 (73731230)|USER_DEBUG|[18]|DEBUG|option after Encoding Add: (System.SelectOption[value="ABE2", label="ABE2", disabled="false"])
15:58:55.0 (73750048)|HEAP_ALLOCATE|[14]|Bytes:4
15:58:55.0 (73767483)|VARIABLE_ASSIGNMENT|[14]|i|1
15:58:55.0 (73809828)|STATEMENT_EXECUTE|[14]
15:58:55.0 (73820047)|STATEMENT_EXECUTE|[15]
15:58:55.0 (73839726)|HEAP_ALLOCATE|[15]|Bytes:1
15:58:55.0 (73889011)|HEAP_ALLOCATE|[15]|Bytes:22
15:58:55.0 (73899096)|USER_DEBUG|[15]|DEBUG|beginning iteration: 1
15:58:55.0 (73923071)|STATEMENT_EXECUTE|[16]
15:58:55.0 (73933171)|HEAP_ALLOCATE|[16]|Bytes:4
15:58:55.0 (73949442)|METHOD_ENTRY|[16]||System.EncodingUtil.urlDecode(String, String)
15:58:55.0 (74013846)|METHOD_EXIT|[16]||System.EncodingUtil.urlDecode(String, String)
15:58:55.0 (74036514)|HEAP_ALLOCATE|[17]|Bytes:4
15:58:55.0 (74054482)|METHOD_ENTRY|[17]||System.EncodingUtil.urlDecode(String, String)
15:58:55.0 (74089339)|METHOD_EXIT|[17]||System.EncodingUtil.urlDecode(String, String)
15:58:55.0 (74109416)|HEAP_ALLOCATE|[EXTERNAL]|Bytes:4
15:58:55.0 (74116405)|STATEMENT_EXECUTE|[18]
15:58:55.0 (74146152)|HEAP_ALLOCATE|[18]|Bytes:134
15:58:55.0 (74168409)|HEAP_ALLOCATE|[18]|Bytes:161
15:58:55.0 (74177224)|USER_DEBUG|[18]|DEBUG|option after Encoding Add: (System.SelectOption[value="ABE2", label="ABE2", disabled="false"], System.SelectOption[value="ABE4", label="ABE4", disabled="false"])
15:58:55.0 (74197718)|HEAP_ALLOCATE|[14]|Bytes:4
15:58:55.0 (74207190)|VARIABLE_ASSIGNMENT|[14]|i|2
15:58:55.0 (74231408)|STATEMENT_EXECUTE|[14]
15:58:55.0 (74233347)|STATEMENT_EXECUTE|[15]
15:58:55.0 (74244216)|HEAP_ALLOCATE|[15]|Bytes:1
15:58:55.0 (74280513)|HEAP_ALLOCATE|[15]|Bytes:22
15:58:55.0 (74302741)|USER_DEBUG|[15]|DEBUG|beginning iteration: 2
15:58:55.0 (74313090)|STATEMENT_EXECUTE|[16]
15:58:55.0 (74326837)|HEAP_ALLOCATE|[16]|Bytes:4
15:58:55.0 (74340900)|METHOD_ENTRY|[16]||System.EncodingUtil.urlDecode(String, String)
15:58:55.0 (74422590)|METHOD_EXIT|[16]||System.EncodingUtil.urlDecode(String, String)
15:58:55.0 (74434645)|HEAP_ALLOCATE|[17]|Bytes:4
15:58:55.0 (74454628)|METHOD_ENTRY|[17]||System.EncodingUtil.urlDecode(String, String)
15:58:55.0 (74491616)|METHOD_EXIT|[17]||System.EncodingUtil.urlDecode(String, String)
15:58:55.0 (74512987)|HEAP_ALLOCATE|[EXTERNAL]|Bytes:4
15:58:55.0 (74525497)|STATEMENT_EXECUTE|[18]
15:58:55.0 (74552118)|HEAP_ALLOCATE|[18]|Bytes:201
15:58:55.0 (74571160)|HEAP_ALLOCATE|[18]|Bytes:228
15:58:55.0 (74581167)|USER_DEBUG|[18]|DEBUG|option after Encoding Add: (System.SelectOption[value="ABE2", label="ABE2", disabled="false"], System.SelectOption[value="ABE4", label="ABE4", disabled="false"], System.SelectOption[value="ABE8", label="ABE8", disabled="false"])
15:58:55.0 (74602703)|HEAP_ALLOCATE|[14]|Bytes:4
15:58:55.0 (74613238)|VARIABLE_ASSIGNMENT|[14]|i|3
15:58:55.0 (74635387)|STATEMENT_EXECUTE|[14]
15:58:55.0 (74648145)|STATEMENT_EXECUTE|[15]
15:58:55.0 (74669989)|HEAP_ALLOCATE|[15]|Bytes:1
15:58:55.0 (74681933)|HEAP_ALLOCATE|[15]|Bytes:22
15:58:55.0 (74688316)|USER_DEBUG|[15]|DEBUG|beginning iteration: 3
15:58:55.0 (74706117)|STATEMENT_EXECUTE|[16]
15:58:55.0 (74722650)|HEAP_ALLOCATE|[16]|Bytes:4
15:58:55.0 (74732603)|METHOD_ENTRY|[16]||System.EncodingUtil.urlDecode(String, String)
15:58:55.0 (74765075)|METHOD_EXIT|[16]||System.EncodingUtil.urlDecode(String, String)
15:58:55.0 (74772564)|HEAP_ALLOCATE|[17]|Bytes:4
15:58:55.0 (74778420)|METHOD_ENTRY|[17]||System.EncodingUtil.urlDecode(String, String)
15:58:55.0 (74852892)|METHOD_EXIT|[17]||System.EncodingUtil.urlDecode(String, String)
15:58:55.0 (74896659)|HEAP_ALLOCATE|[EXTERNAL]|Bytes:4
15:58:55.0 (74919177)|STATEMENT_EXECUTE|[18]
15:58:55.0 (74969871)|HEAP_ALLOCATE|[18]|Bytes:268
15:58:55.0 (75008698)|HEAP_ALLOCATE|[18]|Bytes:295
15:58:55.0 (75035141)|USER_DEBUG|[18]|DEBUG|option after Encoding Add: (System.SelectOption[value="ABE2", label="ABE2", disabled="false"], System.SelectOption[value="ABE4", label="ABE4", disabled="false"], System.SelectOption[value="ABE8", label="ABE8", disabled="false"], System.SelectOption[value="BFI3", label="BFI3", disabled="false"])
15:58:55.0 (75053590)|HEAP_ALLOCATE|[14]|Bytes:4
15:58:55.0 (75076826)|VARIABLE_ASSIGNMENT|[14]|i|4
15:58:55.0 (75128833)|STATEMENT_EXECUTE|[14]
15:58:55.0 (75138018)|STATEMENT_EXECUTE|[15]
15:58:55.0 (75162938)|HEAP_ALLOCATE|[15]|Bytes:1
15:58:55.0 (75200755)|HEAP_ALLOCATE|[15]|Bytes:22
15:58:55.0 (75221808)|USER_DEBUG|[15]|DEBUG|beginning iteration: 4
15:58:55.0 (75232755)|STATEMENT_EXECUTE|[16]
15:58:55.0 (75255471)|HEAP_ALLOCATE|[16]|Bytes:4
15:58:55.0 (75265655)|METHOD_ENTRY|[16]||System.EncodingUtil.urlDecode(String, String)
15:58:55.0 (75309769)|METHOD_EXIT|[16]||System.EncodingUtil.urlDecode(String, String)
15:58:55.0 (75316332)|HEAP_ALLOCATE|[17]|Bytes:4
15:58:55.0 (75322237)|METHOD_ENTRY|[17]||System.EncodingUtil.urlDecode(String, String)
15:58:55.0 (75354406)|METHOD_EXIT|[17]||System.EncodingUtil.urlDecode(String, String)
15:58:55.0 (75375208)|HEAP_ALLOCATE|[EXTERNAL]|Bytes:4
15:58:55.0 (75381848)|STATEMENT_EXECUTE|[18]
15:58:55.0 (75415701)|HEAP_ALLOCATE|[18]|Bytes:335
15:58:55.0 (75435208)|HEAP_ALLOCATE|[18]|Bytes:362
15:58:55.0 (75442739)|USER_DEBUG|[18]|DEBUG|option after Encoding Add: (System.SelectOption[value="ABE2", label="ABE2", disabled="false"], System.SelectOption[value="ABE4", label="ABE4", disabled="false"], System.SelectOption[value="ABE8", label="ABE8", disabled="false"], System.SelectOption[value="BFI3", label="BFI3", disabled="false"], System.SelectOption[value="BFI4", label="BFI4", disabled="false"])
15:58:55.0 (75455370)|HEAP_ALLOCATE|[14]|Bytes:4
15:58:55.0 (75464244)|VARIABLE_ASSIGNMENT|[14]|i|5
15:58:55.0 (75487293)|STATEMENT_EXECUTE|[14]
15:58:55.0 (75494638)|STATEMENT_EXECUTE|[15]
15:58:55.0 (75504493)|HEAP_ALLOCATE|[15]|Bytes:1
15:58:55.0 (75545460)|HEAP_ALLOCATE|[15]|Bytes:22
15:58:55.0 (75625019)|USER_DEBUG|[15]|DEBUG|beginning iteration: 5
15:58:55.0 (75675949)|STATEMENT_EXECUTE|[16]
15:58:55.0 (75687309)|HEAP_ALLOCATE|[16]|Bytes:4
15:58:55.0 (75740547)|METHOD_ENTRY|[16]||System.EncodingUtil.urlDecode(String, String)
15:58:55.0 (75803557)|METHOD_EXIT|[16]||System.EncodingUtil.urlDecode(String, String)
15:58:55.0 (75811931)|HEAP_ALLOCATE|[17]|Bytes:4
15:58:55.0 (75827969)|METHOD_ENTRY|[17]||System.EncodingUtil.urlDecode(String, String)
15:58:55.0 (75850082)|METHOD_EXIT|[17]||System.EncodingUtil.urlDecode(String, String)
15:58:55.0 (75868213)|HEAP_ALLOCATE|[EXTERNAL]|Bytes:4
15:58:55.0 (75875304)|STATEMENT_EXECUTE|[18]
15:58:55.0 (75895624)|HEAP_ALLOCATE|[18]|Bytes:402
15:58:55.0 (75925013)|HEAP_ALLOCATE|[18]|Bytes:429
15:58:55.0 (75934887)|USER_DEBUG|[18]|DEBUG|option after Encoding Add: (System.SelectOption[value="ABE2", label="ABE2", disabled="false"], System.SelectOption[value="ABE4", label="ABE4", disabled="false"], System.SelectOption[value="ABE8", label="ABE8", disabled="false"], System.SelectOption[value="BFI3", label="BFI3", disabled="false"], System.SelectOption[value="BFI4", label="BFI4", disabled="false"], System.SelectOption[value="BNA2", label="BNA2", disabled="false"])
15:58:55.0 (75946063)|HEAP_ALLOCATE|[14]|Bytes:4
15:58:55.0 (75963421)|VARIABLE_ASSIGNMENT|[14]|i|6
15:58:55.0 (75989669)|STATEMENT_EXECUTE|[14]
15:58:55.0 (75992344)|STATEMENT_EXECUTE|[15]
15:58:55.0 (76020984)|HEAP_ALLOCATE|[15]|Bytes:1
15:58:55.0 (76036788)|HEAP_ALLOCATE|[15]|Bytes:22
15:58:55.0 (76043677)|USER_DEBUG|[15]|DEBUG|beginning iteration: 6
15:58:55.0 (76069896)|STATEMENT_EXECUTE|[16]
15:58:55.0 (76106262)|HEAP_ALLOCATE|[16]|Bytes:4
15:58:55.0 (76118261)|METHOD_ENTRY|[16]||System.EncodingUtil.urlDecode(String, String)
15:58:55.0 (76151472)|METHOD_EXIT|[16]||System.EncodingUtil.urlDecode(String, String)
15:58:55.0 (76172804)|HEAP_ALLOCATE|[17]|Bytes:4
15:58:55.0 (76179546)|METHOD_ENTRY|[17]||System.EncodingUtil.urlDecode(String, String)
15:58:55.0 (76229631)|METHOD_EXIT|[17]||System.EncodingUtil.urlDecode(String, String)
15:58:55.0 (76241750)|HEAP_ALLOCATE|[EXTERNAL]|Bytes:4
15:58:55.0 (76247837)|STATEMENT_EXECUTE|[18]
15:58:55.0 (76280851)|HEAP_ALLOCATE|[18]|Bytes:469
15:58:55.0 (76306945)|HEAP_ALLOCATE|[18]|Bytes:496
15:58:55.0 (76320923)|USER_DEBUG|[18]|DEBUG|option after Encoding Add: (System.SelectOption[value="ABE2", label="ABE2", disabled="false"], System.SelectOption[value="ABE4", label="ABE4", disabled="false"], System.SelectOption[value="ABE8", label="ABE8", disabled="false"], System.SelectOption[value="BFI3", label="BFI3", disabled="false"], System.SelectOption[value="BFI4", label="BFI4", disabled="false"], System.SelectOption[value="BNA2", label="BNA2", disabled="false"], System.SelectOption[value="BWI2", label="BWI2", disabled="false"])
15:58:55.0 (76352405)|HEAP_ALLOCATE|[14]|Bytes:4
15:58:55.0 (76361105)|VARIABLE_ASSIGNMENT|[14]|i|7
15:58:55.0 (76420615)|STATEMENT_EXECUTE|[14]
15:58:55.0 (76422868)|STATEMENT_EXECUTE|[15]
15:58:55.0 (76433435)|HEAP_ALLOCATE|[15]|Bytes:1
15:58:55.0 (76456983)|HEAP_ALLOCATE|[15]|Bytes:22
15:58:55.0 (76476766)|USER_DEBUG|[15]|DEBUG|beginning iteration: 7
15:58:55.0 (76486101)|STATEMENT_EXECUTE|[16]
15:58:55.0 (76498764)|HEAP_ALLOCATE|[16]|Bytes:4
15:58:55.0 (76507366)|METHOD_ENTRY|[16]||System.EncodingUtil.urlDecode(String, String)
15:58:55.0 (76550980)|METHOD_EXIT|[16]||System.EncodingUtil.urlDecode(String, String)
15:58:55.0 (76567103)|HEAP_ALLOCATE|[17]|Bytes:4
15:58:55.0 (76579283)|METHOD_ENTRY|[17]||System.EncodingUtil.urlDecode(String, String)
15:58:55.0 (76644287)|METHOD_EXIT|[17]||System.EncodingUtil.urlDecode(String, String)
15:58:55.0 (76658964)|HEAP_ALLOCATE|[EXTERNAL]|Bytes:4
15:58:55.0 (76693544)|STATEMENT_EXECUTE|[18]
15:58:55.0 (76747171)|HEAP_ALLOCATE|[18]|Bytes:536
15:58:55.0 (76771053)|HEAP_ALLOCATE|[18]|Bytes:563
15:58:55.0 (76791706)|USER_DEBUG|[18]|DEBUG|option after Encoding Add: (System.SelectOption[value="ABE2", label="ABE2", disabled="false"], System.SelectOption[value="ABE4", label="ABE4", disabled="false"], System.SelectOption[value="ABE8", label="ABE8", disabled="false"], System.SelectOption[value="BFI3", label="BFI3", disabled="false"], System.SelectOption[value="BFI4", label="BFI4", disabled="false"], System.SelectOption[value="BNA2", label="BNA2", disabled="false"], System.SelectOption[value="BWI2", label="BWI2", disabled="false"], System.SelectOption[value="CLT3", label="CLT3", disabled="false"])
15:58:55.0 (76808148)|HEAP_ALLOCATE|[14]|Bytes:4
15:58:55.0 (76819115)|VARIABLE_ASSIGNMENT|[14]|i|8
15:58:55.0 (76857835)|STATEMENT_EXECUTE|[14]
15:58:55.0 (76860276)|STATEMENT_EXECUTE|[15]
15:58:55.0 (76877152)|HEAP_ALLOCATE|[15]|Bytes:1
15:58:55.0 (76915868)|HEAP_ALLOCATE|[15]|Bytes:22
15:58:55.0 (76929009)|USER_DEBUG|[15]|DEBUG|beginning iteration: 8
15:58:55.0 (76935884)|STATEMENT_EXECUTE|[16]
15:58:55.0 (76951231)|HEAP_ALLOCATE|[16]|Bytes:4
15:58:55.0 (76960155)|METHOD_ENTRY|[16]||System.EncodingUtil.urlDecode(String, String)
15:58:55.0 (77004732)|METHOD_EXIT|[16]||System.EncodingUtil.urlDecode(String, String)
15:58:55.0 (77013780)|HEAP_ALLOCATE|[17]|Bytes:4
15:58:55.0 (77040352)|METHOD_ENTRY|[17]||System.EncodingUtil.urlDecode(String, String)
15:58:55.0 (77063908)|METHOD_EXIT|[17]||System.EncodingUtil.urlDecode(String, String)
15:58:55.0 (77105402)|HEAP_ALLOCATE|[EXTERNAL]|Bytes:4
15:58:55.0 (77115656)|STATEMENT_EXECUTE|[18]
15:58:55.0 (77157545)|HEAP_ALLOCATE|[18]|Bytes:603
15:58:55.0 (77176425)|HEAP_ALLOCATE|[18]|Bytes:630
15:58:55.0 (77189839)|USER_DEBUG|[18]|DEBUG|option after Encoding Add: (System.SelectOption[value="ABE2", label="ABE2", disabled="false"], System.SelectOption[value="ABE4", label="ABE4", disabled="false"], System.SelectOption[value="ABE8", label="ABE8", disabled="false"], System.SelectOption[value="BFI3", label="BFI3", disabled="false"], System.SelectOption[value="BFI4", label="BFI4", disabled="false"], System.SelectOption[value="BNA2", label="BNA2", disabled="false"], System.SelectOption[value="BWI2", label="BWI2", disabled="false"], System.SelectOption[value="CLT3", label="CLT3", disabled="false"], System.SelectOption[value="BDL2", label="BDL2", disabled="false"])
15:58:55.0 (77213056)|HEAP_ALLOCATE|[14]|Bytes:4
15:58:55.0 (77234148)|VARIABLE_ASSIGNMENT|[14]|i|9
15:58:55.0 (77257932)|STATEMENT_EXECUTE|[14]
15:58:55.0 (77259857)|STATEMENT_EXECUTE|[15]
15:58:55.0 (77296433)|HEAP_ALLOCATE|[15]|Bytes:1
15:58:55.0 (77323840)|HEAP_ALLOCATE|[15]|Bytes:22
15:58:55.0 (77331398)|USER_DEBUG|[15]|DEBUG|beginning iteration: 9
15:58:55.0 (77337764)|STATEMENT_EXECUTE|[16]
15:58:55.0 (77353126)|HEAP_ALLOCATE|[16]|Bytes:4
15:58:55.0 (77370114)|METHOD_ENTRY|[16]||System.EncodingUtil.urlDecode(String, String)
15:58:55.0 (77395347)|METHOD_EXIT|[16]||System.EncodingUtil.urlDecode(String, String)
15:58:55.0 (77410088)|HEAP_ALLOCATE|[17]|Bytes:4
15:58:55.0 (77416626)|METHOD_ENTRY|[17]||System.EncodingUtil.urlDecode(String, String)
15:58:55.0 (77459151)|METHOD_EXIT|[17]||System.EncodingUtil.urlDecode(String, String)
15:58:55.0 (77479700)|HEAP_ALLOCATE|[EXTERNAL]|Bytes:4
15:58:55.0 (77493821)|STATEMENT_EXECUTE|[18]
15:58:55.0 (77515317)|HEAP_ALLOCATE|[18]|Bytes:670
15:58:55.0 (77533920)|HEAP_ALLOCATE|[18]|Bytes:697
15:58:55.0 (77541028)|USER_DEBUG|[18]|DEBUG|option after Encoding Add: (System.SelectOption[value="ABE2", label="ABE2", disabled="false"], System.SelectOption[value="ABE4", label="ABE4", disabled="false"], System.SelectOption[value="ABE8", label="ABE8", disabled="false"], System.SelectOption[value="BFI3", label="BFI3", disabled="false"], System.SelectOption[value="BFI4", label="BFI4", disabled="false"], System.SelectOption[value="BNA2", label="BNA2", disabled="false"], System.SelectOption[value="BWI2", label="BWI2", disabled="false"], System.SelectOption[value="CLT3", label="CLT3", disabled="false"], System.SelectOption[value="BDL2", label="BDL2", disabled="false"], System.SelectOption[value="BFI5", label="BFI5", disabled="false"])
15:58:55.0 (77574110)|HEAP_ALLOCATE|[14]|Bytes:4
15:58:55.0 (77581178)|VARIABLE_ASSIGNMENT|[14]|i|10
15:58:55.0 (77619739)|METHOD_EXIT|[26]|01p1I00000G9Bhb|MultiselectController.setOptions(List<System.SelectOption>, String)
15:58:55.0 (77636919)|SYSTEM_MODE_EXIT|false
15:58:55.0 (77803664)|SYSTEM_MODE_ENTER|true
15:58:55.0 (77914736)|HEAP_ALLOCATE|[EXTERNAL]|Bytes:20
15:58:55.0 (77921764)|HEAP_ALLOCATE|[EXTERNAL]|Bytes:69
15:58:55.0 (77987439)|VARIABLE_ASSIGNMENT|[EXTERNAL]|this|{"leftOptions":"0x78e8685d","leftOptionsHidden":"ABE2&ABE2&ABE4&ABE4& (79 more) ...","rightOptions":"0x4e59f778"}|0x16fa0ef9
15:58:55.0 (78004749)|VARIABLE_ASSIGNMENT|[EXTERNAL]|value|"Reviewers&Reviewers& (49 more) ..."
15:58:55.0 (78063627)|SYSTEM_MODE_ENTER|false
15:58:55.0 (78076333)|HEAP_ALLOCATE|[33]|Bytes:5
15:58:55.0 (78081972)|STATEMENT_EXECUTE|[32]
15:58:55.0 (78083871)|STATEMENT_EXECUTE|[33]
15:58:55.0 (78099551)|VARIABLE_ASSIGNMENT|[33]|this.rightOptionsHidden|"Reviewers&Reviewers& (49 more) ..."|0x16fa0ef9
15:58:55.0 (78108173)|STATEMENT_EXECUTE|[34]
15:58:55.0 (78198689)|VARIABLE_ASSIGNMENT|[EXTERNAL]|this|{"leftOptions":"0x78e8685d","leftOptionsHidden":"ABE2&ABE2&ABE4&ABE4& (79 more) ...","rightOptions":"0x4e59f778","rightOptionsHidden":"Reviewers&Reviewers& (49 more) ..."}|0x16fa0ef9
15:58:55.0 (78235987)|METHOD_ENTRY|[34]|01p1I00000G9Bhb|MultiselectController.setOptions(List<System.SelectOption>, String)
15:58:55.0 (78252848)|VARIABLE_SCOPE_BEGIN|[9]|this|MultiselectController|true|false
15:58:55.0 (78274933)|VARIABLE_ASSIGNMENT|[9]|this|{"leftOptions":"0x78e8685d","leftOptionsHidden":"ABE2&ABE2&ABE4&ABE4& (79 more) ...","rightOptions":"0x4e59f778","rightOptionsHidden":"Reviewers&Reviewers& (49 more) ..."}|0x16fa0ef9
15:58:55.0 (78291252)|VARIABLE_SCOPE_BEGIN|[9]|options|List<System.SelectOption>|true|false
15:58:55.0 (78314166)|VARIABLE_ASSIGNMENT|[9]|options|"List of size 11 too large to display"|0x4e59f778
15:58:55.0 (78319761)|VARIABLE_SCOPE_BEGIN|[9]|value|String|false|false
15:58:55.0 (78330156)|VARIABLE_ASSIGNMENT|[9]|value|"Reviewers&Reviewers& (49 more) ..."
15:58:55.0 (78354186)|HEAP_ALLOCATE|[10]|Bytes:5
15:58:55.0 (78359234)|STATEMENT_EXECUTE|[9]
15:58:55.0 (78370397)|STATEMENT_EXECUTE|[10]
15:58:55.0 (78389591)|STATEMENT_EXECUTE|[11]
15:58:55.0 (78438147)|HEAP_ALLOCATE|[11]|Bytes:2
15:58:55.0 (78482891)|HEAP_ALLOCATE|[11]|Bytes:11
15:58:55.0 (78495609)|USER_DEBUG|[11]|DEBUG|options: ()
15:58:55.0 (78542553)|STATEMENT_EXECUTE|[12]
15:58:55.0 (78604427)|HEAP_ALLOCATE|[12]|Bytes:9
15:58:55.0 (78610161)|HEAP_ALLOCATE|[12]|Bytes:9
15:58:55.0 (78612928)|HEAP_ALLOCATE|[12]|Bytes:4
15:58:55.0 (78624604)|HEAP_ALLOCATE|[12]|Bytes:4
15:58:55.0 (78629758)|HEAP_ALLOCATE|[12]|Bytes:4
15:58:55.0 (78632938)|HEAP_ALLOCATE|[12]|Bytes:4
15:58:55.0 (78636109)|HEAP_ALLOCATE|[12]|Bytes:4
15:58:55.0 (78638835)|HEAP_ALLOCATE|[12]|Bytes:4
15:58:55.0 (78648678)|HEAP_ALLOCATE|[12]|Bytes:4
15:58:55.0 (78651835)|HEAP_ALLOCATE|[12]|Bytes:4
15:58:55.0 (78656119)|HEAP_ALLOCATE|[12]|Bytes:4
15:58:55.0 (78659319)|HEAP_ALLOCATE|[12]|Bytes:4
15:58:55.0 (78663688)|HEAP_ALLOCATE|[12]|Bytes:52
15:58:55.0 (78688656)|VARIABLE_SCOPE_BEGIN|[12]|parts|List<String>|true|false
15:58:55.0 (78759712)|HEAP_ALLOCATE|[EXTERNAL]|Bytes:52
15:58:55.0 (78772833)|VARIABLE_ASSIGNMENT|[12]|parts|"List of size 12 too large to display"|0x53eabd8
15:58:55.0 (78786626)|STATEMENT_EXECUTE|[13]
15:58:55.0 (78812454)|HEAP_ALLOCATE|[13]|Bytes:75
15:58:55.0 (78825671)|HEAP_ALLOCATE|[13]|Bytes:82
15:58:55.0 (78833139)|USER_DEBUG|[13]|DEBUG|parts: (Reviewers, Reviewers, CMH1, CMH1, DEN2, DEN2, CLT2, CLT2, AVP1, AVP1, ...)
15:58:55.0 (78853390)|STATEMENT_EXECUTE|[14]
15:58:55.0 (78856954)|VARIABLE_SCOPE_BEGIN|[14]|i|Integer|false|false
15:58:55.0 (78872048)|HEAP_ALLOCATE|[14]|Bytes:4
15:58:55.0 (78880795)|VARIABLE_ASSIGNMENT|[14]|i|0
15:58:55.0 (78908888)|STATEMENT_EXECUTE|[14]
15:58:55.0 (78910845)|STATEMENT_EXECUTE|[15]
15:58:55.0 (78922208)|HEAP_ALLOCATE|[15]|Bytes:1
15:58:55.0 (78940135)|HEAP_ALLOCATE|[15]|Bytes:22
15:58:55.0 (78948659)|USER_DEBUG|[15]|DEBUG|beginning iteration: 0
15:58:55.0 (78955151)|STATEMENT_EXECUTE|[16]
15:58:55.0 (78962705)|HEAP_ALLOCATE|[16]|Bytes:9
15:58:55.0 (78973329)|METHOD_ENTRY|[16]||System.EncodingUtil.urlDecode(String, String)
15:58:55.0 (79003209)|METHOD_EXIT|[16]||System.EncodingUtil.urlDecode(String, String)
15:58:55.0 (79010412)|HEAP_ALLOCATE|[17]|Bytes:9
15:58:55.0 (79016209)|METHOD_ENTRY|[17]||System.EncodingUtil.urlDecode(String, String)
15:58:55.0 (79038670)|METHOD_EXIT|[17]||System.EncodingUtil.urlDecode(String, String)
15:58:55.0 (79049828)|HEAP_ALLOCATE|[EXTERNAL]|Bytes:4
15:58:55.0 (79055753)|STATEMENT_EXECUTE|[18]
15:58:55.0 (79072006)|HEAP_ALLOCATE|[18]|Bytes:77
15:58:55.0 (79084052)|HEAP_ALLOCATE|[18]|Bytes:104
15:58:55.0 (79091331)|USER_DEBUG|[18]|DEBUG|option after Encoding Add: (System.SelectOption[value="Reviewers", label="Reviewers", disabled="false"])
15:58:55.0 (79098490)|HEAP_ALLOCATE|[14]|Bytes:4
15:58:55.0 (79107136)|VARIABLE_ASSIGNMENT|[14]|i|1
15:58:55.0 (79118107)|STATEMENT_EXECUTE|[14]
15:58:55.0 (79120128)|STATEMENT_EXECUTE|[15]
15:58:55.0 (79130382)|HEAP_ALLOCATE|[15]|Bytes:1
15:58:55.0 (79139509)|HEAP_ALLOCATE|[15]|Bytes:22
15:58:55.0 (79145746)|USER_DEBUG|[15]|DEBUG|beginning iteration: 1
15:58:55.0 (79154074)|STATEMENT_EXECUTE|[16]
15:58:55.0 (79158162)|HEAP_ALLOCATE|[16]|Bytes:4
15:58:55.0 (79164277)|METHOD_ENTRY|[16]||System.EncodingUtil.urlDecode(String, String)
15:58:55.0 (79187063)|METHOD_EXIT|[16]||System.EncodingUtil.urlDecode(String, String)
15:58:55.0 (79192292)|HEAP_ALLOCATE|[17]|Bytes:4
15:58:55.0 (79197358)|METHOD_ENTRY|[17]||System.EncodingUtil.urlDecode(String, String)
15:58:55.0 (79217465)|METHOD_EXIT|[17]||System.EncodingUtil.urlDecode(String, String)
15:58:55.0 (79226461)|HEAP_ALLOCATE|[EXTERNAL]|Bytes:4
15:58:55.0 (79234278)|STATEMENT_EXECUTE|[18]
15:58:55.0 (79246713)|HEAP_ALLOCATE|[18]|Bytes:144
15:58:55.0 (79255288)|HEAP_ALLOCATE|[18]|Bytes:171
15:58:55.0 (79262017)|USER_DEBUG|[18]|DEBUG|option after Encoding Add: (System.SelectOption[value="Reviewers", label="Reviewers", disabled="false"], System.SelectOption[value="CMH1", label="CMH1", disabled="false"])
15:58:55.0 (79269838)|HEAP_ALLOCATE|[14]|Bytes:4
15:58:55.0 (79275954)|VARIABLE_ASSIGNMENT|[14]|i|2
15:58:55.0 (79286844)|STATEMENT_EXECUTE|[14]
15:58:55.0 (79288413)|STATEMENT_EXECUTE|[15]
15:58:55.0 (79295939)|HEAP_ALLOCATE|[15]|Bytes:1
15:58:55.0 (79304927)|HEAP_ALLOCATE|[15]|Bytes:22
15:58:55.0 (79310991)|USER_DEBUG|[15]|DEBUG|beginning iteration: 2
15:58:55.0 (79316730)|STATEMENT_EXECUTE|[16]
15:58:55.0 (79320769)|HEAP_ALLOCATE|[16]|Bytes:4
15:58:55.0 (79326529)|METHOD_ENTRY|[16]||System.EncodingUtil.urlDecode(String, String)
15:58:55.0 (79345349)|METHOD_EXIT|[16]||System.EncodingUtil.urlDecode(String, String)
15:58:55.0 (79349951)|HEAP_ALLOCATE|[17]|Bytes:4
15:58:55.0 (79354996)|METHOD_ENTRY|[17]||System.EncodingUtil.urlDecode(String, String)
15:58:55.0 (79371075)|METHOD_EXIT|[17]||System.EncodingUtil.urlDecode(String, String)
15:58:55.0 (79379858)|HEAP_ALLOCATE|[EXTERNAL]|Bytes:4
15:58:55.0 (79385170)|STATEMENT_EXECUTE|[18]
15:58:55.0 (79397352)|HEAP_ALLOCATE|[18]|Bytes:211
15:58:55.0 (79405983)|HEAP_ALLOCATE|[18]|Bytes:238
15:58:55.0 (79411641)|USER_DEBUG|[18]|DEBUG|option after Encoding Add: (System.SelectOption[value="Reviewers", label="Reviewers", disabled="false"], System.SelectOption[value="CMH1", label="CMH1", disabled="false"], System.SelectOption[value="DEN2", label="DEN2", disabled="false"])
15:58:55.0 (79419760)|HEAP_ALLOCATE|[14]|Bytes:4
15:58:55.0 (79425858)|VARIABLE_ASSIGNMENT|[14]|i|3
15:58:55.0 (79436254)|STATEMENT_EXECUTE|[14]
15:58:55.0 (79437825)|STATEMENT_EXECUTE|[15]
15:58:55.0 (79445372)|HEAP_ALLOCATE|[15]|Bytes:1
15:58:55.0 (79454005)|HEAP_ALLOCATE|[15]|Bytes:22
15:58:55.0 (79461423)|USER_DEBUG|[15]|DEBUG|beginning iteration: 3
15:58:55.0 (79468767)|STATEMENT_EXECUTE|[16]
15:58:55.0 (79472882)|HEAP_ALLOCATE|[16]|Bytes:4
15:58:55.0 (79478609)|METHOD_ENTRY|[16]||System.EncodingUtil.urlDecode(String, String)
15:58:55.0 (79497775)|METHOD_EXIT|[16]||System.EncodingUtil.urlDecode(String, String)
15:58:55.0 (79502514)|HEAP_ALLOCATE|[17]|Bytes:4
15:58:55.0 (79507200)|METHOD_ENTRY|[17]||System.EncodingUtil.urlDecode(String, String)
15:58:55.0 (79523604)|METHOD_EXIT|[17]||System.EncodingUtil.urlDecode(String, String)
15:58:55.0 (79531427)|HEAP_ALLOCATE|[EXTERNAL]|Bytes:4
15:58:55.0 (79537215)|STATEMENT_EXECUTE|[18]
15:58:55.0 (79549465)|HEAP_ALLOCATE|[18]|Bytes:278
15:58:55.0 (79558736)|HEAP_ALLOCATE|[18]|Bytes:305
15:58:55.0 (79564415)|USER_DEBUG|[18]|DEBUG|option after Encoding Add: (System.SelectOption[value="Reviewers", label="Reviewers", disabled="false"], System.SelectOption[value="CMH1", label="CMH1", disabled="false"], System.SelectOption[value="DEN2", label="DEN2", disabled="false"], System.SelectOption[value="CLT2", label="CLT2", disabled="false"])
15:58:55.0 (79573242)|HEAP_ALLOCATE|[14]|Bytes:4
15:58:55.0 (79666137)|VARIABLE_ASSIGNMENT|[14]|i|4
15:58:55.0 (79678080)|STATEMENT_EXECUTE|[14]
15:58:55.0 (79679872)|STATEMENT_EXECUTE|[15]
15:58:55.0 (79688805)|HEAP_ALLOCATE|[15]|Bytes:1
15:58:55.0 (79730607)|HEAP_ALLOCATE|[15]|Bytes:22
15:58:55.0 (79738011)|USER_DEBUG|[15]|DEBUG|beginning iteration: 4
15:58:55.0 (79743667)|STATEMENT_EXECUTE|[16]
15:58:55.0 (79748377)|HEAP_ALLOCATE|[16]|Bytes:4
15:58:55.0 (79754882)|METHOD_ENTRY|[16]||System.EncodingUtil.urlDecode(String, String)
15:58:55.0 (79794196)|METHOD_EXIT|[16]||System.EncodingUtil.urlDecode(String, String)
15:58:55.0 (79807027)|HEAP_ALLOCATE|[17]|Bytes:4
15:58:55.0 (79812866)|METHOD_ENTRY|[17]||System.EncodingUtil.urlDecode(String, String)
15:58:55.0 (79831130)|METHOD_EXIT|[17]||System.EncodingUtil.urlDecode(String, String)
15:58:55.0 (79861999)|HEAP_ALLOCATE|[EXTERNAL]|Bytes:4
15:58:55.0 (79881974)|STATEMENT_EXECUTE|[18]
15:58:55.0 (79897953)|HEAP_ALLOCATE|[18]|Bytes:345
15:58:55.0 (79918326)|HEAP_ALLOCATE|[18]|Bytes:372
15:58:55.0 (79947339)|USER_DEBUG|[18]|DEBUG|option after Encoding Add: (System.SelectOption[value="Reviewers", label="Reviewers", disabled="false"], System.SelectOption[value="CMH1", label="CMH1", disabled="false"], System.SelectOption[value="DEN2", label="DEN2", disabled="false"], System.SelectOption[value="CLT2", label="CLT2", disabled="false"], System.SelectOption[value="AVP1", label="AVP1", disabled="false"])
15:58:55.0 (79967386)|HEAP_ALLOCATE|[14]|Bytes:4
15:58:55.0 (79991160)|VARIABLE_ASSIGNMENT|[14]|i|5
15:58:55.0 (80004312)|STATEMENT_EXECUTE|[14]
15:58:55.0 (80014508)|STATEMENT_EXECUTE|[15]
15:58:55.0 (80026405)|HEAP_ALLOCATE|[15]|Bytes:1
15:58:55.0 (80046044)|HEAP_ALLOCATE|[15]|Bytes:22
15:58:55.0 (80056092)|USER_DEBUG|[15]|DEBUG|beginning iteration: 5
15:58:55.0 (80062660)|STATEMENT_EXECUTE|[16]
15:58:55.0 (80067716)|HEAP_ALLOCATE|[16]|Bytes:4
15:58:55.0 (80074515)|METHOD_ENTRY|[16]||System.EncodingUtil.urlDecode(String, String)
15:58:55.0 (80115563)|METHOD_EXIT|[16]||System.EncodingUtil.urlDecode(String, String)
15:58:55.0 (80130478)|HEAP_ALLOCATE|[17]|Bytes:4
15:58:55.0 (80137037)|METHOD_ENTRY|[17]||System.EncodingUtil.urlDecode(String, String)
15:58:55.0 (80165935)|METHOD_EXIT|[17]||System.EncodingUtil.urlDecode(String, String)
15:58:55.0 (80185807)|HEAP_ALLOCATE|[EXTERNAL]|Bytes:4
15:58:55.0 (80192052)|STATEMENT_EXECUTE|[18]
15:58:55.0 (80217504)|HEAP_ALLOCATE|[18]|Bytes:412
15:58:55.0 (80237865)|HEAP_ALLOCATE|[18]|Bytes:439
15:58:55.0 (80247273)|USER_DEBUG|[18]|DEBUG|option after Encoding Add: (System.SelectOption[value="Reviewers", label="Reviewers", disabled="false"], System.SelectOption[value="CMH1", label="CMH1", disabled="false"], System.SelectOption[value="DEN2", label="DEN2", disabled="false"], System.SelectOption[value="CLT2", label="CLT2", disabled="false"], System.SelectOption[value="AVP1", label="AVP1", disabled="false"], System.SelectOption[value="CAE1", label="CAE1", disabled="false"])
15:58:55.0 (80267136)|HEAP_ALLOCATE|[14]|Bytes:4
15:58:55.0 (80276061)|VARIABLE_ASSIGNMENT|[14]|i|6
15:58:55.0 (80323690)|METHOD_EXIT|[34]|01p1I00000G9Bhb|MultiselectController.setOptions(List<System.SelectOption>, String)
15:58:55.0 (80337175)|SYSTEM_MODE_EXIT|false
15:58:55.0 (80614495)|SYSTEM_MODE_ENTER|true
15:58:55.0 (80701394)|HEAP_ALLOCATE|[EXTERNAL]|Bytes:44
15:58:55.0 (80727461)|HEAP_ALLOCATE|[EXTERNAL]|Bytes:20
15:58:55.0 (80743111)|VARIABLE_ASSIGNMENT|[EXTERNAL]|this.leftOptions|"List of size 10 too large to display"|0x16fa0ef9
15:58:55.0 (80908122)|SYSTEM_MODE_ENTER|true
15:58:55.0 (80958954)|HEAP_ALLOCATE|[EXTERNAL]|Bytes:28
15:58:55.0 (80967120)|HEAP_ALLOCATE|[EXTERNAL]|Bytes:20
15:58:55.0 (80984869)|VARIABLE_ASSIGNMENT|[EXTERNAL]|this.rightOptions|"List of size 6 too large to display"|0x16fa0ef9
15:58:55.0 (81365498)|HEAP_ALLOCATE|[EXTERNAL]|Bytes:36
15:58:55.0 (81380381)|VARIABLE_SCOPE_BEGIN|[103]|this|OpsHR_ContactDriverController|true|false
15:58:55.0 (81440506)|VARIABLE_ASSIGNMENT|[103]|this|{"recordTypes":"0x4ecae54d"}|0xb3218cd
15:58:55.0 (81463541)|SYSTEM_MODE_ENTER|false
15:58:55.0 (81472893)|HEAP_ALLOCATE|[104]|Bytes:5
15:58:55.0 (81494262)|STATEMENT_EXECUTE|[103]
15:58:55.0 (81496613)|STATEMENT_EXECUTE|[104]
15:58:55.0 (81551124)|HEAP_ALLOCATE|[104]|Bytes:618
15:58:55.0 (81639258)|HEAP_ALLOCATE|[104]|Bytes:600
15:58:55.0 (81734474)|VARIABLE_SCOPE_BEGIN|[104]|retURL|String|false|false
15:58:55.0 (81756598)|VARIABLE_ASSIGNMENT|[104]|retURL|"0051I000000JaV8"
15:58:55.0 (81761823)|STATEMENT_EXECUTE|[107]
15:58:55.0 (81779517)|HEAP_ALLOCATE|[107]|Bytes:4
15:58:55.0 (81806647)|METHOD_ENTRY|[107]||System.UserInfo.getUserId()
15:58:55.0 (81854213)|METHOD_EXIT|[107]||System.UserInfo.getUserId()
15:58:55.0 (82195038)|SOQL_EXECUTE_BEGIN|[107]|Aggregations:0|SELECT Id, Support_Location__c FROM User WHERE Id = :tmpVar1
15:58:55.0 (85050184)|SOQL_EXECUTE_END|[107]|Rows:1
15:58:55.0 (85090239)|HEAP_ALLOCATE|[107]|Bytes:8
15:58:55.0 (85120826)|HEAP_ALLOCATE|[107]|Bytes:56
15:58:55.0 (85193749)|HEAP_ALLOCATE|[107]|Bytes:8
15:58:55.0 (85248731)|HEAP_ALLOCATE|[107]|Bytes:12
15:58:55.0 (85269859)|VARIABLE_SCOPE_BEGIN|[107]|theUser|User|true|false
15:58:55.0 (85317764)|VARIABLE_ASSIGNMENT|[107]|theUser|{"Id":"0051I000000JaV8QAK","Support_Location__c":"ABE3"}|0x15203718
15:58:55.0 (85327516)|STATEMENT_EXECUTE|[111]
15:58:55.0 (85340004)|HEAP_ALLOCATE|[111]|Bytes:49
15:58:55.0 (85366904)|HEAP_ALLOCATE|[111]|Bytes:4
15:58:55.0 (85656123)|SOQL_EXECUTE_BEGIN|[111]|Aggregations:0|SELECT Id, Name FROM Group WHERE Type = 'Regular'
15:58:55.0 (88561314)|SOQL_EXECUTE_END|[111]|Rows:16
15:58:55.0 (88584811)|HEAP_ALLOCATE|[111]|Bytes:68
15:58:55.0 (88745813)|HEAP_ALLOCATE|[111]|Bytes:661
15:58:55.0 (88823608)|HEAP_ALLOCATE|[111]|Bytes:68
15:58:55.0 (88869456)|VARIABLE_SCOPE_BEGIN|[111]|eachPG|List<Group>|true|false
15:58:55.0 (88920546)|VARIABLE_ASSIGNMENT|[111]|eachPG|"List of size 16 too large to display"|0x6e70b15e
15:58:55.0 (88932089)|STATEMENT_EXECUTE|[112]
15:58:55.0 (88954996)|HEAP_ALLOCATE|[112]|Bytes:8
15:58:55.0 (89180589)|HEAP_ALLOCATE|[112]|Bytes:425
15:58:55.0 (89215154)|HEAP_ALLOCATE|[112]|Bytes:433
15:58:55.0 (89266533)|USER_DEBUG|[112]|DEBUG|eachPG: (Group:{Id=00G1I000000aJ8bUAE, Name=ABE2}, Group:{Id=00G1I000000aJ8RUAU, Name=ABE4}, Group:{Id=00G1I000000aJ8MUAU, Name=ABE8}, Group:{Id=00G1I000000aJ8qUAE, Name=AVP1}, Group:{Id=00G1I000000aJ9FUAU, Name=BDL2}, Group:{Id=00G1I000000aJ8CUAU, Name=BFI3}, Group:{Id=00G1I000000aJ8HUAU, Name=BFI4}, Group:{Id=00G1I000000aJ9KUAU, Name=BFI5}, Group:{Id=00G1I000000aJ90UAE, Name=BNA2}, Group:{Id=00G1I000000aJ95UAE, Name=BWI2}, ...)
15:58:55.0 (89282414)|STATEMENT_EXECUTE|[115]
15:58:55.0 (89362843)|HEAP_ALLOCATE|[115]|Bytes:618
15:58:55.0 (89432278)|HEAP_ALLOCATE|[115]|Bytes:600
15:58:55.0 (89457352)|HEAP_ALLOCATE|[115]|Bytes:11
15:58:55.0 (89483090)|VARIABLE_SCOPE_BEGIN|[115]|selectedSLs|String|false|false
15:58:55.0 (89501228)|VARIABLE_ASSIGNMENT|[115]|selectedSLs|"AVP1,CAE1,CLT2,CMH1, (14 more) ..."
15:58:55.0 (89508988)|STATEMENT_EXECUTE|[117]
15:58:55.0 (89513710)|HEAP_ALLOCATE|[117]|Bytes:1
15:58:55.0 (89664590)|HEAP_ALLOCATE|[117]|Bytes:4
15:58:55.0 (89671578)|HEAP_ALLOCATE|[117]|Bytes:4
15:58:55.0 (89674543)|HEAP_ALLOCATE|[117]|Bytes:4
15:58:55.0 (89677661)|HEAP_ALLOCATE|[117]|Bytes:4
15:58:55.0 (89680208)|HEAP_ALLOCATE|[117]|Bytes:4
15:58:55.0 (89683170)|HEAP_ALLOCATE|[117]|Bytes:9
15:58:55.0 (89687579)|HEAP_ALLOCATE|[117]|Bytes:28
15:58:55.0 (89704984)|VARIABLE_SCOPE_BEGIN|[117]|selectedSLArray|List<String>|true|false
15:58:55.0 (89750487)|HEAP_ALLOCATE|[EXTERNAL]|Bytes:28
15:58:55.0 (89768919)|VARIABLE_ASSIGNMENT|[117]|selectedSLArray|"List of size 6 too large to display"|0x205d3d77
15:58:55.0 (89779263)|STATEMENT_EXECUTE|[119]
15:58:55.0 (89787810)|HEAP_ALLOCATE|[119]|Bytes:72
15:58:55.0 (89808369)|HEAP_ALLOCATE|[119]|Bytes:4
15:58:55.0 (90067076)|SOQL_EXECUTE_BEGIN|[119]|Aggregations:0|SELECT Id, Name FROM Group WHERE (Type = 'Regular' AND Name IN :tmpVar1)
15:58:55.0 (107527079)|SOQL_EXECUTE_END|[119]|Rows:6
15:58:55.0 (107577227)|HEAP_ALLOCATE|[119]|Bytes:28
15:58:55.0 (107616848)|HEAP_ALLOCATE|[119]|Bytes:251
15:58:55.0 (107703602)|HEAP_ALLOCATE|[119]|Bytes:28
15:58:55.0 (107744082)|VARIABLE_SCOPE_BEGIN|[119]|groupGranted|List<Group>|true|false
15:58:55.0 (107787897)|VARIABLE_ASSIGNMENT|[119]|groupGranted|"List of size 6 too large to display"|0x2c10bebd
15:58:55.0 (107802401)|STATEMENT_EXECUTE|[120]
15:58:55.0 (107814489)|HEAP_ALLOCATE|[120]|Bytes:14
15:58:55.0 (107999577)|HEAP_ALLOCATE|[120]|Bytes:257
15:58:55.0 (108032294)|HEAP_ALLOCATE|[120]|Bytes:271
15:58:55.0 (108063163)|USER_DEBUG|[120]|DEBUG|groupGranted: (Group:{Id=00G1I000000aJ8qUAE, Name=AVP1}, Group:{Id=00G1I000000aJ8vUAE, Name=CAE1}, Group:{Id=00G1I000000aJ8lUAE, Name=CLT2}, Group:{Id=00G1I000000aJ8WUAU, Name=CMH1}, Group:{Id=00G1I000000aJ8gUAE, Name=DEN2}, Group:{Id=00G1I000000OhKRUA0, Name=Reviewers})
15:58:55.0 (108081476)|STATEMENT_EXECUTE|[123]
15:58:55.0 (108108138)|HEAP_ALLOCATE|[123]|Bytes:4
15:58:55.0 (108450916)|SOQL_EXECUTE_BEGIN|[123]|Aggregations:0|SELECT GroupId, Id, UserOrGroupId FROM GroupMember WHERE UserOrGroupId = :tmpVar1
15:58:55.0 (112584330)|SOQL_EXECUTE_END|[123]|Rows:11
15:58:55.0 (112624638)|HEAP_ALLOCATE|[123]|Bytes:48
15:58:55.0 (112668292)|HEAP_ALLOCATE|[123]|Bytes:1023
15:58:55.0 (112733940)|HEAP_ALLOCATE|[123]|Bytes:48
15:58:55.0 (112754577)|VARIABLE_SCOPE_BEGIN|[123]|currentGroupsMember|List<GroupMember>|true|false
15:58:55.0 (112790760)|VARIABLE_ASSIGNMENT|[123]|currentGroupsMember|"List of size 11 too large to display"|0x6ad72549
15:58:55.0 (112802811)|STATEMENT_EXECUTE|[125]
15:58:55.0 (112825362)|HEAP_ALLOCATE|[125]|Bytes:4
15:58:55.0 (112879425)|VARIABLE_SCOPE_BEGIN|[125]|cgmId|List<Id>|true|false
15:58:55.0 (112923638)|HEAP_ALLOCATE|[EXTERNAL]|Bytes:4
15:58:55.0 (112939315)|VARIABLE_ASSIGNMENT|[125]|cgmId|[]|0x1f321b9a
15:58:55.0 (113019921)|HEAP_ALLOCATE|[126]|Bytes:5
15:58:55.0 (113047908)|HEAP_ALLOCATE|[126]|Bytes:16
15:58:55.0 (113064104)|VARIABLE_SCOPE_BEGIN|[126]|n|GroupMember|true|false
15:58:55.0 (113087972)|VARIABLE_ASSIGNMENT|[126]|n|{"GroupId":"00G1I000000OhKRUA0","Id":"0111I000000UCIrQAO","UserOrGroupId":"0051I000000JaV8QAK"}|0x865341c
15:58:55.0 (113098837)|STATEMENT_EXECUTE|[126]
15:58:55.0 (113101192)|STATEMENT_EXECUTE|[127]
15:58:55.0 (113159337)|HEAP_ALLOCATE|[EXTERNAL]|Bytes:4
15:58:55.0 (113181069)|HEAP_ALLOCATE|[126]|Bytes:5
15:58:55.0 (113193719)|HEAP_ALLOCATE|[126]|Bytes:16
15:58:55.0 (113203010)|VARIABLE_SCOPE_BEGIN|[126]|n|GroupMember|true|false
15:58:55.0 (113221383)|VARIABLE_ASSIGNMENT|[126]|n|{"GroupId":"00G1I000000aJ8WUAU","Id":"0111I000000UCIpQAO","UserOrGroupId":"0051I000000JaV8QAK"}|0x2fd6e152
15:58:55.0 (113230342)|STATEMENT_EXECUTE|[126]
15:58:55.0 (113232555)|STATEMENT_EXECUTE|[127]
15:58:55.0 (113244434)|HEAP_ALLOCATE|[EXTERNAL]|Bytes:4
15:58:55.0 (113258820)|HEAP_ALLOCATE|[126]|Bytes:5
15:58:55.0 (113270436)|HEAP_ALLOCATE|[126]|Bytes:16
15:58:55.0 (113278116)|VARIABLE_SCOPE_BEGIN|[126]|n|GroupMember|true|false
15:58:55.0 (113294405)|VARIABLE_ASSIGNMENT|[126]|n|{"GroupId":"00G1I000000aJ8gUAE","Id":"0111I000000UDCkQAO","UserOrGroupId":"0051I000000JaV8QAK"}|0x9c4074d
15:58:55.0 (113302294)|STATEMENT_EXECUTE|[126]
15:58:55.0 (113304617)|STATEMENT_EXECUTE|[127]
15:58:55.0 (113314830)|HEAP_ALLOCATE|[EXTERNAL]|Bytes:4
15:58:55.0 (113328108)|HEAP_ALLOCATE|[126]|Bytes:5
15:58:55.0 (113339158)|HEAP_ALLOCATE|[126]|Bytes:16
15:58:55.0 (113346007)|VARIABLE_SCOPE_BEGIN|[126]|n|GroupMember|true|false
15:58:55.0 (113361897)|VARIABLE_ASSIGNMENT|[126]|n|{"GroupId":"00G1I000000aJ8lUAE","Id":"0111I000000UDCiQAO","UserOrGroupId":"0051I000000JaV8QAK"}|0x3f4773a
15:58:55.0 (113369673)|STATEMENT_EXECUTE|[126]
15:58:55.0 (113371788)|STATEMENT_EXECUTE|[127]
15:58:55.0 (113381659)|HEAP_ALLOCATE|[EXTERNAL]|Bytes:4
15:58:55.0 (113394407)|HEAP_ALLOCATE|[126]|Bytes:5
15:58:55.0 (113404914)|HEAP_ALLOCATE|[126]|Bytes:16
15:58:55.0 (113411718)|VARIABLE_SCOPE_BEGIN|[126]|n|GroupMember|true|false
15:58:55.0 (113427360)|VARIABLE_ASSIGNMENT|[126]|n|{"GroupId":"00G1I000000aJ8qUAE","Id":"0111I000000UDCcQAO","UserOrGroupId":"0051I000000JaV8QAK"}|0x2210668c
15:58:55.0 (113435514)|STATEMENT_EXECUTE|[126]
15:58:55.0 (113437833)|STATEMENT_EXECUTE|[127]
15:58:55.0 (113455571)|HEAP_ALLOCATE|[EXTERNAL]|Bytes:4
15:58:55.0 (113469060)|HEAP_ALLOCATE|[126]|Bytes:5
15:58:55.0 (113479867)|HEAP_ALLOCATE|[126]|Bytes:16
15:58:55.0 (113486760)|VARIABLE_SCOPE_BEGIN|[126]|n|GroupMember|true|false
15:58:55.0 (113505211)|VARIABLE_ASSIGNMENT|[126]|n|{"GroupId":"00G1I000000aJ8vUAE","Id":"0111I000000UDChQAO","UserOrGroupId":"0051I000000JaV8QAK"}|0x3ad4cfed
15:58:55.0 (113513491)|STATEMENT_EXECUTE|[126]
15:58:55.0 (113515563)|STATEMENT_EXECUTE|[127]
15:58:55.0 (113525409)|HEAP_ALLOCATE|[EXTERNAL]|Bytes:4
15:58:55.0 (113538472)|HEAP_ALLOCATE|[126]|Bytes:5
15:58:55.0 (113549528)|HEAP_ALLOCATE|[126]|Bytes:16
15:58:55.0 (113556559)|VARIABLE_SCOPE_BEGIN|[126]|n|GroupMember|true|false
15:58:55.0 (113571879)|VARIABLE_ASSIGNMENT|[126]|n|{"GroupId":"00G1I000000aJ90UAE","Id":"0111I000000UDCfQAO","UserOrGroupId":"0051I000000JaV8QAK"}|0x13835995
15:58:55.0 (113579821)|STATEMENT_EXECUTE|[126]
15:58:55.0 (113581829)|STATEMENT_EXECUTE|[127]
15:58:55.0 (113591970)|HEAP_ALLOCATE|[EXTERNAL]|Bytes:4
15:58:55.0 (113604635)|HEAP_ALLOCATE|[126]|Bytes:5
15:58:55.0 (113615092)|HEAP_ALLOCATE|[126]|Bytes:16
15:58:55.0 (113622099)|VARIABLE_SCOPE_BEGIN|[126]|n|GroupMember|true|false
15:58:55.0 (113637954)|VARIABLE_ASSIGNMENT|[126]|n|{"GroupId":"00G1I000000aJ95UAE","Id":"0111I000000UDCgQAO","UserOrGroupId":"0051I000000JaV8QAK"}|0x336ea178
15:58:55.0 (113647219)|STATEMENT_EXECUTE|[126]
15:58:55.0 (113649474)|STATEMENT_EXECUTE|[127]
15:58:55.0 (113660353)|HEAP_ALLOCATE|[EXTERNAL]|Bytes:4
15:58:55.0 (113674005)|HEAP_ALLOCATE|[126]|Bytes:5
15:58:55.0 (113685149)|HEAP_ALLOCATE|[126]|Bytes:16
15:58:55.0 (113707169)|VARIABLE_SCOPE_BEGIN|[126]|n|GroupMember|true|false
15:58:55.0 (113736451)|VARIABLE_ASSIGNMENT|[126]|n|{"GroupId":"00G1I000000aJ9AUAU","Id":"0111I000000UDCjQAO","UserOrGroupId":"0051I000000JaV8QAK"}|0x12eb859f
15:58:55.0 (113744013)|STATEMENT_EXECUTE|[126]
15:58:55.0 (113746055)|STATEMENT_EXECUTE|[127]
15:58:55.0 (113765743)|HEAP_ALLOCATE|[EXTERNAL]|Bytes:4
15:58:55.0 (113785272)|HEAP_ALLOCATE|[126]|Bytes:5
15:58:55.0 (113799863)|HEAP_ALLOCATE|[126]|Bytes:16
15:58:55.0 (113807139)|VARIABLE_SCOPE_BEGIN|[126]|n|GroupMember|true|false
15:58:55.0 (113820399)|VARIABLE_ASSIGNMENT|[126]|n|{"GroupId":"00G1I000000aJ9FUAU","Id":"0111I000000UDCdQAO","UserOrGroupId":"0051I000000JaV8QAK"}|0xedc9b88
15:58:55.0 (113826133)|STATEMENT_EXECUTE|[126]
15:58:55.0 (113827744)|STATEMENT_EXECUTE|[127]
15:58:55.0 (113836599)|HEAP_ALLOCATE|[EXTERNAL]|Bytes:4
15:58:55.0 (113847266)|HEAP_ALLOCATE|[126]|Bytes:5
15:58:55.0 (113855810)|HEAP_ALLOCATE|[126]|Bytes:16
15:58:55.0 (113860966)|VARIABLE_SCOPE_BEGIN|[126]|n|GroupMember|true|false
15:58:55.0 (113872400)|VARIABLE_ASSIGNMENT|[126]|n|{"GroupId":"00G1I000000aJ9KUAU","Id":"0111I000000UDCeQAO","UserOrGroupId":"0051I000000JaV8QAK"}|0x71a2437
15:58:55.0 (113878147)|STATEMENT_EXECUTE|[126]
15:58:55.0 (113879695)|STATEMENT_EXECUTE|[127]
15:58:55.0 (113886321)|HEAP_ALLOCATE|[EXTERNAL]|Bytes:4
15:58:55.0 (113896195)|HEAP_ALLOCATE|[126]|Bytes:5
15:58:55.0 (113906654)|VARIABLE_ASSIGNMENT|[126]|n|null|
15:58:55.0 (113913032)|STATEMENT_EXECUTE|[130]
15:58:55.0 (113931328)|HEAP_ALLOCATE|[130]|Bytes:4
15:58:55.0 (114182567)|SOQL_EXECUTE_BEGIN|[130]|Aggregations:0|SELECT Id, Name FROM Group WHERE (Type = 'Regular' AND Id IN :tmpVar1)
15:58:55.0 (116916266)|SOQL_EXECUTE_END|[130]|Rows:11
15:58:55.0 (116938471)|HEAP_ALLOCATE|[130]|Bytes:48
15:58:55.0 (116965604)|HEAP_ALLOCATE|[130]|Bytes:456
15:58:55.0 (117002663)|HEAP_ALLOCATE|[130]|Bytes:48
15:58:55.0 (117015640)|VARIABLE_SCOPE_BEGIN|[130]|currentGroups|List<Group>|true|false
15:58:55.0 (117033352)|VARIABLE_ASSIGNMENT|[130]|currentGroups|"List of size 11 too large to display"|0x18b67b39
15:58:55.0 (117040587)|STATEMENT_EXECUTE|[131]
15:58:55.0 (117044807)|HEAP_ALLOCATE|[131]|Bytes:15
15:58:55.0 (117164063)|HEAP_ALLOCATE|[131]|Bytes:430
15:58:55.0 (117184206)|HEAP_ALLOCATE|[131]|Bytes:445
15:58:55.0 (117201142)|USER_DEBUG|[131]|DEBUG|currentGroups: (Group:{Id=00G1I000000OhKRUA0, Name=Reviewers}, Group:{Id=00G1I000000aJ8WUAU, Name=CMH1}, Group:{Id=00G1I000000aJ8gUAE, Name=DEN2}, Group:{Id=00G1I000000aJ8lUAE, Name=CLT2}, Group:{Id=00G1I000000aJ8qUAE, Name=AVP1}, Group:{Id=00G1I000000aJ8vUAE, Name=CAE1}, Group:{Id=00G1I000000aJ90UAE, Name=BNA2}, Group:{Id=00G1I000000aJ95UAE, Name=BWI2}, Group:{Id=00G1I000000aJ9AUAU, Name=CLT3}, Group:{Id=00G1I000000aJ9FUAU, Name=BDL2}, ...)
15:58:55.0 (117249384)|HEAP_ALLOCATE|[134]|Bytes:5
15:58:55.0 (117264149)|HEAP_ALLOCATE|[134]|Bytes:12
15:58:55.0 (117272899)|VARIABLE_SCOPE_BEGIN|[134]|g|Group|true|false
15:58:55.0 (117290605)|VARIABLE_ASSIGNMENT|[134]|g|{"Id":"00G1I000000aJ8bUAE","Name":"ABE2"}|0x7f7fb050
15:58:55.0 (117297182)|STATEMENT_EXECUTE|[134]
15:58:55.0 (117374745)|STATEMENT_EXECUTE|[135]
15:58:55.0 (117383999)|HEAP_ALLOCATE|[134]|Bytes:5
15:58:55.0 (117394418)|HEAP_ALLOCATE|[134]|Bytes:12
15:58:55.0 (117400435)|VARIABLE_SCOPE_BEGIN|[134]|g|Group|true|false
15:58:55.0 (117413232)|VARIABLE_ASSIGNMENT|[134]|g|{"Id":"00G1I000000aJ8RUAU","Name":"ABE4"}|0x323818f1
15:58:55.0 (117418823)|STATEMENT_EXECUTE|[134]
15:58:55.0 (117450227)|STATEMENT_EXECUTE|[135]
15:58:55.0 (117456606)|HEAP_ALLOCATE|[134]|Bytes:5
15:58:55.0 (117465475)|HEAP_ALLOCATE|[134]|Bytes:12
15:58:55.0 (117470617)|VARIABLE_SCOPE_BEGIN|[134]|g|Group|true|false
15:58:55.0 (117480955)|VARIABLE_ASSIGNMENT|[134]|g|{"Id":"00G1I000000aJ8MUAU","Name":"ABE8"}|0x334e38aa
15:58:55.0 (117486110)|STATEMENT_EXECUTE|[134]
15:58:55.0 (117522628)|STATEMENT_EXECUTE|[135]
15:58:55.0 (117528908)|HEAP_ALLOCATE|[134]|Bytes:5
15:58:55.0 (117537329)|HEAP_ALLOCATE|[134]|Bytes:12
15:58:55.0 (117542209)|VARIABLE_SCOPE_BEGIN|[134]|g|Group|true|false
15:58:55.0 (117552424)|VARIABLE_ASSIGNMENT|[134]|g|{"Id":"00G1I000000aJ8qUAE","Name":"AVP1"}|0x60adbc21
15:58:55.0 (117557534)|STATEMENT_EXECUTE|[134]
15:58:55.0 (117581899)|STATEMENT_EXECUTE|[135]
15:58:55.0 (117587580)|HEAP_ALLOCATE|[134]|Bytes:5
15:58:55.0 (117595548)|HEAP_ALLOCATE|[134]|Bytes:12
15:58:55.0 (117600364)|VARIABLE_SCOPE_BEGIN|[134]|g|Group|true|false
15:58:55.0 (117610537)|VARIABLE_ASSIGNMENT|[134]|g|{"Id":"00G1I000000aJ9FUAU","Name":"BDL2"}|0x62527d54
15:58:55.0 (117615816)|STATEMENT_EXECUTE|[134]
15:58:55.0 (117645296)|STATEMENT_EXECUTE|[141]
15:58:55.0 (117647493)|STATEMENT_EXECUTE|[142]
15:58:55.0 (117650565)|HEAP_ALLOCATE|[142]|Bytes:97
15:58:55.0 (117666837)|HEAP_ALLOCATE|[142]|Bytes:4
15:58:55.0 (117707069)|HEAP_ALLOCATE|[142]|Bytes:7
15:58:55.0 (117903624)|SOQL_EXECUTE_BEGIN|[142]|Aggregations:0|SELECT Id, UserOrGroupId FROM GroupMember WHERE (GroupId = :tmpVar1 AND UserOrGroupId = :tmpVar2)
15:58:55.0 (119538193)|SOQL_EXECUTE_END|[142]|Rows:1
15:58:55.0 (119559381)|HEAP_ALLOCATE|[142]|Bytes:8
15:58:55.0 (119574696)|HEAP_ALLOCATE|[142]|Bytes:64
15:58:55.0 (119607816)|HEAP_ALLOCATE|[142]|Bytes:8
15:58:55.0 (119619890)|HEAP_ALLOCATE|[142]|Bytes:37
15:58:55.0 (119638808)|HEAP_ALLOCATE|[142]|Bytes:12
15:58:55.0 (119646120)|VARIABLE_SCOPE_BEGIN|[142]|theMember|GroupMember|true|false
15:58:55.0 (119687325)|VARIABLE_ASSIGNMENT|[142]|theMember|{"Id":"0111I000000UDCdQAO","UserOrGroupId":"0051I000000JaV8QAK"}|0xf06e531
15:58:55.0 (119698190)|STATEMENT_EXECUTE|[143]
15:58:55.0 (119702921)|HEAP_ALLOCATE|[143]|Bytes:11
15:58:55.0 (119780533)|HEAP_ALLOCATE|[143]|Bytes:69
15:58:55.0 (119799365)|HEAP_ALLOCATE|[143]|Bytes:80
15:58:55.0 (119812689)|USER_DEBUG|[143]|DEBUG|theMember: GroupMember:{Id=0111I000000UDCdQAO, UserOrGroupId=0051I000000JaV8QAK}
15:58:55.0 (119824426)|STATEMENT_EXECUTE|[144]
15:58:55.0 (119849370)|HEAP_ALLOCATE|[144]|Bytes:8
15:58:55.0 (119856990)|HEAP_ALLOCATE|[144]|Bytes:8
15:58:55.0 (119864671)|DML_BEGIN|[144]|Op:Delete|Type:GroupMember|Rows:1
15:58:55.0 (119894412)|HEAP_ALLOCATE|[EXTERNAL]|Bytes:8
15:58:55.0 (174180198)|DML_END|[144]
15:58:55.0 (174234511)|HEAP_ALLOCATE|[134]|Bytes:5
15:58:55.0 (174266992)|HEAP_ALLOCATE|[134]|Bytes:12
15:58:55.0 (174285299)|VARIABLE_SCOPE_BEGIN|[134]|g|Group|true|false
15:58:55.0 (174320983)|VARIABLE_ASSIGNMENT|[134]|g|{"Id":"00G1I000000aJ8CUAU","Name":"BFI3"}|0x10df1e7f
15:58:55.0 (174329883)|STATEMENT_EXECUTE|[134]
15:58:55.0 (174394904)|STATEMENT_EXECUTE|[135]
15:58:55.0 (174403315)|HEAP_ALLOCATE|[134]|Bytes:5
15:58:55.0 (174413860)|HEAP_ALLOCATE|[134]|Bytes:12
15:58:55.0 (174419979)|VARIABLE_SCOPE_BEGIN|[134]|g|Group|true|false
15:58:55.0 (174432574)|VARIABLE_ASSIGNMENT|[134]|g|{"Id":"00G1I000000aJ8HUAU","Name":"BFI4"}|0x5296ffa6
15:58:55.0 (174438322)|STATEMENT_EXECUTE|[134]
15:58:55.0 (174472547)|STATEMENT_EXECUTE|[135]
15:58:55.0 (174479344)|HEAP_ALLOCATE|[134]|Bytes:5
15:58:55.0 (174488077)|HEAP_ALLOCATE|[134]|Bytes:12
15:58:55.0 (174493700)|VARIABLE_SCOPE_BEGIN|[134]|g|Group|true|false
15:58:55.0 (174505009)|VARIABLE_ASSIGNMENT|[134]|g|{"Id":"00G1I000000aJ9KUAU","Name":"BFI5"}|0x5fd71d61
15:58:55.0 (174510012)|STATEMENT_EXECUTE|[134]
15:58:55.0 (174542048)|STATEMENT_EXECUTE|[141]
15:58:55.0 (174544103)|STATEMENT_EXECUTE|[142]
15:58:55.0 (174567738)|HEAP_ALLOCATE|[142]|Bytes:4
15:58:55.0 (174884068)|SOQL_EXECUTE_BEGIN|[142]|Aggregations:0|SELECT Id, UserOrGroupId FROM GroupMember WHERE (GroupId = :tmpVar1 AND UserOrGroupId = :tmpVar2)
15:58:55.0 (176939445)|SOQL_EXECUTE_END|[142]|Rows:1
15:58:55.0 (176963341)|HEAP_ALLOCATE|[142]|Bytes:8
15:58:55.0 (176980882)|HEAP_ALLOCATE|[142]|Bytes:64
15:58:55.0 (177027113)|HEAP_ALLOCATE|[142]|Bytes:8
15:58:55.0 (177050948)|HEAP_ALLOCATE|[142]|Bytes:12
15:58:55.0 (177059062)|VARIABLE_SCOPE_BEGIN|[142]|theMember|GroupMember|true|false
15:58:55.0 (177079204)|VARIABLE_ASSIGNMENT|[142]|theMember|{"Id":"0111I000000UDCeQAO","UserOrGroupId":"0051I000000JaV8QAK"}|0x12d55337
15:58:55.0 (177085870)|STATEMENT_EXECUTE|[143]
15:58:55.0 (177142421)|HEAP_ALLOCATE|[143]|Bytes:69
15:58:55.0 (177160076)|HEAP_ALLOCATE|[143]|Bytes:80
15:58:55.0 (177175162)|USER_DEBUG|[143]|DEBUG|theMember: GroupMember:{Id=0111I000000UDCeQAO, UserOrGroupId=0051I000000JaV8QAK}
15:58:55.0 (177183922)|STATEMENT_EXECUTE|[144]
15:58:55.0 (177198552)|HEAP_ALLOCATE|[144]|Bytes:8
15:58:55.0 (177205439)|HEAP_ALLOCATE|[144]|Bytes:8
15:58:55.0 (177211995)|DML_BEGIN|[144]|Op:Delete|Type:GroupMember|Rows:1
15:58:55.0 (177240703)|HEAP_ALLOCATE|[EXTERNAL]|Bytes:8
15:58:55.0 (215347558)|DML_END|[144]
15:58:55.0 (215404230)|HEAP_ALLOCATE|[134]|Bytes:5
15:58:55.0 (215437670)|HEAP_ALLOCATE|[134]|Bytes:12
15:58:55.0 (215455152)|VARIABLE_SCOPE_BEGIN|[134]|g|Group|true|false
15:58:55.0 (215486255)|VARIABLE_ASSIGNMENT|[134]|g|{"Id":"00G1I000000aJ90UAE","Name":"BNA2"}|0x2e9e6312
15:58:55.0 (215494907)|STATEMENT_EXECUTE|[134]
15:58:55.0 (215556333)|STATEMENT_EXECUTE|[141]
15:58:55.0 (215558552)|STATEMENT_EXECUTE|[142]
15:58:55.0 (215579764)|HEAP_ALLOCATE|[142]|Bytes:4
15:58:55.0 (215869347)|SOQL_EXECUTE_BEGIN|[142]|Aggregations:0|SELECT Id, UserOrGroupId FROM GroupMember WHERE (GroupId = :tmpVar1 AND UserOrGroupId = :tmpVar2)
15:58:55.0 (218160595)|SOQL_EXECUTE_END|[142]|Rows:1
15:58:55.0 (218186367)|HEAP_ALLOCATE|[142]|Bytes:8
15:58:55.0 (218203201)|HEAP_ALLOCATE|[142]|Bytes:64
15:58:55.0 (218260188)|HEAP_ALLOCATE|[142]|Bytes:8
15:58:55.0 (218313165)|HEAP_ALLOCATE|[142]|Bytes:12
15:58:55.0 (218324444)|VARIABLE_SCOPE_BEGIN|[142]|theMember|GroupMember|true|false
15:58:55.0 (218349991)|VARIABLE_ASSIGNMENT|[142]|theMember|{"Id":"0111I000000UDCfQAO","UserOrGroupId":"0051I000000JaV8QAK"}|0x41012167
15:58:55.0 (218358104)|STATEMENT_EXECUTE|[143]
15:58:55.0 (218415601)|HEAP_ALLOCATE|[143]|Bytes:69
15:58:55.0 (218433349)|HEAP_ALLOCATE|[143]|Bytes:80
15:58:55.0 (218450223)|USER_DEBUG|[143]|DEBUG|theMember: GroupMember:{Id=0111I000000UDCfQAO, UserOrGroupId=0051I000000JaV8QAK}
15:58:55.0 (218458292)|STATEMENT_EXECUTE|[144]
15:58:55.0 (218473699)|HEAP_ALLOCATE|[144]|Bytes:8
15:58:55.0 (218479988)|HEAP_ALLOCATE|[144]|Bytes:8
15:58:55.0 (218487633)|DML_BEGIN|[144]|Op:Delete|Type:GroupMember|Rows:1
15:58:55.0 (218517267)|HEAP_ALLOCATE|[EXTERNAL]|Bytes:8
15:58:55.0 (256382259)|DML_END|[144]
15:58:55.0 (256451413)|HEAP_ALLOCATE|[134]|Bytes:5
15:58:55.0 (256490842)|HEAP_ALLOCATE|[134]|Bytes:12
15:58:55.0 (256511263)|VARIABLE_SCOPE_BEGIN|[134]|g|Group|true|false
15:58:55.0 (256547443)|VARIABLE_ASSIGNMENT|[134]|g|{"Id":"00G1I000000aJ95UAE","Name":"BWI2"}|0x465aac58
15:58:55.0 (256557638)|STATEMENT_EXECUTE|[134]
15:58:55.0 (256620522)|STATEMENT_EXECUTE|[141]
15:58:55.0 (256623125)|STATEMENT_EXECUTE|[142]
15:58:55.0 (256673193)|HEAP_ALLOCATE|[142]|Bytes:4
15:58:55.0 (256939612)|SOQL_EXECUTE_BEGIN|[142]|Aggregations:0|SELECT Id, UserOrGroupId FROM GroupMember WHERE (GroupId = :tmpVar1 AND UserOrGroupId = :tmpVar2)
15:58:55.0 (259233355)|SOQL_EXECUTE_END|[142]|Rows:1
15:58:55.0 (259266507)|HEAP_ALLOCATE|[142]|Bytes:8
15:58:55.0 (259288929)|HEAP_ALLOCATE|[142]|Bytes:64
15:58:55.0 (259363348)|HEAP_ALLOCATE|[142]|Bytes:8
15:58:55.0 (259394733)|HEAP_ALLOCATE|[142]|Bytes:12
15:58:55.0 (259405126)|VARIABLE_SCOPE_BEGIN|[142]|theMember|GroupMember|true|false
15:58:55.0 (259431381)|VARIABLE_ASSIGNMENT|[142]|theMember|{"Id":"0111I000000UDCgQAO","UserOrGroupId":"0051I000000JaV8QAK"}|0x707cc5de
15:58:55.0 (259438978)|STATEMENT_EXECUTE|[143]
15:58:55.0 (259496783)|HEAP_ALLOCATE|[143]|Bytes:69
15:58:55.0 (259514211)|HEAP_ALLOCATE|[143]|Bytes:80
15:58:55.0 (259529072)|USER_DEBUG|[143]|DEBUG|theMember: GroupMember:{Id=0111I000000UDCgQAO, UserOrGroupId=0051I000000JaV8QAK}
15:58:55.0 (259536972)|STATEMENT_EXECUTE|[144]
15:58:55.0 (259551474)|HEAP_ALLOCATE|[144]|Bytes:8
15:58:55.0 (259557683)|HEAP_ALLOCATE|[144]|Bytes:8
15:58:55.0 (259565492)|DML_BEGIN|[144]|Op:Delete|Type:GroupMember|Rows:1
15:58:55.0 (259594088)|HEAP_ALLOCATE|[EXTERNAL]|Bytes:8
15:58:55.0 (296937027)|DML_END|[144]
15:58:55.0 (297005943)|HEAP_ALLOCATE|[134]|Bytes:5
15:58:55.0 (297044234)|HEAP_ALLOCATE|[134]|Bytes:12
15:58:55.0 (297065715)|VARIABLE_SCOPE_BEGIN|[134]|g|Group|true|false
15:58:55.0 (297101492)|VARIABLE_ASSIGNMENT|[134]|g|{"Id":"00G1I000000aJ8vUAE","Name":"CAE1"}|0x235410fa
15:58:55.0 (297111084)|STATEMENT_EXECUTE|[134]
15:58:55.0 (297166957)|STATEMENT_EXECUTE|[135]
15:58:55.0 (297175097)|HEAP_ALLOCATE|[134]|Bytes:5
15:58:55.0 (297185043)|HEAP_ALLOCATE|[134]|Bytes:12
15:58:55.0 (297190960)|VARIABLE_SCOPE_BEGIN|[134]|g|Group|true|false
15:58:55.0 (297202702)|VARIABLE_ASSIGNMENT|[134]|g|{"Id":"00G1I000000aJ8lUAE","Name":"CLT2"}|0x440f2de4
15:58:55.0 (297208080)|STATEMENT_EXECUTE|[134]
15:58:55.0 (297236339)|STATEMENT_EXECUTE|[135]
15:58:55.0 (297242749)|HEAP_ALLOCATE|[134]|Bytes:5
15:58:55.0 (297251520)|HEAP_ALLOCATE|[134]|Bytes:12
15:58:55.0 (297256730)|VARIABLE_SCOPE_BEGIN|[134]|g|Group|true|false
15:58:55.0 (297267423)|VARIABLE_ASSIGNMENT|[134]|g|{"Id":"00G1I000000aJ9AUAU","Name":"CLT3"}|0x19544084
15:58:55.0 (297272459)|STATEMENT_EXECUTE|[134]
15:58:55.0 (297303733)|STATEMENT_EXECUTE|[141]
15:58:55.0 (297305913)|STATEMENT_EXECUTE|[142]
15:58:55.0 (297331928)|HEAP_ALLOCATE|[142]|Bytes:4
15:58:55.0 (297637929)|SOQL_EXECUTE_BEGIN|[142]|Aggregations:0|SELECT Id, UserOrGroupId FROM GroupMember WHERE (GroupId = :tmpVar1 AND UserOrGroupId = :tmpVar2)
15:58:55.0 (300252066)|SOQL_EXECUTE_END|[142]|Rows:1
15:58:55.0 (300279789)|HEAP_ALLOCATE|[142]|Bytes:8
15:58:55.0 (300297158)|HEAP_ALLOCATE|[142]|Bytes:64
15:58:55.0 (300348865)|HEAP_ALLOCATE|[142]|Bytes:8
15:58:55.0 (300372447)|HEAP_ALLOCATE|[142]|Bytes:12
15:58:55.0 (300381323)|VARIABLE_SCOPE_BEGIN|[142]|theMember|GroupMember|true|false
15:58:55.0 (300400397)|VARIABLE_ASSIGNMENT|[142]|theMember|{"Id":"0111I000000UDCjQAO","UserOrGroupId":"0051I000000JaV8QAK"}|0x7f520aad
15:58:55.0 (300407498)|STATEMENT_EXECUTE|[143]
15:58:55.0 (300471947)|HEAP_ALLOCATE|[143]|Bytes:69
15:58:55.0 (300490307)|HEAP_ALLOCATE|[143]|Bytes:80
15:58:55.0 (300506201)|USER_DEBUG|[143]|DEBUG|theMember: GroupMember:{Id=0111I000000UDCjQAO, UserOrGroupId=0051I000000JaV8QAK}
15:58:55.0 (300514863)|STATEMENT_EXECUTE|[144]
15:58:55.0 (300530400)|HEAP_ALLOCATE|[144]|Bytes:8
15:58:55.0 (300536700)|HEAP_ALLOCATE|[144]|Bytes:8
15:58:55.0 (300544529)|DML_BEGIN|[144]|Op:Delete|Type:GroupMember|Rows:1
15:58:55.0 (300572644)|HEAP_ALLOCATE|[EXTERNAL]|Bytes:8
15:58:55.0 (373002608)|DML_END|[144]
15:58:55.0 (373081454)|HEAP_ALLOCATE|[134]|Bytes:5
15:58:55.0 (373127452)|HEAP_ALLOCATE|[134]|Bytes:12
15:58:55.0 (373149721)|VARIABLE_SCOPE_BEGIN|[134]|g|Group|true|false
15:58:55.0 (373186979)|VARIABLE_ASSIGNMENT|[134]|g|{"Id":"00G1I000000aJ8WUAU","Name":"CMH1"}|0xa7f179a
15:58:55.0 (373196166)|STATEMENT_EXECUTE|[134]
15:58:55.0 (373252114)|STATEMENT_EXECUTE|[135]
15:58:55.0 (373259902)|HEAP_ALLOCATE|[134]|Bytes:5
15:58:55.0 (373270236)|HEAP_ALLOCATE|[134]|Bytes:12
15:58:55.0 (373276686)|VARIABLE_SCOPE_BEGIN|[134]|g|Group|true|false
15:58:55.0 (373289358)|VARIABLE_ASSIGNMENT|[134]|g|{"Id":"00G1I000000aJ8gUAE","Name":"DEN2"}|0x9af05ef
15:58:55.0 (373294806)|STATEMENT_EXECUTE|[134]
15:58:55.0 (373320080)|STATEMENT_EXECUTE|[135]
15:58:55.0 (373326450)|HEAP_ALLOCATE|[134]|Bytes:5
15:58:55.0 (373334831)|HEAP_ALLOCATE|[134]|Bytes:12
15:58:55.0 (373340517)|VARIABLE_SCOPE_BEGIN|[134]|g|Group|true|false
15:58:55.0 (373351869)|VARIABLE_ASSIGNMENT|[134]|g|{"Id":"00G1I000000OhKRUA0","Name":"Reviewers"}|0x34726933
15:58:55.0 (373357835)|STATEMENT_EXECUTE|[134]
15:58:55.0 (373380446)|STATEMENT_EXECUTE|[135]
15:58:55.0 (373386249)|HEAP_ALLOCATE|[134]|Bytes:5
15:58:55.0 (373397623)|VARIABLE_ASSIGNMENT|[134]|g|null|
15:58:55.0 (373402749)|STATEMENT_EXECUTE|[148]
15:58:55.0 (373417002)|HEAP_ALLOCATE|[148]|Bytes:18
15:58:55.0 (373436184)|HEAP_ALLOCATE|[148]|Bytes:33
15:58:55.0 (373566263)|HEAP_ALLOCATE|[148]|Bytes:35
15:58:55.0 (373576727)|VARIABLE_SCOPE_BEGIN|[148]|pageRef|System.PageReference|true|false
15:58:55.0 (373819889)|VARIABLE_ASSIGNMENT|[148]|pageRef|"/apex/Settings?id=0051I000000JaV8"|0x74d13313
15:58:55.0 (373828085)|STATEMENT_EXECUTE|[149]
15:58:55.0 (373837898)|SYSTEM_MODE_EXIT|false
15:58:55.381 (381060002)|CUMULATIVE_LIMIT_USAGE
15:58:55.381 (381060002)|LIMIT_USAGE_FOR_NS|(default)|
  Number of SOQL queries: 16 out of 100
  Number of query rows: 124 out of 50000
  Number of SOSL queries: 0 out of 20
  Number of DML statements: 5 out of 150
  Number of DML rows: 5 out of 10000
  Maximum CPU time: 98 out of 10000
  Maximum heap size: 0 out of 6000000
  Number of callouts: 0 out of 100
  Number of Email Invocations: 0 out of 10
  Number of future calls: 0 out of 50
  Number of queueable jobs added to the queue: 0 out of 50
  Number of Mobile Apex push calls: 0 out of 10

15:58:55.381 (381060002)|CUMULATIVE_LIMIT_USAGE_END

15:58:55.0 (381106080)|CODE_UNIT_FINISHED|VF: /apex/Settings
15:58:55.0 (381928349)|EXECUTION_FINISHED
104406974)|HEAP_ALLOCATE|[EXTERNAL]|Bytes:20
15:58:55.0 (104419572)|VARIABLE_ASSIGNMENT|[EXTERNAL]|this.rightOptions|"List of size 11 too large to display"|0x6ef64369
15:58:55.0 (105059946)|SYSTEM_MODE_ENTER|true
15:58:55.0 (106242812)|SYSTEM_MODE_ENTER|true
15:58:55.0 (106607964)|SYSTEM_MODE_ENTER|true
15:58:55.0 (106680691)|SYSTEM_MODE_ENTER|true
15:58:55.0 (108346804)|VF_SERIALIZE_VIEWSTATE_BEGIN|0661I000003daSA
15:58:55.0 (111312575)|VF_SERIALIZE_VIEWSTATE_END
15:58:55.113 (113596695)|CUMULATIVE_LIMIT_USAGE
15:58:55.113 (113596695)|LIMIT_USAGE_FOR_NS|(default)|
  Number of SOQL queries: 12 out of 100
  Number of query rows: 148 out of 50000
  Number of SOSL queries: 0 out of 20
  Number of DML statements: 0 out of 150
  Number of DML rows: 0 out of 10000
  Maximum CPU time: 0 out of 10000
  Maximum heap size: 0 out of 6000000
  Number of callouts: 0 out of 100
  Number of Email Invocations: 0 out of 10
  Number of future calls: 0 out of 50
  Number of queueable jobs added to the queue: 0 out of 50
  Number of Mobile Apex push calls: 0 out of 10

15:58:55.113 (113596695)|CUMULATIVE_LIMIT_USAGE_END

15:58:55.0 (113643181)|CODE_UNIT_FINISHED|VF: /apex/Settings
15:58:55.0 (114520359)|EXECUTION_FINISHED
