43.0 APEX_CODE,FINEST;APEX_PROFILING,INFO;CALLOUT,INFO;DB,INFO;NBA,INFO;SYSTEM,DEBUG;VALIDATION,INFO;VISUALFORCE,INFO;WAVE,INFO;WORKFLOW,INFO
17:32:37.0 (104369)|USER_INFO|[EXTERNAL]|0051I000000JaV8|amarvick94@gmail.com|Pacific Standard Time|GMT-07:00
17:32:37.0 (148347)|EXECUTION_STARTED
17:32:37.0 (158984)|CODE_UNIT_STARTED|[EXTERNAL]|Aura
17:32:37.0 (1351290)|CODE_UNIT_STARTED|[EXTERNAL]|01p1I00000GA2Qw|CampingListController.getItems()
17:32:37.0 (1546993)|HEAP_ALLOCATE|[72]|Bytes:3
17:32:37.0 (1597614)|HEAP_ALLOCATE|[77]|Bytes:152
17:32:37.0 (1612548)|HEAP_ALLOCATE|[342]|Bytes:408
17:32:37.0 (1624934)|HEAP_ALLOCATE|[355]|Bytes:408
17:32:37.0 (1635441)|HEAP_ALLOCATE|[467]|Bytes:48
17:32:37.0 (1661937)|HEAP_ALLOCATE|[139]|Bytes:6
17:32:37.0 (1729210)|HEAP_ALLOCATE|[EXTERNAL]|Bytes:3
17:32:37.0 (1744713)|METHOD_ENTRY|[1]|01p1I00000GA2Qw|CampingListController.CampingListController()
17:32:37.0 (1754329)|STATEMENT_EXECUTE|[1]
17:32:37.0 (1759476)|STATEMENT_EXECUTE|[1]
17:32:37.0 (1764056)|METHOD_EXIT|[1]|CampingListController
17:32:37.0 (1777321)|SYSTEM_MODE_ENTER|false
17:32:37.0 (1789023)|STATEMENT_EXECUTE|[3]
17:32:37.0 (1790690)|STATEMENT_EXECUTE|[4]
17:32:37.0 (1794441)|HEAP_ALLOCATE|[4]|Bytes:70
17:32:37.0 (1818692)|HEAP_ALLOCATE|[4]|Bytes:4
17:32:37.0 (1869763)|HEAP_ALLOCATE|[50]|Bytes:5
17:32:37.0 (1890947)|HEAP_ALLOCATE|[56]|Bytes:5
17:32:37.0 (1899702)|HEAP_ALLOCATE|[64]|Bytes:7
17:32:37.0 (2260748)|SOQL_EXECUTE_BEGIN|[4]|Aggregations:0|SELECT id, name, price__c, Quantity__c, Packed__c FROM Camping_Item__c
17:32:37.0 (4129803)|SOQL_EXECUTE_END|[4]|Rows:0
17:32:37.0 (4157630)|HEAP_ALLOCATE|[4]|Bytes:4
17:32:37.0 (4184400)|HEAP_ALLOCATE|[4]|Bytes:0
17:32:37.0 (4283181)|HEAP_ALLOCATE|[4]|Bytes:4
17:32:37.0 (4298588)|VARIABLE_SCOPE_BEGIN|[4]|CI|List<Camping_Item__c>|true|false
17:32:37.0 (4330452)|VARIABLE_ASSIGNMENT|[4]|CI|[]|0x482717f7
17:32:37.0 (4338411)|STATEMENT_EXECUTE|[5]
17:32:37.0 (4344907)|SYSTEM_MODE_EXIT|false
17:32:37.4 (4366392)|CUMULATIVE_LIMIT_USAGE
17:32:37.4 (4366392)|LIMIT_USAGE_FOR_NS|(default)|
  Number of SOQL queries: 1 out of 100
  Number of query rows: 0 out of 50000
  Number of SOSL queries: 0 out of 20
  Number of DML statements: 0 out of 150
  Number of DML rows: 0 out of 10000
  Maximum CPU time: 0 out of 10000
  Maximum heap size: 0 out of 6000000
  Number of callouts: 0 out of 100
  Number of Email Invocations: 0 out of 10
  Number of future calls: 0 out of 50
  Number of queueable jobs added to the queue: 0 out of 50
  Number of Mobile Apex push calls: 0 out of 10

17:32:37.4 (4366392)|CUMULATIVE_LIMIT_USAGE_END

17:32:37.0 (4410975)|CODE_UNIT_FINISHED|CampingListController.getItems()
17:32:37.0 (4475752)|CODE_UNIT_FINISHED|Aura
17:32:37.0 (5623467)|EXECUTION_FINISHED
