42.0 APEX_CODE,FINEST;APEX_PROFILING,INFO;CALLOUT,INFO;DB,INFO;SYSTEM,DEBUG;VALIDATION,INFO;VISUALFORCE,INFO;WAVE,INFO;WORKFLOW,INFO
15:59:52.0 (363117)|USER_INFO|[EXTERNAL]|0051I000000JaV8|amarvick94@gmail.com|Pacific Standard Time|GMT-07:00
15:59:52.0 (584535)|EXECUTION_STARTED
15:59:52.0 (590798)|CODE_UNIT_STARTED|[EXTERNAL]|0661I000003daSA|VF: /apex/Settings
15:59:52.0 (1141438)|VF_DESERIALIZE_VIEWSTATE_BEGIN|0661I000003daSA
15:59:52.0 (46860622)|HEAP_ALLOCATE|[72]|Bytes:3
15:59:52.0 (46906522)|HEAP_ALLOCATE|[77]|Bytes:152
15:59:52.0 (46918044)|HEAP_ALLOCATE|[342]|Bytes:408
15:59:52.0 (46929116)|HEAP_ALLOCATE|[355]|Bytes:408
15:59:52.0 (46939908)|HEAP_ALLOCATE|[467]|Bytes:48
15:59:52.0 (46994754)|HEAP_ALLOCATE|[139]|Bytes:6
15:59:52.0 (52771592)|VF_DESERIALIZE_VIEWSTATE_END
15:59:52.0 (59480305)|SYSTEM_MODE_ENTER|true
15:59:52.0 (59688548)|HEAP_ALLOCATE|[EXTERNAL]|Bytes:164
15:59:52.0 (59722930)|HEAP_ALLOCATE|[EXTERNAL]|Bytes:11
15:59:52.0 (59727562)|HEAP_ALLOCATE|[EXTERNAL]|Bytes:11
15:59:52.0 (59755273)|METHOD_ENTRY|[1]|01p1I00000G9Bhb|MultiselectController.MultiselectController()
15:59:52.0 (59762516)|STATEMENT_EXECUTE|[1]
15:59:52.0 (59771458)|STATEMENT_EXECUTE|[1]
15:59:52.0 (59813241)|HEAP_ALLOCATE|[50]|Bytes:5
15:59:52.0 (59849736)|HEAP_ALLOCATE|[56]|Bytes:5
15:59:52.0 (59858816)|HEAP_ALLOCATE|[64]|Bytes:7
15:59:52.0 (59887755)|SYSTEM_MODE_ENTER|false
15:59:52.0 (59903167)|HEAP_ALLOCATE|[EXTERNAL]|Bytes:5
15:59:52.0 (59911276)|SYSTEM_MODE_EXIT|false
15:59:52.0 (59932389)|METHOD_EXIT|[1]|MultiselectController
15:59:52.0 (60098534)|SYSTEM_MODE_ENTER|true
15:59:52.0 (60818603)|SYSTEM_MODE_ENTER|true
15:59:52.0 (61064576)|HEAP_ALLOCATE|[EXTERNAL]|Bytes:236
15:59:52.0 (61075642)|HEAP_ALLOCATE|[EXTERNAL]|Bytes:26
15:59:52.0 (61080359)|HEAP_ALLOCATE|[EXTERNAL]|Bytes:22
15:59:52.0 (61107358)|METHOD_ENTRY|[1]|01p1I00000G8yt3|OpsHR_ContactDriverController.OpsHR_ContactDriverController()
15:59:52.0 (61112859)|STATEMENT_EXECUTE|[1]
15:59:52.0 (61116248)|STATEMENT_EXECUTE|[1]
15:59:52.0 (61125437)|SYSTEM_MODE_ENTER|false
15:59:52.0 (61132185)|HEAP_ALLOCATE|[EXTERNAL]|Bytes:5
15:59:52.0 (61137544)|SYSTEM_MODE_EXIT|false
15:59:52.0 (61156657)|METHOD_EXIT|[1]|OpsHR_ContactDriverController
15:59:52.0 (61168929)|HEAP_ALLOCATE|[EXTERNAL]|Bytes:36
15:59:52.0 (61375092)|VARIABLE_ASSIGNMENT|[EXTERNAL]|this|{"recordTypes":"0x115d05f7"}|0x24568caf
15:59:52.0 (61393572)|SYSTEM_MODE_ENTER|false
15:59:52.0 (61399900)|HEAP_ALLOCATE|[44]|Bytes:5
15:59:52.0 (61404128)|STATEMENT_EXECUTE|[43]
15:59:52.0 (61405963)|STATEMENT_EXECUTE|[44]
15:59:52.0 (61429525)|HEAP_ALLOCATE|[44]|Bytes:4
15:59:52.0 (61539097)|VARIABLE_SCOPE_BEGIN|[44]|allQueues|List<System.SelectOption>|true|false
15:59:52.0 (61571787)|HEAP_ALLOCATE|[EXTERNAL]|Bytes:4
15:59:52.0 (61584075)|VARIABLE_ASSIGNMENT|[44]|allQueues|[]|0x66293542
15:59:52.0 (61589752)|STATEMENT_EXECUTE|[45]
15:59:52.0 (61593437)|HEAP_ALLOCATE|[45]|Bytes:34
15:59:52.0 (61612201)|HEAP_ALLOCATE|[45]|Bytes:4
15:59:52.0 (61829021)|SOQL_EXECUTE_BEGIN|[45]|Aggregations:0|SELECT Label FROM OpsHR_Setup__mdt
15:59:52.0 (67051482)|SOQL_EXECUTE_END|[45]|Rows:17
15:59:52.0 (67078871)|HEAP_ALLOCATE|[45]|Bytes:72
15:59:52.0 (67112881)|HEAP_ALLOCATE|[45]|Bytes:714
15:59:52.0 (67183871)|HEAP_ALLOCATE|[45]|Bytes:72
15:59:52.0 (67199527)|VARIABLE_SCOPE_BEGIN|[45]|allMDT|List<OpsHR_Setup__mdt>|true|false
15:59:52.0 (67217180)|VARIABLE_ASSIGNMENT|[45]|allMDT|"List of size 17 too large to display"|0x715bde93
15:59:52.0 (67223849)|STATEMENT_EXECUTE|[47]
15:59:52.0 (67324108)|HEAP_ALLOCATE|[47]|Bytes:553
15:59:52.0 (67391645)|HEAP_ALLOCATE|[47]|Bytes:535
15:59:52.0 (67435535)|HEAP_ALLOCATE|[47]|Bytes:2
15:59:52.0 (67461907)|VARIABLE_SCOPE_BEGIN|[47]|retURL|String|false|false
15:59:52.0 (67474157)|VARIABLE_ASSIGNMENT|[47]|retURL|"0051I000000JaV8"
15:59:52.0 (67478781)|STATEMENT_EXECUTE|[49]
15:59:52.0 (67482263)|HEAP_ALLOCATE|[49]|Bytes:60
15:59:52.0 (67493120)|HEAP_ALLOCATE|[49]|Bytes:4
15:59:52.0 (67500586)|HEAP_ALLOCATE|[49]|Bytes:7
15:59:52.0 (67540556)|HEAP_ALLOCATE|[49]|Bytes:85
15:59:52.0 (67550790)|SYSTEM_METHOD_ENTRY|[1]|UserInfo.UserInfo()
15:59:52.0 (67555112)|STATEMENT_EXECUTE|[1]
15:59:52.0 (67562017)|SYSTEM_METHOD_EXIT|[1]|UserInfo
15:59:52.0 (67573951)|METHOD_ENTRY|[49]||System.UserInfo.getUserId()
15:59:52.0 (67622310)|METHOD_EXIT|[49]||System.UserInfo.getUserId()
15:59:52.0 (67872198)|SOQL_EXECUTE_BEGIN|[49]|Aggregations:0|SELECT Id, Support_Location__c FROM User WHERE Id = :tmpVar1
15:59:52.0 (81905771)|SOQL_EXECUTE_END|[49]|Rows:1
15:59:52.0 (81931017)|HEAP_ALLOCATE|[49]|Bytes:8
15:59:52.0 (81946231)|HEAP_ALLOCATE|[49]|Bytes:56
15:59:52.0 (82020743)|HEAP_ALLOCATE|[49]|Bytes:8
15:59:52.0 (82038700)|HEAP_ALLOCATE|[49]|Bytes:30
15:59:52.0 (82091077)|HEAP_ALLOCATE|[49]|Bytes:12
15:59:52.0 (82099607)|VARIABLE_SCOPE_BEGIN|[49]|theUser|User|true|false
15:59:52.0 (82129447)|VARIABLE_ASSIGNMENT|[49]|theUser|{"Id":"0051I000000JaV8QAK","Support_Location__c":"ABE3"}|0x27d9c08e
15:59:52.0 (82137313)|STATEMENT_EXECUTE|[52]
15:59:52.0 (82140716)|HEAP_ALLOCATE|[52]|Bytes:81
15:59:52.0 (82155014)|HEAP_ALLOCATE|[52]|Bytes:4
15:59:52.0 (82406835)|SOQL_EXECUTE_BEGIN|[52]|Aggregations:0|SELECT GroupId, Id, UserOrGroupId FROM GroupMember WHERE UserOrGroupId = :tmpVar1
15:59:52.0 (89153372)|SOQL_EXECUTE_END|[52]|Rows:6
15:59:52.0 (89173483)|HEAP_ALLOCATE|[52]|Bytes:28
15:59:52.0 (89193705)|HEAP_ALLOCATE|[52]|Bytes:558
15:59:52.0 (89249922)|HEAP_ALLOCATE|[52]|Bytes:28
15:59:52.0 (89262609)|VARIABLE_SCOPE_BEGIN|[52]|groupMembers|List<GroupMember>|true|false
15:59:52.0 (89282486)|VARIABLE_ASSIGNMENT|[52]|groupMembers|"List of size 6 too large to display"|0x2864c427
15:59:52.0 (89289086)|STATEMENT_EXECUTE|[53]
15:59:52.0 (89303578)|HEAP_ALLOCATE|[53]|Bytes:4
15:59:52.0 (89339383)|VARIABLE_SCOPE_BEGIN|[53]|groupIds|List<Id>|true|false
15:59:52.0 (89367598)|HEAP_ALLOCATE|[EXTERNAL]|Bytes:4
15:59:52.0 (89378743)|VARIABLE_ASSIGNMENT|[53]|groupIds|[]|0x24818db5
15:59:52.0 (89625289)|HEAP_ALLOCATE|[55]|Bytes:5
15:59:52.0 (89657400)|HEAP_ALLOCATE|[55]|Bytes:16
15:59:52.0 (89667986)|VARIABLE_SCOPE_BEGIN|[55]|g|GroupMember|true|false
15:59:52.0 (89684844)|VARIABLE_ASSIGNMENT|[55]|g|{"GroupId":"00G1I000000OhKRUA0","Id":"0111I000000UCIrQAO","UserOrGroupId":"0051I000000JaV8QAK"}|0xd16f76e
15:59:52.0 (89696793)|STATEMENT_EXECUTE|[55]
15:59:52.0 (89698705)|STATEMENT_EXECUTE|[56]
15:59:52.0 (89763697)|HEAP_ALLOCATE|[EXTERNAL]|Bytes:4
15:59:52.0 (89780208)|HEAP_ALLOCATE|[55]|Bytes:5
15:59:52.0 (89789975)|HEAP_ALLOCATE|[55]|Bytes:16
15:59:52.0 (89796494)|VARIABLE_SCOPE_BEGIN|[55]|g|GroupMember|true|false
15:59:52.0 (89812566)|VARIABLE_ASSIGNMENT|[55]|g|{"GroupId":"00G1I000000aJ8WUAU","Id":"0111I000000UCIpQAO","UserOrGroupId":"0051I000000JaV8QAK"}|0x23491e50
15:59:52.0 (89818677)|STATEMENT_EXECUTE|[55]
15:59:52.0 (89820281)|STATEMENT_EXECUTE|[56]
15:59:52.0 (89831448)|HEAP_ALLOCATE|[EXTERNAL]|Bytes:4
15:59:52.0 (89841945)|HEAP_ALLOCATE|[55]|Bytes:5
15:59:52.0 (89850074)|HEAP_ALLOCATE|[55]|Bytes:16
15:59:52.0 (89854922)|VARIABLE_SCOPE_BEGIN|[55]|g|GroupMember|true|false
15:59:52.0 (89865513)|VARIABLE_ASSIGNMENT|[55]|g|{"GroupId":"00G1I000000aJ8gUAE","Id":"0111I000000UDCkQAO","UserOrGroupId":"0051I000000JaV8QAK"}|0x404de670
15:59:52.0 (89870977)|STATEMENT_EXECUTE|[55]
15:59:52.0 (89872448)|STATEMENT_EXECUTE|[56]
15:59:52.0 (89879866)|HEAP_ALLOCATE|[EXTERNAL]|Bytes:4
15:59:52.0 (89889570)|HEAP_ALLOCATE|[55]|Bytes:5
15:59:52.0 (89896758)|HEAP_ALLOCATE|[55]|Bytes:16
15:59:52.0 (89901432)|VARIABLE_SCOPE_BEGIN|[55]|g|GroupMember|true|false
15:59:52.0 (89911912)|VARIABLE_ASSIGNMENT|[55]|g|{"GroupId":"00G1I000000aJ8lUAE","Id":"0111I000000UDCiQAO","UserOrGroupId":"0051I000000JaV8QAK"}|0x2c2a3c7f
15:59:52.0 (89917281)|STATEMENT_EXECUTE|[55]
15:59:52.0 (89918760)|STATEMENT_EXECUTE|[56]
15:59:52.0 (89925645)|HEAP_ALLOCATE|[EXTERNAL]|Bytes:4
15:59:52.0 (89934831)|HEAP_ALLOCATE|[55]|Bytes:5
15:59:52.0 (89942513)|HEAP_ALLOCATE|[55]|Bytes:16
15:59:52.0 (89947544)|VARIABLE_SCOPE_BEGIN|[55]|g|GroupMember|true|false
15:59:52.0 (89957507)|VARIABLE_ASSIGNMENT|[55]|g|{"GroupId":"00G1I000000aJ8qUAE","Id":"0111I000000UDCcQAO","UserOrGroupId":"0051I000000JaV8QAK"}|0x16bd1313
15:59:52.0 (89963386)|STATEMENT_EXECUTE|[55]
15:59:52.0 (89964828)|STATEMENT_EXECUTE|[56]
15:59:52.0 (89971475)|HEAP_ALLOCATE|[EXTERNAL]|Bytes:4
15:59:52.0 (89980338)|HEAP_ALLOCATE|[55]|Bytes:5
15:59:52.0 (89987649)|HEAP_ALLOCATE|[55]|Bytes:16
15:59:52.0 (89992312)|VARIABLE_SCOPE_BEGIN|[55]|g|GroupMember|true|false
15:59:52.0 (90002270)|VARIABLE_ASSIGNMENT|[55]|g|{"GroupId":"00G1I000000aJ8vUAE","Id":"0111I000000UDChQAO","UserOrGroupId":"0051I000000JaV8QAK"}|0x7ded340a
15:59:52.0 (90008260)|STATEMENT_EXECUTE|[55]
15:59:52.0 (90009770)|STATEMENT_EXECUTE|[56]
15:59:52.0 (90016953)|HEAP_ALLOCATE|[EXTERNAL]|Bytes:4
15:59:52.0 (90026146)|HEAP_ALLOCATE|[55]|Bytes:5
15:59:52.0 (90036069)|VARIABLE_ASSIGNMENT|[55]|g|null|
15:59:52.0 (90041710)|STATEMENT_EXECUTE|[60]
15:59:52.0 (90045302)|HEAP_ALLOCATE|[60]|Bytes:74
15:59:52.0 (90057766)|HEAP_ALLOCATE|[60]|Bytes:4
15:59:52.0 (90260860)|SOQL_EXECUTE_BEGIN|[60]|Aggregations:0|SELECT Id, Name FROM Group WHERE (Type = 'Regular' AND Id NOT IN :tmpVar1)
15:59:52.0 (94539481)|SOQL_EXECUTE_END|[60]|Rows:10
15:59:52.0 (94559237)|HEAP_ALLOCATE|[60]|Bytes:44
15:59:52.0 (94580565)|HEAP_ALLOCATE|[60]|Bytes:410
15:59:52.0 (94632027)|HEAP_ALLOCATE|[60]|Bytes:44
15:59:52.0 (94644154)|VARIABLE_SCOPE_BEGIN|[60]|nonGroups|List<Group>|true|false
15:59:52.0 (94658945)|VARIABLE_ASSIGNMENT|[60]|nonGroups|"List of size 10 too large to display"|0x14d5f522
15:59:52.0 (94665940)|STATEMENT_EXECUTE|[61]
15:59:52.0 (94669730)|HEAP_ALLOCATE|[61]|Bytes:11
15:59:52.0 (94788917)|HEAP_ALLOCATE|[61]|Bytes:420
15:59:52.0 (94812664)|HEAP_ALLOCATE|[61]|Bytes:431
15:59:52.0 (94838963)|USER_DEBUG|[61]|DEBUG|nonGroups: (Group:{Id=00G1I000000aJ8bUAE, Name=ABE2}, Group:{Id=00G1I000000aJ8RUAU, Name=ABE4}, Group:{Id=00G1I000000aJ8MUAU, Name=ABE8}, Group:{Id=00G1I000000aJ9FUAU, Name=BDL2}, Group:{Id=00G1I000000aJ8CUAU, Name=BFI3}, Group:{Id=00G1I000000aJ8HUAU, Name=BFI4}, Group:{Id=00G1I000000aJ9KUAU, Name=BFI5}, Group:{Id=00G1I000000aJ90UAE, Name=BNA2}, Group:{Id=00G1I000000aJ95UAE, Name=BWI2}, Group:{Id=00G1I000000aJ9AUAU, Name=CLT3})
15:59:52.0 (94936983)|HEAP_ALLOCATE|[63]|Bytes:5
15:59:52.0 (94951585)|HEAP_ALLOCATE|[63]|Bytes:12
15:59:52.0 (94960050)|VARIABLE_SCOPE_BEGIN|[63]|ng|Group|true|false
15:59:52.0 (94975835)|VARIABLE_ASSIGNMENT|[63]|ng|{"Id":"00G1I000000aJ8bUAE","Name":"ABE2"}|0x26d1573e
15:59:52.0 (94982273)|STATEMENT_EXECUTE|[63]
15:59:52.0 (94984222)|STATEMENT_EXECUTE|[64]
15:59:52.0 (95059190)|HEAP_ALLOCATE|[EXTERNAL]|Bytes:4
15:59:52.0 (95075886)|HEAP_ALLOCATE|[63]|Bytes:5
15:59:52.0 (95086423)|HEAP_ALLOCATE|[63]|Bytes:12
15:59:52.0 (95092646)|VARIABLE_SCOPE_BEGIN|[63]|ng|Group|true|false
15:59:52.0 (95106318)|VARIABLE_ASSIGNMENT|[63]|ng|{"Id":"00G1I000000aJ8RUAU","Name":"ABE4"}|0x5490cdcb
15:59:52.0 (95111811)|STATEMENT_EXECUTE|[63]
15:59:52.0 (95113381)|STATEMENT_EXECUTE|[64]
15:59:52.0 (95128407)|HEAP_ALLOCATE|[EXTERNAL]|Bytes:4
15:59:52.0 (95139186)|HEAP_ALLOCATE|[63]|Bytes:5
15:59:52.0 (95147305)|HEAP_ALLOCATE|[63]|Bytes:12
15:59:52.0 (95152959)|VARIABLE_SCOPE_BEGIN|[63]|ng|Group|true|false
15:59:52.0 (95163359)|VARIABLE_ASSIGNMENT|[63]|ng|{"Id":"00G1I000000aJ8MUAU","Name":"ABE8"}|0x771b22bf
15:59:52.0 (95168163)|STATEMENT_EXECUTE|[63]
15:59:52.0 (95169622)|STATEMENT_EXECUTE|[64]
15:59:52.0 (95180232)|HEAP_ALLOCATE|[EXTERNAL]|Bytes:4
15:59:52.0 (95189894)|HEAP_ALLOCATE|[63]|Bytes:5
15:59:52.0 (95198076)|HEAP_ALLOCATE|[63]|Bytes:12
15:59:52.0 (95203275)|VARIABLE_SCOPE_BEGIN|[63]|ng|Group|true|false
15:59:52.0 (95213345)|VARIABLE_ASSIGNMENT|[63]|ng|{"Id":"00G1I000000aJ9FUAU","Name":"BDL2"}|0x676244cc
15:59:52.0 (95218872)|STATEMENT_EXECUTE|[63]
15:59:52.0 (95220490)|STATEMENT_EXECUTE|[64]
15:59:52.0 (95230421)|HEAP_ALLOCATE|[EXTERNAL]|Bytes:4
15:59:52.0 (95240291)|HEAP_ALLOCATE|[63]|Bytes:5
15:59:52.0 (95247804)|HEAP_ALLOCATE|[63]|Bytes:12
15:59:52.0 (95252582)|VARIABLE_SCOPE_BEGIN|[63]|ng|Group|true|false
15:59:52.0 (95262539)|VARIABLE_ASSIGNMENT|[63]|ng|{"Id":"00G1I000000aJ8CUAU","Name":"BFI3"}|0x4ba687b9
15:59:52.0 (95267479)|STATEMENT_EXECUTE|[63]
15:59:52.0 (95268922)|STATEMENT_EXECUTE|[64]
15:59:52.0 (95278562)|HEAP_ALLOCATE|[EXTERNAL]|Bytes:4
15:59:52.0 (95288253)|HEAP_ALLOCATE|[63]|Bytes:5
15:59:52.0 (95295910)|HEAP_ALLOCATE|[63]|Bytes:12
15:59:52.0 (95300758)|VARIABLE_SCOPE_BEGIN|[63]|ng|Group|true|false
15:59:52.0 (95310017)|VARIABLE_ASSIGNMENT|[63]|ng|{"Id":"00G1I000000aJ8HUAU","Name":"BFI4"}|0x190af593
15:59:52.0 (95315480)|STATEMENT_EXECUTE|[63]
15:59:52.0 (95316899)|STATEMENT_EXECUTE|[64]
15:59:52.0 (95326200)|HEAP_ALLOCATE|[EXTERNAL]|Bytes:4
15:59:52.0 (95335879)|HEAP_ALLOCATE|[63]|Bytes:5
15:59:52.0 (95343321)|HEAP_ALLOCATE|[63]|Bytes:12
15:59:52.0 (95348388)|VARIABLE_SCOPE_BEGIN|[63]|ng|Group|true|false
15:59:52.0 (95357625)|VARIABLE_ASSIGNMENT|[63]|ng|{"Id":"00G1I000000aJ9KUAU","Name":"BFI5"}|0x372a32d7
15:59:52.0 (95362560)|STATEMENT_EXECUTE|[63]
15:59:52.0 (95363989)|STATEMENT_EXECUTE|[64]
15:59:52.0 (95373517)|HEAP_ALLOCATE|[EXTERNAL]|Bytes:4
15:59:52.0 (95382972)|HEAP_ALLOCATE|[63]|Bytes:5
15:59:52.0 (95390559)|HEAP_ALLOCATE|[63]|Bytes:12
15:59:52.0 (95395740)|VARIABLE_SCOPE_BEGIN|[63]|ng|Group|true|false
15:59:52.0 (95404850)|VARIABLE_ASSIGNMENT|[63]|ng|{"Id":"00G1I000000aJ90UAE","Name":"BNA2"}|0x421b44da
15:59:52.0 (95418800)|STATEMENT_EXECUTE|[63]
15:59:52.0 (95420350)|STATEMENT_EXECUTE|[64]
15:59:52.0 (95434762)|HEAP_ALLOCATE|[EXTERNAL]|Bytes:4
15:59:52.0 (95445224)|HEAP_ALLOCATE|[63]|Bytes:5
15:59:52.0 (95453205)|HEAP_ALLOCATE|[63]|Bytes:12
15:59:52.0 (95458184)|VARIABLE_SCOPE_BEGIN|[63]|ng|Group|true|false
15:59:52.0 (95468124)|VARIABLE_ASSIGNMENT|[63]|ng|{"Id":"00G1I000000aJ95UAE","Name":"BWI2"}|0x3d7f886f
15:59:52.0 (95473171)|STATEMENT_EXECUTE|[63]
15:59:52.0 (95474830)|STATEMENT_EXECUTE|[64]
15:59:52.0 (95485041)|HEAP_ALLOCATE|[EXTERNAL]|Bytes:4
15:59:52.0 (95494830)|HEAP_ALLOCATE|[63]|Bytes:5
15:59:52.0 (95502391)|HEAP_ALLOCATE|[63]|Bytes:12
15:59:52.0 (95507493)|VARIABLE_SCOPE_BEGIN|[63]|ng|Group|true|false
15:59:52.0 (95517159)|VARIABLE_ASSIGNMENT|[63]|ng|{"Id":"00G1I000000aJ9AUAU","Name":"CLT3"}|0x7317443e
15:59:52.0 (95522137)|STATEMENT_EXECUTE|[63]
15:59:52.0 (95523554)|STATEMENT_EXECUTE|[64]
15:59:52.0 (95533251)|HEAP_ALLOCATE|[EXTERNAL]|Bytes:4
15:59:52.0 (95542425)|HEAP_ALLOCATE|[63]|Bytes:5
15:59:52.0 (95551455)|VARIABLE_ASSIGNMENT|[63]|ng|null|
15:59:52.0 (95559606)|STATEMENT_EXECUTE|[67]
15:59:52.0 (95566998)|SYSTEM_MODE_EXIT|false
15:59:52.0 (95733745)|SYSTEM_MODE_ENTER|true
15:59:52.0 (95788803)|HEAP_ALLOCATE|[EXTERNAL]|Bytes:44
15:59:52.0 (95800164)|HEAP_ALLOCATE|[EXTERNAL]|Bytes:20
15:59:52.0 (95830690)|VARIABLE_ASSIGNMENT|[EXTERNAL]|this.leftOptions|"List of size 10 too large to display"|0x61ca3d3d
15:59:52.0 (95964587)|SYSTEM_MODE_ENTER|true
15:59:52.0 (96013457)|HEAP_ALLOCATE|[EXTERNAL]|Bytes:36
15:59:52.0 (96196347)|VARIABLE_ASSIGNMENT|[EXTERNAL]|this|{"recordTypes":"0x115d05f7"}|0x24568caf
15:59:52.0 (96214518)|SYSTEM_MODE_ENTER|false
15:59:52.0 (96221595)|HEAP_ALLOCATE|[74]|Bytes:5
15:59:52.0 (96226348)|STATEMENT_EXECUTE|[73]
15:59:52.0 (96228140)|STATEMENT_EXECUTE|[74]
15:59:52.0 (96237131)|HEAP_ALLOCATE|[74]|Bytes:4
15:59:52.0 (96258731)|VARIABLE_SCOPE_BEGIN|[74]|allQueues|List<System.SelectOption>|true|false
15:59:52.0 (96278834)|HEAP_ALLOCATE|[EXTERNAL]|Bytes:4
15:59:52.0 (96287084)|VARIABLE_ASSIGNMENT|[74]|allQueues|[]|0x5ac768f3
15:59:52.0 (96292852)|STATEMENT_EXECUTE|[75]
15:59:52.0 (96301967)|HEAP_ALLOCATE|[75]|Bytes:4
15:59:52.0 (96406002)|SOQL_EXECUTE_BEGIN|[75]|Aggregations:0|SELECT Label FROM OpsHR_Setup__mdt
15:59:52.0 (98491481)|SOQL_EXECUTE_END|[75]|Rows:17
15:59:52.0 (98511805)|HEAP_ALLOCATE|[75]|Bytes:72
15:59:52.0 (98537079)|HEAP_ALLOCATE|[75]|Bytes:714
15:59:52.0 (98565782)|HEAP_ALLOCATE|[75]|Bytes:72
15:59:52.0 (98576343)|VARIABLE_SCOPE_BEGIN|[75]|allMDT|List<OpsHR_Setup__mdt>|true|false
15:59:52.0 (98591662)|VARIABLE_ASSIGNMENT|[75]|allMDT|"List of size 17 too large to display"|0x1d53d0d5
15:59:52.0 (98598558)|STATEMENT_EXECUTE|[77]
15:59:52.0 (98636190)|HEAP_ALLOCATE|[77]|Bytes:553
15:59:52.0 (98678260)|HEAP_ALLOCATE|[77]|Bytes:535
15:59:52.0 (98711277)|VARIABLE_SCOPE_BEGIN|[77]|retURL|String|false|false
15:59:52.0 (98723616)|VARIABLE_ASSIGNMENT|[77]|retURL|"0051I000000JaV8"
15:59:52.0 (98728121)|STATEMENT_EXECUTE|[79]
15:59:52.0 (98731529)|HEAP_ALLOCATE|[79]|Bytes:39
15:59:52.0 (98742044)|HEAP_ALLOCATE|[79]|Bytes:4
15:59:52.0 (98758459)|METHOD_ENTRY|[79]||System.UserInfo.getUserId()
15:59:52.0 (98786793)|METHOD_EXIT|[79]||System.UserInfo.getUserId()
15:59:52.0 (98899217)|SOQL_EXECUTE_BEGIN|[79]|Aggregations:0|SELECT Id FROM User WHERE Id = :tmpVar1
15:59:52.0 (103704224)|SOQL_EXECUTE_END|[79]|Rows:1
15:59:52.0 (103724111)|HEAP_ALLOCATE|[79]|Bytes:8
15:59:52.0 (103734747)|HEAP_ALLOCATE|[79]|Bytes:29
15:59:52.0 (103766561)|HEAP_ALLOCATE|[79]|Bytes:8
15:59:52.0 (103788288)|HEAP_ALLOCATE|[79]|Bytes:8
15:59:52.0 (103795462)|VARIABLE_SCOPE_BEGIN|[79]|theUser|User|true|false
15:59:52.0 (103812933)|VARIABLE_ASSIGNMENT|[79]|theUser|{"Id":"0051I000000JaV8QAK"}|0x1c1516df
15:59:52.0 (103819482)|STATEMENT_EXECUTE|[82]
15:59:52.0 (103829794)|HEAP_ALLOCATE|[82]|Bytes:4
15:59:52.0 (103987065)|SOQL_EXECUTE_BEGIN|[82]|Aggregations:0|SELECT GroupId, Id, UserOrGroupId FROM GroupMember WHERE UserOrGroupId = :tmpVar1
15:59:52.0 (108396151)|SOQL_EXECUTE_END|[82]|Rows:6
15:59:52.0 (108422683)|HEAP_ALLOCATE|[82]|Bytes:28
15:59:52.0 (108442038)|HEAP_ALLOCATE|[82]|Bytes:558
15:59:52.0 (108473773)|HEAP_ALLOCATE|[82]|Bytes:28
15:59:52.0 (108484618)|VARIABLE_SCOPE_BEGIN|[82]|groupMembers|List<GroupMember>|true|false
15:59:52.0 (108500436)|VARIABLE_ASSIGNMENT|[82]|groupMembers|"List of size 6 too large to display"|0x377268ea
15:59:52.0 (108507272)|STATEMENT_EXECUTE|[83]
15:59:52.0 (108519145)|HEAP_ALLOCATE|[83]|Bytes:4
15:59:52.0 (108547584)|VARIABLE_SCOPE_BEGIN|[83]|groupIds|List<Id>|true|false
15:59:52.0 (108571772)|HEAP_ALLOCATE|[EXTERNAL]|Bytes:4
15:59:52.0 (108581012)|VARIABLE_ASSIGNMENT|[83]|groupIds|[]|0x7794dd51
15:59:52.0 (108628048)|HEAP_ALLOCATE|[85]|Bytes:5
15:59:52.0 (108644101)|HEAP_ALLOCATE|[85]|Bytes:16
15:59:52.0 (108652816)|VARIABLE_SCOPE_BEGIN|[85]|g|GroupMember|true|false
15:59:52.0 (108668384)|VARIABLE_ASSIGNMENT|[85]|g|{"GroupId":"00G1I000000OhKRUA0","Id":"0111I000000UCIrQAO","UserOrGroupId":"0051I000000JaV8QAK"}|0x2dddff52
15:59:52.0 (108675219)|STATEMENT_EXECUTE|[85]
15:59:52.0 (108676892)|STATEMENT_EXECUTE|[86]
15:59:52.0 (108715509)|HEAP_ALLOCATE|[EXTERNAL]|Bytes:4
15:59:52.0 (108730589)|HEAP_ALLOCATE|[85]|Bytes:5
15:59:52.0 (108744882)|HEAP_ALLOCATE|[85]|Bytes:16
15:59:52.0 (108751370)|VARIABLE_SCOPE_BEGIN|[85]|g|GroupMember|true|false
15:59:52.0 (108763636)|VARIABLE_ASSIGNMENT|[85]|g|{"GroupId":"00G1I000000aJ8WUAU","Id":"0111I000000UCIpQAO","UserOrGroupId":"0051I000000JaV8QAK"}|0x6354c9dc
15:59:52.0 (108769017)|STATEMENT_EXECUTE|[85]
15:59:52.0 (108770608)|STATEMENT_EXECUTE|[86]
15:59:52.0 (108780927)|HEAP_ALLOCATE|[EXTERNAL]|Bytes:4
15:59:52.0 (108791024)|HEAP_ALLOCATE|[85]|Bytes:5
15:59:52.0 (108798903)|HEAP_ALLOCATE|[85]|Bytes:16
15:59:52.0 (108803969)|VARIABLE_SCOPE_BEGIN|[85]|g|GroupMember|true|false
15:59:52.0 (108814807)|VARIABLE_ASSIGNMENT|[85]|g|{"GroupId":"00G1I000000aJ8gUAE","Id":"0111I000000UDCkQAO","UserOrGroupId":"0051I000000JaV8QAK"}|0x595f8025
15:59:52.0 (108820061)|STATEMENT_EXECUTE|[85]
15:59:52.0 (108821538)|STATEMENT_EXECUTE|[86]
15:59:52.0 (108828959)|HEAP_ALLOCATE|[EXTERNAL]|Bytes:4
15:59:52.0 (108838471)|HEAP_ALLOCATE|[85]|Bytes:5
15:59:52.0 (108846081)|HEAP_ALLOCATE|[85]|Bytes:16
15:59:52.0 (108850985)|VARIABLE_SCOPE_BEGIN|[85]|g|GroupMember|true|false
15:59:52.0 (108861539)|VARIABLE_ASSIGNMENT|[85]|g|{"GroupId":"00G1I000000aJ8lUAE","Id":"0111I000000UDCiQAO","UserOrGroupId":"0051I000000JaV8QAK"}|0x3c93b274
15:59:52.0 (108866643)|STATEMENT_EXECUTE|[85]
15:59:52.0 (108868236)|STATEMENT_EXECUTE|[86]
15:59:52.0 (108875440)|HEAP_ALLOCATE|[EXTERNAL]|Bytes:4
15:59:52.0 (108884879)|HEAP_ALLOCATE|[85]|Bytes:5
15:59:52.0 (108892323)|HEAP_ALLOCATE|[85]|Bytes:16
15:59:52.0 (108897036)|VARIABLE_SCOPE_BEGIN|[85]|g|GroupMember|true|false
15:59:52.0 (108906923)|VARIABLE_ASSIGNMENT|[85]|g|{"GroupId":"00G1I000000aJ8qUAE","Id":"0111I000000UDCcQAO","UserOrGroupId":"0051I000000JaV8QAK"}|0x7ef6eddb
15:59:52.0 (108913353)|STATEMENT_EXECUTE|[85]
15:59:52.0 (108914788)|STATEMENT_EXECUTE|[86]
15:59:52.0 (108921723)|HEAP_ALLOCATE|[EXTERNAL]|Bytes:4
15:59:52.0 (108931044)|HEAP_ALLOCATE|[85]|Bytes:5
15:59:52.0 (108938589)|HEAP_ALLOCATE|[85]|Bytes:16
15:59:52.0 (108943648)|VARIABLE_SCOPE_BEGIN|[85]|g|GroupMember|true|false
15:59:52.0 (108953702)|VARIABLE_ASSIGNMENT|[85]|g|{"GroupId":"00G1I000000aJ8vUAE","Id":"0111I000000UDChQAO","UserOrGroupId":"0051I000000JaV8QAK"}|0x3b29c1f0
15:59:52.0 (108959060)|STATEMENT_EXECUTE|[85]
15:59:52.0 (108960494)|STATEMENT_EXECUTE|[86]
15:59:52.0 (108967421)|HEAP_ALLOCATE|[EXTERNAL]|Bytes:4
15:59:52.0 (108976883)|HEAP_ALLOCATE|[85]|Bytes:5
15:59:52.0 (108986615)|VARIABLE_ASSIGNMENT|[85]|g|null|
15:59:52.0 (108992084)|STATEMENT_EXECUTE|[90]
15:59:52.0 (108995553)|HEAP_ALLOCATE|[90]|Bytes:70
15:59:52.0 (109007984)|HEAP_ALLOCATE|[90]|Bytes:4
15:59:52.0 (109392376)|SOQL_EXECUTE_BEGIN|[90]|Aggregations:0|SELECT Id, Name FROM Group WHERE (Type = 'Regular' AND Id IN :tmpVar1)
15:59:52.0 (114230500)|SOQL_EXECUTE_END|[90]|Rows:6
15:59:52.0 (114256596)|HEAP_ALLOCATE|[90]|Bytes:28
15:59:52.0 (114286841)|HEAP_ALLOCATE|[90]|Bytes:251
15:59:52.0 (114343751)|HEAP_ALLOCATE|[90]|Bytes:28
15:59:52.0 (114368974)|VARIABLE_SCOPE_BEGIN|[90]|actualGroups|List<Group>|true|false
15:59:52.0 (114398846)|VARIABLE_ASSIGNMENT|[90]|actualGroups|"List of size 6 too large to display"|0x6c551456
15:59:52.0 (114491559)|HEAP_ALLOCATE|[92]|Bytes:5
15:59:52.0 (114522111)|HEAP_ALLOCATE|[92]|Bytes:12
15:59:52.0 (114534434)|VARIABLE_SCOPE_BEGIN|[92]|ng|Group|true|false
15:59:52.0 (114550798)|VARIABLE_ASSIGNMENT|[92]|ng|{"Id":"00G1I000000OhKRUA0","Name":"Reviewers"}|0x40bf227f
15:59:52.0 (114568633)|STATEMENT_EXECUTE|[92]
15:59:52.0 (114570684)|STATEMENT_EXECUTE|[93]
15:59:52.0 (114694087)|HEAP_ALLOCATE|[EXTERNAL]|Bytes:4
15:59:52.0 (114723341)|HEAP_ALLOCATE|[92]|Bytes:5
15:59:52.0 (114745508)|HEAP_ALLOCATE|[92]|Bytes:12
15:59:52.0 (114752175)|VARIABLE_SCOPE_BEGIN|[92]|ng|Group|true|false
15:59:52.0 (114783660)|VARIABLE_ASSIGNMENT|[92]|ng|{"Id":"00G1I000000aJ8WUAU","Name":"CMH1"}|0x72c97ec
15:59:52.0 (114791153)|STATEMENT_EXECUTE|[92]
15:59:52.0 (114792877)|STATEMENT_EXECUTE|[93]
15:59:52.0 (114819284)|HEAP_ALLOCATE|[EXTERNAL]|Bytes:4
15:59:52.0 (114831438)|HEAP_ALLOCATE|[92]|Bytes:5
15:59:52.0 (114859981)|HEAP_ALLOCATE|[92]|Bytes:12
15:59:52.0 (114866279)|VARIABLE_SCOPE_BEGIN|[92]|ng|Group|true|false
15:59:52.0 (114883762)|VARIABLE_ASSIGNMENT|[92]|ng|{"Id":"00G1I000000aJ8gUAE","Name":"DEN2"}|0x779d5054
15:59:52.0 (114889595)|STATEMENT_EXECUTE|[92]
15:59:52.0 (114900086)|STATEMENT_EXECUTE|[93]
15:59:52.0 (114912914)|HEAP_ALLOCATE|[EXTERNAL]|Bytes:4
15:59:52.0 (114955732)|HEAP_ALLOCATE|[92]|Bytes:5
15:59:52.0 (114968436)|HEAP_ALLOCATE|[92]|Bytes:12
15:59:52.0 (114974364)|VARIABLE_SCOPE_BEGIN|[92]|ng|Group|true|false
15:59:52.0 (114986667)|VARIABLE_ASSIGNMENT|[92]|ng|{"Id":"00G1I000000aJ8lUAE","Name":"CLT2"}|0x4d7d35b9
15:59:52.0 (115001268)|STATEMENT_EXECUTE|[92]
15:59:52.0 (115003685)|STATEMENT_EXECUTE|[93]
15:59:52.0 (115027500)|HEAP_ALLOCATE|[EXTERNAL]|Bytes:4
15:59:52.0 (115050490)|HEAP_ALLOCATE|[92]|Bytes:5
15:59:52.0 (115067702)|HEAP_ALLOCATE|[92]|Bytes:12
15:59:52.0 (115073683)|VARIABLE_SCOPE_BEGIN|[92]|ng|Group|true|false
15:59:52.0 (115092246)|VARIABLE_ASSIGNMENT|[92]|ng|{"Id":"00G1I000000aJ8qUAE","Name":"AVP1"}|0x74685ab3
15:59:52.0 (115097355)|STATEMENT_EXECUTE|[92]
15:59:52.0 (115102929)|STATEMENT_EXECUTE|[93]
15:59:52.0 (115114172)|HEAP_ALLOCATE|[EXTERNAL]|Bytes:4
15:59:52.0 (115132910)|HEAP_ALLOCATE|[92]|Bytes:5
15:59:52.0 (115148717)|HEAP_ALLOCATE|[92]|Bytes:12
15:59:52.0 (115154461)|VARIABLE_SCOPE_BEGIN|[92]|ng|Group|true|false
15:59:52.0 (115174741)|VARIABLE_ASSIGNMENT|[92]|ng|{"Id":"00G1I000000aJ8vUAE","Name":"CAE1"}|0x17983025
15:59:52.0 (115180569)|STATEMENT_EXECUTE|[92]
15:59:52.0 (115182030)|STATEMENT_EXECUTE|[93]
15:59:52.0 (115202629)|HEAP_ALLOCATE|[EXTERNAL]|Bytes:4
15:59:52.0 (115213120)|HEAP_ALLOCATE|[92]|Bytes:5
15:59:52.0 (115241667)|VARIABLE_ASSIGNMENT|[92]|ng|null|
15:59:52.0 (115247620)|STATEMENT_EXECUTE|[96]
15:59:52.0 (115255238)|SYSTEM_MODE_EXIT|false
15:59:52.0 (115496850)|SYSTEM_MODE_ENTER|true
15:59:52.0 (115598152)|HEAP_ALLOCATE|[EXTERNAL]|Bytes:28
15:59:52.0 (115610779)|HEAP_ALLOCATE|[EXTERNAL]|Bytes:20
15:59:52.0 (115625790)|VARIABLE_ASSIGNMENT|[EXTERNAL]|this.rightOptions|"List of size 6 too large to display"|0x61ca3d3d
15:59:52.0 (116155878)|SYSTEM_MODE_ENTER|true
15:59:52.0 (116290797)|SYSTEM_MODE_ENTER|true
15:59:52.0 (116531381)|SYSTEM_MODE_ENTER|true
15:59:52.0 (116656829)|HEAP_ALLOCATE|[EXTERNAL]|Bytes:20
15:59:52.0 (116665962)|HEAP_ALLOCATE|[EXTERNAL]|Bytes:99
15:59:52.0 (116751768)|VARIABLE_ASSIGNMENT|[EXTERNAL]|this|{"leftOptions":"0x66293542","rightOptions":"0x5ac768f3"}|0x61ca3d3d
15:59:52.0 (116768463)|VARIABLE_ASSIGNMENT|[EXTERNAL]|value|"ABE2&ABE2&ABE4&ABE4& (79 more) ..."
15:59:52.0 (116786168)|SYSTEM_MODE_ENTER|false
15:59:52.0 (116793883)|HEAP_ALLOCATE|[25]|Bytes:5
15:59:52.0 (116798948)|STATEMENT_EXECUTE|[24]
15:59:52.0 (116800839)|STATEMENT_EXECUTE|[25]
15:59:52.0 (116838242)|VARIABLE_ASSIGNMENT|[25]|this.leftOptionsHidden|"ABE2&ABE2&ABE4&ABE4& (79 more) ..."|0x61ca3d3d
15:59:52.0 (116845188)|STATEMENT_EXECUTE|[26]
15:59:52.0 (116953382)|VARIABLE_ASSIGNMENT|[EXTERNAL]|this|{"leftOptions":"0x66293542","leftOptionsHidden":"ABE2&ABE2&ABE4&ABE4& (79 more) ...","rightOptions":"0x5ac768f3"}|0x61ca3d3d
15:59:52.0 (117008759)|METHOD_ENTRY|[26]|01p1I00000G9Bhb|MultiselectController.setOptions(List<System.SelectOption>, String)
15:59:52.0 (117017408)|VARIABLE_SCOPE_BEGIN|[9]|this|MultiselectController|true|false
15:59:52.0 (117055636)|VARIABLE_ASSIGNMENT|[9]|this|{"leftOptions":"0x66293542","leftOptionsHidden":"ABE2&ABE2&ABE4&ABE4& (79 more) ...","rightOptions":"0x5ac768f3"}|0x61ca3d3d
15:59:52.0 (117063021)|VARIABLE_SCOPE_BEGIN|[9]|options|List<System.SelectOption>|true|false
15:59:52.0 (117083363)|VARIABLE_ASSIGNMENT|[9]|options|"List of size 10 too large to display"|0x66293542
15:59:52.0 (117089645)|VARIABLE_SCOPE_BEGIN|[9]|value|String|false|false
15:59:52.0 (117097269)|VARIABLE_ASSIGNMENT|[9]|value|"ABE2&ABE2&ABE4&ABE4& (79 more) ..."
15:59:52.0 (117121342)|HEAP_ALLOCATE|[10]|Bytes:5
15:59:52.0 (117126315)|STATEMENT_EXECUTE|[9]
15:59:52.0 (117128276)|STATEMENT_EXECUTE|[10]
15:59:52.0 (117179402)|STATEMENT_EXECUTE|[11]
15:59:52.0 (117184342)|HEAP_ALLOCATE|[11]|Bytes:9
15:59:52.0 (117243497)|HEAP_ALLOCATE|[11]|Bytes:2
15:59:52.0 (117260175)|HEAP_ALLOCATE|[11]|Bytes:11
15:59:52.0 (117305228)|USER_DEBUG|[11]|DEBUG|options: ()
15:59:52.0 (117313936)|STATEMENT_EXECUTE|[12]
15:59:52.0 (117317009)|HEAP_ALLOCATE|[12]|Bytes:1
15:59:52.0 (117398488)|HEAP_ALLOCATE|[12]|Bytes:4
15:59:52.0 (117403594)|HEAP_ALLOCATE|[12]|Bytes:4
15:59:52.0 (117406743)|HEAP_ALLOCATE|[12]|Bytes:4
15:59:52.0 (117409157)|HEAP_ALLOCATE|[12]|Bytes:4
15:59:52.0 (117417722)|HEAP_ALLOCATE|[12]|Bytes:4
15:59:52.0 (117420981)|HEAP_ALLOCATE|[12]|Bytes:4
15:59:52.0 (117423725)|HEAP_ALLOCATE|[12]|Bytes:4
15:59:52.0 (117430365)|HEAP_ALLOCATE|[12]|Bytes:4
15:59:52.0 (117433679)|HEAP_ALLOCATE|[12]|Bytes:4
15:59:52.0 (117446194)|HEAP_ALLOCATE|[12]|Bytes:4
15:59:52.0 (117449359)|HEAP_ALLOCATE|[12]|Bytes:4
15:59:52.0 (117451933)|HEAP_ALLOCATE|[12]|Bytes:4
15:59:52.0 (117454806)|HEAP_ALLOCATE|[12]|Bytes:4
15:59:52.0 (117465669)|HEAP_ALLOCATE|[12]|Bytes:4
15:59:52.0 (117468742)|HEAP_ALLOCATE|[12]|Bytes:4
15:59:52.0 (117471763)|HEAP_ALLOCATE|[12]|Bytes:4
15:59:52.0 (117474316)|HEAP_ALLOCATE|[12]|Bytes:4
15:59:52.0 (117477224)|HEAP_ALLOCATE|[12]|Bytes:4
15:59:52.0 (117488494)|HEAP_ALLOCATE|[12]|Bytes:4
15:59:52.0 (117491032)|HEAP_ALLOCATE|[12]|Bytes:4
15:59:52.0 (117495249)|HEAP_ALLOCATE|[12]|Bytes:84
15:59:52.0 (117507846)|VARIABLE_SCOPE_BEGIN|[12]|parts|List<String>|true|false
15:59:52.0 (117544757)|HEAP_ALLOCATE|[EXTERNAL]|Bytes:84
15:59:52.0 (117566342)|VARIABLE_ASSIGNMENT|[12]|parts|"List of size 20 too large to display"|0x5aafc9d4
15:59:52.0 (117581028)|STATEMENT_EXECUTE|[13]
15:59:52.0 (117584418)|HEAP_ALLOCATE|[13]|Bytes:7
15:59:52.0 (117638418)|HEAP_ALLOCATE|[13]|Bytes:65
15:59:52.0 (117660830)|HEAP_ALLOCATE|[13]|Bytes:72
15:59:52.0 (117682864)|USER_DEBUG|[13]|DEBUG|parts: (ABE2, ABE2, ABE4, ABE4, ABE8, ABE8, BFI3, BFI3, BFI4, BFI4, ...)
15:59:52.0 (117692878)|STATEMENT_EXECUTE|[14]
15:59:52.0 (117708050)|VARIABLE_SCOPE_BEGIN|[14]|i|Integer|false|false
15:59:52.0 (117717469)|HEAP_ALLOCATE|[14]|Bytes:4
15:59:52.0 (117741638)|VARIABLE_ASSIGNMENT|[14]|i|0
15:59:52.0 (117803506)|STATEMENT_EXECUTE|[14]
15:59:52.0 (117805516)|STATEMENT_EXECUTE|[15]
15:59:52.0 (117808749)|HEAP_ALLOCATE|[15]|Bytes:21
15:59:52.0 (117846763)|HEAP_ALLOCATE|[15]|Bytes:1
15:59:52.0 (117867916)|HEAP_ALLOCATE|[15]|Bytes:22
15:59:52.0 (117878186)|USER_DEBUG|[15]|DEBUG|beginning iteration: 0
15:59:52.0 (117884858)|STATEMENT_EXECUTE|[16]
15:59:52.0 (117910115)|HEAP_ALLOCATE|[16]|Bytes:4
15:59:52.0 (117923182)|HEAP_ALLOCATE|[16]|Bytes:5
15:59:52.0 (118039523)|HEAP_ALLOCATE|[16]|Bytes:15
15:59:52.0 (118056109)|SYSTEM_METHOD_ENTRY|[1]|EncodingUtil.EncodingUtil()
15:59:52.0 (118060635)|STATEMENT_EXECUTE|[1]
15:59:52.0 (118087497)|SYSTEM_METHOD_EXIT|[1]|EncodingUtil
15:59:52.0 (118103413)|METHOD_ENTRY|[16]||System.EncodingUtil.urlDecode(String, String)
15:59:52.0 (118195518)|METHOD_EXIT|[16]||System.EncodingUtil.urlDecode(String, String)
15:59:52.0 (118206675)|HEAP_ALLOCATE|[17]|Bytes:4
15:59:52.0 (118224440)|METHOD_ENTRY|[17]||System.EncodingUtil.urlDecode(String, String)
15:59:52.0 (118268729)|METHOD_EXIT|[17]||System.EncodingUtil.urlDecode(String, String)
15:59:52.0 (118311245)|HEAP_ALLOCATE|[EXTERNAL]|Bytes:4
15:59:52.0 (118319128)|STATEMENT_EXECUTE|[18]
15:59:52.0 (118332170)|HEAP_ALLOCATE|[18]|Bytes:27
15:59:52.0 (118384691)|HEAP_ALLOCATE|[18]|Bytes:67
15:59:52.0 (118407787)|HEAP_ALLOCATE|[18]|Bytes:94
15:59:52.0 (118421142)|USER_DEBUG|[18]|DEBUG|option after Encoding Add: (System.SelectOption[value="ABE2", label="ABE2", disabled="false"])
15:59:52.0 (118441713)|HEAP_ALLOCATE|[14]|Bytes:4
15:59:52.0 (118464726)|VARIABLE_ASSIGNMENT|[14]|i|1
15:59:52.0 (118489362)|STATEMENT_EXECUTE|[14]
15:59:52.0 (118491646)|STATEMENT_EXECUTE|[15]
15:59:52.0 (118511362)|HEAP_ALLOCATE|[15]|Bytes:1
15:59:52.0 (118531533)|HEAP_ALLOCATE|[15]|Bytes:22
15:59:52.0 (118546742)|USER_DEBUG|[15]|DEBUG|beginning iteration: 1
15:59:52.0 (118553959)|STATEMENT_EXECUTE|[16]
15:59:52.0 (118568991)|HEAP_ALLOCATE|[16]|Bytes:4
15:59:52.0 (118577100)|METHOD_ENTRY|[16]||System.EncodingUtil.urlDecode(String, String)
15:59:52.0 (118619095)|METHOD_EXIT|[16]||System.EncodingUtil.urlDecode(String, String)
15:59:52.0 (118626358)|HEAP_ALLOCATE|[17]|Bytes:4
15:59:52.0 (118641968)|METHOD_ENTRY|[17]||System.EncodingUtil.urlDecode(String, String)
15:59:52.0 (118670494)|METHOD_EXIT|[17]||System.EncodingUtil.urlDecode(String, String)
15:59:52.0 (118692679)|HEAP_ALLOCATE|[EXTERNAL]|Bytes:4
15:59:52.0 (118699690)|STATEMENT_EXECUTE|[18]
15:59:52.0 (118724204)|HEAP_ALLOCATE|[18]|Bytes:134
15:59:52.0 (118746701)|HEAP_ALLOCATE|[18]|Bytes:161
15:59:52.0 (118762159)|USER_DEBUG|[18]|DEBUG|option after Encoding Add: (System.SelectOption[value="ABE2", label="ABE2", disabled="false"], System.SelectOption[value="ABE4", label="ABE4", disabled="false"])
15:59:52.0 (118777242)|HEAP_ALLOCATE|[14]|Bytes:4
15:59:52.0 (118784859)|VARIABLE_ASSIGNMENT|[14]|i|2
15:59:52.0 (118806537)|STATEMENT_EXECUTE|[14]
15:59:52.0 (118808247)|STATEMENT_EXECUTE|[15]
15:59:52.0 (118827122)|HEAP_ALLOCATE|[15]|Bytes:1
15:59:52.0 (118845898)|HEAP_ALLOCATE|[15]|Bytes:22
15:59:52.0 (118854462)|USER_DEBUG|[15]|DEBUG|beginning iteration: 2
15:59:52.0 (118860532)|STATEMENT_EXECUTE|[16]
15:59:52.0 (118865236)|HEAP_ALLOCATE|[16]|Bytes:4
15:59:52.0 (118880460)|METHOD_ENTRY|[16]||System.EncodingUtil.urlDecode(String, String)
15:59:52.0 (118918377)|METHOD_EXIT|[16]||System.EncodingUtil.urlDecode(String, String)
15:59:52.0 (118924996)|HEAP_ALLOCATE|[17]|Bytes:4
15:59:52.0 (118930912)|METHOD_ENTRY|[17]||System.EncodingUtil.urlDecode(String, String)
15:59:52.0 (118947614)|METHOD_EXIT|[17]||System.EncodingUtil.urlDecode(String, String)
15:59:52.0 (118966803)|HEAP_ALLOCATE|[EXTERNAL]|Bytes:4
15:59:52.0 (118972956)|STATEMENT_EXECUTE|[18]
15:59:52.0 (119008734)|HEAP_ALLOCATE|[18]|Bytes:201
15:59:52.0 (119019574)|HEAP_ALLOCATE|[18]|Bytes:228
15:59:52.0 (119026404)|USER_DEBUG|[18]|DEBUG|option after Encoding Add: (System.SelectOption[value="ABE2", label="ABE2", disabled="false"], System.SelectOption[value="ABE4", label="ABE4", disabled="false"], System.SelectOption[value="ABE8", label="ABE8", disabled="false"])
15:59:52.0 (119034571)|HEAP_ALLOCATE|[14]|Bytes:4
15:59:52.0 (119040521)|VARIABLE_ASSIGNMENT|[14]|i|3
15:59:52.0 (119055315)|STATEMENT_EXECUTE|[14]
15:59:52.0 (119057102)|STATEMENT_EXECUTE|[15]
15:59:52.0 (119065279)|HEAP_ALLOCATE|[15]|Bytes:1
15:59:52.0 (119074224)|HEAP_ALLOCATE|[15]|Bytes:22
15:59:52.0 (119106689)|USER_DEBUG|[15]|DEBUG|beginning iteration: 3
15:59:52.0 (119122018)|STATEMENT_EXECUTE|[16]
15:59:52.0 (119126851)|HEAP_ALLOCATE|[16]|Bytes:4
15:59:52.0 (119133005)|METHOD_ENTRY|[16]||System.EncodingUtil.urlDecode(String, String)
15:59:52.0 (119163921)|METHOD_EXIT|[16]||System.EncodingUtil.urlDecode(String, String)
15:59:52.0 (119179551)|HEAP_ALLOCATE|[17]|Bytes:4
15:59:52.0 (119185714)|METHOD_ENTRY|[17]||System.EncodingUtil.urlDecode(String, String)
15:59:52.0 (119237152)|METHOD_EXIT|[17]||System.EncodingUtil.urlDecode(String, String)
15:59:52.0 (119252856)|HEAP_ALLOCATE|[EXTERNAL]|Bytes:4
15:59:52.0 (119279625)|STATEMENT_EXECUTE|[18]
15:59:52.0 (119295206)|HEAP_ALLOCATE|[18]|Bytes:268
15:59:52.0 (119315565)|HEAP_ALLOCATE|[18]|Bytes:295
15:59:52.0 (119336155)|USER_DEBUG|[18]|DEBUG|option after Encoding Add: (System.SelectOption[value="ABE2", label="ABE2", disabled="false"], System.SelectOption[value="ABE4", label="ABE4", disabled="false"], System.SelectOption[value="ABE8", label="ABE8", disabled="false"], System.SelectOption[value="BFI3", label="BFI3", disabled="false"])
15:59:52.0 (119354855)|HEAP_ALLOCATE|[14]|Bytes:4
15:59:52.0 (119371615)|VARIABLE_ASSIGNMENT|[14]|i|4
15:59:52.0 (119384752)|STATEMENT_EXECUTE|[14]
15:59:52.0 (119386269)|STATEMENT_EXECUTE|[15]
15:59:52.0 (119395207)|HEAP_ALLOCATE|[15]|Bytes:1
15:59:52.0 (119404318)|HEAP_ALLOCATE|[15]|Bytes:22
15:59:52.0 (119410553)|USER_DEBUG|[15]|DEBUG|beginning iteration: 4
15:59:52.0 (119416514)|STATEMENT_EXECUTE|[16]
15:59:52.0 (119421198)|HEAP_ALLOCATE|[16]|Bytes:4
15:59:52.0 (119431937)|METHOD_ENTRY|[16]||System.EncodingUtil.urlDecode(String, String)
15:59:52.0 (119461253)|METHOD_EXIT|[16]||System.EncodingUtil.urlDecode(String, String)
15:59:52.0 (119467372)|HEAP_ALLOCATE|[17]|Bytes:4
15:59:52.0 (119473185)|METHOD_ENTRY|[17]||System.EncodingUtil.urlDecode(String, String)
15:59:52.0 (119516799)|METHOD_EXIT|[17]||System.EncodingUtil.urlDecode(String, String)
15:59:52.0 (119527621)|HEAP_ALLOCATE|[EXTERNAL]|Bytes:4
15:59:52.0 (119533148)|STATEMENT_EXECUTE|[18]
15:59:52.0 (119560375)|HEAP_ALLOCATE|[18]|Bytes:335
15:59:52.0 (119597491)|HEAP_ALLOCATE|[18]|Bytes:362
15:59:52.0 (119605533)|USER_DEBUG|[18]|DEBUG|option after Encoding Add: (System.SelectOption[value="ABE2", label="ABE2", disabled="false"], System.SelectOption[value="ABE4", label="ABE4", disabled="false"], System.SelectOption[value="ABE8", label="ABE8", disabled="false"], System.SelectOption[value="BFI3", label="BFI3", disabled="false"], System.SelectOption[value="BFI4", label="BFI4", disabled="false"])
15:59:52.0 (119623541)|HEAP_ALLOCATE|[14]|Bytes:4
15:59:52.0 (119637476)|VARIABLE_ASSIGNMENT|[14]|i|5
15:59:52.0 (119652228)|STATEMENT_EXECUTE|[14]
15:59:52.0 (119654026)|STATEMENT_EXECUTE|[15]
15:59:52.0 (119672690)|HEAP_ALLOCATE|[15]|Bytes:1
15:59:52.0 (119685100)|HEAP_ALLOCATE|[15]|Bytes:22
15:59:52.0 (119691148)|USER_DEBUG|[15]|DEBUG|beginning iteration: 5
15:59:52.0 (119708991)|STATEMENT_EXECUTE|[16]
15:59:52.0 (119720917)|HEAP_ALLOCATE|[16]|Bytes:4
15:59:52.0 (119727530)|METHOD_ENTRY|[16]||System.EncodingUtil.urlDecode(String, String)
15:59:52.0 (119766567)|METHOD_EXIT|[16]||System.EncodingUtil.urlDecode(String, String)
15:59:52.0 (119773395)|HEAP_ALLOCATE|[17]|Bytes:4
15:59:52.0 (119784624)|METHOD_ENTRY|[17]||System.EncodingUtil.urlDecode(String, String)
15:59:52.0 (119813047)|METHOD_EXIT|[17]||System.EncodingUtil.urlDecode(String, String)
15:59:52.0 (119822908)|HEAP_ALLOCATE|[EXTERNAL]|Bytes:4
15:59:52.0 (119828552)|STATEMENT_EXECUTE|[18]
15:59:52.0 (119860985)|HEAP_ALLOCATE|[18]|Bytes:402
15:59:52.0 (119873523)|HEAP_ALLOCATE|[18]|Bytes:429
15:59:52.0 (119880107)|USER_DEBUG|[18]|DEBUG|option after Encoding Add: (System.SelectOption[value="ABE2", label="ABE2", disabled="false"], System.SelectOption[value="ABE4", label="ABE4", disabled="false"], System.SelectOption[value="ABE8", label="ABE8", disabled="false"], System.SelectOption[value="BFI3", label="BFI3", disabled="false"], System.SelectOption[value="BFI4", label="BFI4", disabled="false"], System.SelectOption[value="BNA2", label="BNA2", disabled="false"])
15:59:52.0 (119898791)|HEAP_ALLOCATE|[14]|Bytes:4
15:59:52.0 (119906033)|VARIABLE_ASSIGNMENT|[14]|i|6
15:59:52.0 (119918109)|STATEMENT_EXECUTE|[14]
15:59:52.0 (119919672)|STATEMENT_EXECUTE|[15]
15:59:52.0 (119934725)|HEAP_ALLOCATE|[15]|Bytes:1
15:59:52.0 (119944654)|HEAP_ALLOCATE|[15]|Bytes:22
15:59:52.0 (119951235)|USER_DEBUG|[15]|DEBUG|beginning iteration: 6
15:59:52.0 (119957390)|STATEMENT_EXECUTE|[16]
15:59:52.0 (119970472)|HEAP_ALLOCATE|[16]|Bytes:4
15:59:52.0 (119977166)|METHOD_ENTRY|[16]||System.EncodingUtil.urlDecode(String, String)
15:59:52.0 (120026395)|METHOD_EXIT|[16]||System.EncodingUtil.urlDecode(String, String)
15:59:52.0 (120033521)|HEAP_ALLOCATE|[17]|Bytes:4
15:59:52.0 (120039069)|METHOD_ENTRY|[17]||System.EncodingUtil.urlDecode(String, String)
15:59:52.0 (120079096)|METHOD_EXIT|[17]||System.EncodingUtil.urlDecode(String, String)
15:59:52.0 (120088942)|HEAP_ALLOCATE|[EXTERNAL]|Bytes:4
15:59:52.0 (120094822)|STATEMENT_EXECUTE|[18]
15:59:52.0 (120124877)|HEAP_ALLOCATE|[18]|Bytes:469
15:59:52.0 (120148094)|HEAP_ALLOCATE|[18]|Bytes:496
15:59:52.0 (120155131)|USER_DEBUG|[18]|DEBUG|option after Encoding Add: (System.SelectOption[value="ABE2", label="ABE2", disabled="false"], System.SelectOption[value="ABE4", label="ABE4", disabled="false"], System.SelectOption[value="ABE8", label="ABE8", disabled="false"], System.SelectOption[value="BFI3", label="BFI3", disabled="false"], System.SelectOption[value="BFI4", label="BFI4", disabled="false"], System.SelectOption[value="BNA2", label="BNA2", disabled="false"], System.SelectOption[value="BWI2", label="BWI2", disabled="false"])
15:59:52.0 (120166347)|HEAP_ALLOCATE|[14]|Bytes:4
15:59:52.0 (120172590)|VARIABLE_ASSIGNMENT|[14]|i|7
15:59:52.0 (120208310)|STATEMENT_EXECUTE|[14]
15:59:52.0 (120210180)|STATEMENT_EXECUTE|[15]
15:59:52.0 (120218997)|HEAP_ALLOCATE|[15]|Bytes:1
15:59:52.0 (120238115)|HEAP_ALLOCATE|[15]|Bytes:22
15:59:52.0 (120251346)|USER_DEBUG|[15]|DEBUG|beginning iteration: 7
15:59:52.0 (120257739)|STATEMENT_EXECUTE|[16]
15:59:52.0 (120262798)|HEAP_ALLOCATE|[16]|Bytes:4
15:59:52.0 (120277058)|METHOD_ENTRY|[16]||System.EncodingUtil.urlDecode(String, String)
15:59:52.0 (120307090)|METHOD_EXIT|[16]||System.EncodingUtil.urlDecode(String, String)
15:59:52.0 (120313059)|HEAP_ALLOCATE|[17]|Bytes:4
15:59:52.0 (120328682)|METHOD_ENTRY|[17]||System.EncodingUtil.urlDecode(String, String)
15:59:52.0 (120346490)|METHOD_EXIT|[17]||System.EncodingUtil.urlDecode(String, String)
15:59:52.0 (120355492)|HEAP_ALLOCATE|[EXTERNAL]|Bytes:4
15:59:52.0 (120360831)|STATEMENT_EXECUTE|[18]
15:59:52.0 (120376093)|HEAP_ALLOCATE|[18]|Bytes:536
15:59:52.0 (120385234)|HEAP_ALLOCATE|[18]|Bytes:563
15:59:52.0 (120391809)|USER_DEBUG|[18]|DEBUG|option after Encoding Add: (System.SelectOption[value="ABE2", label="ABE2", disabled="false"], System.SelectOption[value="ABE4", label="ABE4", disabled="false"], System.SelectOption[value="ABE8", label="ABE8", disabled="false"], System.SelectOption[value="BFI3", label="BFI3", disabled="false"], System.SelectOption[value="BFI4", label="BFI4", disabled="false"], System.SelectOption[value="BNA2", label="BNA2", disabled="false"], System.SelectOption[value="BWI2", label="BWI2", disabled="false"], System.SelectOption[value="CLT3", label="CLT3", disabled="false"])
15:59:52.0 (120405392)|HEAP_ALLOCATE|[14]|Bytes:4
15:59:52.0 (120411545)|VARIABLE_ASSIGNMENT|[14]|i|8
15:59:52.0 (120422439)|STATEMENT_EXECUTE|[14]
15:59:52.0 (120424009)|STATEMENT_EXECUTE|[15]
15:59:52.0 (120436323)|HEAP_ALLOCATE|[15]|Bytes:1
15:59:52.0 (120445370)|HEAP_ALLOCATE|[15]|Bytes:22
15:59:52.0 (120451467)|USER_DEBUG|[15]|DEBUG|beginning iteration: 8
15:59:52.0 (120456796)|STATEMENT_EXECUTE|[16]
15:59:52.0 (120461003)|HEAP_ALLOCATE|[16]|Bytes:4
15:59:52.0 (120467335)|METHOD_ENTRY|[16]||System.EncodingUtil.urlDecode(String, String)
15:59:52.0 (120486395)|METHOD_EXIT|[16]||System.EncodingUtil.urlDecode(String, String)
15:59:52.0 (120491722)|HEAP_ALLOCATE|[17]|Bytes:4
15:59:52.0 (120496926)|METHOD_ENTRY|[17]||System.EncodingUtil.urlDecode(String, String)
15:59:52.0 (120512569)|METHOD_EXIT|[17]||System.EncodingUtil.urlDecode(String, String)
15:59:52.0 (120520957)|HEAP_ALLOCATE|[EXTERNAL]|Bytes:4
15:59:52.0 (120528853)|STATEMENT_EXECUTE|[18]
15:59:52.0 (120544793)|HEAP_ALLOCATE|[18]|Bytes:603
15:59:52.0 (120554189)|HEAP_ALLOCATE|[18]|Bytes:630
15:59:52.0 (120560483)|USER_DEBUG|[18]|DEBUG|option after Encoding Add: (System.SelectOption[value="ABE2", label="ABE2", disabled="false"], System.SelectOption[value="ABE4", label="ABE4", disabled="false"], System.SelectOption[value="ABE8", label="ABE8", disabled="false"], System.SelectOption[value="BFI3", label="BFI3", disabled="false"], System.SelectOption[value="BFI4", label="BFI4", disabled="false"], System.SelectOption[value="BNA2", label="BNA2", disabled="false"], System.SelectOption[value="BWI2", label="BWI2", disabled="false"], System.SelectOption[value="CLT3", label="CLT3", disabled="false"], System.SelectOption[value="BDL2", label="BDL2", disabled="false"])
15:59:52.0 (120572439)|HEAP_ALLOCATE|[14]|Bytes:4
15:59:52.0 (120577912)|VARIABLE_ASSIGNMENT|[14]|i|9
15:59:52.0 (120589036)|STATEMENT_EXECUTE|[14]
15:59:52.0 (120590621)|STATEMENT_EXECUTE|[15]
15:59:52.0 (120598195)|HEAP_ALLOCATE|[15]|Bytes:1
15:59:52.0 (120606496)|HEAP_ALLOCATE|[15]|Bytes:22
15:59:52.0 (120612217)|USER_DEBUG|[15]|DEBUG|beginning iteration: 9
15:59:52.0 (120618097)|STATEMENT_EXECUTE|[16]
15:59:52.0 (120622053)|HEAP_ALLOCATE|[16]|Bytes:4
15:59:52.0 (120627839)|METHOD_ENTRY|[16]||System.EncodingUtil.urlDecode(String, String)
15:59:52.0 (120646389)|METHOD_EXIT|[16]||System.EncodingUtil.urlDecode(String, String)
15:59:52.0 (120651309)|HEAP_ALLOCATE|[17]|Bytes:4
15:59:52.0 (120656537)|METHOD_ENTRY|[17]||System.EncodingUtil.urlDecode(String, String)
15:59:52.0 (120671894)|METHOD_EXIT|[17]||System.EncodingUtil.urlDecode(String, String)
15:59:52.0 (120681462)|HEAP_ALLOCATE|[EXTERNAL]|Bytes:4
15:59:52.0 (120687072)|STATEMENT_EXECUTE|[18]
15:59:52.0 (120703196)|HEAP_ALLOCATE|[18]|Bytes:670
15:59:52.0 (120712746)|HEAP_ALLOCATE|[18]|Bytes:697
15:59:52.0 (120719196)|USER_DEBUG|[18]|DEBUG|option after Encoding Add: (System.SelectOption[value="ABE2", label="ABE2", disabled="false"], System.SelectOption[value="ABE4", label="ABE4", disabled="false"], System.SelectOption[value="ABE8", label="ABE8", disabled="false"], System.SelectOption[value="BFI3", label="BFI3", disabled="false"], System.SelectOption[value="BFI4", label="BFI4", disabled="false"], System.SelectOption[value="BNA2", label="BNA2", disabled="false"], System.SelectOption[value="BWI2", label="BWI2", disabled="false"], System.SelectOption[value="CLT3", label="CLT3", disabled="false"], System.SelectOption[value="BDL2", label="BDL2", disabled="false"], System.SelectOption[value="BFI5", label="BFI5", disabled="false"])
15:59:52.0 (120732272)|HEAP_ALLOCATE|[14]|Bytes:4
15:59:52.0 (120738208)|VARIABLE_ASSIGNMENT|[14]|i|10
15:59:52.0 (120757446)|METHOD_EXIT|[26]|01p1I00000G9Bhb|MultiselectController.setOptions(List<System.SelectOption>, String)
15:59:52.0 (120764204)|SYSTEM_MODE_EXIT|false
15:59:52.0 (120836861)|SYSTEM_MODE_ENTER|true
15:59:52.0 (120883969)|HEAP_ALLOCATE|[EXTERNAL]|Bytes:20
15:59:52.0 (120889441)|HEAP_ALLOCATE|[EXTERNAL]|Bytes:69
15:59:52.0 (120915820)|VARIABLE_ASSIGNMENT|[EXTERNAL]|this|{"leftOptions":"0x66293542","leftOptionsHidden":"ABE2&ABE2&ABE4&ABE4& (79 more) ...","rightOptions":"0x5ac768f3"}|0x61ca3d3d
15:59:52.0 (120926379)|VARIABLE_ASSIGNMENT|[EXTERNAL]|value|"Reviewers&Reviewers& (49 more) ..."
15:59:52.0 (120939943)|SYSTEM_MODE_ENTER|false
15:59:52.0 (120947103)|HEAP_ALLOCATE|[33]|Bytes:5
15:59:52.0 (120952117)|STATEMENT_EXECUTE|[32]
15:59:52.0 (120954195)|STATEMENT_EXECUTE|[33]
15:59:52.0 (120964532)|VARIABLE_ASSIGNMENT|[33]|this.rightOptionsHidden|"Reviewers&Reviewers& (49 more) ..."|0x61ca3d3d
15:59:52.0 (120969946)|STATEMENT_EXECUTE|[34]
15:59:52.0 (121004939)|VARIABLE_ASSIGNMENT|[EXTERNAL]|this|{"leftOptions":"0x66293542","leftOptionsHidden":"ABE2&ABE2&ABE4&ABE4& (79 more) ...","rightOptions":"0x5ac768f3","rightOptionsHidden":"Reviewers&Reviewers& (49 more) ..."}|0x61ca3d3d
15:59:52.0 (121027323)|METHOD_ENTRY|[34]|01p1I00000G9Bhb|MultiselectController.setOptions(List<System.SelectOption>, String)
15:59:52.0 (121033767)|VARIABLE_SCOPE_BEGIN|[9]|this|MultiselectController|true|false
15:59:52.0 (121050575)|VARIABLE_ASSIGNMENT|[9]|this|{"leftOptions":"0x66293542","leftOptionsHidden":"ABE2&ABE2&ABE4&ABE4& (79 more) ...","rightOptions":"0x5ac768f3","rightOptionsHidden":"Reviewers&Reviewers& (49 more) ..."}|0x61ca3d3d
15:59:52.0 (121057050)|VARIABLE_SCOPE_BEGIN|[9]|options|List<System.SelectOption>|true|false
15:59:52.0 (121070944)|VARIABLE_ASSIGNMENT|[9]|options|"List of size 6 too large to display"|0x5ac768f3
15:59:52.0 (121075936)|VARIABLE_SCOPE_BEGIN|[9]|value|String|false|false
15:59:52.0 (121083327)|VARIABLE_ASSIGNMENT|[9]|value|"Reviewers&Reviewers& (49 more) ..."
15:59:52.0 (121094637)|HEAP_ALLOCATE|[10]|Bytes:5
15:59:52.0 (121110905)|STATEMENT_EXECUTE|[9]
15:59:52.0 (121112924)|STATEMENT_EXECUTE|[10]
15:59:52.0 (121125775)|STATEMENT_EXECUTE|[11]
15:59:52.0 (121138337)|HEAP_ALLOCATE|[11]|Bytes:2
15:59:52.0 (121148580)|HEAP_ALLOCATE|[11]|Bytes:11
15:59:52.0 (121175441)|USER_DEBUG|[11]|DEBUG|options: ()
15:59:52.0 (121182796)|STATEMENT_EXECUTE|[12]
15:59:52.0 (121228215)|HEAP_ALLOCATE|[12]|Bytes:9
15:59:52.0 (121232866)|HEAP_ALLOCATE|[12]|Bytes:9
15:59:52.0 (121235458)|HEAP_ALLOCATE|[12]|Bytes:4
15:59:52.0 (121237986)|HEAP_ALLOCATE|[12]|Bytes:4
15:59:52.0 (121256823)|HEAP_ALLOCATE|[12]|Bytes:4
15:59:52.0 (121260106)|HEAP_ALLOCATE|[12]|Bytes:4
15:59:52.0 (121262676)|HEAP_ALLOCATE|[12]|Bytes:4
15:59:52.0 (121274219)|HEAP_ALLOCATE|[12]|Bytes:4
15:59:52.0 (121277580)|HEAP_ALLOCATE|[12]|Bytes:4
15:59:52.0 (121280499)|HEAP_ALLOCATE|[12]|Bytes:4
15:59:52.0 (121283015)|HEAP_ALLOCATE|[12]|Bytes:4
15:59:52.0 (121285929)|HEAP_ALLOCATE|[12]|Bytes:4
15:59:52.0 (121289702)|HEAP_ALLOCATE|[12]|Bytes:52
15:59:52.0 (121309382)|VARIABLE_SCOPE_BEGIN|[12]|parts|List<String>|true|false
15:59:52.0 (121339743)|HEAP_ALLOCATE|[EXTERNAL]|Bytes:52
15:59:52.0 (121360428)|VARIABLE_ASSIGNMENT|[12]|parts|"List of size 12 too large to display"|0x4066fd4d
15:59:52.0 (121367244)|STATEMENT_EXECUTE|[13]
15:59:52.0 (121396333)|HEAP_ALLOCATE|[13]|Bytes:75
15:59:52.0 (121409709)|HEAP_ALLOCATE|[13]|Bytes:82
15:59:52.0 (121417493)|USER_DEBUG|[13]|DEBUG|parts: (Reviewers, Reviewers, CMH1, CMH1, DEN2, DEN2, CLT2, CLT2, AVP1, AVP1, ...)
15:59:52.0 (121447925)|STATEMENT_EXECUTE|[14]
15:59:52.0 (121453132)|VARIABLE_SCOPE_BEGIN|[14]|i|Integer|false|false
15:59:52.0 (121460637)|HEAP_ALLOCATE|[14]|Bytes:4
15:59:52.0 (121467414)|VARIABLE_ASSIGNMENT|[14]|i|0
15:59:52.0 (121490181)|STATEMENT_EXECUTE|[14]
15:59:52.0 (121491933)|STATEMENT_EXECUTE|[15]
15:59:52.0 (121508442)|HEAP_ALLOCATE|[15]|Bytes:1
15:59:52.0 (121527494)|HEAP_ALLOCATE|[15]|Bytes:22
15:59:52.0 (121534463)|USER_DEBUG|[15]|DEBUG|beginning iteration: 0
15:59:52.0 (121541155)|STATEMENT_EXECUTE|[16]
15:59:52.0 (121563083)|HEAP_ALLOCATE|[16]|Bytes:9
15:59:52.0 (121572189)|METHOD_ENTRY|[16]||System.EncodingUtil.urlDecode(String, String)
15:59:52.0 (121621128)|METHOD_EXIT|[16]||System.EncodingUtil.urlDecode(String, String)
15:59:52.0 (121629935)|HEAP_ALLOCATE|[17]|Bytes:9
15:59:52.0 (121635929)|METHOD_ENTRY|[17]||System.EncodingUtil.urlDecode(String, String)
15:59:52.0 (121669503)|METHOD_EXIT|[17]||System.EncodingUtil.urlDecode(String, String)
15:59:52.0 (121688984)|HEAP_ALLOCATE|[EXTERNAL]|Bytes:4
15:59:52.0 (121705802)|STATEMENT_EXECUTE|[18]
15:59:52.0 (121729611)|HEAP_ALLOCATE|[18]|Bytes:77
15:59:52.0 (121750465)|HEAP_ALLOCATE|[18]|Bytes:104
15:59:52.0 (121763813)|USER_DEBUG|[18]|DEBUG|option after Encoding Add: (System.SelectOption[value="Reviewers", label="Reviewers", disabled="false"])
15:59:52.0 (121771340)|HEAP_ALLOCATE|[14]|Bytes:4
15:59:52.0 (121787317)|VARIABLE_ASSIGNMENT|[14]|i|1
15:59:52.0 (121801010)|STATEMENT_EXECUTE|[14]
15:59:52.0 (121802599)|STATEMENT_EXECUTE|[15]
15:59:52.0 (121811448)|HEAP_ALLOCATE|[15]|Bytes:1
15:59:52.0 (121831324)|HEAP_ALLOCATE|[15]|Bytes:22
15:59:52.0 (121838427)|USER_DEBUG|[15]|DEBUG|beginning iteration: 1
15:59:52.0 (121852821)|STATEMENT_EXECUTE|[16]
15:59:52.0 (121857925)|HEAP_ALLOCATE|[16]|Bytes:4
15:59:52.0 (121873746)|METHOD_ENTRY|[16]||System.EncodingUtil.urlDecode(String, String)
15:59:52.0 (121906234)|METHOD_EXIT|[16]||System.EncodingUtil.urlDecode(String, String)
15:59:52.0 (121912275)|HEAP_ALLOCATE|[17]|Bytes:4
15:59:52.0 (121927556)|METHOD_ENTRY|[17]||System.EncodingUtil.urlDecode(String, String)
15:59:52.0 (121944635)|METHOD_EXIT|[17]||System.EncodingUtil.urlDecode(String, String)
15:59:52.0 (121964103)|HEAP_ALLOCATE|[EXTERNAL]|Bytes:4
15:59:52.0 (121975505)|STATEMENT_EXECUTE|[18]
15:59:52.0 (121989394)|HEAP_ALLOCATE|[18]|Bytes:144
15:59:52.0 (122009809)|HEAP_ALLOCATE|[18]|Bytes:171
15:59:52.0 (122028045)|USER_DEBUG|[18]|DEBUG|option after Encoding Add: (System.SelectOption[value="Reviewers", label="Reviewers", disabled="false"], System.SelectOption[value="CMH1", label="CMH1", disabled="false"])
15:59:52.0 (122045430)|HEAP_ALLOCATE|[14]|Bytes:4
15:59:52.0 (122052633)|VARIABLE_ASSIGNMENT|[14]|i|2
15:59:52.0 (122074528)|STATEMENT_EXECUTE|[14]
15:59:52.0 (122076224)|STATEMENT_EXECUTE|[15]
15:59:52.0 (122094650)|HEAP_ALLOCATE|[15]|Bytes:1
15:59:52.0 (122104510)|HEAP_ALLOCATE|[15]|Bytes:22
15:59:52.0 (122120240)|USER_DEBUG|[15]|DEBUG|beginning iteration: 2
15:59:52.0 (122126627)|STATEMENT_EXECUTE|[16]
15:59:52.0 (122140633)|HEAP_ALLOCATE|[16]|Bytes:4
15:59:52.0 (122147854)|METHOD_ENTRY|[16]||System.EncodingUtil.urlDecode(String, String)
15:59:52.0 (122187065)|METHOD_EXIT|[16]||System.EncodingUtil.urlDecode(String, String)
15:59:52.0 (122193460)|HEAP_ALLOCATE|[17]|Bytes:4
15:59:52.0 (122199047)|METHOD_ENTRY|[17]||System.EncodingUtil.urlDecode(String, String)
15:59:52.0 (122235994)|METHOD_EXIT|[17]||System.EncodingUtil.urlDecode(String, String)
15:59:52.0 (122246122)|HEAP_ALLOCATE|[EXTERNAL]|Bytes:4
15:59:52.0 (122259878)|STATEMENT_EXECUTE|[18]
15:59:52.0 (122283164)|HEAP_ALLOCATE|[18]|Bytes:211
15:59:52.0 (122300519)|HEAP_ALLOCATE|[18]|Bytes:238
15:59:52.0 (122314520)|USER_DEBUG|[18]|DEBUG|option after Encoding Add: (System.SelectOption[value="Reviewers", label="Reviewers", disabled="false"], System.SelectOption[value="CMH1", label="CMH1", disabled="false"], System.SelectOption[value="DEN2", label="DEN2", disabled="false"])
15:59:52.0 (122323681)|HEAP_ALLOCATE|[14]|Bytes:4
15:59:52.0 (122329988)|VARIABLE_ASSIGNMENT|[14]|i|3
15:59:52.0 (122352662)|STATEMENT_EXECUTE|[14]
15:59:52.0 (122354575)|STATEMENT_EXECUTE|[15]
15:59:52.0 (122373051)|HEAP_ALLOCATE|[15]|Bytes:1
15:59:52.0 (122391990)|HEAP_ALLOCATE|[15]|Bytes:22
15:59:52.0 (122398988)|USER_DEBUG|[15]|DEBUG|beginning iteration: 3
15:59:52.0 (122404871)|STATEMENT_EXECUTE|[16]
15:59:52.0 (122418953)|HEAP_ALLOCATE|[16]|Bytes:4
15:59:52.0 (122438528)|METHOD_ENTRY|[16]||System.EncodingUtil.urlDecode(String, String)
15:59:52.0 (122470434)|METHOD_EXIT|[16]||System.EncodingUtil.urlDecode(String, String)
15:59:52.0 (122476387)|HEAP_ALLOCATE|[17]|Bytes:4
15:59:52.0 (122491821)|METHOD_ENTRY|[17]||System.EncodingUtil.urlDecode(String, String)
15:59:52.0 (122509578)|METHOD_EXIT|[17]||System.EncodingUtil.urlDecode(String, String)
15:59:52.0 (122518947)|HEAP_ALLOCATE|[EXTERNAL]|Bytes:4
15:59:52.0 (122524930)|STATEMENT_EXECUTE|[18]
15:59:52.0 (122538428)|HEAP_ALLOCATE|[18]|Bytes:278
15:59:52.0 (122547415)|HEAP_ALLOCATE|[18]|Bytes:305
15:59:52.0 (122574735)|USER_DEBUG|[18]|DEBUG|option after Encoding Add: (System.SelectOption[value="Reviewers", label="Reviewers", disabled="false"], System.SelectOption[value="CMH1", label="CMH1", disabled="false"], System.SelectOption[value="DEN2", label="DEN2", disabled="false"], System.SelectOption[value="CLT2", label="CLT2", disabled="false"])
15:59:52.0 (122595850)|HEAP_ALLOCATE|[14]|Bytes:4
15:59:52.0 (122602124)|VARIABLE_ASSIGNMENT|[14]|i|4
15:59:52.0 (122623375)|STATEMENT_EXECUTE|[14]
15:59:52.0 (122625143)|STATEMENT_EXECUTE|[15]
15:59:52.0 (122643516)|HEAP_ALLOCATE|[15]|Bytes:1
15:59:52.0 (122663230)|HEAP_ALLOCATE|[15]|Bytes:22
15:59:52.0 (122670199)|USER_DEBUG|[15]|DEBUG|beginning iteration: 4
15:59:52.0 (122691255)|STATEMENT_EXECUTE|[16]
15:59:52.0 (122696543)|HEAP_ALLOCATE|[16]|Bytes:4
15:59:52.0 (122702933)|METHOD_ENTRY|[16]||System.EncodingUtil.urlDecode(String, String)
15:59:52.0 (122738450)|METHOD_EXIT|[16]||System.EncodingUtil.urlDecode(String, String)
15:59:52.0 (122744044)|HEAP_ALLOCATE|[17]|Bytes:4
15:59:52.0 (122749439)|METHOD_ENTRY|[17]||System.EncodingUtil.urlDecode(String, String)
15:59:52.0 (122787538)|METHOD_EXIT|[17]||System.EncodingUtil.urlDecode(String, String)
15:59:52.0 (122797544)|HEAP_ALLOCATE|[EXTERNAL]|Bytes:4
15:59:52.0 (122813475)|STATEMENT_EXECUTE|[18]
15:59:52.0 (122836390)|HEAP_ALLOCATE|[18]|Bytes:345
15:59:52.0 (122855064)|HEAP_ALLOCATE|[18]|Bytes:372
15:59:52.0 (122862652)|USER_DEBUG|[18]|DEBUG|option after Encoding Add: (System.SelectOption[value="Reviewers", label="Reviewers", disabled="false"], System.SelectOption[value="CMH1", label="CMH1", disabled="false"], System.SelectOption[value="DEN2", label="DEN2", disabled="false"], System.SelectOption[value="CLT2", label="CLT2", disabled="false"], System.SelectOption[value="AVP1", label="AVP1", disabled="false"])
15:59:52.0 (122879988)|HEAP_ALLOCATE|[14]|Bytes:4
15:59:52.0 (122886582)|VARIABLE_ASSIGNMENT|[14]|i|5
15:59:52.0 (122905764)|STATEMENT_EXECUTE|[14]
15:59:52.0 (122907416)|STATEMENT_EXECUTE|[15]
15:59:52.0 (122916609)|HEAP_ALLOCATE|[15]|Bytes:1
15:59:52.0 (122933409)|HEAP_ALLOCATE|[15]|Bytes:22
15:59:52.0 (122940114)|USER_DEBUG|[15]|DEBUG|beginning iteration: 5
15:59:52.0 (122953560)|STATEMENT_EXECUTE|[16]
15:59:52.0 (122958364)|HEAP_ALLOCATE|[16]|Bytes:4
15:59:52.0 (122964568)|METHOD_ENTRY|[16]||System.EncodingUtil.urlDecode(String, String)
15:59:52.0 (122990300)|METHOD_EXIT|[16]||System.EncodingUtil.urlDecode(String, String)
15:59:52.0 (123002164)|HEAP_ALLOCATE|[17]|Bytes:4
15:59:52.0 (123008875)|METHOD_ENTRY|[17]||System.EncodingUtil.urlDecode(String, String)
15:59:52.0 (123039518)|METHOD_EXIT|[17]||System.EncodingUtil.urlDecode(String, String)
15:59:52.0 (123049038)|HEAP_ALLOCATE|[EXTERNAL]|Bytes:4
15:59:52.0 (123054977)|STATEMENT_EXECUTE|[18]
15:59:52.0 (123077736)|HEAP_ALLOCATE|[18]|Bytes:412
15:59:52.0 (123093150)|HEAP_ALLOCATE|[18]|Bytes:439
15:59:52.0 (123105861)|USER_DEBUG|[18]|DEBUG|option after Encoding Add: (System.SelectOption[value="Reviewers", label="Reviewers", disabled="false"], System.SelectOption[value="CMH1", label="CMH1", disabled="false"], System.SelectOption[value="DEN2", label="DEN2", disabled="false"], System.SelectOption[value="CLT2", label="CLT2", disabled="false"], System.SelectOption[value="AVP1", label="AVP1", disabled="false"], System.SelectOption[value="CAE1", label="CAE1", disabled="false"])
15:59:52.0 (123116452)|HEAP_ALLOCATE|[14]|Bytes:4
15:59:52.0 (123122339)|VARIABLE_ASSIGNMENT|[14]|i|6
15:59:52.0 (123138693)|METHOD_EXIT|[34]|01p1I00000G9Bhb|MultiselectController.setOptions(List<System.SelectOption>, String)
15:59:52.0 (123154501)|SYSTEM_MODE_EXIT|false
15:59:52.0 (123343899)|SYSTEM_MODE_ENTER|true
15:59:52.0 (123399330)|HEAP_ALLOCATE|[EXTERNAL]|Bytes:44
15:59:52.0 (123405337)|HEAP_ALLOCATE|[EXTERNAL]|Bytes:20
15:59:52.0 (123423343)|VARIABLE_ASSIGNMENT|[EXTERNAL]|this.leftOptions|"List of size 10 too large to display"|0x61ca3d3d
15:59:52.0 (123545787)|SYSTEM_MODE_ENTER|true
15:59:52.0 (123590797)|HEAP_ALLOCATE|[EXTERNAL]|Bytes:28
15:59:52.0 (123595778)|HEAP_ALLOCATE|[EXTERNAL]|Bytes:20
15:59:52.0 (123614190)|VARIABLE_ASSIGNMENT|[EXTERNAL]|this.rightOptions|"List of size 6 too large to display"|0x61ca3d3d
15:59:52.0 (134673573)|SYSTEM_MODE_ENTER|true
15:59:52.0 (134808907)|HEAP_ALLOCATE|[EXTERNAL]|Bytes:36
15:59:52.0 (134906803)|VARIABLE_ASSIGNMENT|[EXTERNAL]|this|{"recordTypes":"0x115d05f7"}|0x24568caf
15:59:52.0 (134949222)|SYSTEM_MODE_ENTER|false
15:59:52.0 (134973871)|HEAP_ALLOCATE|[44]|Bytes:5
15:59:52.0 (134989452)|STATEMENT_EXECUTE|[43]
15:59:52.0 (134992139)|STATEMENT_EXECUTE|[44]
15:59:52.0 (135032033)|HEAP_ALLOCATE|[44]|Bytes:4
15:59:52.0 (135090410)|VARIABLE_SCOPE_BEGIN|[44]|allQueues|List<System.SelectOption>|true|false
15:59:52.0 (135161225)|HEAP_ALLOCATE|[EXTERNAL]|Bytes:4
15:59:52.0 (135182358)|VARIABLE_ASSIGNMENT|[44]|allQueues|[]|0x2c9aaf05
15:59:52.0 (135189110)|STATEMENT_EXECUTE|[45]
15:59:52.0 (135232076)|HEAP_ALLOCATE|[45]|Bytes:4
15:59:52.0 (135512053)|SOQL_EXECUTE_BEGIN|[45]|Aggregations:0|SELECT Label FROM OpsHR_Setup__mdt
15:59:52.0 (138127493)|SOQL_EXECUTE_END|[45]|Rows:17
15:59:52.0 (138170997)|HEAP_ALLOCATE|[45]|Bytes:72
15:59:52.0 (138216275)|HEAP_ALLOCATE|[45]|Bytes:714
15:59:52.0 (138281490)|HEAP_ALLOCATE|[45]|Bytes:72
15:59:52.0 (138303680)|VARIABLE_SCOPE_BEGIN|[45]|allMDT|List<OpsHR_Setup__mdt>|true|false
15:59:52.0 (138333957)|VARIABLE_ASSIGNMENT|[45]|allMDT|"List of size 17 too large to display"|0x2e5c0bef
15:59:52.0 (138344452)|STATEMENT_EXECUTE|[47]
15:59:52.0 (138385163)|HEAP_ALLOCATE|[47]|Bytes:553
15:59:52.0 (138429706)|HEAP_ALLOCATE|[47]|Bytes:535
15:59:52.0 (138471603)|VARIABLE_SCOPE_BEGIN|[47]|retURL|String|false|false
15:59:52.0 (138484663)|VARIABLE_ASSIGNMENT|[47]|retURL|"0051I000000JaV8"
15:59:52.0 (138489994)|STATEMENT_EXECUTE|[49]
15:59:52.0 (138501452)|HEAP_ALLOCATE|[49]|Bytes:4
15:59:52.0 (138519140)|METHOD_ENTRY|[49]||System.UserInfo.getUserId()
15:59:52.0 (138543032)|METHOD_EXIT|[49]||System.UserInfo.getUserId()
15:59:52.0 (138724453)|SOQL_EXECUTE_BEGIN|[49]|Aggregations:0|SELECT Id, Support_Location__c FROM User WHERE Id = :tmpVar1
15:59:52.0 (141515506)|SOQL_EXECUTE_END|[49]|Rows:1
15:59:52.0 (141542877)|HEAP_ALLOCATE|[49]|Bytes:8
15:59:52.0 (141559777)|HEAP_ALLOCATE|[49]|Bytes:56
15:59:52.0 (141597117)|HEAP_ALLOCATE|[49]|Bytes:8
15:59:52.0 (141621674)|HEAP_ALLOCATE|[49]|Bytes:12
15:59:52.0 (141630011)|VARIABLE_SCOPE_BEGIN|[49]|theUser|User|true|false
15:59:52.0 (141653915)|VARIABLE_ASSIGNMENT|[49]|theUser|{"Id":"0051I000000JaV8QAK","Support_Location__c":"ABE3"}|0x355cf40e
15:59:52.0 (141667770)|STATEMENT_EXECUTE|[52]
15:59:52.0 (141679234)|HEAP_ALLOCATE|[52]|Bytes:4
15:59:52.0 (141890536)|SOQL_EXECUTE_BEGIN|[52]|Aggregations:0|SELECT GroupId, Id, UserOrGroupId FROM GroupMember WHERE UserOrGroupId = :tmpVar1
15:59:52.0 (144233778)|SOQL_EXECUTE_END|[52]|Rows:6
15:59:52.0 (144259828)|HEAP_ALLOCATE|[52]|Bytes:28
15:59:52.0 (144285607)|HEAP_ALLOCATE|[52]|Bytes:558
15:59:52.0 (144323143)|HEAP_ALLOCATE|[52]|Bytes:28
15:59:52.0 (144337646)|VARIABLE_SCOPE_BEGIN|[52]|groupMembers|List<GroupMember>|true|false
15:59:52.0 (144357170)|VARIABLE_ASSIGNMENT|[52]|groupMembers|"List of size 6 too large to display"|0x6e05e844
15:59:52.0 (144366364)|STATEMENT_EXECUTE|[53]
15:59:52.0 (144379603)|HEAP_ALLOCATE|[53]|Bytes:4
15:59:52.0 (144403875)|VARIABLE_SCOPE_BEGIN|[53]|groupIds|List<Id>|true|false
15:59:52.0 (144437852)|HEAP_ALLOCATE|[EXTERNAL]|Bytes:4
15:59:52.0 (144449506)|VARIABLE_ASSIGNMENT|[53]|groupIds|[]|0x7ad5c3aa
15:59:52.0 (144488987)|HEAP_ALLOCATE|[55]|Bytes:5
15:59:52.0 (144509795)|HEAP_ALLOCATE|[55]|Bytes:16
15:59:52.0 (144522365)|VARIABLE_SCOPE_BEGIN|[55]|g|GroupMember|true|false
15:59:52.0 (144545389)|VARIABLE_ASSIGNMENT|[55]|g|{"GroupId":"00G1I000000OhKRUA0","Id":"0111I000000UCIrQAO","UserOrGroupId":"0051I000000JaV8QAK"}|0x74d88c7b
15:59:52.0 (144556987)|STATEMENT_EXECUTE|[55]
15:59:52.0 (144559617)|STATEMENT_EXECUTE|[56]
15:59:52.0 (144584296)|HEAP_ALLOCATE|[EXTERNAL]|Bytes:4
15:59:52.0 (144605997)|HEAP_ALLOCATE|[55]|Bytes:5
15:59:52.0 (144621181)|HEAP_ALLOCATE|[55]|Bytes:16
15:59:52.0 (144629491)|VARIABLE_SCOPE_BEGIN|[55]|g|GroupMember|true|false
15:59:52.0 (144648392)|VARIABLE_ASSIGNMENT|[55]|g|{"GroupId":"00G1I000000aJ8WUAU","Id":"0111I000000UCIpQAO","UserOrGroupId":"0051I000000JaV8QAK"}|0x65191658
15:59:52.0 (144663309)|STATEMENT_EXECUTE|[55]
15:59:52.0 (144665986)|STATEMENT_EXECUTE|[56]
15:59:52.0 (144682142)|HEAP_ALLOCATE|[EXTERNAL]|Bytes:4
15:59:52.0 (144700465)|HEAP_ALLOCATE|[55]|Bytes:5
15:59:52.0 (144716011)|HEAP_ALLOCATE|[55]|Bytes:16
15:59:52.0 (144724986)|VARIABLE_SCOPE_BEGIN|[55]|g|GroupMember|true|false
15:59:52.0 (144743864)|VARIABLE_ASSIGNMENT|[55]|g|{"GroupId":"00G1I000000aJ8gUAE","Id":"0111I000000UDCkQAO","UserOrGroupId":"0051I000000JaV8QAK"}|0x1f46e127
15:59:52.0 (144753291)|STATEMENT_EXECUTE|[55]
15:59:52.0 (144755474)|STATEMENT_EXECUTE|[56]
15:59:52.0 (144769852)|HEAP_ALLOCATE|[EXTERNAL]|Bytes:4
15:59:52.0 (144786705)|HEAP_ALLOCATE|[55]|Bytes:5
15:59:52.0 (144801141)|HEAP_ALLOCATE|[55]|Bytes:16
15:59:52.0 (144810329)|VARIABLE_SCOPE_BEGIN|[55]|g|GroupMember|true|false
15:59:52.0 (144825951)|VARIABLE_ASSIGNMENT|[55]|g|{"GroupId":"00G1I000000aJ8lUAE","Id":"0111I000000UDCiQAO","UserOrGroupId":"0051I000000JaV8QAK"}|0x49176ed6
15:59:52.0 (144831974)|STATEMENT_EXECUTE|[55]
15:59:52.0 (144833621)|STATEMENT_EXECUTE|[56]
15:59:52.0 (144843762)|HEAP_ALLOCATE|[EXTERNAL]|Bytes:4
15:59:52.0 (144854688)|HEAP_ALLOCATE|[55]|Bytes:5
15:59:52.0 (144862479)|HEAP_ALLOCATE|[55]|Bytes:16
15:59:52.0 (144867485)|VARIABLE_SCOPE_BEGIN|[55]|g|GroupMember|true|false
15:59:52.0 (144878092)|VARIABLE_ASSIGNMENT|[55]|g|{"GroupId":"00G1I000000aJ8qUAE","Id":"0111I000000UDCcQAO","UserOrGroupId":"0051I000000JaV8QAK"}|0x791c98db
15:59:52.0 (144883293)|STATEMENT_EXECUTE|[55]
15:59:52.0 (144884718)|STATEMENT_EXECUTE|[56]
15:59:52.0 (144892069)|HEAP_ALLOCATE|[EXTERNAL]|Bytes:4
15:59:52.0 (144901560)|HEAP_ALLOCATE|[55]|Bytes:5
15:59:52.0 (144908933)|HEAP_ALLOCATE|[55]|Bytes:16
15:59:52.0 (144913628)|VARIABLE_SCOPE_BEGIN|[55]|g|GroupMember|true|false
15:59:52.0 (144924085)|VARIABLE_ASSIGNMENT|[55]|g|{"GroupId":"00G1I000000aJ8vUAE","Id":"0111I000000UDChQAO","UserOrGroupId":"0051I000000JaV8QAK"}|0x549aea76
15:59:52.0 (144929603)|STATEMENT_EXECUTE|[55]
15:59:52.0 (144931078)|STATEMENT_EXECUTE|[56]
15:59:52.0 (144937966)|HEAP_ALLOCATE|[EXTERNAL]|Bytes:4
15:59:52.0 (144946938)|HEAP_ALLOCATE|[55]|Bytes:5
15:59:52.0 (144956769)|VARIABLE_ASSIGNMENT|[55]|g|null|
15:59:52.0 (144961718)|STATEMENT_EXECUTE|[60]
15:59:52.0 (144972933)|HEAP_ALLOCATE|[60]|Bytes:4
15:59:52.0 (145221555)|SOQL_EXECUTE_BEGIN|[60]|Aggregations:0|SELECT Id, Name FROM Group WHERE (Type = 'Regular' AND Id NOT IN :tmpVar1)
15:59:52.0 (147665963)|SOQL_EXECUTE_END|[60]|Rows:10
15:59:52.0 (147691709)|HEAP_ALLOCATE|[60]|Bytes:44
15:59:52.0 (147716273)|HEAP_ALLOCATE|[60]|Bytes:410
15:59:52.0 (147746357)|HEAP_ALLOCATE|[60]|Bytes:44
15:59:52.0 (147758029)|VARIABLE_SCOPE_BEGIN|[60]|nonGroups|List<Group>|true|false
15:59:52.0 (147773100)|VARIABLE_ASSIGNMENT|[60]|nonGroups|"List of size 10 too large to display"|0x4b086f3d
15:59:52.0 (147779635)|STATEMENT_EXECUTE|[61]
15:59:52.0 (147901030)|HEAP_ALLOCATE|[61]|Bytes:420
15:59:52.0 (147929345)|HEAP_ALLOCATE|[61]|Bytes:431
15:59:52.0 (147952234)|USER_DEBUG|[61]|DEBUG|nonGroups: (Group:{Id=00G1I000000aJ8bUAE, Name=ABE2}, Group:{Id=00G1I000000aJ8RUAU, Name=ABE4}, Group:{Id=00G1I000000aJ8MUAU, Name=ABE8}, Group:{Id=00G1I000000aJ9FUAU, Name=BDL2}, Group:{Id=00G1I000000aJ8CUAU, Name=BFI3}, Group:{Id=00G1I000000aJ8HUAU, Name=BFI4}, Group:{Id=00G1I000000aJ9KUAU, Name=BFI5}, Group:{Id=00G1I000000aJ90UAE, Name=BNA2}, Group:{Id=00G1I000000aJ95UAE, Name=BWI2}, Group:{Id=00G1I000000aJ9AUAU, Name=CLT3})
15:59:52.0 (147997426)|HEAP_ALLOCATE|[63]|Bytes:5
15:59:52.0 (148016370)|HEAP_ALLOCATE|[63]|Bytes:12
15:59:52.0 (148029931)|VARIABLE_SCOPE_BEGIN|[63]|ng|Group|true|false
15:59:52.0 (148052389)|VARIABLE_ASSIGNMENT|[63]|ng|{"Id":"00G1I000000aJ8bUAE","Name":"ABE2"}|0x3edcb928
15:59:52.0 (148062960)|STATEMENT_EXECUTE|[63]
15:59:52.0 (148065708)|STATEMENT_EXECUTE|[64]
15:59:52.0 (148103114)|HEAP_ALLOCATE|[EXTERNAL]|Bytes:4
15:59:52.0 (148123726)|HEAP_ALLOCATE|[63]|Bytes:5
15:59:52.0 (148139575)|HEAP_ALLOCATE|[63]|Bytes:12
15:59:52.0 (148149144)|VARIABLE_SCOPE_BEGIN|[63]|ng|Group|true|false
15:59:52.0 (148167526)|VARIABLE_ASSIGNMENT|[63]|ng|{"Id":"00G1I000000aJ8RUAU","Name":"ABE4"}|0x752c1edf
15:59:52.0 (148176432)|STATEMENT_EXECUTE|[63]
15:59:52.0 (148178812)|STATEMENT_EXECUTE|[64]
15:59:52.0 (148198608)|HEAP_ALLOCATE|[EXTERNAL]|Bytes:4
15:59:52.0 (148215888)|HEAP_ALLOCATE|[63]|Bytes:5
15:59:52.0 (148230387)|HEAP_ALLOCATE|[63]|Bytes:12
15:59:52.0 (148240027)|VARIABLE_SCOPE_BEGIN|[63]|ng|Group|true|false
15:59:52.0 (148258109)|VARIABLE_ASSIGNMENT|[63]|ng|{"Id":"00G1I000000aJ8MUAU","Name":"ABE8"}|0x7fa16fa3
15:59:52.0 (148266896)|STATEMENT_EXECUTE|[63]
15:59:52.0 (148269243)|STATEMENT_EXECUTE|[64]
15:59:52.0 (148289627)|HEAP_ALLOCATE|[EXTERNAL]|Bytes:4
15:59:52.0 (148307275)|HEAP_ALLOCATE|[63]|Bytes:5
15:59:52.0 (148322180)|HEAP_ALLOCATE|[63]|Bytes:12
15:59:52.0 (148337056)|VARIABLE_SCOPE_BEGIN|[63]|ng|Group|true|false
15:59:52.0 (148354985)|VARIABLE_ASSIGNMENT|[63]|ng|{"Id":"00G1I000000aJ9FUAU","Name":"BDL2"}|0x9192736
15:59:52.0 (148362974)|STATEMENT_EXECUTE|[63]
15:59:52.0 (148365061)|STATEMENT_EXECUTE|[64]
15:59:52.0 (148386734)|HEAP_ALLOCATE|[EXTERNAL]|Bytes:4
15:59:52.0 (148405177)|HEAP_ALLOCATE|[63]|Bytes:5
15:59:52.0 (148419216)|HEAP_ALLOCATE|[63]|Bytes:12
15:59:52.0 (148428694)|VARIABLE_SCOPE_BEGIN|[63]|ng|Group|true|false
15:59:52.0 (148442648)|VARIABLE_ASSIGNMENT|[63]|ng|{"Id":"00G1I000000aJ8CUAU","Name":"BFI3"}|0x5257dac4
15:59:52.0 (148448352)|STATEMENT_EXECUTE|[63]
15:59:52.0 (148449976)|STATEMENT_EXECUTE|[64]
15:59:52.0 (148463864)|HEAP_ALLOCATE|[EXTERNAL]|Bytes:4
15:59:52.0 (148474662)|HEAP_ALLOCATE|[63]|Bytes:5
15:59:52.0 (148482974)|HEAP_ALLOCATE|[63]|Bytes:12
15:59:52.0 (148488186)|VARIABLE_SCOPE_BEGIN|[63]|ng|Group|true|false
15:59:52.0 (148498289)|VARIABLE_ASSIGNMENT|[63]|ng|{"Id":"00G1I000000aJ8HUAU","Name":"BFI4"}|0x4798fcb7
15:59:52.0 (148503174)|STATEMENT_EXECUTE|[63]
15:59:52.0 (148504631)|STATEMENT_EXECUTE|[64]
15:59:52.0 (148514587)|HEAP_ALLOCATE|[EXTERNAL]|Bytes:4
15:59:52.0 (148523810)|HEAP_ALLOCATE|[63]|Bytes:5
15:59:52.0 (148532907)|HEAP_ALLOCATE|[63]|Bytes:12
15:59:52.0 (148540643)|VARIABLE_SCOPE_BEGIN|[63]|ng|Group|true|false
15:59:52.0 (148556336)|VARIABLE_ASSIGNMENT|[63]|ng|{"Id":"00G1I000000aJ9KUAU","Name":"BFI5"}|0x33b04f90
15:59:52.0 (148565196)|STATEMENT_EXECUTE|[63]
15:59:52.0 (148567250)|STATEMENT_EXECUTE|[64]
15:59:52.0 (148584993)|HEAP_ALLOCATE|[EXTERNAL]|Bytes:4
15:59:52.0 (148601994)|HEAP_ALLOCATE|[63]|Bytes:5
15:59:52.0 (148616981)|HEAP_ALLOCATE|[63]|Bytes:12
15:59:52.0 (148626499)|VARIABLE_SCOPE_BEGIN|[63]|ng|Group|true|false
15:59:52.0 (148643379)|VARIABLE_ASSIGNMENT|[63]|ng|{"Id":"00G1I000000aJ90UAE","Name":"BNA2"}|0x73d0fe47
15:59:52.0 (148652740)|STATEMENT_EXECUTE|[63]
15:59:52.0 (148654915)|STATEMENT_EXECUTE|[64]
15:59:52.0 (148681097)|HEAP_ALLOCATE|[EXTERNAL]|Bytes:4
15:59:52.0 (148698184)|HEAP_ALLOCATE|[63]|Bytes:5
15:59:52.0 (148713510)|HEAP_ALLOCATE|[63]|Bytes:12
15:59:52.0 (148722769)|VARIABLE_SCOPE_BEGIN|[63]|ng|Group|true|false
15:59:52.0 (148740187)|VARIABLE_ASSIGNMENT|[63]|ng|{"Id":"00G1I000000aJ95UAE","Name":"BWI2"}|0x1f3d8b03
15:59:52.0 (148749676)|STATEMENT_EXECUTE|[63]
15:59:52.0 (148752118)|STATEMENT_EXECUTE|[64]
15:59:52.0 (148771663)|HEAP_ALLOCATE|[EXTERNAL]|Bytes:4
15:59:52.0 (148789158)|HEAP_ALLOCATE|[63]|Bytes:5
15:59:52.0 (148802391)|HEAP_ALLOCATE|[63]|Bytes:12
15:59:52.0 (148811590)|VARIABLE_SCOPE_BEGIN|[63]|ng|Group|true|false
15:59:52.0 (148829049)|VARIABLE_ASSIGNMENT|[63]|ng|{"Id":"00G1I000000aJ9AUAU","Name":"CLT3"}|0x1f40b117
15:59:52.0 (148837397)|STATEMENT_EXECUTE|[63]
15:59:52.0 (148839644)|STATEMENT_EXECUTE|[64]
15:59:52.0 (148857860)|HEAP_ALLOCATE|[EXTERNAL]|Bytes:4
15:59:52.0 (148875823)|HEAP_ALLOCATE|[63]|Bytes:5
15:59:52.0 (148891847)|VARIABLE_ASSIGNMENT|[63]|ng|null|
15:59:52.0 (148899061)|STATEMENT_EXECUTE|[67]
15:59:52.0 (148905031)|SYSTEM_MODE_EXIT|false
15:59:52.0 (149062403)|SYSTEM_MODE_ENTER|true
15:59:52.0 (149136581)|HEAP_ALLOCATE|[EXTERNAL]|Bytes:44
15:59:52.0 (149144890)|HEAP_ALLOCATE|[EXTERNAL]|Bytes:20
15:59:52.0 (149165290)|VARIABLE_ASSIGNMENT|[EXTERNAL]|this.leftOptions|"List of size 10 too large to display"|0x61ca3d3d
15:59:52.0 (149307530)|SYSTEM_MODE_ENTER|true
15:59:52.0 (149379759)|HEAP_ALLOCATE|[EXTERNAL]|Bytes:36
15:59:52.0 (149434701)|VARIABLE_ASSIGNMENT|[EXTERNAL]|this|{"recordTypes":"0x115d05f7"}|0x24568caf
15:59:52.0 (149458036)|SYSTEM_MODE_ENTER|false
15:59:52.0 (149465305)|HEAP_ALLOCATE|[74]|Bytes:5
15:59:52.0 (149470643)|STATEMENT_EXECUTE|[73]
15:59:52.0 (149472793)|STATEMENT_EXECUTE|[74]
15:59:52.0 (149481869)|HEAP_ALLOCATE|[74]|Bytes:4
15:59:52.0 (149497445)|VARIABLE_SCOPE_BEGIN|[74]|allQueues|List<System.SelectOption>|true|false
15:59:52.0 (149519031)|HEAP_ALLOCATE|[EXTERNAL]|Bytes:4
15:59:52.0 (149527666)|VARIABLE_ASSIGNMENT|[74]|allQueues|[]|0x72ada18b
15:59:52.0 (149533158)|STATEMENT_EXECUTE|[75]
15:59:52.0 (149542567)|HEAP_ALLOCATE|[75]|Bytes:4
15:59:52.0 (149673004)|SOQL_EXECUTE_BEGIN|[75]|Aggregations:0|SELECT Label FROM OpsHR_Setup__mdt
15:59:52.0 (151779213)|SOQL_EXECUTE_END|[75]|Rows:17
15:59:52.0 (151800758)|HEAP_ALLOCATE|[75]|Bytes:72
15:59:52.0 (151827467)|HEAP_ALLOCATE|[75]|Bytes:714
15:59:52.0 (151857804)|HEAP_ALLOCATE|[75]|Bytes:72
15:59:52.0 (151869015)|VARIABLE_SCOPE_BEGIN|[75]|allMDT|List<OpsHR_Setup__mdt>|true|false
15:59:52.0 (151884051)|VARIABLE_ASSIGNMENT|[75]|allMDT|"List of size 17 too large to display"|0x3a228839
15:59:52.0 (151890762)|STATEMENT_EXECUTE|[77]
15:59:52.0 (151913751)|HEAP_ALLOCATE|[77]|Bytes:553
15:59:52.0 (151941480)|HEAP_ALLOCATE|[77]|Bytes:535
15:59:52.0 (151971596)|VARIABLE_SCOPE_BEGIN|[77]|retURL|String|false|false
15:59:52.0 (151983164)|VARIABLE_ASSIGNMENT|[77]|retURL|"0051I000000JaV8"
15:59:52.0 (151988138)|STATEMENT_EXECUTE|[79]
15:59:52.0 (151997124)|HEAP_ALLOCATE|[79]|Bytes:4
15:59:52.0 (152010527)|METHOD_ENTRY|[79]||System.UserInfo.getUserId()
15:59:52.0 (152028114)|METHOD_EXIT|[79]||System.UserInfo.getUserId()
15:59:52.0 (152144350)|SOQL_EXECUTE_BEGIN|[79]|Aggregations:0|SELECT Id FROM User WHERE Id = :tmpVar1
15:59:52.0 (154958822)|SOQL_EXECUTE_END|[79]|Rows:1
15:59:52.0 (154983526)|HEAP_ALLOCATE|[79]|Bytes:8
15:59:52.0 (154996972)|HEAP_ALLOCATE|[79]|Bytes:29
15:59:52.0 (155033045)|HEAP_ALLOCATE|[79]|Bytes:8
15:59:52.0 (155059853)|HEAP_ALLOCATE|[79]|Bytes:8
15:59:52.0 (155067543)|VARIABLE_SCOPE_BEGIN|[79]|theUser|User|true|false
15:59:52.0 (155089403)|VARIABLE_ASSIGNMENT|[79]|theUser|{"Id":"0051I000000JaV8QAK"}|0x746ae112
15:59:52.0 (155096846)|STATEMENT_EXECUTE|[82]
15:59:52.0 (155108319)|HEAP_ALLOCATE|[82]|Bytes:4
15:59:52.0 (155273144)|SOQL_EXECUTE_BEGIN|[82]|Aggregations:0|SELECT GroupId, Id, UserOrGroupId FROM GroupMember WHERE UserOrGroupId = :tmpVar1
15:59:52.0 (157261963)|SOQL_EXECUTE_END|[82]|Rows:6
15:59:52.0 (157282004)|HEAP_ALLOCATE|[82]|Bytes:28
15:59:52.0 (157301729)|HEAP_ALLOCATE|[82]|Bytes:558
15:59:52.0 (157335333)|HEAP_ALLOCATE|[82]|Bytes:28
15:59:52.0 (157346957)|VARIABLE_SCOPE_BEGIN|[82]|groupMembers|List<GroupMember>|true|false
15:59:52.0 (157364925)|VARIABLE_ASSIGNMENT|[82]|groupMembers|"List of size 6 too large to display"|0x45930c10
15:59:52.0 (157371432)|STATEMENT_EXECUTE|[83]
15:59:52.0 (157386041)|HEAP_ALLOCATE|[83]|Bytes:4
15:59:52.0 (157404452)|VARIABLE_SCOPE_BEGIN|[83]|groupIds|List<Id>|true|false
15:59:52.0 (157438851)|HEAP_ALLOCATE|[EXTERNAL]|Bytes:4
15:59:52.0 (157449474)|VARIABLE_ASSIGNMENT|[83]|groupIds|[]|0x645b1b0c
15:59:52.0 (157488706)|HEAP_ALLOCATE|[85]|Bytes:5
15:59:52.0 (157506067)|HEAP_ALLOCATE|[85]|Bytes:16
15:59:52.0 (157515818)|VARIABLE_SCOPE_BEGIN|[85]|g|GroupMember|true|false
15:59:52.0 (157531761)|VARIABLE_ASSIGNMENT|[85]|g|{"GroupId":"00G1I000000OhKRUA0","Id":"0111I000000UCIrQAO","UserOrGroupId":"0051I000000JaV8QAK"}|0x720b2260
15:59:52.0 (157538530)|STATEMENT_EXECUTE|[85]
15:59:52.0 (157540368)|STATEMENT_EXECUTE|[86]
15:59:52.0 (157560974)|HEAP_ALLOCATE|[EXTERNAL]|Bytes:4
15:59:52.0 (157573751)|HEAP_ALLOCATE|[85]|Bytes:5
15:59:52.0 (157582185)|HEAP_ALLOCATE|[85]|Bytes:16
15:59:52.0 (157587837)|VARIABLE_SCOPE_BEGIN|[85]|g|GroupMember|true|false
15:59:52.0 (157615341)|VARIABLE_ASSIGNMENT|[85]|g|{"GroupId":"00G1I000000aJ8WUAU","Id":"0111I000000UCIpQAO","UserOrGroupId":"0051I000000JaV8QAK"}|0x5832dc77
15:59:52.0 (157622148)|STATEMENT_EXECUTE|[85]
15:59:52.0 (157623701)|STATEMENT_EXECUTE|[86]
15:59:52.0 (157633808)|HEAP_ALLOCATE|[EXTERNAL]|Bytes:4
15:59:52.0 (157644982)|HEAP_ALLOCATE|[85]|Bytes:5
15:59:52.0 (157653424)|HEAP_ALLOCATE|[85]|Bytes:16
15:59:52.0 (157658263)|VARIABLE_SCOPE_BEGIN|[85]|g|GroupMember|true|false
15:59:52.0 (157668456)|VARIABLE_ASSIGNMENT|[85]|g|{"GroupId":"00G1I000000aJ8gUAE","Id":"0111I000000UDCkQAO","UserOrGroupId":"0051I000000JaV8QAK"}|0xaff6d0e
15:59:52.0 (157673411)|STATEMENT_EXECUTE|[85]
15:59:52.0 (157674935)|STATEMENT_EXECUTE|[86]
15:59:52.0 (157682409)|HEAP_ALLOCATE|[EXTERNAL]|Bytes:4
15:59:52.0 (157691648)|HEAP_ALLOCATE|[85]|Bytes:5
15:59:52.0 (157699139)|HEAP_ALLOCATE|[85]|Bytes:16
15:59:52.0 (157703806)|VARIABLE_SCOPE_BEGIN|[85]|g|GroupMember|true|false
15:59:52.0 (157713894)|VARIABLE_ASSIGNMENT|[85]|g|{"GroupId":"00G1I000000aJ8lUAE","Id":"0111I000000UDCiQAO","UserOrGroupId":"0051I000000JaV8QAK"}|0x606c64a8
15:59:52.0 (157718721)|STATEMENT_EXECUTE|[85]
15:59:52.0 (157720342)|STATEMENT_EXECUTE|[86]
15:59:52.0 (157727894)|HEAP_ALLOCATE|[EXTERNAL]|Bytes:4
15:59:52.0 (157737272)|HEAP_ALLOCATE|[85]|Bytes:5
15:59:52.0 (157744723)|HEAP_ALLOCATE|[85]|Bytes:16
15:59:52.0 (157749702)|VARIABLE_SCOPE_BEGIN|[85]|g|GroupMember|true|false
15:59:52.0 (157759877)|VARIABLE_ASSIGNMENT|[85]|g|{"GroupId":"00G1I000000aJ8qUAE","Id":"0111I000000UDCcQAO","UserOrGroupId":"0051I000000JaV8QAK"}|0x4bdf42e7
15:59:52.0 (157764774)|STATEMENT_EXECUTE|[85]
15:59:52.0 (157766373)|STATEMENT_EXECUTE|[86]
15:59:52.0 (157773490)|HEAP_ALLOCATE|[EXTERNAL]|Bytes:4
15:59:52.0 (157782396)|HEAP_ALLOCATE|[85]|Bytes:5
15:59:52.0 (157789925)|HEAP_ALLOCATE|[85]|Bytes:16
15:59:52.0 (157794706)|VARIABLE_SCOPE_BEGIN|[85]|g|GroupMember|true|false
15:59:52.0 (157804491)|VARIABLE_ASSIGNMENT|[85]|g|{"GroupId":"00G1I000000aJ8vUAE","Id":"0111I000000UDChQAO","UserOrGroupId":"0051I000000JaV8QAK"}|0x5c0fe8f
15:59:52.0 (157809486)|STATEMENT_EXECUTE|[85]
15:59:52.0 (157811067)|STATEMENT_EXECUTE|[86]
15:59:52.0 (157818274)|HEAP_ALLOCATE|[EXTERNAL]|Bytes:4
15:59:52.0 (157827740)|HEAP_ALLOCATE|[85]|Bytes:5
15:59:52.0 (157837804)|VARIABLE_ASSIGNMENT|[85]|g|null|
15:59:52.0 (157842304)|STATEMENT_EXECUTE|[90]
15:59:52.0 (157853533)|HEAP_ALLOCATE|[90]|Bytes:4
15:59:52.0 (158033413)|SOQL_EXECUTE_BEGIN|[90]|Aggregations:0|SELECT Id, Name FROM Group WHERE (Type = 'Regular' AND Id IN :tmpVar1)
15:59:52.0 (160664097)|SOQL_EXECUTE_END|[90]|Rows:6
15:59:52.0 (160684790)|HEAP_ALLOCATE|[90]|Bytes:28
15:59:52.0 (160701618)|HEAP_ALLOCATE|[90]|Bytes:251
15:59:52.0 (160731082)|HEAP_ALLOCATE|[90]|Bytes:28
15:59:52.0 (160742827)|VARIABLE_SCOPE_BEGIN|[90]|actualGroups|List<Group>|true|false
15:59:52.0 (160758484)|VARIABLE_ASSIGNMENT|[90]|actualGroups|"List of size 6 too large to display"|0x60259b3b
15:59:52.0 (160786186)|HEAP_ALLOCATE|[92]|Bytes:5
15:59:52.0 (160798660)|HEAP_ALLOCATE|[92]|Bytes:12
15:59:52.0 (160806146)|VARIABLE_SCOPE_BEGIN|[92]|ng|Group|true|false
15:59:52.0 (160820583)|VARIABLE_ASSIGNMENT|[92]|ng|{"Id":"00G1I000000OhKRUA0","Name":"Reviewers"}|0x21817a8f
15:59:52.0 (160827311)|STATEMENT_EXECUTE|[92]
15:59:52.0 (160829332)|STATEMENT_EXECUTE|[93]
15:59:52.0 (160857528)|HEAP_ALLOCATE|[EXTERNAL]|Bytes:4
15:59:52.0 (160871385)|HEAP_ALLOCATE|[92]|Bytes:5
15:59:52.0 (160881125)|HEAP_ALLOCATE|[92]|Bytes:12
15:59:52.0 (160886448)|VARIABLE_SCOPE_BEGIN|[92]|ng|Group|true|false
15:59:52.0 (160897568)|VARIABLE_ASSIGNMENT|[92]|ng|{"Id":"00G1I000000aJ8WUAU","Name":"CMH1"}|0x14f92530
15:59:52.0 (160902908)|STATEMENT_EXECUTE|[92]
15:59:52.0 (160904504)|STATEMENT_EXECUTE|[93]
15:59:52.0 (160916366)|HEAP_ALLOCATE|[EXTERNAL]|Bytes:4
15:59:52.0 (160926695)|HEAP_ALLOCATE|[92]|Bytes:5
15:59:52.0 (160934851)|HEAP_ALLOCATE|[92]|Bytes:12
15:59:52.0 (160940126)|VARIABLE_SCOPE_BEGIN|[92]|ng|Group|true|false
15:59:52.0 (160950575)|VARIABLE_ASSIGNMENT|[92]|ng|{"Id":"00G1I000000aJ8gUAE","Name":"DEN2"}|0x53193630
15:59:52.0 (160955709)|STATEMENT_EXECUTE|[92]
15:59:52.0 (160957148)|STATEMENT_EXECUTE|[93]
15:59:52.0 (160967565)|HEAP_ALLOCATE|[EXTERNAL]|Bytes:4
15:59:52.0 (160977325)|HEAP_ALLOCATE|[92]|Bytes:5
15:59:52.0 (160985307)|HEAP_ALLOCATE|[92]|Bytes:12
15:59:52.0 (160990720)|VARIABLE_SCOPE_BEGIN|[92]|ng|Group|true|false
15:59:52.0 (161000861)|VARIABLE_ASSIGNMENT|[92]|ng|{"Id":"00G1I000000aJ8lUAE","Name":"CLT2"}|0x1e0eef8e
15:59:52.0 (161006680)|STATEMENT_EXECUTE|[92]
15:59:52.0 (161008128)|STATEMENT_EXECUTE|[93]
15:59:52.0 (161017958)|HEAP_ALLOCATE|[EXTERNAL]|Bytes:4
15:59:52.0 (161027161)|HEAP_ALLOCATE|[92]|Bytes:5
15:59:52.0 (161035036)|HEAP_ALLOCATE|[92]|Bytes:12
15:59:52.0 (161039885)|VARIABLE_SCOPE_BEGIN|[92]|ng|Group|true|false
15:59:52.0 (161050432)|VARIABLE_ASSIGNMENT|[92]|ng|{"Id":"00G1I000000aJ8qUAE","Name":"AVP1"}|0x34f1abc2
15:59:52.0 (161055346)|STATEMENT_EXECUTE|[92]
15:59:52.0 (161056820)|STATEMENT_EXECUTE|[93]
15:59:52.0 (161066557)|HEAP_ALLOCATE|[EXTERNAL]|Bytes:4
15:59:52.0 (161075872)|HEAP_ALLOCATE|[92]|Bytes:5
15:59:52.0 (161083652)|HEAP_ALLOCATE|[92]|Bytes:12
15:59:52.0 (161088385)|VARIABLE_SCOPE_BEGIN|[92]|ng|Group|true|false
15:59:52.0 (161098024)|VARIABLE_ASSIGNMENT|[92]|ng|{"Id":"00G1I000000aJ8vUAE","Name":"CAE1"}|0x69fcd8c9
15:59:52.0 (161103087)|STATEMENT_EXECUTE|[92]
15:59:52.0 (161104777)|STATEMENT_EXECUTE|[93]
15:59:52.0 (161114547)|HEAP_ALLOCATE|[EXTERNAL]|Bytes:4
15:59:52.0 (161124379)|HEAP_ALLOCATE|[92]|Bytes:5
15:59:52.0 (161133639)|VARIABLE_ASSIGNMENT|[92]|ng|null|
15:59:52.0 (161138389)|STATEMENT_EXECUTE|[96]
15:59:52.0 (161144329)|SYSTEM_MODE_EXIT|false
15:59:52.0 (161254847)|SYSTEM_MODE_ENTER|true
15:59:52.0 (161337103)|HEAP_ALLOCATE|[EXTERNAL]|Bytes:28
15:59:52.0 (161343192)|HEAP_ALLOCATE|[EXTERNAL]|Bytes:20
15:59:52.0 (161356816)|VARIABLE_ASSIGNMENT|[EXTERNAL]|this.rightOptions|"List of size 6 too large to display"|0x61ca3d3d
15:59:52.0 (161518138)|SYSTEM_MODE_ENTER|true
15:59:52.0 (161757272)|SYSTEM_MODE_ENTER|true
15:59:52.0 (182885623)|SYSTEM_MODE_ENTER|true
15:59:52.0 (182974152)|HEAP_ALLOCATE|[EXTERNAL]|Bytes:44
15:59:52.0 (182986516)|HEAP_ALLOCATE|[EXTERNAL]|Bytes:20
15:59:52.0 (183017902)|VARIABLE_ASSIGNMENT|[EXTERNAL]|this.leftOptions|"List of size 10 too large to display"|0x61ca3d3d
15:59:52.0 (183098117)|SYSTEM_MODE_ENTER|true
15:59:52.0 (183123181)|HEAP_ALLOCATE|[EXTERNAL]|Bytes:28
15:59:52.0 (183128776)|HEAP_ALLOCATE|[EXTERNAL]|Bytes:20
15:59:52.0 (183137577)|VARIABLE_ASSIGNMENT|[EXTERNAL]|this.rightOptions|"List of size 6 too large to display"|0x61ca3d3d
15:59:52.0 (183857714)|SYSTEM_MODE_ENTER|true
15:59:52.0 (186236741)|SYSTEM_MODE_ENTER|true
15:59:52.0 (186518589)|SYSTEM_MODE_ENTER|true
15:59:52.0 (186601041)|SYSTEM_MODE_ENTER|true
15:59:52.0 (188438259)|VF_SERIALIZE_VIEWSTATE_BEGIN|0661I000003daSA
15:59:52.0 (191363758)|VF_SERIALIZE_VIEWSTATE_END
15:59:52.193 (193727847)|CUMULATIVE_LIMIT_USAGE
15:59:52.193 (193727847)|LIMIT_USAGE_FOR_NS|(default)|
  Number of SOQL queries: 12 out of 100
  Number of query rows: 128 out of 50000
  Number of SOSL queries: 0 out of 20
  Number of DML statements: 0 out of 150
  Number of DML rows: 0 out of 10000
  Maximum CPU time: 0 out of 10000
  Maximum heap size: 0 out of 6000000
  Number of callouts: 0 out of 100
  Number of Email Invocations: 0 out of 10
  Number of future calls: 0 out of 50
  Number of queueable jobs added to the queue: 0 out of 50
  Number of Mobile Apex push calls: 0 out of 10

15:59:52.193 (193727847)|CUMULATIVE_LIMIT_USAGE_END

15:59:52.0 (193772069)|CODE_UNIT_FINISHED|VF: /apex/Settings
15:59:52.0 (194643835)|EXECUTION_FINISHED
