43.0 APEX_CODE,FINEST;APEX_PROFILING,INFO;CALLOUT,INFO;DB,INFO;NBA,INFO;SYSTEM,DEBUG;VALIDATION,INFO;VISUALFORCE,INFO;WAVE,INFO;WORKFLOW,INFO
17:22:02.0 (89645)|USER_INFO|[EXTERNAL]|0051I000000JaV8|amarvick94@gmail.com|Pacific Standard Time|GMT-07:00
17:22:02.0 (126025)|EXECUTION_STARTED
17:22:02.0 (131763)|CODE_UNIT_STARTED|[EXTERNAL]|Aura
17:22:02.0 (1684333)|CODE_UNIT_STARTED|[EXTERNAL]|01p1I00000GA2Qw|CampingListController.getItems()
17:22:02.0 (1881960)|HEAP_ALLOCATE|[72]|Bytes:3
17:22:02.0 (1942195)|HEAP_ALLOCATE|[77]|Bytes:152
17:22:02.0 (1958370)|HEAP_ALLOCATE|[342]|Bytes:408
17:22:02.0 (1969563)|HEAP_ALLOCATE|[355]|Bytes:408
17:22:02.0 (1980624)|HEAP_ALLOCATE|[467]|Bytes:48
17:22:02.0 (2008773)|HEAP_ALLOCATE|[139]|Bytes:6
17:22:02.0 (2081770)|HEAP_ALLOCATE|[EXTERNAL]|Bytes:3
17:22:02.0 (2096107)|METHOD_ENTRY|[1]|01p1I00000GA2Qw|CampingListController.CampingListController()
17:22:02.0 (2104409)|STATEMENT_EXECUTE|[1]
17:22:02.0 (2109761)|STATEMENT_EXECUTE|[1]
17:22:02.0 (2114825)|METHOD_EXIT|[1]|CampingListController
17:22:02.0 (2129864)|SYSTEM_MODE_ENTER|false
17:22:02.0 (2141440)|STATEMENT_EXECUTE|[3]
17:22:02.0 (2143119)|STATEMENT_EXECUTE|[4]
17:22:02.0 (2145944)|HEAP_ALLOCATE|[4]|Bytes:70
17:22:02.0 (2173209)|HEAP_ALLOCATE|[4]|Bytes:4
17:22:02.0 (2228157)|HEAP_ALLOCATE|[50]|Bytes:5
17:22:02.0 (2254256)|HEAP_ALLOCATE|[56]|Bytes:5
17:22:02.0 (2261945)|HEAP_ALLOCATE|[64]|Bytes:7
17:22:02.0 (2630442)|SOQL_EXECUTE_BEGIN|[4]|Aggregations:0|SELECT id, name, price__c, Quantity__c, Packed__c FROM Camping_Item__c
17:22:02.0 (4553474)|SOQL_EXECUTE_END|[4]|Rows:0
17:22:02.0 (4580525)|HEAP_ALLOCATE|[4]|Bytes:4
17:22:02.0 (4594486)|HEAP_ALLOCATE|[4]|Bytes:0
17:22:02.0 (4698342)|HEAP_ALLOCATE|[4]|Bytes:4
17:22:02.0 (4714135)|VARIABLE_SCOPE_BEGIN|[4]|CI|List<Camping_Item__c>|true|false
17:22:02.0 (4748478)|VARIABLE_ASSIGNMENT|[4]|CI|[]|0x2207eaba
17:22:02.0 (4756256)|STATEMENT_EXECUTE|[5]
17:22:02.0 (4763731)|SYSTEM_MODE_EXIT|false
17:22:02.4 (4788975)|CUMULATIVE_LIMIT_USAGE
17:22:02.4 (4788975)|LIMIT_USAGE_FOR_NS|(default)|
  Number of SOQL queries: 1 out of 100
  Number of query rows: 0 out of 50000
  Number of SOSL queries: 0 out of 20
  Number of DML statements: 0 out of 150
  Number of DML rows: 0 out of 10000
  Maximum CPU time: 0 out of 10000
  Maximum heap size: 0 out of 6000000
  Number of callouts: 0 out of 100
  Number of Email Invocations: 0 out of 10
  Number of future calls: 0 out of 50
  Number of queueable jobs added to the queue: 0 out of 50
  Number of Mobile Apex push calls: 0 out of 10

17:22:02.4 (4788975)|CUMULATIVE_LIMIT_USAGE_END

17:22:02.0 (4821365)|CODE_UNIT_FINISHED|CampingListController.getItems()
17:22:02.0 (4880713)|CODE_UNIT_FINISHED|Aura
17:22:02.0 (6111620)|EXECUTION_FINISHED
