43.0 APEX_CODE,FINEST;APEX_PROFILING,INFO;CALLOUT,INFO;DB,INFO;NBA,INFO;SYSTEM,DEBUG;VALIDATION,INFO;VISUALFORCE,INFO;WAVE,INFO;WORKFLOW,INFO
16:57:19.0 (88341)|USER_INFO|[EXTERNAL]|0051I000000JaV8|amarvick94@gmail.com|Pacific Standard Time|GMT-07:00
16:57:19.0 (123484)|EXECUTION_STARTED
16:57:19.0 (127329)|CODE_UNIT_STARTED|[EXTERNAL]|Aura
16:57:19.0 (1378067)|CODE_UNIT_STARTED|[EXTERNAL]|01p1I00000GA2Qw|CampingListController.getItems()
16:57:19.0 (1533996)|HEAP_ALLOCATE|[72]|Bytes:3
16:57:19.0 (1579844)|HEAP_ALLOCATE|[77]|Bytes:152
16:57:19.0 (1593900)|HEAP_ALLOCATE|[342]|Bytes:408
16:57:19.0 (1605420)|HEAP_ALLOCATE|[355]|Bytes:408
16:57:19.0 (1616292)|HEAP_ALLOCATE|[467]|Bytes:48
16:57:19.0 (1641277)|HEAP_ALLOCATE|[139]|Bytes:6
16:57:19.0 (1697604)|HEAP_ALLOCATE|[EXTERNAL]|Bytes:3
16:57:19.0 (1710680)|METHOD_ENTRY|[1]|01p1I00000GA2Qw|CampingListController.CampingListController()
16:57:19.0 (1719367)|STATEMENT_EXECUTE|[1]
16:57:19.0 (1724777)|STATEMENT_EXECUTE|[1]
16:57:19.0 (1729471)|METHOD_EXIT|[1]|CampingListController
16:57:19.0 (1741974)|SYSTEM_MODE_ENTER|false
16:57:19.0 (1750181)|STATEMENT_EXECUTE|[3]
16:57:19.0 (1751858)|STATEMENT_EXECUTE|[4]
16:57:19.0 (1755086)|HEAP_ALLOCATE|[4]|Bytes:70
16:57:19.0 (1770610)|HEAP_ALLOCATE|[4]|Bytes:4
16:57:19.0 (1814602)|HEAP_ALLOCATE|[50]|Bytes:5
16:57:19.0 (1832948)|HEAP_ALLOCATE|[56]|Bytes:5
16:57:19.0 (1840236)|HEAP_ALLOCATE|[64]|Bytes:7
16:57:19.0 (2231193)|SOQL_EXECUTE_BEGIN|[4]|Aggregations:0|SELECT id, name, price__c, Quantity__c, Packed__c FROM Camping_Item__c
16:57:19.0 (4414638)|SOQL_EXECUTE_END|[4]|Rows:0
16:57:19.0 (4440679)|HEAP_ALLOCATE|[4]|Bytes:4
16:57:19.0 (4454657)|HEAP_ALLOCATE|[4]|Bytes:0
16:57:19.0 (4541130)|HEAP_ALLOCATE|[4]|Bytes:4
16:57:19.0 (4555194)|VARIABLE_SCOPE_BEGIN|[4]|CI|List<Camping_Item__c>|true|false
16:57:19.0 (4587757)|VARIABLE_ASSIGNMENT|[4]|CI|[]|0x76576965
16:57:19.0 (4594901)|STATEMENT_EXECUTE|[5]
16:57:19.0 (4601411)|SYSTEM_MODE_EXIT|false
16:57:19.4 (4622704)|CUMULATIVE_LIMIT_USAGE
16:57:19.4 (4622704)|LIMIT_USAGE_FOR_NS|(default)|
  Number of SOQL queries: 1 out of 100
  Number of query rows: 0 out of 50000
  Number of SOSL queries: 0 out of 20
  Number of DML statements: 0 out of 150
  Number of DML rows: 0 out of 10000
  Maximum CPU time: 0 out of 10000
  Maximum heap size: 0 out of 6000000
  Number of callouts: 0 out of 100
  Number of Email Invocations: 0 out of 10
  Number of future calls: 0 out of 50
  Number of queueable jobs added to the queue: 0 out of 50
  Number of Mobile Apex push calls: 0 out of 10

16:57:19.4 (4622704)|CUMULATIVE_LIMIT_USAGE_END

16:57:19.0 (4654432)|CODE_UNIT_FINISHED|CampingListController.getItems()
16:57:19.0 (4714405)|CODE_UNIT_FINISHED|Aura
16:57:19.0 (6198649)|EXECUTION_FINISHED
