43.0 APEX_CODE,FINEST;APEX_PROFILING,INFO;CALLOUT,INFO;DB,INFO;NBA,INFO;SYSTEM,DEBUG;VALIDATION,INFO;VISUALFORCE,INFO;WAVE,INFO;WORKFLOW,INFO
17:21:00.0 (90676)|USER_INFO|[EXTERNAL]|0051I000000JaV8|amarvick94@gmail.com|Pacific Standard Time|GMT-07:00
17:21:00.0 (126699)|EXECUTION_STARTED
17:21:00.0 (130206)|CODE_UNIT_STARTED|[EXTERNAL]|Aura
17:21:00.0 (1328068)|CODE_UNIT_STARTED|[EXTERNAL]|01p1I00000GA2Qw|CampingListController.getItems()
17:21:00.0 (1504555)|HEAP_ALLOCATE|[72]|Bytes:3
17:21:00.0 (1548394)|HEAP_ALLOCATE|[77]|Bytes:152
17:21:00.0 (1563448)|HEAP_ALLOCATE|[342]|Bytes:408
17:21:00.0 (1575550)|HEAP_ALLOCATE|[355]|Bytes:408
17:21:00.0 (1585714)|HEAP_ALLOCATE|[467]|Bytes:48
17:21:00.0 (1610645)|HEAP_ALLOCATE|[139]|Bytes:6
17:21:00.0 (1659254)|HEAP_ALLOCATE|[EXTERNAL]|Bytes:3
17:21:00.0 (1673286)|METHOD_ENTRY|[1]|01p1I00000GA2Qw|CampingListController.CampingListController()
17:21:00.0 (1683133)|STATEMENT_EXECUTE|[1]
17:21:00.0 (1688765)|STATEMENT_EXECUTE|[1]
17:21:00.0 (1692934)|METHOD_EXIT|[1]|CampingListController
17:21:00.0 (1704968)|SYSTEM_MODE_ENTER|false
17:21:00.0 (1713909)|STATEMENT_EXECUTE|[3]
17:21:00.0 (1715593)|STATEMENT_EXECUTE|[4]
17:21:00.0 (1718514)|HEAP_ALLOCATE|[4]|Bytes:70
17:21:00.0 (1734496)|HEAP_ALLOCATE|[4]|Bytes:4
17:21:00.0 (1778664)|HEAP_ALLOCATE|[50]|Bytes:5
17:21:00.0 (1798351)|HEAP_ALLOCATE|[56]|Bytes:5
17:21:00.0 (1805908)|HEAP_ALLOCATE|[64]|Bytes:7
17:21:00.0 (2181074)|SOQL_EXECUTE_BEGIN|[4]|Aggregations:0|SELECT id, name, price__c, Quantity__c, Packed__c FROM Camping_Item__c
17:21:00.0 (4534199)|SOQL_EXECUTE_END|[4]|Rows:0
17:21:00.0 (4560834)|HEAP_ALLOCATE|[4]|Bytes:4
17:21:00.0 (4575131)|HEAP_ALLOCATE|[4]|Bytes:0
17:21:00.0 (4653346)|HEAP_ALLOCATE|[4]|Bytes:4
17:21:00.0 (4667942)|VARIABLE_SCOPE_BEGIN|[4]|CI|List<Camping_Item__c>|true|false
17:21:00.0 (4699204)|VARIABLE_ASSIGNMENT|[4]|CI|[]|0x55150a5
17:21:00.0 (4707443)|STATEMENT_EXECUTE|[5]
17:21:00.0 (4714325)|SYSTEM_MODE_EXIT|false
17:21:00.4 (4734916)|CUMULATIVE_LIMIT_USAGE
17:21:00.4 (4734916)|LIMIT_USAGE_FOR_NS|(default)|
  Number of SOQL queries: 1 out of 100
  Number of query rows: 0 out of 50000
  Number of SOSL queries: 0 out of 20
  Number of DML statements: 0 out of 150
  Number of DML rows: 0 out of 10000
  Maximum CPU time: 0 out of 10000
  Maximum heap size: 0 out of 6000000
  Number of callouts: 0 out of 100
  Number of Email Invocations: 0 out of 10
  Number of future calls: 0 out of 50
  Number of queueable jobs added to the queue: 0 out of 50
  Number of Mobile Apex push calls: 0 out of 10

17:21:00.4 (4734916)|CUMULATIVE_LIMIT_USAGE_END

17:21:00.0 (4766603)|CODE_UNIT_FINISHED|CampingListController.getItems()
17:21:00.0 (4830349)|CODE_UNIT_FINISHED|Aura
17:21:00.0 (6458180)|EXECUTION_FINISHED
