43.0 APEX_CODE,FINEST;APEX_PROFILING,INFO;CALLOUT,INFO;DB,INFO;NBA,INFO;SYSTEM,DEBUG;VALIDATION,INFO;VISUALFORCE,INFO;WAVE,INFO;WORKFLOW,INFO
17:21:41.0 (97428)|USER_INFO|[EXTERNAL]|0051I000000JaV8|amarvick94@gmail.com|Pacific Standard Time|GMT-07:00
17:21:41.0 (135920)|EXECUTION_STARTED
17:21:41.0 (140806)|CODE_UNIT_STARTED|[EXTERNAL]|Aura
17:21:41.0 (1385029)|CODE_UNIT_STARTED|[EXTERNAL]|01p1I00000GA2Qw|CampingListController.getItems()
17:21:41.0 (1577388)|HEAP_ALLOCATE|[72]|Bytes:3
17:21:41.0 (1639062)|HEAP_ALLOCATE|[77]|Bytes:152
17:21:41.0 (1654167)|HEAP_ALLOCATE|[342]|Bytes:408
17:21:41.0 (1665474)|HEAP_ALLOCATE|[355]|Bytes:408
17:21:41.0 (1675729)|HEAP_ALLOCATE|[467]|Bytes:48
17:21:41.0 (1703164)|HEAP_ALLOCATE|[139]|Bytes:6
17:21:41.0 (1774131)|HEAP_ALLOCATE|[EXTERNAL]|Bytes:3
17:21:41.0 (1787511)|METHOD_ENTRY|[1]|01p1I00000GA2Qw|CampingListController.CampingListController()
17:21:41.0 (1795748)|STATEMENT_EXECUTE|[1]
17:21:41.0 (1801266)|STATEMENT_EXECUTE|[1]
17:21:41.0 (1806115)|METHOD_EXIT|[1]|CampingListController
17:21:41.0 (1819624)|SYSTEM_MODE_ENTER|false
17:21:41.0 (1831576)|STATEMENT_EXECUTE|[3]
17:21:41.0 (1833343)|STATEMENT_EXECUTE|[4]
17:21:41.0 (1836526)|HEAP_ALLOCATE|[4]|Bytes:70
17:21:41.0 (1861535)|HEAP_ALLOCATE|[4]|Bytes:4
17:21:41.0 (1910492)|HEAP_ALLOCATE|[50]|Bytes:5
17:21:41.0 (1936138)|HEAP_ALLOCATE|[56]|Bytes:5
17:21:41.0 (1943698)|HEAP_ALLOCATE|[64]|Bytes:7
17:21:41.0 (2442947)|SOQL_EXECUTE_BEGIN|[4]|Aggregations:0|SELECT id, name, price__c, Quantity__c, Packed__c FROM Camping_Item__c
17:21:41.0 (4617249)|SOQL_EXECUTE_END|[4]|Rows:0
17:21:41.0 (4649544)|HEAP_ALLOCATE|[4]|Bytes:4
17:21:41.0 (4665806)|HEAP_ALLOCATE|[4]|Bytes:0
17:21:41.0 (4771446)|HEAP_ALLOCATE|[4]|Bytes:4
17:21:41.0 (4788527)|VARIABLE_SCOPE_BEGIN|[4]|CI|List<Camping_Item__c>|true|false
17:21:41.0 (4821691)|VARIABLE_ASSIGNMENT|[4]|CI|[]|0x7edcc65
17:21:41.0 (4829847)|STATEMENT_EXECUTE|[5]
17:21:41.0 (4837204)|SYSTEM_MODE_EXIT|false
17:21:41.4 (4857714)|CUMULATIVE_LIMIT_USAGE
17:21:41.4 (4857714)|LIMIT_USAGE_FOR_NS|(default)|
  Number of SOQL queries: 1 out of 100
  Number of query rows: 0 out of 50000
  Number of SOSL queries: 0 out of 20
  Number of DML statements: 0 out of 150
  Number of DML rows: 0 out of 10000
  Maximum CPU time: 0 out of 10000
  Maximum heap size: 0 out of 6000000
  Number of callouts: 0 out of 100
  Number of Email Invocations: 0 out of 10
  Number of future calls: 0 out of 50
  Number of queueable jobs added to the queue: 0 out of 50
  Number of Mobile Apex push calls: 0 out of 10

17:21:41.4 (4857714)|CUMULATIVE_LIMIT_USAGE_END

17:21:41.0 (4890350)|CODE_UNIT_FINISHED|CampingListController.getItems()
17:21:41.0 (4967653)|CODE_UNIT_FINISHED|Aura
17:21:41.0 (6240527)|EXECUTION_FINISHED
