43.0 APEX_CODE,FINEST;APEX_PROFILING,INFO;CALLOUT,INFO;DB,INFO;NBA,INFO;SYSTEM,DEBUG;VALIDATION,INFO;VISUALFORCE,INFO;WAVE,INFO;WORKFLOW,INFO
17:01:20.0 (125645)|USER_INFO|[EXTERNAL]|0051I000000JaV8|amarvick94@gmail.com|Pacific Standard Time|GMT-07:00
17:01:20.0 (178124)|EXECUTION_STARTED
17:01:20.0 (183620)|CODE_UNIT_STARTED|[EXTERNAL]|Aura
17:01:20.0 (1873632)|CODE_UNIT_STARTED|[EXTERNAL]|01p1I00000GA2Qw|CampingListController.getItems()
17:01:20.0 (2121637)|HEAP_ALLOCATE|[72]|Bytes:3
17:01:20.0 (2201825)|HEAP_ALLOCATE|[77]|Bytes:152
17:01:20.0 (2226894)|HEAP_ALLOCATE|[342]|Bytes:408
17:01:20.0 (2247272)|HEAP_ALLOCATE|[355]|Bytes:408
17:01:20.0 (2266071)|HEAP_ALLOCATE|[467]|Bytes:48
17:01:20.0 (2302170)|HEAP_ALLOCATE|[139]|Bytes:6
17:01:20.0 (2404731)|HEAP_ALLOCATE|[EXTERNAL]|Bytes:3
17:01:20.0 (2423212)|METHOD_ENTRY|[1]|01p1I00000GA2Qw|CampingListController.CampingListController()
17:01:20.0 (2435456)|STATEMENT_EXECUTE|[1]
17:01:20.0 (2444419)|STATEMENT_EXECUTE|[1]
17:01:20.0 (2451313)|METHOD_EXIT|[1]|CampingListController
17:01:20.0 (2469418)|SYSTEM_MODE_ENTER|false
17:01:20.0 (2485112)|STATEMENT_EXECUTE|[3]
17:01:20.0 (2487836)|STATEMENT_EXECUTE|[4]
17:01:20.0 (2491920)|HEAP_ALLOCATE|[4]|Bytes:70
17:01:20.0 (2529673)|HEAP_ALLOCATE|[4]|Bytes:4
17:01:20.0 (2593846)|HEAP_ALLOCATE|[50]|Bytes:5
17:01:20.0 (2628069)|HEAP_ALLOCATE|[56]|Bytes:5
17:01:20.0 (2640720)|HEAP_ALLOCATE|[64]|Bytes:7
17:01:20.0 (3177291)|SOQL_EXECUTE_BEGIN|[4]|Aggregations:0|SELECT id, name, price__c, Quantity__c, Packed__c FROM Camping_Item__c
17:01:20.0 (6217289)|SOQL_EXECUTE_END|[4]|Rows:0
17:01:20.0 (6261617)|HEAP_ALLOCATE|[4]|Bytes:4
17:01:20.0 (6282097)|HEAP_ALLOCATE|[4]|Bytes:0
17:01:20.0 (6414067)|HEAP_ALLOCATE|[4]|Bytes:4
17:01:20.0 (6438991)|VARIABLE_SCOPE_BEGIN|[4]|CI|List<Camping_Item__c>|true|false
17:01:20.0 (6488072)|VARIABLE_ASSIGNMENT|[4]|CI|[]|0x6fdff910
17:01:20.0 (6500702)|STATEMENT_EXECUTE|[5]
17:01:20.0 (6510476)|SYSTEM_MODE_EXIT|false
17:01:20.6 (6548732)|CUMULATIVE_LIMIT_USAGE
17:01:20.6 (6548732)|LIMIT_USAGE_FOR_NS|(default)|
  Number of SOQL queries: 1 out of 100
  Number of query rows: 0 out of 50000
  Number of SOSL queries: 0 out of 20
  Number of DML statements: 0 out of 150
  Number of DML rows: 0 out of 10000
  Maximum CPU time: 0 out of 10000
  Maximum heap size: 0 out of 6000000
  Number of callouts: 0 out of 100
  Number of Email Invocations: 0 out of 10
  Number of future calls: 0 out of 50
  Number of queueable jobs added to the queue: 0 out of 50
  Number of Mobile Apex push calls: 0 out of 10

17:01:20.6 (6548732)|CUMULATIVE_LIMIT_USAGE_END

17:01:20.0 (6593246)|CODE_UNIT_FINISHED|CampingListController.getItems()
17:01:20.0 (6681261)|CODE_UNIT_FINISHED|Aura
17:01:20.0 (8623067)|EXECUTION_FINISHED
