43.0 APEX_CODE,FINEST;APEX_PROFILING,INFO;CALLOUT,INFO;DB,INFO;NBA,INFO;SYSTEM,DEBUG;VALIDATION,INFO;VISUALFORCE,INFO;WAVE,INFO;WORKFLOW,INFO
17:32:00.0 (394287)|USER_INFO|[EXTERNAL]|0051I000000JaV8|amarvick94@gmail.com|Pacific Standard Time|GMT-07:00
17:32:00.0 (464340)|EXECUTION_STARTED
17:32:00.0 (474449)|CODE_UNIT_STARTED|[EXTERNAL]|Aura
17:32:00.0 (2218551)|CODE_UNIT_STARTED|[EXTERNAL]|01p1I00000GA2Qw|CampingListController.getItems()
17:32:00.0 (2453261)|HEAP_ALLOCATE|[72]|Bytes:3
17:32:00.0 (2534004)|HEAP_ALLOCATE|[77]|Bytes:152
17:32:00.0 (2556718)|HEAP_ALLOCATE|[342]|Bytes:408
17:32:00.0 (2579563)|HEAP_ALLOCATE|[355]|Bytes:408
17:32:00.0 (2601151)|HEAP_ALLOCATE|[467]|Bytes:48
17:32:00.0 (2636609)|HEAP_ALLOCATE|[139]|Bytes:6
17:32:00.0 (2698899)|HEAP_ALLOCATE|[EXTERNAL]|Bytes:3
17:32:00.0 (2784367)|METHOD_ENTRY|[1]|01p1I00000GA2Qw|CampingListController.CampingListController()
17:32:00.0 (2802446)|STATEMENT_EXECUTE|[1]
17:32:00.0 (2810564)|STATEMENT_EXECUTE|[1]
17:32:00.0 (2841259)|METHOD_EXIT|[1]|CampingListController
17:32:00.0 (2861626)|SYSTEM_MODE_ENTER|false
17:32:00.0 (2876435)|STATEMENT_EXECUTE|[3]
17:32:00.0 (2879113)|STATEMENT_EXECUTE|[4]
17:32:00.0 (2884949)|HEAP_ALLOCATE|[4]|Bytes:70
17:32:00.0 (2907044)|HEAP_ALLOCATE|[4]|Bytes:4
17:32:00.0 (2990831)|HEAP_ALLOCATE|[50]|Bytes:5
17:32:00.0 (3020688)|HEAP_ALLOCATE|[56]|Bytes:5
17:32:00.0 (3036404)|HEAP_ALLOCATE|[64]|Bytes:7
17:32:00.0 (3430308)|SOQL_EXECUTE_BEGIN|[4]|Aggregations:0|SELECT id, name, price__c, Quantity__c, Packed__c FROM Camping_Item__c
17:32:00.0 (6232184)|SOQL_EXECUTE_END|[4]|Rows:0
17:32:00.0 (6263762)|HEAP_ALLOCATE|[4]|Bytes:4
17:32:00.0 (6289106)|HEAP_ALLOCATE|[4]|Bytes:0
17:32:00.0 (6417298)|HEAP_ALLOCATE|[4]|Bytes:4
17:32:00.0 (6435876)|VARIABLE_SCOPE_BEGIN|[4]|CI|List<Camping_Item__c>|true|false
17:32:00.0 (6483577)|VARIABLE_ASSIGNMENT|[4]|CI|[]|0x76a843e0
17:32:00.0 (6492761)|STATEMENT_EXECUTE|[5]
17:32:00.0 (6512681)|SYSTEM_MODE_EXIT|false
17:32:00.6 (6541075)|CUMULATIVE_LIMIT_USAGE
17:32:00.6 (6541075)|LIMIT_USAGE_FOR_NS|(default)|
  Number of SOQL queries: 1 out of 100
  Number of query rows: 0 out of 50000
  Number of SOSL queries: 0 out of 20
  Number of DML statements: 0 out of 150
  Number of DML rows: 0 out of 10000
  Maximum CPU time: 0 out of 10000
  Maximum heap size: 0 out of 6000000
  Number of callouts: 0 out of 100
  Number of Email Invocations: 0 out of 10
  Number of future calls: 0 out of 50
  Number of queueable jobs added to the queue: 0 out of 50
  Number of Mobile Apex push calls: 0 out of 10

17:32:00.6 (6541075)|CUMULATIVE_LIMIT_USAGE_END

17:32:00.0 (6584209)|CODE_UNIT_FINISHED|CampingListController.getItems()
17:32:00.0 (6660230)|CODE_UNIT_FINISHED|Aura
17:32:00.0 (8287571)|EXECUTION_FINISHED
