43.0 APEX_CODE,FINEST;APEX_PROFILING,INFO;CALLOUT,INFO;DB,INFO;NBA,INFO;SYSTEM,DEBUG;VALIDATION,INFO;VISUALFORCE,INFO;WAVE,INFO;WORKFLOW,INFO
17:08:57.0 (105833)|USER_INFO|[EXTERNAL]|0051I000000JaV8|amarvick94@gmail.com|Pacific Standard Time|GMT-07:00
17:08:57.0 (154533)|EXECUTION_STARTED
17:08:57.0 (160551)|CODE_UNIT_STARTED|[EXTERNAL]|Aura
17:08:57.0 (1427844)|CODE_UNIT_STARTED|[EXTERNAL]|01p1I00000GA2Qw|CampingListController.getItems()
17:08:57.0 (1625680)|HEAP_ALLOCATE|[72]|Bytes:3
17:08:57.0 (1684765)|HEAP_ALLOCATE|[77]|Bytes:152
17:08:57.0 (1701080)|HEAP_ALLOCATE|[342]|Bytes:408
17:08:57.0 (1712441)|HEAP_ALLOCATE|[355]|Bytes:408
17:08:57.0 (1722885)|HEAP_ALLOCATE|[467]|Bytes:48
17:08:57.0 (1750300)|HEAP_ALLOCATE|[139]|Bytes:6
17:08:57.0 (1821487)|HEAP_ALLOCATE|[EXTERNAL]|Bytes:3
17:08:57.0 (1834978)|METHOD_ENTRY|[1]|01p1I00000GA2Qw|CampingListController.CampingListController()
17:08:57.0 (1844462)|STATEMENT_EXECUTE|[1]
17:08:57.0 (1851273)|STATEMENT_EXECUTE|[1]
17:08:57.0 (1856227)|METHOD_EXIT|[1]|CampingListController
17:08:57.0 (1870025)|SYSTEM_MODE_ENTER|false
17:08:57.0 (1881816)|STATEMENT_EXECUTE|[3]
17:08:57.0 (1883600)|STATEMENT_EXECUTE|[4]
17:08:57.0 (1886480)|HEAP_ALLOCATE|[4]|Bytes:70
17:08:57.0 (1911889)|HEAP_ALLOCATE|[4]|Bytes:4
17:08:57.0 (1969379)|HEAP_ALLOCATE|[50]|Bytes:5
17:08:57.0 (1994416)|HEAP_ALLOCATE|[56]|Bytes:5
17:08:57.0 (2001498)|HEAP_ALLOCATE|[64]|Bytes:7
17:08:57.0 (2459593)|SOQL_EXECUTE_BEGIN|[4]|Aggregations:0|SELECT id, name, price__c, Quantity__c, Packed__c FROM Camping_Item__c
17:08:57.0 (4635299)|SOQL_EXECUTE_END|[4]|Rows:0
17:08:57.0 (4661556)|HEAP_ALLOCATE|[4]|Bytes:4
17:08:57.0 (4675799)|HEAP_ALLOCATE|[4]|Bytes:0
17:08:57.0 (4772300)|HEAP_ALLOCATE|[4]|Bytes:4
17:08:57.0 (4787273)|VARIABLE_SCOPE_BEGIN|[4]|CI|List<Camping_Item__c>|true|false
17:08:57.0 (4826245)|VARIABLE_ASSIGNMENT|[4]|CI|[]|0x54f115b3
17:08:57.0 (4834462)|STATEMENT_EXECUTE|[5]
17:08:57.0 (4840610)|SYSTEM_MODE_EXIT|false
17:08:57.4 (4862105)|CUMULATIVE_LIMIT_USAGE
17:08:57.4 (4862105)|LIMIT_USAGE_FOR_NS|(default)|
  Number of SOQL queries: 1 out of 100
  Number of query rows: 0 out of 50000
  Number of SOSL queries: 0 out of 20
  Number of DML statements: 0 out of 150
  Number of DML rows: 0 out of 10000
  Maximum CPU time: 0 out of 10000
  Maximum heap size: 0 out of 6000000
  Number of callouts: 0 out of 100
  Number of Email Invocations: 0 out of 10
  Number of future calls: 0 out of 50
  Number of queueable jobs added to the queue: 0 out of 50
  Number of Mobile Apex push calls: 0 out of 10

17:08:57.4 (4862105)|CUMULATIVE_LIMIT_USAGE_END

17:08:57.0 (4895035)|CODE_UNIT_FINISHED|CampingListController.getItems()
17:08:57.0 (4957813)|CODE_UNIT_FINISHED|Aura
17:08:57.0 (6576636)|EXECUTION_FINISHED
