43.0 APEX_CODE,FINEST;APEX_PROFILING,INFO;CALLOUT,INFO;DB,INFO;NBA,INFO;SYSTEM,DEBUG;VALIDATION,INFO;VISUALFORCE,INFO;WAVE,INFO;WORKFLOW,INFO
16:56:57.0 (367662)|USER_INFO|[EXTERNAL]|0051I000000JaV8|amarvick94@gmail.com|Pacific Standard Time|GMT-07:00
16:56:57.0 (413489)|EXECUTION_STARTED
16:56:57.0 (419660)|CODE_UNIT_STARTED|[EXTERNAL]|Aura
16:56:57.0 (2153947)|CODE_UNIT_STARTED|[EXTERNAL]|01p1I00000GA2Qw|CampingListController.getItems()
16:56:57.0 (2365789)|HEAP_ALLOCATE|[72]|Bytes:3
16:56:57.0 (2430872)|HEAP_ALLOCATE|[77]|Bytes:152
16:56:57.0 (2454062)|HEAP_ALLOCATE|[342]|Bytes:408
16:56:57.0 (2475787)|HEAP_ALLOCATE|[355]|Bytes:408
16:56:57.0 (2494350)|HEAP_ALLOCATE|[467]|Bytes:48
16:56:57.0 (2529872)|HEAP_ALLOCATE|[139]|Bytes:6
16:56:57.0 (2640406)|HEAP_ALLOCATE|[EXTERNAL]|Bytes:3
16:56:57.0 (2661747)|METHOD_ENTRY|[1]|01p1I00000GA2Qw|CampingListController.CampingListController()
16:56:57.0 (2674000)|STATEMENT_EXECUTE|[1]
16:56:57.0 (2682705)|STATEMENT_EXECUTE|[1]
16:56:57.0 (2689352)|METHOD_EXIT|[1]|CampingListController
16:56:57.0 (2712536)|SYSTEM_MODE_ENTER|false
16:56:57.0 (2729333)|STATEMENT_EXECUTE|[3]
16:56:57.0 (2732126)|STATEMENT_EXECUTE|[4]
16:56:57.0 (2736222)|HEAP_ALLOCATE|[4]|Bytes:70
16:56:57.0 (2774185)|HEAP_ALLOCATE|[4]|Bytes:4
16:56:57.0 (2843352)|HEAP_ALLOCATE|[50]|Bytes:5
16:56:57.0 (2876556)|HEAP_ALLOCATE|[56]|Bytes:5
16:56:57.0 (2890687)|HEAP_ALLOCATE|[64]|Bytes:7
16:56:57.0 (3460419)|SOQL_EXECUTE_BEGIN|[4]|Aggregations:0|SELECT id, name, price__c, Quantity__c, Packed__c FROM Camping_Item__c
16:56:57.0 (6429407)|SOQL_EXECUTE_END|[4]|Rows:0
16:56:57.0 (6487034)|HEAP_ALLOCATE|[4]|Bytes:4
16:56:57.0 (6505539)|HEAP_ALLOCATE|[4]|Bytes:0
16:56:57.0 (6640343)|HEAP_ALLOCATE|[4]|Bytes:4
16:56:57.0 (6660854)|VARIABLE_SCOPE_BEGIN|[4]|CI|List<Camping_Item__c>|true|false
16:56:57.0 (6707741)|VARIABLE_ASSIGNMENT|[4]|CI|[]|0xca50cd7
16:56:57.0 (6719292)|STATEMENT_EXECUTE|[5]
16:56:57.0 (6728102)|SYSTEM_MODE_EXIT|false
16:56:57.6 (6764060)|CUMULATIVE_LIMIT_USAGE
16:56:57.6 (6764060)|LIMIT_USAGE_FOR_NS|(default)|
  Number of SOQL queries: 1 out of 100
  Number of query rows: 0 out of 50000
  Number of SOSL queries: 0 out of 20
  Number of DML statements: 0 out of 150
  Number of DML rows: 0 out of 10000
  Maximum CPU time: 0 out of 10000
  Maximum heap size: 0 out of 6000000
  Number of callouts: 0 out of 100
  Number of Email Invocations: 0 out of 10
  Number of future calls: 0 out of 50
  Number of queueable jobs added to the queue: 0 out of 50
  Number of Mobile Apex push calls: 0 out of 10

16:56:57.6 (6764060)|CUMULATIVE_LIMIT_USAGE_END

16:56:57.0 (6807664)|CODE_UNIT_FINISHED|CampingListController.getItems()
16:56:57.0 (6875289)|CODE_UNIT_FINISHED|Aura
16:56:57.0 (8150349)|EXECUTION_FINISHED
