43.0 APEX_CODE,FINEST;APEX_PROFILING,INFO;CALLOUT,INFO;DB,INFO;NBA,INFO;SYSTEM,DEBUG;VALIDATION,INFO;VISUALFORCE,INFO;WAVE,INFO;WORKFLOW,INFO
17:14:39.0 (100366)|USER_INFO|[EXTERNAL]|0051I000000JaV8|amarvick94@gmail.com|Pacific Standard Time|GMT-07:00
17:14:39.0 (136101)|EXECUTION_STARTED
17:14:39.0 (140302)|CODE_UNIT_STARTED|[EXTERNAL]|Aura
17:14:39.0 (1359607)|CODE_UNIT_STARTED|[EXTERNAL]|01p1I00000GA2Qw|CampingListController.getItems()
17:14:39.0 (1523334)|HEAP_ALLOCATE|[72]|Bytes:3
17:14:39.0 (1567114)|HEAP_ALLOCATE|[77]|Bytes:152
17:14:39.0 (1585241)|HEAP_ALLOCATE|[342]|Bytes:408
17:14:39.0 (1597544)|HEAP_ALLOCATE|[355]|Bytes:408
17:14:39.0 (1607607)|HEAP_ALLOCATE|[467]|Bytes:48
17:14:39.0 (1636275)|HEAP_ALLOCATE|[139]|Bytes:6
17:14:39.0 (1684054)|HEAP_ALLOCATE|[EXTERNAL]|Bytes:3
17:14:39.0 (1698378)|METHOD_ENTRY|[1]|01p1I00000GA2Qw|CampingListController.CampingListController()
17:14:39.0 (1706889)|STATEMENT_EXECUTE|[1]
17:14:39.0 (1711953)|STATEMENT_EXECUTE|[1]
17:14:39.0 (1716285)|METHOD_EXIT|[1]|CampingListController
17:14:39.0 (1729629)|SYSTEM_MODE_ENTER|false
17:14:39.0 (1740421)|STATEMENT_EXECUTE|[3]
17:14:39.0 (1742201)|STATEMENT_EXECUTE|[4]
17:14:39.0 (1745432)|HEAP_ALLOCATE|[4]|Bytes:70
17:14:39.0 (1762490)|HEAP_ALLOCATE|[4]|Bytes:4
17:14:39.0 (1806529)|HEAP_ALLOCATE|[50]|Bytes:5
17:14:39.0 (1827042)|HEAP_ALLOCATE|[56]|Bytes:5
17:14:39.0 (1834229)|HEAP_ALLOCATE|[64]|Bytes:7
17:14:39.0 (2179465)|SOQL_EXECUTE_BEGIN|[4]|Aggregations:0|SELECT id, name, price__c, Quantity__c, Packed__c FROM Camping_Item__c
17:14:39.0 (6180049)|SOQL_EXECUTE_END|[4]|Rows:0
17:14:39.0 (6209063)|HEAP_ALLOCATE|[4]|Bytes:4
17:14:39.0 (6223969)|HEAP_ALLOCATE|[4]|Bytes:0
17:14:39.0 (6326805)|HEAP_ALLOCATE|[4]|Bytes:4
17:14:39.0 (6343464)|VARIABLE_SCOPE_BEGIN|[4]|CI|List<Camping_Item__c>|true|false
17:14:39.0 (6375561)|VARIABLE_ASSIGNMENT|[4]|CI|[]|0x447c262c
17:14:39.0 (6383987)|STATEMENT_EXECUTE|[5]
17:14:39.0 (6391266)|SYSTEM_MODE_EXIT|false
17:14:39.6 (6414150)|CUMULATIVE_LIMIT_USAGE
17:14:39.6 (6414150)|LIMIT_USAGE_FOR_NS|(default)|
  Number of SOQL queries: 1 out of 100
  Number of query rows: 0 out of 50000
  Number of SOSL queries: 0 out of 20
  Number of DML statements: 0 out of 150
  Number of DML rows: 0 out of 10000
  Maximum CPU time: 0 out of 10000
  Maximum heap size: 0 out of 6000000
  Number of callouts: 0 out of 100
  Number of Email Invocations: 0 out of 10
  Number of future calls: 0 out of 50
  Number of queueable jobs added to the queue: 0 out of 50
  Number of Mobile Apex push calls: 0 out of 10

17:14:39.6 (6414150)|CUMULATIVE_LIMIT_USAGE_END

17:14:39.0 (6445177)|CODE_UNIT_FINISHED|CampingListController.getItems()
17:14:39.0 (6498423)|CODE_UNIT_FINISHED|Aura
17:14:39.0 (7658182)|EXECUTION_FINISHED
