42.0 APEX_CODE,FINEST;APEX_PROFILING,INFO;CALLOUT,INFO;DB,INFO;SYSTEM,DEBUG;VALIDATION,INFO;VISUALFORCE,INFO;WAVE,INFO;WORKFLOW,INFO
16:02:19.0 (372255)|USER_INFO|[EXTERNAL]|0051I000000JaV8|amarvick94@gmail.com|Pacific Standard Time|GMT-07:00
16:02:19.0 (402177)|EXECUTION_STARTED
16:02:19.0 (406814)|CODE_UNIT_STARTED|[EXTERNAL]|0661I000003daSA|VF: /apex/Settings
16:02:19.0 (1007023)|VF_DESERIALIZE_VIEWSTATE_BEGIN|0661I000003daSA
16:02:19.0 (5390762)|HEAP_ALLOCATE|[72]|Bytes:3
16:02:19.0 (5450804)|HEAP_ALLOCATE|[77]|Bytes:152
16:02:19.0 (5467100)|HEAP_ALLOCATE|[342]|Bytes:408
16:02:19.0 (5499868)|HEAP_ALLOCATE|[355]|Bytes:408
16:02:19.0 (5521343)|HEAP_ALLOCATE|[467]|Bytes:48
16:02:19.0 (5610060)|HEAP_ALLOCATE|[139]|Bytes:6
16:02:19.0 (7358962)|VF_DESERIALIZE_VIEWSTATE_END
16:02:19.60 (60901677)|CUMULATIVE_LIMIT_USAGE
16:02:19.60 (60901677)|LIMIT_USAGE_FOR_NS|(default)|
  Number of SOQL queries: 0 out of 100
  Number of query rows: 0 out of 50000
  Number of SOSL queries: 0 out of 20
  Number of DML statements: 0 out of 150
  Number of DML rows: 0 out of 10000
  Maximum CPU time: 0 out of 10000
  Maximum heap size: 0 out of 6000000
  Number of callouts: 0 out of 100
  Number of Email Invocations: 0 out of 10
  Number of future calls: 0 out of 50
  Number of queueable jobs added to the queue: 0 out of 50
  Number of Mobile Apex push calls: 0 out of 10

16:02:19.60 (60901677)|CUMULATIVE_LIMIT_USAGE_END

16:02:19.0 (60952950)|CODE_UNIT_FINISHED|VF: /apex/Settings
16:02:19.0 (61733439)|EXECUTION_FINISHED
