43.0 APEX_CODE,FINEST;APEX_PROFILING,INFO;CALLOUT,INFO;DB,INFO;NBA,INFO;SYSTEM,DEBUG;VALIDATION,INFO;VISUALFORCE,INFO;WAVE,INFO;WORKFLOW,INFO
16:52:42.0 (112710)|USER_INFO|[EXTERNAL]|0051I000000JaV8|amarvick94@gmail.com|Pacific Standard Time|GMT-07:00
16:52:42.0 (170445)|EXECUTION_STARTED
16:52:42.0 (177235)|CODE_UNIT_STARTED|[EXTERNAL]|Aura
16:52:42.0 (1683743)|CODE_UNIT_STARTED|[EXTERNAL]|01p1I00000GA2Qw|CampingListController.getItems()
16:52:42.0 (1873428)|HEAP_ALLOCATE|[72]|Bytes:3
16:52:42.0 (1933573)|HEAP_ALLOCATE|[77]|Bytes:152
16:52:42.0 (1947563)|HEAP_ALLOCATE|[342]|Bytes:408
16:52:42.0 (1958984)|HEAP_ALLOCATE|[355]|Bytes:408
16:52:42.0 (1969174)|HEAP_ALLOCATE|[467]|Bytes:48
16:52:42.0 (1996350)|HEAP_ALLOCATE|[139]|Bytes:6
16:52:42.0 (2066064)|HEAP_ALLOCATE|[EXTERNAL]|Bytes:3
16:52:42.0 (2081790)|METHOD_ENTRY|[1]|01p1I00000GA2Qw|CampingListController.CampingListController()
16:52:42.0 (2090481)|STATEMENT_EXECUTE|[1]
16:52:42.0 (2096568)|STATEMENT_EXECUTE|[1]
16:52:42.0 (2101086)|METHOD_EXIT|[1]|CampingListController
16:52:42.0 (2114245)|SYSTEM_MODE_ENTER|false
16:52:42.0 (2126993)|STATEMENT_EXECUTE|[3]
16:52:42.0 (2128696)|STATEMENT_EXECUTE|[4]
16:52:42.0 (2131775)|HEAP_ALLOCATE|[4]|Bytes:70
16:52:42.0 (2153233)|HEAP_ALLOCATE|[4]|Bytes:4
16:52:42.0 (2201657)|HEAP_ALLOCATE|[50]|Bytes:5
16:52:42.0 (2225025)|HEAP_ALLOCATE|[56]|Bytes:5
16:52:42.0 (2232569)|HEAP_ALLOCATE|[64]|Bytes:7
16:52:42.0 (2586370)|SOQL_EXECUTE_BEGIN|[4]|Aggregations:0|SELECT id, name, price__c, Quantity__c, Packed__c FROM Camping_Item__c
16:52:42.0 (5004497)|SOQL_EXECUTE_END|[4]|Rows:0
16:52:42.0 (5033054)|HEAP_ALLOCATE|[4]|Bytes:4
16:52:42.0 (5046874)|HEAP_ALLOCATE|[4]|Bytes:0
16:52:42.0 (5160903)|HEAP_ALLOCATE|[4]|Bytes:4
16:52:42.0 (5177300)|VARIABLE_SCOPE_BEGIN|[4]|CI|List<Camping_Item__c>|true|false
16:52:42.0 (5209873)|VARIABLE_ASSIGNMENT|[4]|CI|[]|0x6494958a
16:52:42.0 (5218335)|STATEMENT_EXECUTE|[5]
16:52:42.0 (5226614)|SYSTEM_MODE_EXIT|false
16:52:42.5 (5249318)|CUMULATIVE_LIMIT_USAGE
16:52:42.5 (5249318)|LIMIT_USAGE_FOR_NS|(default)|
  Number of SOQL queries: 1 out of 100
  Number of query rows: 0 out of 50000
  Number of SOSL queries: 0 out of 20
  Number of DML statements: 0 out of 150
  Number of DML rows: 0 out of 10000
  Maximum CPU time: 0 out of 10000
  Maximum heap size: 0 out of 6000000
  Number of callouts: 0 out of 100
  Number of Email Invocations: 0 out of 10
  Number of future calls: 0 out of 50
  Number of queueable jobs added to the queue: 0 out of 50
  Number of Mobile Apex push calls: 0 out of 10

16:52:42.5 (5249318)|CUMULATIVE_LIMIT_USAGE_END

16:52:42.0 (5281978)|CODE_UNIT_FINISHED|CampingListController.getItems()
16:52:42.0 (5343646)|CODE_UNIT_FINISHED|Aura
16:52:42.0 (6847179)|EXECUTION_FINISHED
