42.0 APEX_CODE,FINEST;APEX_PROFILING,INFO;CALLOUT,INFO;DB,INFO;SYSTEM,DEBUG;VALIDATION,INFO;VISUALFORCE,INFO;WAVE,INFO;WORKFLOW,INFO
16:02:23.0 (389139)|USER_INFO|[EXTERNAL]|0051I000000JaV8|amarvick94@gmail.com|Pacific Standard Time|GMT-07:00
16:02:23.0 (424401)|EXECUTION_STARTED
16:02:23.0 (428579)|CODE_UNIT_STARTED|[EXTERNAL]|0661I000003daSA|VF: /apex/Settings
16:02:23.0 (14022747)|SYSTEM_MODE_ENTER|true
16:02:23.0 (14870741)|HEAP_ALLOCATE|[72]|Bytes:3
16:02:23.0 (14900901)|HEAP_ALLOCATE|[77]|Bytes:152
16:02:23.0 (14914401)|HEAP_ALLOCATE|[342]|Bytes:408
16:02:23.0 (14927130)|HEAP_ALLOCATE|[355]|Bytes:408
16:02:23.0 (14939777)|HEAP_ALLOCATE|[467]|Bytes:48
16:02:23.0 (14964484)|HEAP_ALLOCATE|[139]|Bytes:6
16:02:23.0 (14979739)|HEAP_ALLOCATE|[EXTERNAL]|Bytes:236
16:02:23.0 (14986665)|HEAP_ALLOCATE|[EXTERNAL]|Bytes:26
16:02:23.0 (14990699)|HEAP_ALLOCATE|[EXTERNAL]|Bytes:22
16:02:23.0 (15000843)|METHOD_ENTRY|[1]|01p1I00000G8yt3|OpsHR_ContactDriverController.OpsHR_ContactDriverController()
16:02:23.0 (15009206)|STATEMENT_EXECUTE|[1]
16:02:23.0 (15014096)|STATEMENT_EXECUTE|[1]
16:02:23.0 (15042207)|HEAP_ALLOCATE|[50]|Bytes:5
16:02:23.0 (15060178)|HEAP_ALLOCATE|[56]|Bytes:5
16:02:23.0 (15067214)|HEAP_ALLOCATE|[64]|Bytes:7
16:02:23.0 (15088123)|SYSTEM_MODE_ENTER|false
16:02:23.0 (15097311)|HEAP_ALLOCATE|[EXTERNAL]|Bytes:5
16:02:23.0 (15103687)|SYSTEM_MODE_EXIT|false
16:02:23.0 (15125606)|METHOD_EXIT|[1]|OpsHR_ContactDriverController
16:02:23.0 (15198110)|HEAP_ALLOCATE|[EXTERNAL]|Bytes:36
16:02:23.0 (15214239)|VARIABLE_SCOPE_BEGIN|[11]|this|OpsHR_ContactDriverController|true|false
16:02:23.0 (15291842)|VARIABLE_ASSIGNMENT|[11]|this|{}|0x33d65f51
16:02:23.0 (15301294)|VARIABLE_SCOPE_BEGIN|[11]|controller|ApexPages.StandardController|true|false
16:02:23.0 (15576830)|VARIABLE_ASSIGNMENT|[11]|controller|"StandardController [null]"|0xae6c289
16:02:23.0 (15600969)|SYSTEM_MODE_ENTER|false
16:02:23.0 (15609191)|HEAP_ALLOCATE|[5]|Bytes:5
16:02:23.0 (15614567)|STATEMENT_EXECUTE|[1]
16:02:23.0 (15620329)|HEAP_ALLOCATE|[5]|Bytes:5
16:02:23.0 (15623645)|STATEMENT_EXECUTE|[3]
16:02:23.0 (15625274)|STATEMENT_EXECUTE|[4]
16:02:23.0 (15626612)|STATEMENT_EXECUTE|[5]
16:02:23.0 (15649345)|HEAP_ALLOCATE|[5]|Bytes:4
16:02:23.0 (15736235)|HEAP_ALLOCATE|[EXTERNAL]|Bytes:4
16:02:23.0 (15751618)|VARIABLE_ASSIGNMENT|[5]|this.recordTypes|[]|0x33d65f51
16:02:23.0 (15758220)|STATEMENT_EXECUTE|[7]
16:02:23.0 (15759762)|STATEMENT_EXECUTE|[8]
16:02:23.0 (15761287)|STATEMENT_EXECUTE|[16]
16:02:23.0 (15762803)|STATEMENT_EXECUTE|[42]
16:02:23.0 (15764147)|STATEMENT_EXECUTE|[72]
16:02:23.0 (15773237)|HEAP_ALLOCATE|[5]|Bytes:6
16:02:23.0 (15809141)|STATEMENT_EXECUTE|[12]
16:02:23.0 (15812579)|SYSTEM_MODE_EXIT|false
16:02:23.0 (19216747)|SYSTEM_MODE_ENTER|true
16:02:23.0 (19271232)|HEAP_ALLOCATE|[EXTERNAL]|Bytes:164
16:02:23.0 (19281187)|HEAP_ALLOCATE|[EXTERNAL]|Bytes:11
16:02:23.0 (19286178)|HEAP_ALLOCATE|[EXTERNAL]|Bytes:11
16:02:23.0 (19296007)|METHOD_ENTRY|[1]|01p1I00000G9Bhb|MultiselectController.MultiselectController()
16:02:23.0 (19302629)|STATEMENT_EXECUTE|[1]
16:02:23.0 (19306227)|STATEMENT_EXECUTE|[1]
16:02:23.0 (19315360)|SYSTEM_MODE_ENTER|false
16:02:23.0 (19322906)|HEAP_ALLOCATE|[EXTERNAL]|Bytes:5
16:02:23.0 (19329011)|SYSTEM_MODE_EXIT|false
16:02:23.0 (19337606)|METHOD_EXIT|[1]|MultiselectController
16:02:23.0 (19351026)|HEAP_ALLOCATE|[EXTERNAL]|Bytes:20
16:02:23.0 (19357975)|VARIABLE_SCOPE_BEGIN|[1]|this|MultiselectController|true|false
16:02:23.0 (19400949)|VARIABLE_ASSIGNMENT|[1]|this|{}|0x5a584e5
16:02:23.0 (19416081)|SYSTEM_MODE_ENTER|false
16:02:23.0 (19422037)|HEAP_ALLOCATE|[EXTERNAL]|Bytes:5
16:02:23.0 (19442220)|SYSTEM_MODE_EXIT|false
16:02:23.0 (19447079)|STATEMENT_EXECUTE|[1]
16:02:23.0 (19452973)|SYSTEM_MODE_ENTER|false
16:02:23.0 (19457322)|HEAP_ALLOCATE|[EXTERNAL]|Bytes:5
16:02:23.0 (19461034)|STATEMENT_EXECUTE|[3]
16:02:23.0 (19462474)|STATEMENT_EXECUTE|[4]
16:02:23.0 (19463830)|STATEMENT_EXECUTE|[24]
16:02:23.0 (19465378)|STATEMENT_EXECUTE|[32]
16:02:23.0 (19467275)|SYSTEM_MODE_EXIT|false
16:02:23.0 (19723914)|SYSTEM_MODE_ENTER|true
16:02:23.0 (19768574)|HEAP_ALLOCATE|[EXTERNAL]|Bytes:36
16:02:23.0 (19801513)|VARIABLE_ASSIGNMENT|[EXTERNAL]|this|{"recordTypes":"0x7dd26f7d"}|0x33d65f51
16:02:23.0 (19818270)|SYSTEM_MODE_ENTER|false
16:02:23.0 (19825781)|HEAP_ALLOCATE|[44]|Bytes:5
16:02:23.0 (19831247)|STATEMENT_EXECUTE|[43]
16:02:23.0 (19833117)|STATEMENT_EXECUTE|[44]
16:02:23.0 (19844467)|HEAP_ALLOCATE|[44]|Bytes:4
16:02:23.0 (19876755)|VARIABLE_SCOPE_BEGIN|[44]|allQueues|List<System.SelectOption>|true|false
16:02:23.0 (19901076)|HEAP_ALLOCATE|[EXTERNAL]|Bytes:4
16:02:23.0 (19912269)|VARIABLE_ASSIGNMENT|[44]|allQueues|[]|0x63c13106
16:02:23.0 (19919067)|STATEMENT_EXECUTE|[45]
16:02:23.0 (19922416)|HEAP_ALLOCATE|[45]|Bytes:34
16:02:23.0 (19936336)|HEAP_ALLOCATE|[45]|Bytes:4
16:02:23.0 (20627347)|SOQL_EXECUTE_BEGIN|[45]|Aggregations:0|SELECT Label FROM OpsHR_Setup__mdt
16:02:23.0 (24387325)|SOQL_EXECUTE_END|[45]|Rows:17
16:02:23.0 (24413382)|HEAP_ALLOCATE|[45]|Bytes:72
16:02:23.0 (24447067)|HEAP_ALLOCATE|[45]|Bytes:714
16:02:23.0 (24509071)|HEAP_ALLOCATE|[45]|Bytes:72
16:02:23.0 (24527130)|VARIABLE_SCOPE_BEGIN|[45]|allMDT|List<OpsHR_Setup__mdt>|true|false
16:02:23.0 (24550900)|VARIABLE_ASSIGNMENT|[45]|allMDT|"List of size 17 too large to display"|0x429cf2dd
16:02:23.0 (24558606)|STATEMENT_EXECUTE|[47]
16:02:23.0 (24623109)|HEAP_ALLOCATE|[47]|Bytes:35
16:02:23.0 (24670854)|HEAP_ALLOCATE|[47]|Bytes:17
16:02:23.0 (24692077)|HEAP_ALLOCATE|[47]|Bytes:2
16:02:23.0 (24727150)|VARIABLE_SCOPE_BEGIN|[47]|retURL|String|false|false
16:02:23.0 (24741465)|VARIABLE_ASSIGNMENT|[47]|retURL|"0051I000000JaV8"
16:02:23.0 (24746552)|STATEMENT_EXECUTE|[49]
16:02:23.0 (24750424)|HEAP_ALLOCATE|[49]|Bytes:60
16:02:23.0 (24763292)|HEAP_ALLOCATE|[49]|Bytes:4
16:02:23.0 (24770735)|HEAP_ALLOCATE|[49]|Bytes:7
16:02:23.0 (24811667)|HEAP_ALLOCATE|[49]|Bytes:85
16:02:23.0 (24824644)|SYSTEM_METHOD_ENTRY|[1]|UserInfo.UserInfo()
16:02:23.0 (24829913)|STATEMENT_EXECUTE|[1]
16:02:23.0 (24837687)|SYSTEM_METHOD_EXIT|[1]|UserInfo
16:02:23.0 (24850633)|METHOD_ENTRY|[49]||System.UserInfo.getUserId()
16:02:23.0 (24883248)|METHOD_EXIT|[49]||System.UserInfo.getUserId()
16:02:23.0 (26421227)|SOQL_EXECUTE_BEGIN|[49]|Aggregations:0|SELECT Id, Support_Location__c FROM User WHERE Id = :tmpVar1
16:02:23.0 (29604448)|SOQL_EXECUTE_END|[49]|Rows:1
16:02:23.0 (29627680)|HEAP_ALLOCATE|[49]|Bytes:8
16:02:23.0 (29647289)|HEAP_ALLOCATE|[49]|Bytes:56
16:02:23.0 (29715264)|HEAP_ALLOCATE|[49]|Bytes:8
16:02:23.0 (29730070)|HEAP_ALLOCATE|[49]|Bytes:30
16:02:23.0 (29770564)|HEAP_ALLOCATE|[49]|Bytes:12
16:02:23.0 (29780194)|VARIABLE_SCOPE_BEGIN|[49]|theUser|User|true|false
16:02:23.0 (29835971)|VARIABLE_ASSIGNMENT|[49]|theUser|{"Id":"0051I000000JaV8QAK","Support_Location__c":"ABE3"}|0x445f89f0
16:02:23.0 (29845357)|STATEMENT_EXECUTE|[52]
16:02:23.0 (29848955)|HEAP_ALLOCATE|[52]|Bytes:81
16:02:23.0 (29863200)|HEAP_ALLOCATE|[52]|Bytes:4
16:02:23.0 (30107140)|SOQL_EXECUTE_BEGIN|[52]|Aggregations:0|SELECT GroupId, Id, UserOrGroupId FROM GroupMember WHERE UserOrGroupId = :tmpVar1
16:02:23.0 (32141785)|SOQL_EXECUTE_END|[52]|Rows:6
16:02:23.0 (32161739)|HEAP_ALLOCATE|[52]|Bytes:28
16:02:23.0 (32180267)|HEAP_ALLOCATE|[52]|Bytes:558
16:02:23.0 (32236726)|HEAP_ALLOCATE|[52]|Bytes:28
16:02:23.0 (32249939)|VARIABLE_SCOPE_BEGIN|[52]|groupMembers|List<GroupMember>|true|false
16:02:23.0 (32277613)|VARIABLE_ASSIGNMENT|[52]|groupMembers|"List of size 6 too large to display"|0x4ab85219
16:02:23.0 (32286672)|STATEMENT_EXECUTE|[53]
16:02:23.0 (32296977)|HEAP_ALLOCATE|[53]|Bytes:4
16:02:23.0 (32327641)|VARIABLE_SCOPE_BEGIN|[53]|groupIds|List<Id>|true|false
16:02:23.0 (32352564)|HEAP_ALLOCATE|[EXTERNAL]|Bytes:4
16:02:23.0 (32364661)|VARIABLE_ASSIGNMENT|[53]|groupIds|[]|0x65bd9cf
16:02:23.0 (32525667)|HEAP_ALLOCATE|[55]|Bytes:5
16:02:23.0 (32570423)|HEAP_ALLOCATE|[55]|Bytes:16
16:02:23.0 (32579641)|VARIABLE_SCOPE_BEGIN|[55]|g|GroupMember|true|false
16:02:23.0 (32600348)|VARIABLE_ASSIGNMENT|[55]|g|{"GroupId":"00G1I000000OhKRUA0","Id":"0111I000000UCIrQAO","UserOrGroupId":"0051I000000JaV8QAK"}|0x59aec899
16:02:23.0 (32608040)|STATEMENT_EXECUTE|[55]
16:02:23.0 (32609980)|STATEMENT_EXECUTE|[56]
16:02:23.0 (32663769)|HEAP_ALLOCATE|[EXTERNAL]|Bytes:4
16:02:23.0 (32680576)|HEAP_ALLOCATE|[55]|Bytes:5
16:02:23.0 (32696658)|HEAP_ALLOCATE|[55]|Bytes:16
16:02:23.0 (32703671)|VARIABLE_SCOPE_BEGIN|[55]|g|GroupMember|true|false
16:02:23.0 (32718234)|VARIABLE_ASSIGNMENT|[55]|g|{"GroupId":"00G1I000000aJ8WUAU","Id":"0111I000000UCIpQAO","UserOrGroupId":"0051I000000JaV8QAK"}|0xa9cf51b
16:02:23.0 (32724668)|STATEMENT_EXECUTE|[55]
16:02:23.0 (32726255)|STATEMENT_EXECUTE|[56]
16:02:23.0 (32736873)|HEAP_ALLOCATE|[EXTERNAL]|Bytes:4
16:02:23.0 (32747906)|HEAP_ALLOCATE|[55]|Bytes:5
16:02:23.0 (32756451)|HEAP_ALLOCATE|[55]|Bytes:16
16:02:23.0 (32761850)|VARIABLE_SCOPE_BEGIN|[55]|g|GroupMember|true|false
16:02:23.0 (32773463)|VARIABLE_ASSIGNMENT|[55]|g|{"GroupId":"00G1I000000aJ8gUAE","Id":"0111I000000UDCkQAO","UserOrGroupId":"0051I000000JaV8QAK"}|0x51a919f7
16:02:23.0 (32779058)|STATEMENT_EXECUTE|[55]
16:02:23.0 (32780467)|STATEMENT_EXECUTE|[56]
16:02:23.0 (32788331)|HEAP_ALLOCATE|[EXTERNAL]|Bytes:4
16:02:23.0 (32798350)|HEAP_ALLOCATE|[55]|Bytes:5
16:02:23.0 (32806507)|HEAP_ALLOCATE|[55]|Bytes:16
16:02:23.0 (32811575)|VARIABLE_SCOPE_BEGIN|[55]|g|GroupMember|true|false
16:02:23.0 (32822444)|VARIABLE_ASSIGNMENT|[55]|g|{"GroupId":"00G1I000000aJ8lUAE","Id":"0111I000000UDCiQAO","UserOrGroupId":"0051I000000JaV8QAK"}|0x3bc124ad
16:02:23.0 (32827958)|STATEMENT_EXECUTE|[55]
16:02:23.0 (32829520)|STATEMENT_EXECUTE|[56]
16:02:23.0 (32836489)|HEAP_ALLOCATE|[EXTERNAL]|Bytes:4
16:02:23.0 (32846237)|HEAP_ALLOCATE|[55]|Bytes:5
16:02:23.0 (32854464)|HEAP_ALLOCATE|[55]|Bytes:16
16:02:23.0 (32859763)|VARIABLE_SCOPE_BEGIN|[55]|g|GroupMember|true|false
16:02:23.0 (32870262)|VARIABLE_ASSIGNMENT|[55]|g|{"GroupId":"00G1I000000aJ8qUAE","Id":"0111I000000UDCcQAO","UserOrGroupId":"0051I000000JaV8QAK"}|0x1404c94c
16:02:23.0 (32875798)|STATEMENT_EXECUTE|[55]
16:02:23.0 (32877211)|STATEMENT_EXECUTE|[56]
16:02:23.0 (32884108)|HEAP_ALLOCATE|[EXTERNAL]|Bytes:4
16:02:23.0 (32893961)|HEAP_ALLOCATE|[55]|Bytes:5
16:02:23.0 (32901394)|HEAP_ALLOCATE|[55]|Bytes:16
16:02:23.0 (32906097)|VARIABLE_SCOPE_BEGIN|[55]|g|GroupMember|true|false
16:02:23.0 (32919899)|VARIABLE_ASSIGNMENT|[55]|g|{"GroupId":"00G1I000000aJ8vUAE","Id":"0111I000000UDChQAO","UserOrGroupId":"0051I000000JaV8QAK"}|0x795dd2fa
16:02:23.0 (32926142)|STATEMENT_EXECUTE|[55]
16:02:23.0 (32927550)|STATEMENT_EXECUTE|[56]
16:02:23.0 (32934697)|HEAP_ALLOCATE|[EXTERNAL]|Bytes:4
16:02:23.0 (32944323)|HEAP_ALLOCATE|[55]|Bytes:5
16:02:23.0 (32954241)|VARIABLE_ASSIGNMENT|[55]|g|null|
16:02:23.0 (32959429)|STATEMENT_EXECUTE|[60]
16:02:23.0 (32963046)|HEAP_ALLOCATE|[60]|Bytes:74
16:02:23.0 (32975625)|HEAP_ALLOCATE|[60]|Bytes:4
16:02:23.0 (33268859)|SOQL_EXECUTE_BEGIN|[60]|Aggregations:0|SELECT Id, Name FROM Group WHERE (Type = 'Regular' AND Id NOT IN :tmpVar1)
16:02:23.0 (35327569)|SOQL_EXECUTE_END|[60]|Rows:10
16:02:23.0 (35347378)|HEAP_ALLOCATE|[60]|Bytes:44
16:02:23.0 (35368026)|HEAP_ALLOCATE|[60]|Bytes:410
16:02:23.0 (35418575)|HEAP_ALLOCATE|[60]|Bytes:44
16:02:23.0 (35431541)|VARIABLE_SCOPE_BEGIN|[60]|nonGroups|List<Group>|true|false
16:02:23.0 (35447496)|VARIABLE_ASSIGNMENT|[60]|nonGroups|"List of size 10 too large to display"|0x6e78290
16:02:23.0 (35455255)|STATEMENT_EXECUTE|[61]
16:02:23.0 (35459349)|HEAP_ALLOCATE|[61]|Bytes:11
16:02:23.0 (35576787)|HEAP_ALLOCATE|[61]|Bytes:420
16:02:23.0 (35597489)|HEAP_ALLOCATE|[61]|Bytes:431
16:02:23.0 (35616183)|USER_DEBUG|[61]|DEBUG|nonGroups: (Group:{Id=00G1I000000aJ8bUAE, Name=ABE2}, Group:{Id=00G1I000000aJ8RUAU, Name=ABE4}, Group:{Id=00G1I000000aJ8MUAU, Name=ABE8}, Group:{Id=00G1I000000aJ9FUAU, Name=BDL2}, Group:{Id=00G1I000000aJ8CUAU, Name=BFI3}, Group:{Id=00G1I000000aJ8HUAU, Name=BFI4}, Group:{Id=00G1I000000aJ9KUAU, Name=BFI5}, Group:{Id=00G1I000000aJ90UAE, Name=BNA2}, Group:{Id=00G1I000000aJ95UAE, Name=BWI2}, Group:{Id=00G1I000000aJ9AUAU, Name=CLT3})
16:02:23.0 (35731918)|HEAP_ALLOCATE|[63]|Bytes:5
16:02:23.0 (35747154)|HEAP_ALLOCATE|[63]|Bytes:12
16:02:23.0 (35756127)|VARIABLE_SCOPE_BEGIN|[63]|ng|Group|true|false
16:02:23.0 (35772553)|VARIABLE_ASSIGNMENT|[63]|ng|{"Id":"00G1I000000aJ8bUAE","Name":"ABE2"}|0x5f08faa8
16:02:23.0 (35780094)|STATEMENT_EXECUTE|[63]
16:02:23.0 (35782094)|STATEMENT_EXECUTE|[64]
16:02:23.0 (35851169)|HEAP_ALLOCATE|[EXTERNAL]|Bytes:4
16:02:23.0 (35867828)|HEAP_ALLOCATE|[63]|Bytes:5
16:02:23.0 (35878879)|HEAP_ALLOCATE|[63]|Bytes:12
16:02:23.0 (35885631)|VARIABLE_SCOPE_BEGIN|[63]|ng|Group|true|false
16:02:23.0 (35899163)|VARIABLE_ASSIGNMENT|[63]|ng|{"Id":"00G1I000000aJ8RUAU","Name":"ABE4"}|0x2df369a3
16:02:23.0 (35905526)|STATEMENT_EXECUTE|[63]
16:02:23.0 (35907630)|STATEMENT_EXECUTE|[64]
16:02:23.0 (35922162)|HEAP_ALLOCATE|[EXTERNAL]|Bytes:4
16:02:23.0 (35933298)|HEAP_ALLOCATE|[63]|Bytes:5
16:02:23.0 (35942394)|HEAP_ALLOCATE|[63]|Bytes:12
16:02:23.0 (35948038)|VARIABLE_SCOPE_BEGIN|[63]|ng|Group|true|false
16:02:23.0 (35959413)|VARIABLE_ASSIGNMENT|[63]|ng|{"Id":"00G1I000000aJ8MUAU","Name":"ABE8"}|0x59159ba
16:02:23.0 (35965754)|STATEMENT_EXECUTE|[63]
16:02:23.0 (35967230)|STATEMENT_EXECUTE|[64]
16:02:23.0 (35978634)|HEAP_ALLOCATE|[EXTERNAL]|Bytes:4
16:02:23.0 (35988301)|HEAP_ALLOCATE|[63]|Bytes:5
16:02:23.0 (35997139)|HEAP_ALLOCATE|[63]|Bytes:12
16:02:23.0 (36002309)|VARIABLE_SCOPE_BEGIN|[63]|ng|Group|true|false
16:02:23.0 (36013542)|VARIABLE_ASSIGNMENT|[63]|ng|{"Id":"00G1I000000aJ9FUAU","Name":"BDL2"}|0x298b9092
16:02:23.0 (36019963)|STATEMENT_EXECUTE|[63]
16:02:23.0 (36021629)|STATEMENT_EXECUTE|[64]
16:02:23.0 (36032157)|HEAP_ALLOCATE|[EXTERNAL]|Bytes:4
16:02:23.0 (36041847)|HEAP_ALLOCATE|[63]|Bytes:5
16:02:23.0 (36050124)|HEAP_ALLOCATE|[63]|Bytes:12
16:02:23.0 (36055607)|VARIABLE_SCOPE_BEGIN|[63]|ng|Group|true|false
16:02:23.0 (36065755)|VARIABLE_ASSIGNMENT|[63]|ng|{"Id":"00G1I000000aJ8CUAU","Name":"BFI3"}|0x314ef2b1
16:02:23.0 (36071346)|STATEMENT_EXECUTE|[63]
16:02:23.0 (36072739)|STATEMENT_EXECUTE|[64]
16:02:23.0 (36082872)|HEAP_ALLOCATE|[EXTERNAL]|Bytes:4
16:02:23.0 (36092812)|HEAP_ALLOCATE|[63]|Bytes:5
16:02:23.0 (36100443)|HEAP_ALLOCATE|[63]|Bytes:12
16:02:23.0 (36106081)|VARIABLE_SCOPE_BEGIN|[63]|ng|Group|true|false
16:02:23.0 (36122084)|VARIABLE_ASSIGNMENT|[63]|ng|{"Id":"00G1I000000aJ8HUAU","Name":"BFI4"}|0x7463b4a
16:02:23.0 (36127392)|STATEMENT_EXECUTE|[63]
16:02:23.0 (36128806)|STATEMENT_EXECUTE|[64]
16:02:23.0 (36139486)|HEAP_ALLOCATE|[EXTERNAL]|Bytes:4
16:02:23.0 (36149451)|HEAP_ALLOCATE|[63]|Bytes:5
16:02:23.0 (36157359)|HEAP_ALLOCATE|[63]|Bytes:12
16:02:23.0 (36162597)|VARIABLE_SCOPE_BEGIN|[63]|ng|Group|true|false
16:02:23.0 (36172376)|VARIABLE_ASSIGNMENT|[63]|ng|{"Id":"00G1I000000aJ9KUAU","Name":"BFI5"}|0x815fe91
16:02:23.0 (36178558)|STATEMENT_EXECUTE|[63]
16:02:23.0 (36180165)|STATEMENT_EXECUTE|[64]
16:02:23.0 (36190148)|HEAP_ALLOCATE|[EXTERNAL]|Bytes:4
16:02:23.0 (36199599)|HEAP_ALLOCATE|[63]|Bytes:5
16:02:23.0 (36207515)|HEAP_ALLOCATE|[63]|Bytes:12
16:02:23.0 (36212400)|VARIABLE_SCOPE_BEGIN|[63]|ng|Group|true|false
16:02:23.0 (36222580)|VARIABLE_ASSIGNMENT|[63]|ng|{"Id":"00G1I000000aJ90UAE","Name":"BNA2"}|0x7d6fe001
16:02:23.0 (36227989)|STATEMENT_EXECUTE|[63]
16:02:23.0 (36229409)|STATEMENT_EXECUTE|[64]
16:02:23.0 (36242832)|HEAP_ALLOCATE|[EXTERNAL]|Bytes:4
16:02:23.0 (36252700)|HEAP_ALLOCATE|[63]|Bytes:5
16:02:23.0 (36261271)|HEAP_ALLOCATE|[63]|Bytes:12
16:02:23.0 (36266289)|VARIABLE_SCOPE_BEGIN|[63]|ng|Group|true|false
16:02:23.0 (36281879)|VARIABLE_ASSIGNMENT|[63]|ng|{"Id":"00G1I000000aJ95UAE","Name":"BWI2"}|0x3bf25e67
16:02:23.0 (36286983)|STATEMENT_EXECUTE|[63]
16:02:23.0 (36288381)|STATEMENT_EXECUTE|[64]
16:02:23.0 (36299104)|HEAP_ALLOCATE|[EXTERNAL]|Bytes:4
16:02:23.0 (36308779)|HEAP_ALLOCATE|[63]|Bytes:5
16:02:23.0 (36316599)|HEAP_ALLOCATE|[63]|Bytes:12
16:02:23.0 (36321987)|VARIABLE_SCOPE_BEGIN|[63]|ng|Group|true|false
16:02:23.0 (36332175)|VARIABLE_ASSIGNMENT|[63]|ng|{"Id":"00G1I000000aJ9AUAU","Name":"CLT3"}|0xdd8be38
16:02:23.0 (36337835)|STATEMENT_EXECUTE|[63]
16:02:23.0 (36339238)|STATEMENT_EXECUTE|[64]
16:02:23.0 (36348811)|HEAP_ALLOCATE|[EXTERNAL]|Bytes:4
16:02:23.0 (36358961)|HEAP_ALLOCATE|[63]|Bytes:5
16:02:23.0 (36368605)|VARIABLE_ASSIGNMENT|[63]|ng|null|
16:02:23.0 (36373601)|STATEMENT_EXECUTE|[67]
16:02:23.0 (36378468)|SYSTEM_MODE_EXIT|false
16:02:23.0 (36543910)|SYSTEM_MODE_ENTER|true
16:02:23.0 (36597700)|HEAP_ALLOCATE|[EXTERNAL]|Bytes:44
16:02:23.0 (36603631)|HEAP_ALLOCATE|[EXTERNAL]|Bytes:20
16:02:23.0 (36646505)|VARIABLE_ASSIGNMENT|[EXTERNAL]|this.leftOptions|"List of size 10 too large to display"|0x5a584e5
16:02:23.0 (36784738)|SYSTEM_MODE_ENTER|true
16:02:23.0 (36831030)|HEAP_ALLOCATE|[EXTERNAL]|Bytes:36
16:02:23.0 (36874096)|VARIABLE_ASSIGNMENT|[EXTERNAL]|this|{"recordTypes":"0x7dd26f7d"}|0x33d65f51
16:02:23.0 (36892128)|SYSTEM_MODE_ENTER|false
16:02:23.0 (36899117)|HEAP_ALLOCATE|[74]|Bytes:5
16:02:23.0 (36903571)|STATEMENT_EXECUTE|[73]
16:02:23.0 (36905235)|STATEMENT_EXECUTE|[74]
16:02:23.0 (36917429)|HEAP_ALLOCATE|[74]|Bytes:4
16:02:23.0 (36941187)|VARIABLE_SCOPE_BEGIN|[74]|allQueues|List<System.SelectOption>|true|false
16:02:23.0 (36962887)|HEAP_ALLOCATE|[EXTERNAL]|Bytes:4
16:02:23.0 (36972254)|VARIABLE_ASSIGNMENT|[74]|allQueues|[]|0x23f918fc
16:02:23.0 (36978576)|STATEMENT_EXECUTE|[75]
16:02:23.0 (36989173)|HEAP_ALLOCATE|[75]|Bytes:4
16:02:23.0 (37097736)|SOQL_EXECUTE_BEGIN|[75]|Aggregations:0|SELECT Label FROM OpsHR_Setup__mdt
16:02:23.0 (39164177)|SOQL_EXECUTE_END|[75]|Rows:17
16:02:23.0 (39185732)|HEAP_ALLOCATE|[75]|Bytes:72
16:02:23.0 (39216044)|HEAP_ALLOCATE|[75]|Bytes:714
16:02:23.0 (39246862)|HEAP_ALLOCATE|[75]|Bytes:72
16:02:23.0 (39259120)|VARIABLE_SCOPE_BEGIN|[75]|allMDT|List<OpsHR_Setup__mdt>|true|false
16:02:23.0 (39280418)|VARIABLE_ASSIGNMENT|[75]|allMDT|"List of size 17 too large to display"|0x3f073fbc
16:02:23.0 (39287259)|STATEMENT_EXECUTE|[77]
16:02:23.0 (39326535)|HEAP_ALLOCATE|[77]|Bytes:35
16:02:23.0 (39365230)|HEAP_ALLOCATE|[77]|Bytes:17
16:02:23.0 (39396741)|VARIABLE_SCOPE_BEGIN|[77]|retURL|String|false|false
16:02:23.0 (39409375)|VARIABLE_ASSIGNMENT|[77]|retURL|"0051I000000JaV8"
16:02:23.0 (39414675)|STATEMENT_EXECUTE|[79]
16:02:23.0 (39417856)|HEAP_ALLOCATE|[79]|Bytes:39
16:02:23.0 (39428969)|HEAP_ALLOCATE|[79]|Bytes:4
16:02:23.0 (39443530)|METHOD_ENTRY|[79]||System.UserInfo.getUserId()
16:02:23.0 (39473193)|METHOD_EXIT|[79]||System.UserInfo.getUserId()
16:02:23.0 (39601222)|SOQL_EXECUTE_BEGIN|[79]|Aggregations:0|SELECT Id FROM User WHERE Id = :tmpVar1
16:02:23.0 (41334532)|SOQL_EXECUTE_END|[79]|Rows:1
16:02:23.0 (41353193)|HEAP_ALLOCATE|[79]|Bytes:8
16:02:23.0 (41364406)|HEAP_ALLOCATE|[79]|Bytes:29
16:02:23.0 (41392844)|HEAP_ALLOCATE|[79]|Bytes:8
16:02:23.0 (41416158)|HEAP_ALLOCATE|[79]|Bytes:8
16:02:23.0 (41423971)|VARIABLE_SCOPE_BEGIN|[79]|theUser|User|true|false
16:02:23.0 (41445870)|VARIABLE_ASSIGNMENT|[79]|theUser|{"Id":"0051I000000JaV8QAK"}|0x7488672f
16:02:23.0 (41454148)|STATEMENT_EXECUTE|[82]
16:02:23.0 (41466731)|HEAP_ALLOCATE|[82]|Bytes:4
16:02:23.0 (41630692)|SOQL_EXECUTE_BEGIN|[82]|Aggregations:0|SELECT GroupId, Id, UserOrGroupId FROM GroupMember WHERE UserOrGroupId = :tmpVar1
16:02:23.0 (43523483)|SOQL_EXECUTE_END|[82]|Rows:6
16:02:23.0 (43542959)|HEAP_ALLOCATE|[82]|Bytes:28
16:02:23.0 (43561849)|HEAP_ALLOCATE|[82]|Bytes:558
16:02:23.0 (43591771)|HEAP_ALLOCATE|[82]|Bytes:28
16:02:23.0 (43602944)|VARIABLE_SCOPE_BEGIN|[82]|groupMembers|List<GroupMember>|true|false
16:02:23.0 (43619085)|VARIABLE_ASSIGNMENT|[82]|groupMembers|"List of size 6 too large to display"|0x39a2ecd2
16:02:23.0 (43626878)|STATEMENT_EXECUTE|[83]
16:02:23.0 (43637031)|HEAP_ALLOCATE|[83]|Bytes:4
16:02:23.0 (43663163)|VARIABLE_SCOPE_BEGIN|[83]|groupIds|List<Id>|true|false
16:02:23.0 (43686065)|HEAP_ALLOCATE|[EXTERNAL]|Bytes:4
16:02:23.0 (43695717)|VARIABLE_ASSIGNMENT|[83]|groupIds|[]|0x79feea5e
16:02:23.0 (43734474)|HEAP_ALLOCATE|[85]|Bytes:5
16:02:23.0 (43749017)|HEAP_ALLOCATE|[85]|Bytes:16
16:02:23.0 (43757323)|VARIABLE_SCOPE_BEGIN|[85]|g|GroupMember|true|false
16:02:23.0 (43773930)|VARIABLE_ASSIGNMENT|[85]|g|{"GroupId":"00G1I000000OhKRUA0","Id":"0111I000000UCIrQAO","UserOrGroupId":"0051I000000JaV8QAK"}|0x61d0805c
16:02:23.0 (43780893)|STATEMENT_EXECUTE|[85]
16:02:23.0 (43782778)|STATEMENT_EXECUTE|[86]
16:02:23.0 (43816890)|HEAP_ALLOCATE|[EXTERNAL]|Bytes:4
16:02:23.0 (43831597)|HEAP_ALLOCATE|[85]|Bytes:5
16:02:23.0 (43841282)|HEAP_ALLOCATE|[85]|Bytes:16
16:02:23.0 (43847807)|VARIABLE_SCOPE_BEGIN|[85]|g|GroupMember|true|false
16:02:23.0 (43861473)|VARIABLE_ASSIGNMENT|[85]|g|{"GroupId":"00G1I000000aJ8WUAU","Id":"0111I000000UCIpQAO","UserOrGroupId":"0051I000000JaV8QAK"}|0x6eade9d3
16:02:23.0 (43867458)|STATEMENT_EXECUTE|[85]
16:02:23.0 (43868989)|STATEMENT_EXECUTE|[86]
16:02:23.0 (43878233)|HEAP_ALLOCATE|[EXTERNAL]|Bytes:4
16:02:23.0 (43888566)|HEAP_ALLOCATE|[85]|Bytes:5
16:02:23.0 (43897020)|HEAP_ALLOCATE|[85]|Bytes:16
16:02:23.0 (43902474)|VARIABLE_SCOPE_BEGIN|[85]|g|GroupMember|true|false
16:02:23.0 (43913772)|VARIABLE_ASSIGNMENT|[85]|g|{"GroupId":"00G1I000000aJ8gUAE","Id":"0111I000000UDCkQAO","UserOrGroupId":"0051I000000JaV8QAK"}|0x2d61822a
16:02:23.0 (43918750)|STATEMENT_EXECUTE|[85]
16:02:23.0 (43920290)|STATEMENT_EXECUTE|[86]
16:02:23.0 (43927676)|HEAP_ALLOCATE|[EXTERNAL]|Bytes:4
16:02:23.0 (43937593)|HEAP_ALLOCATE|[85]|Bytes:5
16:02:23.0 (43951289)|HEAP_ALLOCATE|[85]|Bytes:16
16:02:23.0 (43956647)|VARIABLE_SCOPE_BEGIN|[85]|g|GroupMember|true|false
16:02:23.0 (43970223)|VARIABLE_ASSIGNMENT|[85]|g|{"GroupId":"00G1I000000aJ8lUAE","Id":"0111I000000UDCiQAO","UserOrGroupId":"0051I000000JaV8QAK"}|0x78d6aa67
16:02:23.0 (43976055)|STATEMENT_EXECUTE|[85]
16:02:23.0 (43977613)|STATEMENT_EXECUTE|[86]
16:02:23.0 (43985103)|HEAP_ALLOCATE|[EXTERNAL]|Bytes:4
16:02:23.0 (43994962)|HEAP_ALLOCATE|[85]|Bytes:5
16:02:23.0 (44003574)|HEAP_ALLOCATE|[85]|Bytes:16
16:02:23.0 (44009510)|VARIABLE_SCOPE_BEGIN|[85]|g|GroupMember|true|false
16:02:23.0 (44020236)|VARIABLE_ASSIGNMENT|[85]|g|{"GroupId":"00G1I000000aJ8qUAE","Id":"0111I000000UDCcQAO","UserOrGroupId":"0051I000000JaV8QAK"}|0x1d611741
16:02:23.0 (44025774)|STATEMENT_EXECUTE|[85]
16:02:23.0 (44027252)|STATEMENT_EXECUTE|[86]
16:02:23.0 (44034178)|HEAP_ALLOCATE|[EXTERNAL]|Bytes:4
16:02:23.0 (44043542)|HEAP_ALLOCATE|[85]|Bytes:5
16:02:23.0 (44051392)|HEAP_ALLOCATE|[85]|Bytes:16
16:02:23.0 (44056296)|VARIABLE_SCOPE_BEGIN|[85]|g|GroupMember|true|false
16:02:23.0 (44067358)|VARIABLE_ASSIGNMENT|[85]|g|{"GroupId":"00G1I000000aJ8vUAE","Id":"0111I000000UDChQAO","UserOrGroupId":"0051I000000JaV8QAK"}|0x1c83864f
16:02:23.0 (44072638)|STATEMENT_EXECUTE|[85]
16:02:23.0 (44074193)|STATEMENT_EXECUTE|[86]
16:02:23.0 (44081057)|HEAP_ALLOCATE|[EXTERNAL]|Bytes:4
16:02:23.0 (44090979)|HEAP_ALLOCATE|[85]|Bytes:5
16:02:23.0 (44100766)|VARIABLE_ASSIGNMENT|[85]|g|null|
16:02:23.0 (44106147)|STATEMENT_EXECUTE|[90]
16:02:23.0 (44109505)|HEAP_ALLOCATE|[90]|Bytes:70
16:02:23.0 (44121769)|HEAP_ALLOCATE|[90]|Bytes:4
16:02:23.0 (44323583)|SOQL_EXECUTE_BEGIN|[90]|Aggregations:0|SELECT Id, Name FROM Group WHERE (Type = 'Regular' AND Id IN :tmpVar1)
16:02:23.0 (48312778)|SOQL_EXECUTE_END|[90]|Rows:6
16:02:23.0 (48334562)|HEAP_ALLOCATE|[90]|Bytes:28
16:02:23.0 (48352597)|HEAP_ALLOCATE|[90]|Bytes:251
16:02:23.0 (48381902)|HEAP_ALLOCATE|[90]|Bytes:28
16:02:23.0 (48395831)|VARIABLE_SCOPE_BEGIN|[90]|actualGroups|List<Group>|true|false
16:02:23.0 (48414480)|VARIABLE_ASSIGNMENT|[90]|actualGroups|"List of size 6 too large to display"|0x7229da1d
16:02:23.0 (48461836)|HEAP_ALLOCATE|[92]|Bytes:5
16:02:23.0 (48476338)|HEAP_ALLOCATE|[92]|Bytes:12
16:02:23.0 (48485125)|VARIABLE_SCOPE_BEGIN|[92]|ng|Group|true|false
16:02:23.0 (48501947)|VARIABLE_ASSIGNMENT|[92]|ng|{"Id":"00G1I000000OhKRUA0","Name":"Reviewers"}|0x6fa3a597
16:02:23.0 (48510136)|STATEMENT_EXECUTE|[92]
16:02:23.0 (48512321)|STATEMENT_EXECUTE|[93]
16:02:23.0 (48574088)|HEAP_ALLOCATE|[EXTERNAL]|Bytes:4
16:02:23.0 (48590467)|HEAP_ALLOCATE|[92]|Bytes:5
16:02:23.0 (48602427)|HEAP_ALLOCATE|[92]|Bytes:12
16:02:23.0 (48609370)|VARIABLE_SCOPE_BEGIN|[92]|ng|Group|true|false
16:02:23.0 (48622963)|VARIABLE_ASSIGNMENT|[92]|ng|{"Id":"00G1I000000aJ8WUAU","Name":"CMH1"}|0x23e614ad
16:02:23.0 (48629488)|STATEMENT_EXECUTE|[92]
16:02:23.0 (48631123)|STATEMENT_EXECUTE|[93]
16:02:23.0 (48645617)|HEAP_ALLOCATE|[EXTERNAL]|Bytes:4
16:02:23.0 (48656917)|HEAP_ALLOCATE|[92]|Bytes:5
16:02:23.0 (48665650)|HEAP_ALLOCATE|[92]|Bytes:12
16:02:23.0 (48671875)|VARIABLE_SCOPE_BEGIN|[92]|ng|Group|true|false
16:02:23.0 (48683004)|VARIABLE_ASSIGNMENT|[92]|ng|{"Id":"00G1I000000aJ8gUAE","Name":"DEN2"}|0x1218443a
16:02:23.0 (48688344)|STATEMENT_EXECUTE|[92]
16:02:23.0 (48689770)|STATEMENT_EXECUTE|[93]
16:02:23.0 (48700769)|HEAP_ALLOCATE|[EXTERNAL]|Bytes:4
16:02:23.0 (48710874)|HEAP_ALLOCATE|[92]|Bytes:5
16:02:23.0 (48719897)|HEAP_ALLOCATE|[92]|Bytes:12
16:02:23.0 (48725536)|VARIABLE_SCOPE_BEGIN|[92]|ng|Group|true|false
16:02:23.0 (48736096)|VARIABLE_ASSIGNMENT|[92]|ng|{"Id":"00G1I000000aJ8lUAE","Name":"CLT2"}|0x67003ab5
16:02:23.0 (48741547)|STATEMENT_EXECUTE|[92]
16:02:23.0 (48743023)|STATEMENT_EXECUTE|[93]
16:02:23.0 (48753554)|HEAP_ALLOCATE|[EXTERNAL]|Bytes:4
16:02:23.0 (48763543)|HEAP_ALLOCATE|[92]|Bytes:5
16:02:23.0 (48771284)|HEAP_ALLOCATE|[92]|Bytes:12
16:02:23.0 (48776713)|VARIABLE_SCOPE_BEGIN|[92]|ng|Group|true|false
16:02:23.0 (48786653)|VARIABLE_ASSIGNMENT|[92]|ng|{"Id":"00G1I000000aJ8qUAE","Name":"AVP1"}|0x157db4df
16:02:23.0 (48792266)|STATEMENT_EXECUTE|[92]
16:02:23.0 (48793695)|STATEMENT_EXECUTE|[93]
16:02:23.0 (48803667)|HEAP_ALLOCATE|[EXTERNAL]|Bytes:4
16:02:23.0 (48813060)|HEAP_ALLOCATE|[92]|Bytes:5
16:02:23.0 (48820708)|HEAP_ALLOCATE|[92]|Bytes:12
16:02:23.0 (48825802)|VARIABLE_SCOPE_BEGIN|[92]|ng|Group|true|false
16:02:23.0 (48836339)|VARIABLE_ASSIGNMENT|[92]|ng|{"Id":"00G1I000000aJ8vUAE","Name":"CAE1"}|0x6ad89a1
16:02:23.0 (48841856)|STATEMENT_EXECUTE|[92]
16:02:23.0 (48843414)|STATEMENT_EXECUTE|[93]
16:02:23.0 (48874851)|HEAP_ALLOCATE|[EXTERNAL]|Bytes:4
16:02:23.0 (48886807)|HEAP_ALLOCATE|[92]|Bytes:5
16:02:23.0 (48898201)|VARIABLE_ASSIGNMENT|[92]|ng|null|
16:02:23.0 (48904261)|STATEMENT_EXECUTE|[96]
16:02:23.0 (48909424)|SYSTEM_MODE_EXIT|false
16:02:23.0 (49055927)|SYSTEM_MODE_ENTER|true
16:02:23.0 (49111228)|HEAP_ALLOCATE|[EXTERNAL]|Bytes:28
16:02:23.0 (49117530)|HEAP_ALLOCATE|[EXTERNAL]|Bytes:20
16:02:23.0 (49131954)|VARIABLE_ASSIGNMENT|[EXTERNAL]|this.rightOptions|"List of size 6 too large to display"|0x5a584e5
16:02:23.0 (49322893)|SYSTEM_MODE_ENTER|true
16:02:23.0 (49601263)|SYSTEM_MODE_ENTER|true
16:02:23.0 (68709947)|SYSTEM_MODE_ENTER|true
16:02:23.0 (68793747)|HEAP_ALLOCATE|[EXTERNAL]|Bytes:36
16:02:23.0 (68863013)|VARIABLE_ASSIGNMENT|[EXTERNAL]|this|{"recordTypes":"0x7dd26f7d"}|0x33d65f51
16:02:23.0 (68887918)|SYSTEM_MODE_ENTER|false
16:02:23.0 (68899725)|HEAP_ALLOCATE|[18]|Bytes:5
16:02:23.0 (68907924)|STATEMENT_EXECUTE|[17]
16:02:23.0 (68910602)|STATEMENT_EXECUTE|[18]
16:02:23.0 (68931517)|HEAP_ALLOCATE|[18]|Bytes:4
16:02:23.0 (68971279)|VARIABLE_SCOPE_BEGIN|[18]|allRts|List<System.SelectOption>|true|false
16:02:23.0 (69007949)|HEAP_ALLOCATE|[EXTERNAL]|Bytes:4
16:02:23.0 (69021611)|VARIABLE_ASSIGNMENT|[18]|allRts|[]|0x33493a19
16:02:23.0 (69032479)|HEAP_ALLOCATE|[20]|Bytes:4
16:02:23.0 (69303650)|HEAP_ALLOCATE|[20]|Bytes:4
16:02:23.0 (70896659)|HEAP_ALLOCATE|[EXTERNAL]|Bytes:28
16:02:23.0 (70952098)|HEAP_ALLOCATE|[20]|Bytes:28
16:02:23.0 (71107243)|HEAP_ALLOCATE|[20]|Bytes:5
16:02:23.0 (71153237)|HEAP_ALLOCATE|[20]|Bytes:4
16:02:23.0 (71185677)|VARIABLE_SCOPE_BEGIN|[20]|info|Schema.RecordTypeInfo|true|false
16:02:23.0 (71381999)|VARIABLE_ASSIGNMENT|[20]|info|"common.api.soap.wsdl.RecordTypeInfo@5fb9ed1"|0x431b189d
16:02:23.0 (71391591)|STATEMENT_EXECUTE|[20]
16:02:23.0 (71417480)|HEAP_ALLOCATE|[21]|Bytes:6
16:02:23.0 (71424609)|HEAP_ALLOCATE|[21]|Bytes:6
16:02:23.0 (71443506)|STATEMENT_EXECUTE|[21]
16:02:23.0 (71445766)|STATEMENT_EXECUTE|[22]
16:02:23.0 (71458368)|HEAP_ALLOCATE|[22]|Bytes:4
16:02:23.0 (71473670)|HEAP_ALLOCATE|[22]|Bytes:18
16:02:23.0 (71484470)|HEAP_ALLOCATE|[22]|Bytes:6
16:02:23.0 (71555377)|HEAP_ALLOCATE|[EXTERNAL]|Bytes:4
16:02:23.0 (71576427)|HEAP_ALLOCATE|[20]|Bytes:5
16:02:23.0 (71589433)|HEAP_ALLOCATE|[20]|Bytes:4
16:02:23.0 (71606380)|VARIABLE_SCOPE_BEGIN|[20]|info|Schema.RecordTypeInfo|true|false
16:02:23.0 (71697457)|VARIABLE_ASSIGNMENT|[20]|info|"common.api.soap.wsdl.RecordTypeInfo@15e71518"|0x5f7ddb0a
16:02:23.0 (71706367)|STATEMENT_EXECUTE|[20]
16:02:23.0 (71718185)|HEAP_ALLOCATE|[21]|Bytes:7
16:02:23.0 (71730819)|STATEMENT_EXECUTE|[21]
16:02:23.0 (71732451)|STATEMENT_EXECUTE|[22]
16:02:23.0 (71738591)|HEAP_ALLOCATE|[22]|Bytes:4
16:02:23.0 (71745021)|HEAP_ALLOCATE|[22]|Bytes:18
16:02:23.0 (71749645)|HEAP_ALLOCATE|[22]|Bytes:7
16:02:23.0 (71761334)|HEAP_ALLOCATE|[EXTERNAL]|Bytes:4
16:02:23.0 (71775046)|HEAP_ALLOCATE|[20]|Bytes:5
16:02:23.0 (71785314)|HEAP_ALLOCATE|[20]|Bytes:4
16:02:23.0 (71799802)|VARIABLE_SCOPE_BEGIN|[20]|info|Schema.RecordTypeInfo|true|false
16:02:23.0 (71887324)|VARIABLE_ASSIGNMENT|[20]|info|"common.api.soap.wsdl.RecordTypeInfo@313578c2"|0x32cf8ddd
16:02:23.0 (71895556)|STATEMENT_EXECUTE|[20]
16:02:23.0 (71905341)|HEAP_ALLOCATE|[21]|Bytes:7
16:02:23.0 (71916050)|STATEMENT_EXECUTE|[21]
16:02:23.0 (71917714)|STATEMENT_EXECUTE|[22]
16:02:23.0 (71925060)|HEAP_ALLOCATE|[22]|Bytes:4
16:02:23.0 (71933310)|HEAP_ALLOCATE|[22]|Bytes:18
16:02:23.0 (71940898)|HEAP_ALLOCATE|[22]|Bytes:7
16:02:23.0 (71956008)|HEAP_ALLOCATE|[EXTERNAL]|Bytes:4
16:02:23.0 (71974489)|HEAP_ALLOCATE|[20]|Bytes:5
16:02:23.0 (71985930)|HEAP_ALLOCATE|[20]|Bytes:4
16:02:23.0 (72001063)|VARIABLE_SCOPE_BEGIN|[20]|info|Schema.RecordTypeInfo|true|false
16:02:23.0 (72114359)|VARIABLE_ASSIGNMENT|[20]|info|"common.api.soap.wsdl.RecordTypeInfo@39be283c"|0x3e3b89c6
16:02:23.0 (72126297)|STATEMENT_EXECUTE|[20]
16:02:23.0 (72140731)|HEAP_ALLOCATE|[21]|Bytes:7
16:02:23.0 (72156178)|STATEMENT_EXECUTE|[21]
16:02:23.0 (72158316)|STATEMENT_EXECUTE|[22]
16:02:23.0 (72164159)|HEAP_ALLOCATE|[22]|Bytes:4
16:02:23.0 (72170368)|HEAP_ALLOCATE|[22]|Bytes:18
16:02:23.0 (72175037)|HEAP_ALLOCATE|[22]|Bytes:7
16:02:23.0 (72187265)|HEAP_ALLOCATE|[EXTERNAL]|Bytes:4
16:02:23.0 (72200316)|HEAP_ALLOCATE|[20]|Bytes:5
16:02:23.0 (72211057)|HEAP_ALLOCATE|[20]|Bytes:4
16:02:23.0 (72225885)|VARIABLE_SCOPE_BEGIN|[20]|info|Schema.RecordTypeInfo|true|false
16:02:23.0 (72357677)|VARIABLE_ASSIGNMENT|[20]|info|"common.api.soap.wsdl.RecordTypeInfo@414bf6c5"|0x257fb16c
16:02:23.0 (72367513)|STATEMENT_EXECUTE|[20]
16:02:23.0 (72379343)|HEAP_ALLOCATE|[21]|Bytes:14
16:02:23.0 (72390812)|STATEMENT_EXECUTE|[21]
16:02:23.0 (72392400)|STATEMENT_EXECUTE|[22]
16:02:23.0 (72397669)|HEAP_ALLOCATE|[22]|Bytes:4
16:02:23.0 (72403566)|HEAP_ALLOCATE|[22]|Bytes:18
16:02:23.0 (72408192)|HEAP_ALLOCATE|[22]|Bytes:14
16:02:23.0 (72420880)|HEAP_ALLOCATE|[EXTERNAL]|Bytes:4
16:02:23.0 (72434609)|HEAP_ALLOCATE|[20]|Bytes:5
16:02:23.0 (72444950)|HEAP_ALLOCATE|[20]|Bytes:4
16:02:23.0 (72459689)|VARIABLE_SCOPE_BEGIN|[20]|info|Schema.RecordTypeInfo|true|false
16:02:23.0 (72558224)|VARIABLE_ASSIGNMENT|[20]|info|"common.api.soap.wsdl.RecordTypeInfo@385fe461"|0x146b9b42
16:02:23.0 (72566500)|STATEMENT_EXECUTE|[20]
16:02:23.0 (72576908)|HEAP_ALLOCATE|[21]|Bytes:6
16:02:23.0 (72588360)|STATEMENT_EXECUTE|[21]
16:02:23.0 (72597520)|HEAP_ALLOCATE|[20]|Bytes:5
16:02:23.0 (72609386)|VARIABLE_ASSIGNMENT|[20]|info|null|
16:02:23.0 (72614790)|STATEMENT_EXECUTE|[25]
16:02:23.0 (72620109)|SYSTEM_MODE_EXIT|false
16:02:23.0 (72872303)|SYSTEM_MODE_ENTER|true
16:02:23.0 (73372351)|SYSTEM_MODE_ENTER|true
16:02:23.0 (73419846)|HEAP_ALLOCATE|[EXTERNAL]|Bytes:44
16:02:23.0 (73427149)|HEAP_ALLOCATE|[EXTERNAL]|Bytes:20
16:02:23.0 (73443192)|VARIABLE_ASSIGNMENT|[EXTERNAL]|this.leftOptions|"List of size 10 too large to display"|0x5a584e5
16:02:23.0 (73510657)|SYSTEM_MODE_ENTER|true
16:02:23.0 (73537840)|HEAP_ALLOCATE|[EXTERNAL]|Bytes:28
16:02:23.0 (73542563)|HEAP_ALLOCATE|[EXTERNAL]|Bytes:20
16:02:23.0 (73552705)|VARIABLE_ASSIGNMENT|[EXTERNAL]|this.rightOptions|"List of size 6 too large to display"|0x5a584e5
16:02:23.0 (74236132)|SYSTEM_MODE_ENTER|true
16:02:23.0 (76572394)|SYSTEM_MODE_ENTER|true
16:02:23.0 (76826814)|SYSTEM_MODE_ENTER|true
16:02:23.0 (76904765)|SYSTEM_MODE_ENTER|true
16:02:23.0 (78887602)|VF_SERIALIZE_VIEWSTATE_BEGIN|0661I000003daSA
16:02:23.0 (82284810)|VF_SERIALIZE_VIEWSTATE_END
16:02:23.85 (85428998)|CUMULATIVE_LIMIT_USAGE
16:02:23.85 (85428998)|LIMIT_USAGE_FOR_NS|(default)|
  Number of SOQL queries: 6 out of 100
  Number of query rows: 64 out of 50000
  Number of SOSL queries: 0 out of 20
  Number of DML statements: 0 out of 150
  Number of DML rows: 0 out of 10000
  Maximum CPU time: 0 out of 10000
  Maximum heap size: 0 out of 6000000
  Number of callouts: 0 out of 100
  Number of Email Invocations: 0 out of 10
  Number of future calls: 0 out of 50
  Number of queueable jobs added to the queue: 0 out of 50
  Number of Mobile Apex push calls: 0 out of 10

16:02:23.85 (85428998)|CUMULATIVE_LIMIT_USAGE_END

16:02:23.0 (85469083)|CODE_UNIT_FINISHED|VF: /apex/Settings
16:02:23.0 (86553826)|EXECUTION_FINISHED
