42.0 APEX_CODE,FINEST;APEX_PROFILING,INFO;CALLOUT,INFO;DB,INFO;SYSTEM,DEBUG;VALIDATION,INFO;VISUALFORCE,INFO;WAVE,INFO;WORKFLOW,INFO
16:36:59.0 (299992)|USER_INFO|[EXTERNAL]|0051I000000JaV8|amarvick94@gmail.com|Pacific Standard Time|GMT-07:00
16:36:59.0 (331481)|EXECUTION_STARTED
16:36:59.0 (335841)|CODE_UNIT_STARTED|[EXTERNAL]|0661I000003daSA|VF: /apex/Settings
16:36:59.0 (14276895)|SYSTEM_MODE_ENTER|true
16:36:59.0 (15024429)|HEAP_ALLOCATE|[72]|Bytes:3
16:36:59.0 (15079256)|HEAP_ALLOCATE|[77]|Bytes:152
16:36:59.0 (15092840)|HEAP_ALLOCATE|[342]|Bytes:408
16:36:59.0 (15108079)|HEAP_ALLOCATE|[355]|Bytes:408
16:36:59.0 (15119934)|HEAP_ALLOCATE|[467]|Bytes:48
16:36:59.0 (15173673)|HEAP_ALLOCATE|[139]|Bytes:6
16:36:59.0 (15190010)|HEAP_ALLOCATE|[EXTERNAL]|Bytes:256
16:36:59.0 (15204977)|HEAP_ALLOCATE|[EXTERNAL]|Bytes:26
16:36:59.0 (15208737)|HEAP_ALLOCATE|[EXTERNAL]|Bytes:22
16:36:59.0 (15231664)|METHOD_ENTRY|[1]|01p1I00000G8yt3|OpsHR_UserSettingsController.OpsHR_UserSettingsController()
16:36:59.0 (15238999)|STATEMENT_EXECUTE|[1]
16:36:59.0 (15245005)|STATEMENT_EXECUTE|[1]
16:36:59.0 (15271401)|HEAP_ALLOCATE|[50]|Bytes:5
16:36:59.0 (15288628)|HEAP_ALLOCATE|[56]|Bytes:5
16:36:59.0 (15298306)|HEAP_ALLOCATE|[64]|Bytes:7
16:36:59.0 (15316357)|SYSTEM_MODE_ENTER|false
16:36:59.0 (15326613)|HEAP_ALLOCATE|[EXTERNAL]|Bytes:5
16:36:59.0 (15333385)|SYSTEM_MODE_EXIT|false
16:36:59.0 (15356599)|METHOD_EXIT|[1]|OpsHR_UserSettingsController
16:36:59.0 (15433640)|HEAP_ALLOCATE|[EXTERNAL]|Bytes:36
16:36:59.0 (15450153)|VARIABLE_SCOPE_BEGIN|[11]|this|OpsHR_UserSettingsController|true|false
16:36:59.0 (15516835)|VARIABLE_ASSIGNMENT|[11]|this|{}|0x152a8c1b
16:36:59.0 (15525105)|VARIABLE_SCOPE_BEGIN|[11]|controller|ApexPages.StandardController|true|false
16:36:59.0 (15873499)|VARIABLE_ASSIGNMENT|[11]|controller|"StandardController [null]"|0x6a1ae309
16:36:59.0 (15895221)|SYSTEM_MODE_ENTER|false
16:36:59.0 (15902812)|HEAP_ALLOCATE|[5]|Bytes:5
16:36:59.0 (15907819)|STATEMENT_EXECUTE|[1]
16:36:59.0 (15913142)|HEAP_ALLOCATE|[5]|Bytes:5
16:36:59.0 (15916497)|STATEMENT_EXECUTE|[3]
16:36:59.0 (15918325)|STATEMENT_EXECUTE|[4]
16:36:59.0 (15919756)|STATEMENT_EXECUTE|[5]
16:36:59.0 (15942455)|HEAP_ALLOCATE|[5]|Bytes:4
16:36:59.0 (16069699)|HEAP_ALLOCATE|[EXTERNAL]|Bytes:4
16:36:59.0 (16084763)|VARIABLE_ASSIGNMENT|[5]|this.recordTypes|[]|0x152a8c1b
16:36:59.0 (16090626)|STATEMENT_EXECUTE|[7]
16:36:59.0 (16092273)|STATEMENT_EXECUTE|[8]
16:36:59.0 (16093711)|STATEMENT_EXECUTE|[14]
16:36:59.0 (16095339)|STATEMENT_EXECUTE|[43]
16:36:59.0 (16096754)|STATEMENT_EXECUTE|[73]
16:36:59.0 (16106036)|HEAP_ALLOCATE|[5]|Bytes:6
16:36:59.0 (16140364)|STATEMENT_EXECUTE|[11]
16:36:59.0 (16143707)|SYSTEM_MODE_EXIT|false
16:36:59.0 (18875592)|SYSTEM_MODE_ENTER|true
16:36:59.0 (18915363)|HEAP_ALLOCATE|[EXTERNAL]|Bytes:164
16:36:59.0 (18923506)|HEAP_ALLOCATE|[EXTERNAL]|Bytes:11
16:36:59.0 (18927674)|HEAP_ALLOCATE|[EXTERNAL]|Bytes:11
16:36:59.0 (18935053)|METHOD_ENTRY|[1]|01p1I00000G9Bhb|MultiselectController.MultiselectController()
16:36:59.0 (18940574)|STATEMENT_EXECUTE|[1]
16:36:59.0 (18944079)|STATEMENT_EXECUTE|[1]
16:36:59.0 (18952251)|SYSTEM_MODE_ENTER|false
16:36:59.0 (18958579)|HEAP_ALLOCATE|[EXTERNAL]|Bytes:5
16:36:59.0 (18964966)|SYSTEM_MODE_EXIT|false
16:36:59.0 (18972109)|METHOD_EXIT|[1]|MultiselectController
16:36:59.0 (18984074)|HEAP_ALLOCATE|[EXTERNAL]|Bytes:20
16:36:59.0 (18989897)|VARIABLE_SCOPE_BEGIN|[1]|this|MultiselectController|true|false
16:36:59.0 (19026635)|VARIABLE_ASSIGNMENT|[1]|this|{}|0x4225bbf5
16:36:59.0 (19052694)|SYSTEM_MODE_ENTER|false
16:36:59.0 (19060590)|HEAP_ALLOCATE|[EXTERNAL]|Bytes:5
16:36:59.0 (19080557)|SYSTEM_MODE_EXIT|false
16:36:59.0 (19085215)|STATEMENT_EXECUTE|[1]
16:36:59.0 (19090909)|SYSTEM_MODE_ENTER|false
16:36:59.0 (19094798)|HEAP_ALLOCATE|[EXTERNAL]|Bytes:5
16:36:59.0 (19098606)|STATEMENT_EXECUTE|[3]
16:36:59.0 (19100186)|STATEMENT_EXECUTE|[4]
16:36:59.0 (19101746)|STATEMENT_EXECUTE|[24]
16:36:59.0 (19103718)|STATEMENT_EXECUTE|[32]
16:36:59.0 (19106538)|SYSTEM_MODE_EXIT|false
16:36:59.0 (19385824)|SYSTEM_MODE_ENTER|true
16:36:59.0 (19426485)|HEAP_ALLOCATE|[EXTERNAL]|Bytes:36
16:36:59.0 (19459897)|VARIABLE_ASSIGNMENT|[EXTERNAL]|this|{"recordTypes":"0x7106b4ce"}|0x152a8c1b
16:36:59.0 (19475144)|SYSTEM_MODE_ENTER|false
16:36:59.0 (19481226)|HEAP_ALLOCATE|[45]|Bytes:5
16:36:59.0 (19486074)|STATEMENT_EXECUTE|[44]
16:36:59.0 (19487854)|STATEMENT_EXECUTE|[45]
16:36:59.0 (19499373)|HEAP_ALLOCATE|[45]|Bytes:4
16:36:59.0 (19525173)|VARIABLE_SCOPE_BEGIN|[45]|allQueues|List<System.SelectOption>|true|false
16:36:59.0 (19549172)|HEAP_ALLOCATE|[EXTERNAL]|Bytes:4
16:36:59.0 (19559163)|VARIABLE_ASSIGNMENT|[45]|allQueues|[]|0x4a660a85
16:36:59.0 (19564620)|STATEMENT_EXECUTE|[46]
16:36:59.0 (19567977)|HEAP_ALLOCATE|[46]|Bytes:34
16:36:59.0 (19581612)|HEAP_ALLOCATE|[46]|Bytes:4
16:36:59.0 (20247126)|SOQL_EXECUTE_BEGIN|[46]|Aggregations:0|SELECT Label FROM OpsHR_Setup__mdt
16:36:59.0 (25208777)|SOQL_EXECUTE_END|[46]|Rows:17
16:36:59.0 (25236040)|HEAP_ALLOCATE|[46]|Bytes:72
16:36:59.0 (25276199)|HEAP_ALLOCATE|[46]|Bytes:714
16:36:59.0 (25341242)|HEAP_ALLOCATE|[46]|Bytes:72
16:36:59.0 (25354512)|VARIABLE_SCOPE_BEGIN|[46]|allMDT|List<OpsHR_Setup__mdt>|true|false
16:36:59.0 (25372356)|VARIABLE_ASSIGNMENT|[46]|allMDT|"List of size 17 too large to display"|0x58ba0c99
16:36:59.0 (25378895)|STATEMENT_EXECUTE|[48]
16:36:59.0 (25445770)|HEAP_ALLOCATE|[48]|Bytes:35
16:36:59.0 (25505331)|HEAP_ALLOCATE|[48]|Bytes:17
16:36:59.0 (25526014)|HEAP_ALLOCATE|[48]|Bytes:2
16:36:59.0 (25552508)|VARIABLE_SCOPE_BEGIN|[48]|retURL|String|false|false
16:36:59.0 (25565338)|VARIABLE_ASSIGNMENT|[48]|retURL|"0051I000000JaV8"
16:36:59.0 (25569882)|STATEMENT_EXECUTE|[50]
16:36:59.0 (25572817)|HEAP_ALLOCATE|[50]|Bytes:60
16:36:59.0 (25583909)|HEAP_ALLOCATE|[50]|Bytes:4
16:36:59.0 (25591991)|HEAP_ALLOCATE|[50]|Bytes:7
16:36:59.0 (25634663)|HEAP_ALLOCATE|[50]|Bytes:85
16:36:59.0 (25645193)|SYSTEM_METHOD_ENTRY|[1]|UserInfo.UserInfo()
16:36:59.0 (25649861)|STATEMENT_EXECUTE|[1]
16:36:59.0 (25656760)|SYSTEM_METHOD_EXIT|[1]|UserInfo
16:36:59.0 (25667764)|METHOD_ENTRY|[50]||System.UserInfo.getUserId()
16:36:59.0 (25700375)|METHOD_EXIT|[50]||System.UserInfo.getUserId()
16:36:59.0 (27916927)|SOQL_EXECUTE_BEGIN|[50]|Aggregations:0|SELECT Id, Support_Location__c FROM User WHERE Id = :tmpVar1
16:36:59.0 (31917860)|SOQL_EXECUTE_END|[50]|Rows:1
16:36:59.0 (31941176)|HEAP_ALLOCATE|[50]|Bytes:8
16:36:59.0 (31957058)|HEAP_ALLOCATE|[50]|Bytes:56
16:36:59.0 (32027400)|HEAP_ALLOCATE|[50]|Bytes:8
16:36:59.0 (32043071)|HEAP_ALLOCATE|[50]|Bytes:30
16:36:59.0 (32089888)|HEAP_ALLOCATE|[50]|Bytes:12
16:36:59.0 (32097925)|VARIABLE_SCOPE_BEGIN|[50]|theUser|User|true|false
16:36:59.0 (32123007)|VARIABLE_ASSIGNMENT|[50]|theUser|{"Id":"0051I000000JaV8QAK","Support_Location__c":"ABE3"}|0x53b4d77f
16:36:59.0 (32130423)|STATEMENT_EXECUTE|[53]
16:36:59.0 (32133872)|HEAP_ALLOCATE|[53]|Bytes:81
16:36:59.0 (32147965)|HEAP_ALLOCATE|[53]|Bytes:4
16:36:59.0 (32437504)|SOQL_EXECUTE_BEGIN|[53]|Aggregations:0|SELECT GroupId, Id, UserOrGroupId FROM GroupMember WHERE UserOrGroupId = :tmpVar1
16:36:59.0 (34697823)|SOQL_EXECUTE_END|[53]|Rows:7
16:36:59.0 (34717929)|HEAP_ALLOCATE|[53]|Bytes:32
16:36:59.0 (34740787)|HEAP_ALLOCATE|[53]|Bytes:651
16:36:59.0 (34803560)|HEAP_ALLOCATE|[53]|Bytes:32
16:36:59.0 (34816745)|VARIABLE_SCOPE_BEGIN|[53]|groupMembers|List<GroupMember>|true|false
16:36:59.0 (34836422)|VARIABLE_ASSIGNMENT|[53]|groupMembers|"List of size 7 too large to display"|0x5961bb20
16:36:59.0 (34843739)|STATEMENT_EXECUTE|[54]
16:36:59.0 (34858078)|HEAP_ALLOCATE|[54]|Bytes:4
16:36:59.0 (34894815)|VARIABLE_SCOPE_BEGIN|[54]|groupIds|List<Id>|true|false
16:36:59.0 (34920907)|HEAP_ALLOCATE|[EXTERNAL]|Bytes:4
16:36:59.0 (34932817)|VARIABLE_ASSIGNMENT|[54]|groupIds|[]|0x1919075
16:36:59.0 (35134625)|HEAP_ALLOCATE|[56]|Bytes:5
16:36:59.0 (35156984)|HEAP_ALLOCATE|[56]|Bytes:16
16:36:59.0 (35167344)|VARIABLE_SCOPE_BEGIN|[56]|g|GroupMember|true|false
16:36:59.0 (35184928)|VARIABLE_ASSIGNMENT|[56]|g|{"GroupId":"00G1I000000OhKRUA0","Id":"0111I000000UDEyQAO","UserOrGroupId":"0051I000000JaV8QAK"}|0x53a9f94e
16:36:59.0 (35192704)|STATEMENT_EXECUTE|[56]
16:36:59.0 (35194558)|STATEMENT_EXECUTE|[57]
16:36:59.0 (35309986)|HEAP_ALLOCATE|[EXTERNAL]|Bytes:4
16:36:59.0 (35327066)|HEAP_ALLOCATE|[56]|Bytes:5
16:36:59.0 (35337603)|HEAP_ALLOCATE|[56]|Bytes:16
16:36:59.0 (35344583)|VARIABLE_SCOPE_BEGIN|[56]|g|GroupMember|true|false
16:36:59.0 (35358541)|VARIABLE_ASSIGNMENT|[56]|g|{"GroupId":"00G1I000000aJ8CUAU","Id":"0111I000000UDEpQAO","UserOrGroupId":"0051I000000JaV8QAK"}|0x72336699
16:36:59.0 (35364626)|STATEMENT_EXECUTE|[56]
16:36:59.0 (35366565)|STATEMENT_EXECUTE|[57]
16:36:59.0 (35377915)|HEAP_ALLOCATE|[EXTERNAL]|Bytes:4
16:36:59.0 (35387919)|HEAP_ALLOCATE|[56]|Bytes:5
16:36:59.0 (35399897)|HEAP_ALLOCATE|[56]|Bytes:16
16:36:59.0 (35405208)|VARIABLE_SCOPE_BEGIN|[56]|g|GroupMember|true|false
16:36:59.0 (35416569)|VARIABLE_ASSIGNMENT|[56]|g|{"GroupId":"00G1I000000aJ8HUAU","Id":"0111I000000UDEqQAO","UserOrGroupId":"0051I000000JaV8QAK"}|0x38bb5fd0
16:36:59.0 (35422771)|STATEMENT_EXECUTE|[56]
16:36:59.0 (35424416)|STATEMENT_EXECUTE|[57]
16:36:59.0 (35431735)|HEAP_ALLOCATE|[EXTERNAL]|Bytes:4
16:36:59.0 (35441291)|HEAP_ALLOCATE|[56]|Bytes:5
16:36:59.0 (35449230)|HEAP_ALLOCATE|[56]|Bytes:16
16:36:59.0 (35453974)|VARIABLE_SCOPE_BEGIN|[56]|g|GroupMember|true|false
16:36:59.0 (35464684)|VARIABLE_ASSIGNMENT|[56]|g|{"GroupId":"00G1I000000aJ8WUAU","Id":"0111I000000UCIpQAO","UserOrGroupId":"0051I000000JaV8QAK"}|0x7cacc602
16:36:59.0 (35470190)|STATEMENT_EXECUTE|[56]
16:36:59.0 (35471808)|STATEMENT_EXECUTE|[57]
16:36:59.0 (35478003)|HEAP_ALLOCATE|[EXTERNAL]|Bytes:4
16:36:59.0 (35487605)|HEAP_ALLOCATE|[56]|Bytes:5
16:36:59.0 (35495126)|HEAP_ALLOCATE|[56]|Bytes:16
16:36:59.0 (35499780)|VARIABLE_SCOPE_BEGIN|[56]|g|GroupMember|true|false
16:36:59.0 (35510289)|VARIABLE_ASSIGNMENT|[56]|g|{"GroupId":"00G1I000000aJ8gUAE","Id":"0111I000000UDExQAO","UserOrGroupId":"0051I000000JaV8QAK"}|0x60d32350
16:36:59.0 (35515680)|STATEMENT_EXECUTE|[56]
16:36:59.0 (35517169)|STATEMENT_EXECUTE|[57]
16:36:59.0 (35523082)|HEAP_ALLOCATE|[EXTERNAL]|Bytes:4
16:36:59.0 (35531931)|HEAP_ALLOCATE|[56]|Bytes:5
16:36:59.0 (35539455)|HEAP_ALLOCATE|[56]|Bytes:16
16:36:59.0 (35544293)|VARIABLE_SCOPE_BEGIN|[56]|g|GroupMember|true|false
16:36:59.0 (35554949)|VARIABLE_ASSIGNMENT|[56]|g|{"GroupId":"00G1I000000aJ8qUAE","Id":"0111I000000UDEnQAO","UserOrGroupId":"0051I000000JaV8QAK"}|0x93d867d
16:36:59.0 (35560958)|STATEMENT_EXECUTE|[56]
16:36:59.0 (35562478)|STATEMENT_EXECUTE|[57]
16:36:59.0 (35568584)|HEAP_ALLOCATE|[EXTERNAL]|Bytes:4
16:36:59.0 (35577303)|HEAP_ALLOCATE|[56]|Bytes:5
16:36:59.0 (35584559)|HEAP_ALLOCATE|[56]|Bytes:16
16:36:59.0 (35589218)|VARIABLE_SCOPE_BEGIN|[56]|g|GroupMember|true|false
16:36:59.0 (35598909)|VARIABLE_ASSIGNMENT|[56]|g|{"GroupId":"00G1I000000aJ8vUAE","Id":"0111I000000UDChQAO","UserOrGroupId":"0051I000000JaV8QAK"}|0x6b9a0d55
16:36:59.0 (35603885)|STATEMENT_EXECUTE|[56]
16:36:59.0 (35605381)|STATEMENT_EXECUTE|[57]
16:36:59.0 (35611052)|HEAP_ALLOCATE|[EXTERNAL]|Bytes:4
16:36:59.0 (35619953)|HEAP_ALLOCATE|[56]|Bytes:5
16:36:59.0 (35629520)|VARIABLE_ASSIGNMENT|[56]|g|null|
16:36:59.0 (35635631)|STATEMENT_EXECUTE|[61]
16:36:59.0 (35639065)|HEAP_ALLOCATE|[61]|Bytes:74
16:36:59.0 (35653606)|HEAP_ALLOCATE|[61]|Bytes:4
16:36:59.0 (35911495)|SOQL_EXECUTE_BEGIN|[61]|Aggregations:0|SELECT Id, Name FROM Group WHERE (Type = 'Regular' AND Id NOT IN :tmpVar1)
16:36:59.0 (39537635)|SOQL_EXECUTE_END|[61]|Rows:9
16:36:59.0 (39556665)|HEAP_ALLOCATE|[61]|Bytes:40
16:36:59.0 (39579353)|HEAP_ALLOCATE|[61]|Bytes:369
16:36:59.0 (39634714)|HEAP_ALLOCATE|[61]|Bytes:40
16:36:59.0 (39647271)|VARIABLE_SCOPE_BEGIN|[61]|nonGroups|List<Group>|true|false
16:36:59.0 (39664303)|VARIABLE_ASSIGNMENT|[61]|nonGroups|"List of size 9 too large to display"|0x7ebe1f7c
16:36:59.0 (39671496)|STATEMENT_EXECUTE|[62]
16:36:59.0 (39675673)|HEAP_ALLOCATE|[62]|Bytes:11
16:36:59.0 (39788723)|HEAP_ALLOCATE|[62]|Bytes:378
16:36:59.0 (39810033)|HEAP_ALLOCATE|[62]|Bytes:389
16:36:59.0 (39834486)|USER_DEBUG|[62]|DEBUG|nonGroups: (Group:{Id=00G1I000000aJ8bUAE, Name=ABE2}, Group:{Id=00G1I000000aJ8RUAU, Name=ABE4}, Group:{Id=00G1I000000aJ8MUAU, Name=ABE8}, Group:{Id=00G1I000000aJ9FUAU, Name=BDL2}, Group:{Id=00G1I000000aJ9KUAU, Name=BFI5}, Group:{Id=00G1I000000aJ90UAE, Name=BNA2}, Group:{Id=00G1I000000aJ95UAE, Name=BWI2}, Group:{Id=00G1I000000aJ8lUAE, Name=CLT2}, Group:{Id=00G1I000000aJ9AUAU, Name=CLT3})
16:36:59.0 (39944064)|HEAP_ALLOCATE|[64]|Bytes:5
16:36:59.0 (39958834)|HEAP_ALLOCATE|[64]|Bytes:12
16:36:59.0 (39966982)|VARIABLE_SCOPE_BEGIN|[64]|ng|Group|true|false
16:36:59.0 (39982967)|VARIABLE_ASSIGNMENT|[64]|ng|{"Id":"00G1I000000aJ8bUAE","Name":"ABE2"}|0x297fe449
16:36:59.0 (39989499)|STATEMENT_EXECUTE|[64]
16:36:59.0 (39991856)|STATEMENT_EXECUTE|[65]
16:36:59.0 (40068228)|HEAP_ALLOCATE|[EXTERNAL]|Bytes:4
16:36:59.0 (40083640)|HEAP_ALLOCATE|[64]|Bytes:5
16:36:59.0 (40094017)|HEAP_ALLOCATE|[64]|Bytes:12
16:36:59.0 (40099806)|VARIABLE_SCOPE_BEGIN|[64]|ng|Group|true|false
16:36:59.0 (40113440)|VARIABLE_ASSIGNMENT|[64]|ng|{"Id":"00G1I000000aJ8RUAU","Name":"ABE4"}|0x1ba2eb41
16:36:59.0 (40119258)|STATEMENT_EXECUTE|[64]
16:36:59.0 (40120955)|STATEMENT_EXECUTE|[65]
16:36:59.0 (40134667)|HEAP_ALLOCATE|[EXTERNAL]|Bytes:4
16:36:59.0 (40144507)|HEAP_ALLOCATE|[64]|Bytes:5
16:36:59.0 (40153153)|HEAP_ALLOCATE|[64]|Bytes:12
16:36:59.0 (40158016)|VARIABLE_SCOPE_BEGIN|[64]|ng|Group|true|false
16:36:59.0 (40168935)|VARIABLE_ASSIGNMENT|[64]|ng|{"Id":"00G1I000000aJ8MUAU","Name":"ABE8"}|0x1f011239
16:36:59.0 (40174046)|STATEMENT_EXECUTE|[64]
16:36:59.0 (40175574)|STATEMENT_EXECUTE|[65]
16:36:59.0 (40185335)|HEAP_ALLOCATE|[EXTERNAL]|Bytes:4
16:36:59.0 (40194293)|HEAP_ALLOCATE|[64]|Bytes:5
16:36:59.0 (40202039)|HEAP_ALLOCATE|[64]|Bytes:12
16:36:59.0 (40207335)|VARIABLE_SCOPE_BEGIN|[64]|ng|Group|true|false
16:36:59.0 (40216824)|VARIABLE_ASSIGNMENT|[64]|ng|{"Id":"00G1I000000aJ9FUAU","Name":"BDL2"}|0x512ec8dd
16:36:59.0 (40222225)|STATEMENT_EXECUTE|[64]
16:36:59.0 (40223765)|STATEMENT_EXECUTE|[65]
16:36:59.0 (40232724)|HEAP_ALLOCATE|[EXTERNAL]|Bytes:4
16:36:59.0 (40241673)|HEAP_ALLOCATE|[64]|Bytes:5
16:36:59.0 (40249430)|HEAP_ALLOCATE|[64]|Bytes:12
16:36:59.0 (40254374)|VARIABLE_SCOPE_BEGIN|[64]|ng|Group|true|false
16:36:59.0 (40269016)|VARIABLE_ASSIGNMENT|[64]|ng|{"Id":"00G1I000000aJ9KUAU","Name":"BFI5"}|0x725231d
16:36:59.0 (40274565)|STATEMENT_EXECUTE|[64]
16:36:59.0 (40276153)|STATEMENT_EXECUTE|[65]
16:36:59.0 (40285730)|HEAP_ALLOCATE|[EXTERNAL]|Bytes:4
16:36:59.0 (40295229)|HEAP_ALLOCATE|[64]|Bytes:5
16:36:59.0 (40303085)|HEAP_ALLOCATE|[64]|Bytes:12
16:36:59.0 (40308240)|VARIABLE_SCOPE_BEGIN|[64]|ng|Group|true|false
16:36:59.0 (40318473)|VARIABLE_ASSIGNMENT|[64]|ng|{"Id":"00G1I000000aJ90UAE","Name":"BNA2"}|0xb51285b
16:36:59.0 (40323938)|STATEMENT_EXECUTE|[64]
16:36:59.0 (40325665)|STATEMENT_EXECUTE|[65]
16:36:59.0 (40334572)|HEAP_ALLOCATE|[EXTERNAL]|Bytes:4
16:36:59.0 (40343608)|HEAP_ALLOCATE|[64]|Bytes:5
16:36:59.0 (40350886)|HEAP_ALLOCATE|[64]|Bytes:12
16:36:59.0 (40355790)|VARIABLE_SCOPE_BEGIN|[64]|ng|Group|true|false
16:36:59.0 (40365647)|VARIABLE_ASSIGNMENT|[64]|ng|{"Id":"00G1I000000aJ95UAE","Name":"BWI2"}|0x1c5663d2
16:36:59.0 (40370750)|STATEMENT_EXECUTE|[64]
16:36:59.0 (40372244)|STATEMENT_EXECUTE|[65]
16:36:59.0 (40380972)|HEAP_ALLOCATE|[EXTERNAL]|Bytes:4
16:36:59.0 (40390119)|HEAP_ALLOCATE|[64]|Bytes:5
16:36:59.0 (40397337)|HEAP_ALLOCATE|[64]|Bytes:12
16:36:59.0 (40401893)|VARIABLE_SCOPE_BEGIN|[64]|ng|Group|true|false
16:36:59.0 (40411720)|VARIABLE_ASSIGNMENT|[64]|ng|{"Id":"00G1I000000aJ8lUAE","Name":"CLT2"}|0x3b9938a5
16:36:59.0 (40416739)|STATEMENT_EXECUTE|[64]
16:36:59.0 (40418343)|STATEMENT_EXECUTE|[65]
16:36:59.0 (40427000)|HEAP_ALLOCATE|[EXTERNAL]|Bytes:4
16:36:59.0 (40435904)|HEAP_ALLOCATE|[64]|Bytes:5
16:36:59.0 (40443751)|HEAP_ALLOCATE|[64]|Bytes:12
16:36:59.0 (40448490)|VARIABLE_SCOPE_BEGIN|[64]|ng|Group|true|false
16:36:59.0 (40458282)|VARIABLE_ASSIGNMENT|[64]|ng|{"Id":"00G1I000000aJ9AUAU","Name":"CLT3"}|0x150ac900
16:36:59.0 (40463593)|STATEMENT_EXECUTE|[64]
16:36:59.0 (40465148)|STATEMENT_EXECUTE|[65]
16:36:59.0 (40473817)|HEAP_ALLOCATE|[EXTERNAL]|Bytes:4
16:36:59.0 (40482640)|HEAP_ALLOCATE|[64]|Bytes:5
16:36:59.0 (40492259)|VARIABLE_ASSIGNMENT|[64]|ng|null|
16:36:59.0 (40497224)|STATEMENT_EXECUTE|[68]
16:36:59.0 (40504363)|SYSTEM_MODE_EXIT|false
16:36:59.0 (40640516)|SYSTEM_MODE_ENTER|true
16:36:59.0 (40698075)|HEAP_ALLOCATE|[EXTERNAL]|Bytes:40
16:36:59.0 (40705185)|HEAP_ALLOCATE|[EXTERNAL]|Bytes:20
16:36:59.0 (40753638)|VARIABLE_ASSIGNMENT|[EXTERNAL]|this.leftOptions|"List of size 9 too large to display"|0x4225bbf5
16:36:59.0 (40888774)|SYSTEM_MODE_ENTER|true
16:36:59.0 (40936968)|HEAP_ALLOCATE|[EXTERNAL]|Bytes:36
16:36:59.0 (40980274)|VARIABLE_ASSIGNMENT|[EXTERNAL]|this|{"recordTypes":"0x7106b4ce"}|0x152a8c1b
16:36:59.0 (40997802)|SYSTEM_MODE_ENTER|false
16:36:59.0 (41007242)|HEAP_ALLOCATE|[75]|Bytes:5
16:36:59.0 (41012803)|STATEMENT_EXECUTE|[74]
16:36:59.0 (41014998)|STATEMENT_EXECUTE|[75]
16:36:59.0 (41027157)|HEAP_ALLOCATE|[75]|Bytes:4
16:36:59.0 (41051327)|VARIABLE_SCOPE_BEGIN|[75]|allQueues|List<System.SelectOption>|true|false
16:36:59.0 (41070913)|HEAP_ALLOCATE|[EXTERNAL]|Bytes:4
16:36:59.0 (41079341)|VARIABLE_ASSIGNMENT|[75]|allQueues|[]|0x2253820
16:36:59.0 (41085063)|STATEMENT_EXECUTE|[76]
16:36:59.0 (41096365)|HEAP_ALLOCATE|[76]|Bytes:4
16:36:59.0 (41215716)|SOQL_EXECUTE_BEGIN|[76]|Aggregations:0|SELECT Label FROM OpsHR_Setup__mdt
16:36:59.0 (43256208)|SOQL_EXECUTE_END|[76]|Rows:17
16:36:59.0 (43281601)|HEAP_ALLOCATE|[76]|Bytes:72
16:36:59.0 (43310833)|HEAP_ALLOCATE|[76]|Bytes:714
16:36:59.0 (43339600)|HEAP_ALLOCATE|[76]|Bytes:72
16:36:59.0 (43349887)|VARIABLE_SCOPE_BEGIN|[76]|allMDT|List<OpsHR_Setup__mdt>|true|false
16:36:59.0 (43364908)|VARIABLE_ASSIGNMENT|[76]|allMDT|"List of size 17 too large to display"|0x3828e975
16:36:59.0 (43371517)|STATEMENT_EXECUTE|[80]
16:36:59.0 (43375521)|HEAP_ALLOCATE|[80]|Bytes:39
16:36:59.0 (43391157)|HEAP_ALLOCATE|[80]|Bytes:4
16:36:59.0 (43408690)|METHOD_ENTRY|[80]||System.UserInfo.getUserId()
16:36:59.0 (43437721)|METHOD_EXIT|[80]||System.UserInfo.getUserId()
16:36:59.0 (43565405)|SOQL_EXECUTE_BEGIN|[80]|Aggregations:0|SELECT Id FROM User WHERE Id = :tmpVar1
16:36:59.0 (45511616)|SOQL_EXECUTE_END|[80]|Rows:1
16:36:59.0 (45529993)|HEAP_ALLOCATE|[80]|Bytes:8
16:36:59.0 (45541387)|HEAP_ALLOCATE|[80]|Bytes:29
16:36:59.0 (45568337)|HEAP_ALLOCATE|[80]|Bytes:8
16:36:59.0 (45590500)|HEAP_ALLOCATE|[80]|Bytes:8
16:36:59.0 (45597950)|VARIABLE_SCOPE_BEGIN|[80]|theUser|User|true|false
16:36:59.0 (45615057)|VARIABLE_ASSIGNMENT|[80]|theUser|{"Id":"0051I000000JaV8QAK"}|0x5ef1b76b
16:36:59.0 (45621798)|STATEMENT_EXECUTE|[83]
16:36:59.0 (45632556)|HEAP_ALLOCATE|[83]|Bytes:4
16:36:59.0 (45792207)|SOQL_EXECUTE_BEGIN|[83]|Aggregations:0|SELECT GroupId, Id, UserOrGroupId FROM GroupMember WHERE UserOrGroupId = :tmpVar1
16:36:59.0 (47674975)|SOQL_EXECUTE_END|[83]|Rows:7
16:36:59.0 (47696199)|HEAP_ALLOCATE|[83]|Bytes:32
16:36:59.0 (47716674)|HEAP_ALLOCATE|[83]|Bytes:651
16:36:59.0 (47743488)|HEAP_ALLOCATE|[83]|Bytes:32
16:36:59.0 (47753730)|VARIABLE_SCOPE_BEGIN|[83]|groupMembers|List<GroupMember>|true|false
16:36:59.0 (47769367)|VARIABLE_ASSIGNMENT|[83]|groupMembers|"List of size 7 too large to display"|0x1017fa0f
16:36:59.0 (47776396)|STATEMENT_EXECUTE|[84]
16:36:59.0 (47787319)|HEAP_ALLOCATE|[84]|Bytes:4
16:36:59.0 (47814066)|VARIABLE_SCOPE_BEGIN|[84]|groupIds|List<Id>|true|false
16:36:59.0 (47836053)|HEAP_ALLOCATE|[EXTERNAL]|Bytes:4
16:36:59.0 (47844738)|VARIABLE_ASSIGNMENT|[84]|groupIds|[]|0x32424367
16:36:59.0 (47884570)|HEAP_ALLOCATE|[86]|Bytes:5
16:36:59.0 (47898871)|HEAP_ALLOCATE|[86]|Bytes:16
16:36:59.0 (47905873)|VARIABLE_SCOPE_BEGIN|[86]|g|GroupMember|true|false
16:36:59.0 (47923994)|VARIABLE_ASSIGNMENT|[86]|g|{"GroupId":"00G1I000000OhKRUA0","Id":"0111I000000UDEyQAO","UserOrGroupId":"0051I000000JaV8QAK"}|0x3548255f
16:36:59.0 (47930768)|STATEMENT_EXECUTE|[86]
16:36:59.0 (47932612)|STATEMENT_EXECUTE|[87]
16:36:59.0 (47966984)|HEAP_ALLOCATE|[EXTERNAL]|Bytes:4
16:36:59.0 (47980908)|HEAP_ALLOCATE|[86]|Bytes:5
16:36:59.0 (47990787)|HEAP_ALLOCATE|[86]|Bytes:16
16:36:59.0 (47996111)|VARIABLE_SCOPE_BEGIN|[86]|g|GroupMember|true|false
16:36:59.0 (48008752)|VARIABLE_ASSIGNMENT|[86]|g|{"GroupId":"00G1I000000aJ8CUAU","Id":"0111I000000UDEpQAO","UserOrGroupId":"0051I000000JaV8QAK"}|0x5d36685a
16:36:59.0 (48015781)|STATEMENT_EXECUTE|[86]
16:36:59.0 (48017873)|STATEMENT_EXECUTE|[87]
16:36:59.0 (48027672)|HEAP_ALLOCATE|[EXTERNAL]|Bytes:4
16:36:59.0 (48038202)|HEAP_ALLOCATE|[86]|Bytes:5
16:36:59.0 (48046496)|HEAP_ALLOCATE|[86]|Bytes:16
16:36:59.0 (48051646)|VARIABLE_SCOPE_BEGIN|[86]|g|GroupMember|true|false
16:36:59.0 (48062703)|VARIABLE_ASSIGNMENT|[86]|g|{"GroupId":"00G1I000000aJ8HUAU","Id":"0111I000000UDEqQAO","UserOrGroupId":"0051I000000JaV8QAK"}|0x49b8c435
16:36:59.0 (48067524)|STATEMENT_EXECUTE|[86]
16:36:59.0 (48069022)|STATEMENT_EXECUTE|[87]
16:36:59.0 (48075668)|HEAP_ALLOCATE|[EXTERNAL]|Bytes:4
16:36:59.0 (48084830)|HEAP_ALLOCATE|[86]|Bytes:5
16:36:59.0 (48092189)|HEAP_ALLOCATE|[86]|Bytes:16
16:36:59.0 (48096760)|VARIABLE_SCOPE_BEGIN|[86]|g|GroupMember|true|false
16:36:59.0 (48107127)|VARIABLE_ASSIGNMENT|[86]|g|{"GroupId":"00G1I000000aJ8WUAU","Id":"0111I000000UCIpQAO","UserOrGroupId":"0051I000000JaV8QAK"}|0x771de8e3
16:36:59.0 (48113081)|STATEMENT_EXECUTE|[86]
16:36:59.0 (48114746)|STATEMENT_EXECUTE|[87]
16:36:59.0 (48121186)|HEAP_ALLOCATE|[EXTERNAL]|Bytes:4
16:36:59.0 (48130162)|HEAP_ALLOCATE|[86]|Bytes:5
16:36:59.0 (48138030)|HEAP_ALLOCATE|[86]|Bytes:16
16:36:59.0 (48142819)|VARIABLE_SCOPE_BEGIN|[86]|g|GroupMember|true|false
16:36:59.0 (48152897)|VARIABLE_ASSIGNMENT|[86]|g|{"GroupId":"00G1I000000aJ8gUAE","Id":"0111I000000UDExQAO","UserOrGroupId":"0051I000000JaV8QAK"}|0x38b5982
16:36:59.0 (48158152)|STATEMENT_EXECUTE|[86]
16:36:59.0 (48159610)|STATEMENT_EXECUTE|[87]
16:36:59.0 (48165984)|HEAP_ALLOCATE|[EXTERNAL]|Bytes:4
16:36:59.0 (48174802)|HEAP_ALLOCATE|[86]|Bytes:5
16:36:59.0 (48182834)|HEAP_ALLOCATE|[86]|Bytes:16
16:36:59.0 (48187209)|VARIABLE_SCOPE_BEGIN|[86]|g|GroupMember|true|false
16:36:59.0 (48197574)|VARIABLE_ASSIGNMENT|[86]|g|{"GroupId":"00G1I000000aJ8qUAE","Id":"0111I000000UDEnQAO","UserOrGroupId":"0051I000000JaV8QAK"}|0x6d918511
16:36:59.0 (48202926)|STATEMENT_EXECUTE|[86]
16:36:59.0 (48204444)|STATEMENT_EXECUTE|[87]
16:36:59.0 (48210564)|HEAP_ALLOCATE|[EXTERNAL]|Bytes:4
16:36:59.0 (48219826)|HEAP_ALLOCATE|[86]|Bytes:5
16:36:59.0 (48226892)|HEAP_ALLOCATE|[86]|Bytes:16
16:36:59.0 (48231381)|VARIABLE_SCOPE_BEGIN|[86]|g|GroupMember|true|false
16:36:59.0 (48241362)|VARIABLE_ASSIGNMENT|[86]|g|{"GroupId":"00G1I000000aJ8vUAE","Id":"0111I000000UDChQAO","UserOrGroupId":"0051I000000JaV8QAK"}|0x62876dfa
16:36:59.0 (48246517)|STATEMENT_EXECUTE|[86]
16:36:59.0 (48247990)|STATEMENT_EXECUTE|[87]
16:36:59.0 (48254169)|HEAP_ALLOCATE|[EXTERNAL]|Bytes:4
16:36:59.0 (48262657)|HEAP_ALLOCATE|[86]|Bytes:5
16:36:59.0 (48276981)|VARIABLE_ASSIGNMENT|[86]|g|null|
16:36:59.0 (48282731)|STATEMENT_EXECUTE|[91]
16:36:59.0 (48286180)|HEAP_ALLOCATE|[91]|Bytes:70
16:36:59.0 (48297767)|HEAP_ALLOCATE|[91]|Bytes:4
16:36:59.0 (48477420)|SOQL_EXECUTE_BEGIN|[91]|Aggregations:0|SELECT Id, Name FROM Group WHERE (Type = 'Regular' AND Id IN :tmpVar1)
16:36:59.0 (50908651)|SOQL_EXECUTE_END|[91]|Rows:7
16:36:59.0 (50926806)|HEAP_ALLOCATE|[91]|Bytes:32
16:36:59.0 (50945135)|HEAP_ALLOCATE|[91]|Bytes:292
16:36:59.0 (50971688)|HEAP_ALLOCATE|[91]|Bytes:32
16:36:59.0 (50981927)|VARIABLE_SCOPE_BEGIN|[91]|actualGroups|List<Group>|true|false
16:36:59.0 (50996992)|VARIABLE_ASSIGNMENT|[91]|actualGroups|"List of size 7 too large to display"|0x78899d26
16:36:59.0 (51037000)|HEAP_ALLOCATE|[93]|Bytes:5
16:36:59.0 (51051050)|HEAP_ALLOCATE|[93]|Bytes:12
16:36:59.0 (51058945)|VARIABLE_SCOPE_BEGIN|[93]|ng|Group|true|false
16:36:59.0 (51073477)|VARIABLE_ASSIGNMENT|[93]|ng|{"Id":"00G1I000000OhKRUA0","Name":"Reviewers"}|0x4baee928
16:36:59.0 (51079900)|STATEMENT_EXECUTE|[93]
16:36:59.0 (51081863)|STATEMENT_EXECUTE|[94]
16:36:59.0 (51137251)|HEAP_ALLOCATE|[EXTERNAL]|Bytes:4
16:36:59.0 (51152172)|HEAP_ALLOCATE|[93]|Bytes:5
16:36:59.0 (51161954)|HEAP_ALLOCATE|[93]|Bytes:12
16:36:59.0 (51168551)|VARIABLE_SCOPE_BEGIN|[93]|ng|Group|true|false
16:36:59.0 (51180874)|VARIABLE_ASSIGNMENT|[93]|ng|{"Id":"00G1I000000aJ8CUAU","Name":"BFI3"}|0x549240cf
16:36:59.0 (51186454)|STATEMENT_EXECUTE|[93]
16:36:59.0 (51188042)|STATEMENT_EXECUTE|[94]
16:36:59.0 (51201514)|HEAP_ALLOCATE|[EXTERNAL]|Bytes:4
16:36:59.0 (51215632)|HEAP_ALLOCATE|[93]|Bytes:5
16:36:59.0 (51224251)|HEAP_ALLOCATE|[93]|Bytes:12
16:36:59.0 (51229213)|VARIABLE_SCOPE_BEGIN|[93]|ng|Group|true|false
16:36:59.0 (51239755)|VARIABLE_ASSIGNMENT|[93]|ng|{"Id":"00G1I000000aJ8HUAU","Name":"BFI4"}|0x587359bc
16:36:59.0 (51245364)|STATEMENT_EXECUTE|[93]
16:36:59.0 (51247166)|STATEMENT_EXECUTE|[94]
16:36:59.0 (51257200)|HEAP_ALLOCATE|[EXTERNAL]|Bytes:4
16:36:59.0 (51270754)|HEAP_ALLOCATE|[93]|Bytes:5
16:36:59.0 (51279591)|HEAP_ALLOCATE|[93]|Bytes:12
16:36:59.0 (51284604)|VARIABLE_SCOPE_BEGIN|[93]|ng|Group|true|false
16:36:59.0 (51294523)|VARIABLE_ASSIGNMENT|[93]|ng|{"Id":"00G1I000000aJ8WUAU","Name":"CMH1"}|0x127dcbfe
16:36:59.0 (51300211)|STATEMENT_EXECUTE|[93]
16:36:59.0 (51301765)|STATEMENT_EXECUTE|[94]
16:36:59.0 (51311530)|HEAP_ALLOCATE|[EXTERNAL]|Bytes:4
16:36:59.0 (51320898)|HEAP_ALLOCATE|[93]|Bytes:5
16:36:59.0 (51328996)|HEAP_ALLOCATE|[93]|Bytes:12
16:36:59.0 (51333434)|VARIABLE_SCOPE_BEGIN|[93]|ng|Group|true|false
16:36:59.0 (51343463)|VARIABLE_ASSIGNMENT|[93]|ng|{"Id":"00G1I000000aJ8gUAE","Name":"DEN2"}|0x2e268730
16:36:59.0 (51351533)|STATEMENT_EXECUTE|[93]
16:36:59.0 (51353072)|STATEMENT_EXECUTE|[94]
16:36:59.0 (51362600)|HEAP_ALLOCATE|[EXTERNAL]|Bytes:4
16:36:59.0 (51372452)|HEAP_ALLOCATE|[93]|Bytes:5
16:36:59.0 (51381004)|HEAP_ALLOCATE|[93]|Bytes:12
16:36:59.0 (51385948)|VARIABLE_SCOPE_BEGIN|[93]|ng|Group|true|false
16:36:59.0 (51396166)|VARIABLE_ASSIGNMENT|[93]|ng|{"Id":"00G1I000000aJ8qUAE","Name":"AVP1"}|0x68f43e03
16:36:59.0 (51401459)|STATEMENT_EXECUTE|[93]
16:36:59.0 (51402955)|STATEMENT_EXECUTE|[94]
16:36:59.0 (51412025)|HEAP_ALLOCATE|[EXTERNAL]|Bytes:4
16:36:59.0 (51421164)|HEAP_ALLOCATE|[93]|Bytes:5
16:36:59.0 (51428483)|HEAP_ALLOCATE|[93]|Bytes:12
16:36:59.0 (51433378)|VARIABLE_SCOPE_BEGIN|[93]|ng|Group|true|false
16:36:59.0 (51443114)|VARIABLE_ASSIGNMENT|[93]|ng|{"Id":"00G1I000000aJ8vUAE","Name":"CAE1"}|0x2a082418
16:36:59.0 (51448190)|STATEMENT_EXECUTE|[93]
16:36:59.0 (51449694)|STATEMENT_EXECUTE|[94]
16:36:59.0 (51458276)|HEAP_ALLOCATE|[EXTERNAL]|Bytes:4
16:36:59.0 (51470057)|HEAP_ALLOCATE|[93]|Bytes:5
16:36:59.0 (51479484)|VARIABLE_ASSIGNMENT|[93]|ng|null|
16:36:59.0 (51484173)|STATEMENT_EXECUTE|[97]
16:36:59.0 (51490859)|SYSTEM_MODE_EXIT|false
16:36:59.0 (51605240)|SYSTEM_MODE_ENTER|true
16:36:59.0 (51652373)|HEAP_ALLOCATE|[EXTERNAL]|Bytes:32
16:36:59.0 (51658508)|HEAP_ALLOCATE|[EXTERNAL]|Bytes:20
16:36:59.0 (51671041)|VARIABLE_ASSIGNMENT|[EXTERNAL]|this.rightOptions|"List of size 7 too large to display"|0x4225bbf5
16:36:59.0 (51834228)|SYSTEM_MODE_ENTER|true
16:36:59.0 (52100217)|SYSTEM_MODE_ENTER|true
16:36:59.0 (69566765)|SYSTEM_MODE_ENTER|true
16:36:59.0 (69643309)|HEAP_ALLOCATE|[EXTERNAL]|Bytes:36
16:36:59.0 (69708405)|VARIABLE_ASSIGNMENT|[EXTERNAL]|this|{"recordTypes":"0x7106b4ce"}|0x152a8c1b
16:36:59.0 (69733166)|SYSTEM_MODE_ENTER|false
16:36:59.0 (69747408)|HEAP_ALLOCATE|[16]|Bytes:5
16:36:59.0 (69754003)|STATEMENT_EXECUTE|[15]
16:36:59.0 (69756450)|STATEMENT_EXECUTE|[16]
16:36:59.0 (69778608)|HEAP_ALLOCATE|[16]|Bytes:4
16:36:59.0 (69822932)|VARIABLE_SCOPE_BEGIN|[16]|pubGroups|List<System.SelectOption>|true|false
16:36:59.0 (69856890)|HEAP_ALLOCATE|[EXTERNAL]|Bytes:4
16:36:59.0 (69868913)|VARIABLE_ASSIGNMENT|[16]|pubGroups|[]|0x4fb8682d
16:36:59.0 (69875146)|STATEMENT_EXECUTE|[18]
16:36:59.0 (69881874)|HEAP_ALLOCATE|[18]|Bytes:49
16:36:59.0 (69901598)|HEAP_ALLOCATE|[18]|Bytes:4
16:36:59.0 (70096150)|SOQL_EXECUTE_BEGIN|[18]|Aggregations:0|SELECT Id, Name FROM Group WHERE Type = 'Regular'
16:36:59.0 (72576308)|SOQL_EXECUTE_END|[18]|Rows:16
16:36:59.0 (72597543)|HEAP_ALLOCATE|[18]|Bytes:68
16:36:59.0 (72633546)|HEAP_ALLOCATE|[18]|Bytes:661
16:36:59.0 (72671648)|HEAP_ALLOCATE|[18]|Bytes:68
16:36:59.0 (72683285)|VARIABLE_SCOPE_BEGIN|[18]|regularGroups|List<Group>|true|false
16:36:59.0 (72701469)|VARIABLE_ASSIGNMENT|[18]|regularGroups|"List of size 16 too large to display"|0x1dc29ce0
16:36:59.0 (72756384)|HEAP_ALLOCATE|[21]|Bytes:5
16:36:59.0 (72776497)|HEAP_ALLOCATE|[21]|Bytes:12
16:36:59.0 (72789123)|VARIABLE_SCOPE_BEGIN|[21]|rg|Group|true|false
16:36:59.0 (72806516)|VARIABLE_ASSIGNMENT|[21]|rg|{"Id":"00G1I000000aJ8bUAE","Name":"ABE2"}|0x55ab7a0
16:36:59.0 (72813236)|STATEMENT_EXECUTE|[21]
16:36:59.0 (72888024)|STATEMENT_EXECUTE|[22]
16:36:59.0 (72890366)|STATEMENT_EXECUTE|[23]
16:36:59.0 (72950338)|HEAP_ALLOCATE|[EXTERNAL]|Bytes:4
16:36:59.0 (72965773)|HEAP_ALLOCATE|[21]|Bytes:5
16:36:59.0 (72975493)|HEAP_ALLOCATE|[21]|Bytes:12
16:36:59.0 (72981631)|VARIABLE_SCOPE_BEGIN|[21]|rg|Group|true|false
16:36:59.0 (72997408)|VARIABLE_ASSIGNMENT|[21]|rg|{"Id":"00G1I000000aJ8RUAU","Name":"ABE4"}|0x295a8470
16:36:59.0 (73003444)|STATEMENT_EXECUTE|[21]
16:36:59.0 (73024004)|STATEMENT_EXECUTE|[22]
16:36:59.0 (73025787)|STATEMENT_EXECUTE|[23]
16:36:59.0 (73037001)|HEAP_ALLOCATE|[EXTERNAL]|Bytes:4
16:36:59.0 (73047685)|HEAP_ALLOCATE|[21]|Bytes:5
16:36:59.0 (73056003)|HEAP_ALLOCATE|[21]|Bytes:12
16:36:59.0 (73061147)|VARIABLE_SCOPE_BEGIN|[21]|rg|Group|true|false
16:36:59.0 (73071818)|VARIABLE_ASSIGNMENT|[21]|rg|{"Id":"00G1I000000aJ8MUAU","Name":"ABE8"}|0x67693941
16:36:59.0 (73076969)|STATEMENT_EXECUTE|[21]
16:36:59.0 (73090957)|STATEMENT_EXECUTE|[22]
16:36:59.0 (73092593)|STATEMENT_EXECUTE|[23]
16:36:59.0 (73100354)|HEAP_ALLOCATE|[EXTERNAL]|Bytes:4
16:36:59.0 (73109900)|HEAP_ALLOCATE|[21]|Bytes:5
16:36:59.0 (73120372)|HEAP_ALLOCATE|[21]|Bytes:12
16:36:59.0 (73125294)|VARIABLE_SCOPE_BEGIN|[21]|rg|Group|true|false
16:36:59.0 (73135628)|VARIABLE_ASSIGNMENT|[21]|rg|{"Id":"00G1I000000aJ8qUAE","Name":"AVP1"}|0xb6bb2e2
16:36:59.0 (73140978)|STATEMENT_EXECUTE|[21]
16:36:59.0 (73153972)|STATEMENT_EXECUTE|[22]
16:36:59.0 (73155613)|STATEMENT_EXECUTE|[23]
16:36:59.0 (73163361)|HEAP_ALLOCATE|[EXTERNAL]|Bytes:4
16:36:59.0 (73173852)|HEAP_ALLOCATE|[21]|Bytes:5
16:36:59.0 (73184215)|HEAP_ALLOCATE|[21]|Bytes:12
16:36:59.0 (73189136)|VARIABLE_SCOPE_BEGIN|[21]|rg|Group|true|false
16:36:59.0 (73199651)|VARIABLE_ASSIGNMENT|[21]|rg|{"Id":"00G1I000000aJ9FUAU","Name":"BDL2"}|0x5b5ce398
16:36:59.0 (73204700)|STATEMENT_EXECUTE|[21]
16:36:59.0 (73217696)|STATEMENT_EXECUTE|[22]
16:36:59.0 (73219263)|STATEMENT_EXECUTE|[23]
16:36:59.0 (73227155)|HEAP_ALLOCATE|[EXTERNAL]|Bytes:4
16:36:59.0 (73237175)|HEAP_ALLOCATE|[21]|Bytes:5
16:36:59.0 (73247624)|HEAP_ALLOCATE|[21]|Bytes:12
16:36:59.0 (73252580)|VARIABLE_SCOPE_BEGIN|[21]|rg|Group|true|false
16:36:59.0 (73262868)|VARIABLE_ASSIGNMENT|[21]|rg|{"Id":"00G1I000000aJ8CUAU","Name":"BFI3"}|0x26d88587
16:36:59.0 (73272265)|STATEMENT_EXECUTE|[21]
16:36:59.0 (73285748)|STATEMENT_EXECUTE|[22]
16:36:59.0 (73287673)|STATEMENT_EXECUTE|[23]
16:36:59.0 (73295757)|HEAP_ALLOCATE|[EXTERNAL]|Bytes:4
16:36:59.0 (73305834)|HEAP_ALLOCATE|[21]|Bytes:5
16:36:59.0 (73313410)|HEAP_ALLOCATE|[21]|Bytes:12
16:36:59.0 (73318021)|VARIABLE_SCOPE_BEGIN|[21]|rg|Group|true|false
16:36:59.0 (73328590)|VARIABLE_ASSIGNMENT|[21]|rg|{"Id":"00G1I000000aJ8HUAU","Name":"BFI4"}|0x8d5132c
16:36:59.0 (73333953)|STATEMENT_EXECUTE|[21]
16:36:59.0 (73346794)|STATEMENT_EXECUTE|[22]
16:36:59.0 (73348362)|STATEMENT_EXECUTE|[23]
16:36:59.0 (73356350)|HEAP_ALLOCATE|[EXTERNAL]|Bytes:4
16:36:59.0 (73369120)|HEAP_ALLOCATE|[21]|Bytes:5
16:36:59.0 (73377377)|HEAP_ALLOCATE|[21]|Bytes:12
16:36:59.0 (73382351)|VARIABLE_SCOPE_BEGIN|[21]|rg|Group|true|false
16:36:59.0 (73392833)|VARIABLE_ASSIGNMENT|[21]|rg|{"Id":"00G1I000000aJ9KUAU","Name":"BFI5"}|0x5e7f5c76
16:36:59.0 (73398262)|STATEMENT_EXECUTE|[21]
16:36:59.0 (73411206)|STATEMENT_EXECUTE|[22]
16:36:59.0 (73412836)|STATEMENT_EXECUTE|[23]
16:36:59.0 (73420480)|HEAP_ALLOCATE|[EXTERNAL]|Bytes:4
16:36:59.0 (73429996)|HEAP_ALLOCATE|[21]|Bytes:5
16:36:59.0 (73437896)|HEAP_ALLOCATE|[21]|Bytes:12
16:36:59.0 (73442642)|VARIABLE_SCOPE_BEGIN|[21]|rg|Group|true|false
16:36:59.0 (73452651)|VARIABLE_ASSIGNMENT|[21]|rg|{"Id":"00G1I000000aJ90UAE","Name":"BNA2"}|0x62032402
16:36:59.0 (73457866)|STATEMENT_EXECUTE|[21]
16:36:59.0 (73470866)|STATEMENT_EXECUTE|[22]
16:36:59.0 (73472459)|STATEMENT_EXECUTE|[23]
16:36:59.0 (73482887)|HEAP_ALLOCATE|[EXTERNAL]|Bytes:4
16:36:59.0 (73492614)|HEAP_ALLOCATE|[21]|Bytes:5
16:36:59.0 (73500223)|HEAP_ALLOCATE|[21]|Bytes:12
16:36:59.0 (73504791)|VARIABLE_SCOPE_BEGIN|[21]|rg|Group|true|false
16:36:59.0 (73515537)|VARIABLE_ASSIGNMENT|[21]|rg|{"Id":"00G1I000000aJ95UAE","Name":"BWI2"}|0x157178
16:36:59.0 (73520679)|STATEMENT_EXECUTE|[21]
16:36:59.0 (73533776)|STATEMENT_EXECUTE|[22]
16:36:59.0 (73535391)|STATEMENT_EXECUTE|[23]
16:36:59.0 (73543066)|HEAP_ALLOCATE|[EXTERNAL]|Bytes:4
16:36:59.0 (73552761)|HEAP_ALLOCATE|[21]|Bytes:5
16:36:59.0 (73560278)|HEAP_ALLOCATE|[21]|Bytes:12
16:36:59.0 (73572390)|VARIABLE_SCOPE_BEGIN|[21]|rg|Group|true|false
16:36:59.0 (73583600)|VARIABLE_ASSIGNMENT|[21]|rg|{"Id":"00G1I000000aJ8vUAE","Name":"CAE1"}|0x20794e25
16:36:59.0 (73588767)|STATEMENT_EXECUTE|[21]
16:36:59.0 (73605588)|STATEMENT_EXECUTE|[22]
16:36:59.0 (73607412)|STATEMENT_EXECUTE|[23]
16:36:59.0 (73615837)|HEAP_ALLOCATE|[EXTERNAL]|Bytes:4
16:36:59.0 (73626319)|HEAP_ALLOCATE|[21]|Bytes:5
16:36:59.0 (73634263)|HEAP_ALLOCATE|[21]|Bytes:12
16:36:59.0 (73638830)|VARIABLE_SCOPE_BEGIN|[21]|rg|Group|true|false
16:36:59.0 (73648935)|VARIABLE_ASSIGNMENT|[21]|rg|{"Id":"00G1I000000aJ8lUAE","Name":"CLT2"}|0x4c13ab0
16:36:59.0 (73653837)|STATEMENT_EXECUTE|[21]
16:36:59.0 (73666442)|STATEMENT_EXECUTE|[22]
16:36:59.0 (73668291)|STATEMENT_EXECUTE|[23]
16:36:59.0 (73676010)|HEAP_ALLOCATE|[EXTERNAL]|Bytes:4
16:36:59.0 (73685327)|HEAP_ALLOCATE|[21]|Bytes:5
16:36:59.0 (73692960)|HEAP_ALLOCATE|[21]|Bytes:12
16:36:59.0 (73697651)|VARIABLE_SCOPE_BEGIN|[21]|rg|Group|true|false
16:36:59.0 (73714838)|VARIABLE_ASSIGNMENT|[21]|rg|{"Id":"00G1I000000aJ9AUAU","Name":"CLT3"}|0x7f192d1e
16:36:59.0 (73722069)|STATEMENT_EXECUTE|[21]
16:36:59.0 (73739417)|STATEMENT_EXECUTE|[22]
16:36:59.0 (73741106)|STATEMENT_EXECUTE|[23]
16:36:59.0 (73750335)|HEAP_ALLOCATE|[EXTERNAL]|Bytes:4
16:36:59.0 (73761192)|HEAP_ALLOCATE|[21]|Bytes:5
16:36:59.0 (73769877)|HEAP_ALLOCATE|[21]|Bytes:12
16:36:59.0 (73775306)|VARIABLE_SCOPE_BEGIN|[21]|rg|Group|true|false
16:36:59.0 (73785537)|VARIABLE_ASSIGNMENT|[21]|rg|{"Id":"00G1I000000aJ8WUAU","Name":"CMH1"}|0x542c1d34
16:36:59.0 (73791025)|STATEMENT_EXECUTE|[21]
16:36:59.0 (73803863)|STATEMENT_EXECUTE|[22]
16:36:59.0 (73805502)|STATEMENT_EXECUTE|[23]
16:36:59.0 (73813534)|HEAP_ALLOCATE|[EXTERNAL]|Bytes:4
16:36:59.0 (73825887)|HEAP_ALLOCATE|[21]|Bytes:5
16:36:59.0 (73834008)|HEAP_ALLOCATE|[21]|Bytes:12
16:36:59.0 (73838890)|VARIABLE_SCOPE_BEGIN|[21]|rg|Group|true|false
16:36:59.0 (73849028)|VARIABLE_ASSIGNMENT|[21]|rg|{"Id":"00G1I000000aJ8gUAE","Name":"DEN2"}|0x3ece79f2
16:36:59.0 (73854068)|STATEMENT_EXECUTE|[21]
16:36:59.0 (73866796)|STATEMENT_EXECUTE|[22]
16:36:59.0 (73868552)|STATEMENT_EXECUTE|[23]
16:36:59.0 (73876269)|HEAP_ALLOCATE|[EXTERNAL]|Bytes:4
16:36:59.0 (73886067)|HEAP_ALLOCATE|[21]|Bytes:5
16:36:59.0 (73893667)|HEAP_ALLOCATE|[21]|Bytes:12
16:36:59.0 (73898371)|VARIABLE_SCOPE_BEGIN|[21]|rg|Group|true|false
16:36:59.0 (73908544)|VARIABLE_ASSIGNMENT|[21]|rg|{"Id":"00G1I000000OhKRUA0","Name":"Reviewers"}|0x33d7c021
16:36:59.0 (73913681)|STATEMENT_EXECUTE|[21]
16:36:59.0 (73926244)|STATEMENT_EXECUTE|[22]
16:36:59.0 (73932568)|HEAP_ALLOCATE|[21]|Bytes:5
16:36:59.0 (73942811)|VARIABLE_ASSIGNMENT|[21]|rg|null|
16:36:59.0 (73947952)|STATEMENT_EXECUTE|[26]
16:36:59.0 (73954490)|SYSTEM_MODE_EXIT|false
16:36:59.0 (74192835)|SYSTEM_MODE_ENTER|true
16:36:59.0 (74813223)|SYSTEM_MODE_ENTER|true
16:36:59.0 (74856226)|HEAP_ALLOCATE|[EXTERNAL]|Bytes:40
16:36:59.0 (74862226)|HEAP_ALLOCATE|[EXTERNAL]|Bytes:20
16:36:59.0 (74877337)|VARIABLE_ASSIGNMENT|[EXTERNAL]|this.leftOptions|"List of size 9 too large to display"|0x4225bbf5
16:36:59.0 (74941487)|SYSTEM_MODE_ENTER|true
16:36:59.0 (74965395)|HEAP_ALLOCATE|[EXTERNAL]|Bytes:32
16:36:59.0 (74969815)|HEAP_ALLOCATE|[EXTERNAL]|Bytes:20
16:36:59.0 (74978798)|VARIABLE_ASSIGNMENT|[EXTERNAL]|this.rightOptions|"List of size 7 too large to display"|0x4225bbf5
16:36:59.0 (99171021)|SYSTEM_MODE_ENTER|true
16:36:59.0 (101158118)|SYSTEM_MODE_ENTER|true
16:36:59.0 (101426928)|SYSTEM_MODE_ENTER|true
16:36:59.0 (101498235)|SYSTEM_MODE_ENTER|true
16:36:59.0 (103286673)|VF_SERIALIZE_VIEWSTATE_BEGIN|0661I000003daSA
16:36:59.0 (106090571)|VF_SERIALIZE_VIEWSTATE_END
16:36:59.108 (108558895)|CUMULATIVE_LIMIT_USAGE
16:36:59.108 (108558895)|LIMIT_USAGE_FOR_NS|(default)|
  Number of SOQL queries: 7 out of 100
  Number of query rows: 82 out of 50000
  Number of SOSL queries: 0 out of 20
  Number of DML statements: 0 out of 150
  Number of DML rows: 0 out of 10000
  Maximum CPU time: 0 out of 10000
  Maximum heap size: 0 out of 6000000
  Number of callouts: 0 out of 100
  Number of Email Invocations: 0 out of 10
  Number of future calls: 0 out of 50
  Number of queueable jobs added to the queue: 0 out of 50
  Number of Mobile Apex push calls: 0 out of 10

16:36:59.108 (108558895)|CUMULATIVE_LIMIT_USAGE_END

16:36:59.0 (108603254)|CODE_UNIT_FINISHED|VF: /apex/Settings
16:36:59.0 (109555910)|EXECUTION_FINISHED
