43.0 APEX_CODE,FINEST;APEX_PROFILING,INFO;CALLOUT,INFO;DB,INFO;NBA,INFO;SYSTEM,DEBUG;VALIDATION,INFO;VISUALFORCE,INFO;WAVE,INFO;WORKFLOW,INFO
17:19:07.0 (382402)|USER_INFO|[EXTERNAL]|0051I000000JaV8|amarvick94@gmail.com|Pacific Standard Time|GMT-07:00
17:19:07.0 (416356)|EXECUTION_STARTED
17:19:07.0 (420070)|CODE_UNIT_STARTED|[EXTERNAL]|Aura
17:19:07.0 (2142051)|CODE_UNIT_STARTED|[EXTERNAL]|01p1I00000GA2Qw|CampingListController.getItems()
17:19:07.0 (2338614)|HEAP_ALLOCATE|[72]|Bytes:3
17:19:07.0 (2398342)|HEAP_ALLOCATE|[77]|Bytes:152
17:19:07.0 (2413582)|HEAP_ALLOCATE|[342]|Bytes:408
17:19:07.0 (2424667)|HEAP_ALLOCATE|[355]|Bytes:408
17:19:07.0 (2435229)|HEAP_ALLOCATE|[467]|Bytes:48
17:19:07.0 (2461643)|HEAP_ALLOCATE|[139]|Bytes:6
17:19:07.0 (2508913)|HEAP_ALLOCATE|[EXTERNAL]|Bytes:3
17:19:07.0 (2521879)|METHOD_ENTRY|[1]|01p1I00000GA2Qw|CampingListController.CampingListController()
17:19:07.0 (2531304)|STATEMENT_EXECUTE|[1]
17:19:07.0 (2541637)|STATEMENT_EXECUTE|[1]
17:19:07.0 (2546549)|METHOD_EXIT|[1]|CampingListController
17:19:07.0 (2562307)|SYSTEM_MODE_ENTER|false
17:19:07.0 (2574067)|STATEMENT_EXECUTE|[3]
17:19:07.0 (2575792)|STATEMENT_EXECUTE|[4]
17:19:07.0 (2579032)|HEAP_ALLOCATE|[4]|Bytes:70
17:19:07.0 (2605465)|HEAP_ALLOCATE|[4]|Bytes:4
17:19:07.0 (2655549)|HEAP_ALLOCATE|[50]|Bytes:5
17:19:07.0 (2681309)|HEAP_ALLOCATE|[56]|Bytes:5
17:19:07.0 (2688964)|HEAP_ALLOCATE|[64]|Bytes:7
17:19:07.0 (3134934)|SOQL_EXECUTE_BEGIN|[4]|Aggregations:0|SELECT id, name, price__c, Quantity__c, Packed__c FROM Camping_Item__c
17:19:07.0 (5400652)|SOQL_EXECUTE_END|[4]|Rows:0
17:19:07.0 (5426999)|HEAP_ALLOCATE|[4]|Bytes:4
17:19:07.0 (5440911)|HEAP_ALLOCATE|[4]|Bytes:0
17:19:07.0 (5547567)|HEAP_ALLOCATE|[4]|Bytes:4
17:19:07.0 (5562727)|VARIABLE_SCOPE_BEGIN|[4]|CI|List<Camping_Item__c>|true|false
17:19:07.0 (5594533)|VARIABLE_ASSIGNMENT|[4]|CI|[]|0x579b5ee
17:19:07.0 (5602120)|STATEMENT_EXECUTE|[5]
17:19:07.0 (5609371)|SYSTEM_MODE_EXIT|false
17:19:07.5 (5630076)|CUMULATIVE_LIMIT_USAGE
17:19:07.5 (5630076)|LIMIT_USAGE_FOR_NS|(default)|
  Number of SOQL queries: 1 out of 100
  Number of query rows: 0 out of 50000
  Number of SOSL queries: 0 out of 20
  Number of DML statements: 0 out of 150
  Number of DML rows: 0 out of 10000
  Maximum CPU time: 0 out of 10000
  Maximum heap size: 0 out of 6000000
  Number of callouts: 0 out of 100
  Number of Email Invocations: 0 out of 10
  Number of future calls: 0 out of 50
  Number of queueable jobs added to the queue: 0 out of 50
  Number of Mobile Apex push calls: 0 out of 10

17:19:07.5 (5630076)|CUMULATIVE_LIMIT_USAGE_END

17:19:07.0 (5662158)|CODE_UNIT_FINISHED|CampingListController.getItems()
17:19:07.0 (5718791)|CODE_UNIT_FINISHED|Aura
17:19:07.0 (6846315)|EXECUTION_FINISHED
