43.0 APEX_CODE,FINEST;APEX_PROFILING,INFO;CALLOUT,INFO;DB,INFO;NBA,INFO;SYSTEM,DEBUG;VALIDATION,INFO;VISUALFORCE,INFO;WAVE,INFO;WORKFLOW,INFO
17:49:40.0 (105671)|USER_INFO|[EXTERNAL]|0051I000000JaV8|amarvick94@gmail.com|Pacific Standard Time|GMT-07:00
17:49:40.0 (145635)|EXECUTION_STARTED
17:49:40.0 (152427)|CODE_UNIT_STARTED|[EXTERNAL]|Aura
17:49:40.0 (939749)|HEAP_ALLOCATE|[72]|Bytes:3
17:49:40.0 (1003427)|HEAP_ALLOCATE|[77]|Bytes:152
17:49:40.0 (1021136)|HEAP_ALLOCATE|[342]|Bytes:408
17:49:40.0 (1033050)|HEAP_ALLOCATE|[355]|Bytes:408
17:49:40.0 (1047787)|HEAP_ALLOCATE|[467]|Bytes:48
17:49:40.0 (1071540)|HEAP_ALLOCATE|[139]|Bytes:6
17:49:40.0 (1092809)|HEAP_ALLOCATE|[EXTERNAL]|Bytes:11
17:49:40.0 (1102085)|HEAP_ALLOCATE|[EXTERNAL]|Bytes:11
17:49:40.0 (1201176)|HEAP_ALLOCATE|[EXTERNAL]|Bytes:9
17:49:40.0 (1207751)|HEAP_ALLOCATE|[EXTERNAL]|Bytes:9
17:49:40.0 (2043928)|CODE_UNIT_STARTED|[EXTERNAL]|01p1I00000GA27z|PickListController.getPickListValuesIntoList(String, String)
17:49:40.0 (2210253)|HEAP_ALLOCATE|[EXTERNAL]|Bytes:1
17:49:40.0 (2231183)|METHOD_ENTRY|[1]|01p1I00000GA27z|PickListController.PickListController()
17:49:40.0 (2241883)|STATEMENT_EXECUTE|[1]
17:49:40.0 (2247895)|STATEMENT_EXECUTE|[1]
17:49:40.0 (2254774)|METHOD_EXIT|[1]|PickListController
17:49:40.0 (2262388)|HEAP_ALLOCATE|[EXTERNAL]|Bytes:11
17:49:40.0 (2266398)|HEAP_ALLOCATE|[EXTERNAL]|Bytes:9
17:49:40.0 (2290271)|SYSTEM_MODE_ENTER|false
17:49:40.0 (2306211)|VARIABLE_SCOPE_BEGIN|[3]|objectType|String|false|false
17:49:40.0 (2334339)|VARIABLE_ASSIGNMENT|[3]|objectType|"Property__c"
17:49:40.0 (2340263)|VARIABLE_SCOPE_BEGIN|[3]|selectedField|String|false|false
17:49:40.0 (2349203)|VARIABLE_ASSIGNMENT|[3]|selectedField|"Status__c"
17:49:40.0 (2360728)|STATEMENT_EXECUTE|[3]
17:49:40.0 (2362496)|STATEMENT_EXECUTE|[4]
17:49:40.0 (2392530)|HEAP_ALLOCATE|[4]|Bytes:4
17:49:40.0 (2442988)|VARIABLE_SCOPE_BEGIN|[4]|pickListValuesList|List<String>|true|false
17:49:40.0 (2482220)|HEAP_ALLOCATE|[EXTERNAL]|Bytes:4
17:49:40.0 (2513168)|VARIABLE_ASSIGNMENT|[4]|pickListValuesList|[]|0x4e305bf4
17:49:40.0 (2520214)|STATEMENT_EXECUTE|[5]
17:49:40.0 (2563860)|HEAP_ALLOCATE|[50]|Bytes:5
17:49:40.0 (2593089)|HEAP_ALLOCATE|[56]|Bytes:5
17:49:40.0 (2602263)|HEAP_ALLOCATE|[64]|Bytes:7
17:49:40.0 (19576323)|HEAP_ALLOCATE|[5]|Bytes:1908
17:49:40.0 (19656276)|VARIABLE_SCOPE_BEGIN|[5]|convertToObj|Schema.SObjectType|true|false
17:49:40.0 (19893211)|VARIABLE_ASSIGNMENT|[5]|convertToObj|"common.apex.runtime.impl.ApexSObjectTypeToken@8a36b43"|0x8a36b43
17:49:40.0 (19907467)|STATEMENT_EXECUTE|[6]
17:49:40.0 (20180417)|HEAP_ALLOCATE|[6]|Bytes:4
17:49:40.0 (20223215)|VARIABLE_SCOPE_BEGIN|[6]|res|Schema.DescribeSObjectResult|true|false
17:49:40.0 (20312356)|VARIABLE_ASSIGNMENT|[6]|res|"common.api.soap.wsdl.DescribeSObjectResult@4a64e6ec"|0x1802bac7
17:49:40.0 (20321891)|STATEMENT_EXECUTE|[7]
17:49:40.0 (20766186)|HEAP_ALLOCATE|[7]|Bytes:160
17:49:40.0 (21190871)|HEAP_ALLOCATE|[7]|Bytes:8
17:49:40.0 (21217484)|VARIABLE_SCOPE_BEGIN|[7]|fieldResult|Schema.DescribeFieldResult|true|false
17:49:40.0 (21596405)|VARIABLE_ASSIGNMENT|[7]|fieldResult|"common.api.soap.wsdl.Field@f61f15cd"|0x4ea6981e
17:49:40.0 (21607927)|STATEMENT_EXECUTE|[8]
17:49:40.0 (21637498)|HEAP_ALLOCATE|[EXTERNAL]|Bytes:24
17:49:40.0 (21704027)|HEAP_ALLOCATE|[8]|Bytes:24
17:49:40.0 (21716329)|VARIABLE_SCOPE_BEGIN|[8]|ple|List<Schema.PicklistEntry>|true|false
17:49:40.0 (21741385)|VARIABLE_ASSIGNMENT|[8]|ple|[Contracted,Pre Market,Available,Under Agreement,Closed]|0x522d46d8
17:49:40.0 (22006864)|HEAP_ALLOCATE|[9]|Bytes:5
17:49:40.0 (22105891)|HEAP_ALLOCATE|[9]|Bytes:4
17:49:40.0 (22146132)|VARIABLE_SCOPE_BEGIN|[9]|pickListVal|Schema.PicklistEntry|true|false
17:49:40.0 (22166521)|VARIABLE_ASSIGNMENT|[9]|pickListVal|Contracted|0x484df9bd
17:49:40.0 (22179401)|STATEMENT_EXECUTE|[9]
17:49:40.0 (22182146)|STATEMENT_EXECUTE|[10]
17:49:40.0 (22205171)|HEAP_ALLOCATE|[10]|Bytes:10
17:49:40.0 (22255030)|HEAP_ALLOCATE|[EXTERNAL]|Bytes:4
17:49:40.0 (22273728)|HEAP_ALLOCATE|[9]|Bytes:5
17:49:40.0 (22286703)|HEAP_ALLOCATE|[9]|Bytes:4
17:49:40.0 (22302670)|VARIABLE_SCOPE_BEGIN|[9]|pickListVal|Schema.PicklistEntry|true|false
17:49:40.0 (22314947)|VARIABLE_ASSIGNMENT|[9]|pickListVal|Pre Market|0x70ee6dea
17:49:40.0 (22321048)|STATEMENT_EXECUTE|[9]
17:49:40.0 (22322923)|STATEMENT_EXECUTE|[10]
17:49:40.0 (22329167)|HEAP_ALLOCATE|[10]|Bytes:10
17:49:40.0 (22338603)|HEAP_ALLOCATE|[EXTERNAL]|Bytes:4
17:49:40.0 (22349167)|HEAP_ALLOCATE|[9]|Bytes:5
17:49:40.0 (22359207)|HEAP_ALLOCATE|[9]|Bytes:4
17:49:40.0 (22370975)|VARIABLE_SCOPE_BEGIN|[9]|pickListVal|Schema.PicklistEntry|true|false
17:49:40.0 (22380923)|VARIABLE_ASSIGNMENT|[9]|pickListVal|Available|0xeb6278
17:49:40.0 (22387006)|STATEMENT_EXECUTE|[9]
17:49:40.0 (22388684)|STATEMENT_EXECUTE|[10]
17:49:40.0 (22393183)|HEAP_ALLOCATE|[10]|Bytes:9
17:49:40.0 (22400811)|HEAP_ALLOCATE|[EXTERNAL]|Bytes:4
17:49:40.0 (22410603)|HEAP_ALLOCATE|[9]|Bytes:5
17:49:40.0 (22419597)|HEAP_ALLOCATE|[9]|Bytes:4
17:49:40.0 (22429631)|VARIABLE_SCOPE_BEGIN|[9]|pickListVal|Schema.PicklistEntry|true|false
17:49:40.0 (22438744)|VARIABLE_ASSIGNMENT|[9]|pickListVal|Under Agreement|0x3d8b561d
17:49:40.0 (22444455)|STATEMENT_EXECUTE|[9]
17:49:40.0 (22446042)|STATEMENT_EXECUTE|[10]
17:49:40.0 (22450884)|HEAP_ALLOCATE|[10]|Bytes:15
17:49:40.0 (22458420)|HEAP_ALLOCATE|[EXTERNAL]|Bytes:4
17:49:40.0 (22468452)|HEAP_ALLOCATE|[9]|Bytes:5
17:49:40.0 (22477702)|HEAP_ALLOCATE|[9]|Bytes:4
17:49:40.0 (22488090)|VARIABLE_SCOPE_BEGIN|[9]|pickListVal|Schema.PicklistEntry|true|false
17:49:40.0 (22497494)|VARIABLE_ASSIGNMENT|[9]|pickListVal|Closed|0x1a2cc000
17:49:40.0 (22503453)|STATEMENT_EXECUTE|[9]
17:49:40.0 (22505036)|STATEMENT_EXECUTE|[10]
17:49:40.0 (22509551)|HEAP_ALLOCATE|[10]|Bytes:6
17:49:40.0 (22517021)|HEAP_ALLOCATE|[EXTERNAL]|Bytes:4
17:49:40.0 (22526877)|HEAP_ALLOCATE|[9]|Bytes:5
17:49:40.0 (22538253)|VARIABLE_ASSIGNMENT|[9]|pickListVal|null|
17:49:40.0 (22544492)|STATEMENT_EXECUTE|[12]
17:49:40.0 (22554355)|SYSTEM_MODE_EXIT|false
17:49:40.22 (22583955)|CUMULATIVE_LIMIT_USAGE
17:49:40.22 (22583955)|LIMIT_USAGE_FOR_NS|(default)|
  Number of SOQL queries: 0 out of 100
  Number of query rows: 0 out of 50000
  Number of SOSL queries: 0 out of 20
  Number of DML statements: 0 out of 150
  Number of DML rows: 0 out of 10000
  Maximum CPU time: 0 out of 10000
  Maximum heap size: 0 out of 6000000
  Number of callouts: 0 out of 100
  Number of Email Invocations: 0 out of 10
  Number of future calls: 0 out of 50
  Number of queueable jobs added to the queue: 0 out of 50
  Number of Mobile Apex push calls: 0 out of 10

17:49:40.22 (22583955)|CUMULATIVE_LIMIT_USAGE_END

17:49:40.0 (22618239)|CODE_UNIT_FINISHED|PickListController.getPickListValuesIntoList(String, String)
17:49:40.0 (22697966)|CODE_UNIT_FINISHED|Aura
17:49:40.0 (23914419)|EXECUTION_FINISHED
