43.0 APEX_CODE,FINEST;APEX_PROFILING,INFO;CALLOUT,INFO;DB,INFO;NBA,INFO;SYSTEM,DEBUG;VALIDATION,INFO;VISUALFORCE,INFO;WAVE,INFO;WORKFLOW,INFO
17:23:05.0 (90091)|USER_INFO|[EXTERNAL]|0051I000000JaV8|amarvick94@gmail.com|Pacific Standard Time|GMT-07:00
17:23:05.0 (128983)|EXECUTION_STARTED
17:23:05.0 (132919)|CODE_UNIT_STARTED|[EXTERNAL]|Aura
17:23:05.0 (1265659)|CODE_UNIT_STARTED|[EXTERNAL]|01p1I00000GA2Qw|CampingListController.getItems()
17:23:05.0 (1458144)|HEAP_ALLOCATE|[72]|Bytes:3
17:23:05.0 (1517450)|HEAP_ALLOCATE|[77]|Bytes:152
17:23:05.0 (1533673)|HEAP_ALLOCATE|[342]|Bytes:408
17:23:05.0 (1551615)|HEAP_ALLOCATE|[355]|Bytes:408
17:23:05.0 (1563174)|HEAP_ALLOCATE|[467]|Bytes:48
17:23:05.0 (1589294)|HEAP_ALLOCATE|[139]|Bytes:6
17:23:05.0 (1659724)|HEAP_ALLOCATE|[EXTERNAL]|Bytes:3
17:23:05.0 (1673396)|METHOD_ENTRY|[1]|01p1I00000GA2Qw|CampingListController.CampingListController()
17:23:05.0 (1682801)|STATEMENT_EXECUTE|[1]
17:23:05.0 (1688766)|STATEMENT_EXECUTE|[1]
17:23:05.0 (1693831)|METHOD_EXIT|[1]|CampingListController
17:23:05.0 (1706193)|SYSTEM_MODE_ENTER|false
17:23:05.0 (1718734)|STATEMENT_EXECUTE|[3]
17:23:05.0 (1720525)|STATEMENT_EXECUTE|[4]
17:23:05.0 (1723353)|HEAP_ALLOCATE|[4]|Bytes:70
17:23:05.0 (1749398)|HEAP_ALLOCATE|[4]|Bytes:4
17:23:05.0 (1800261)|HEAP_ALLOCATE|[50]|Bytes:5
17:23:05.0 (1826835)|HEAP_ALLOCATE|[56]|Bytes:5
17:23:05.0 (1834229)|HEAP_ALLOCATE|[64]|Bytes:7
17:23:05.0 (2205388)|SOQL_EXECUTE_BEGIN|[4]|Aggregations:0|SELECT id, name, price__c, Quantity__c, Packed__c FROM Camping_Item__c
17:23:05.0 (4254757)|SOQL_EXECUTE_END|[4]|Rows:0
17:23:05.0 (4280047)|HEAP_ALLOCATE|[4]|Bytes:4
17:23:05.0 (4294777)|HEAP_ALLOCATE|[4]|Bytes:0
17:23:05.0 (4395302)|HEAP_ALLOCATE|[4]|Bytes:4
17:23:05.0 (4410120)|VARIABLE_SCOPE_BEGIN|[4]|CI|List<Camping_Item__c>|true|false
17:23:05.0 (4443357)|VARIABLE_ASSIGNMENT|[4]|CI|[]|0x19a02f21
17:23:05.0 (4450859)|STATEMENT_EXECUTE|[5]
17:23:05.0 (4457894)|SYSTEM_MODE_EXIT|false
17:23:05.4 (4481052)|CUMULATIVE_LIMIT_USAGE
17:23:05.4 (4481052)|LIMIT_USAGE_FOR_NS|(default)|
  Number of SOQL queries: 1 out of 100
  Number of query rows: 0 out of 50000
  Number of SOSL queries: 0 out of 20
  Number of DML statements: 0 out of 150
  Number of DML rows: 0 out of 10000
  Maximum CPU time: 0 out of 10000
  Maximum heap size: 0 out of 6000000
  Number of callouts: 0 out of 100
  Number of Email Invocations: 0 out of 10
  Number of future calls: 0 out of 50
  Number of queueable jobs added to the queue: 0 out of 50
  Number of Mobile Apex push calls: 0 out of 10

17:23:05.4 (4481052)|CUMULATIVE_LIMIT_USAGE_END

17:23:05.0 (4513780)|CODE_UNIT_FINISHED|CampingListController.getItems()
17:23:05.0 (4574216)|CODE_UNIT_FINISHED|Aura
17:23:05.0 (5743650)|EXECUTION_FINISHED
