43.0 APEX_CODE,FINEST;APEX_PROFILING,INFO;CALLOUT,INFO;DB,INFO;NBA,INFO;SYSTEM,DEBUG;VALIDATION,INFO;VISUALFORCE,INFO;WAVE,INFO;WORKFLOW,INFO
17:01:06.0 (378839)|USER_INFO|[EXTERNAL]|0051I000000JaV8|amarvick94@gmail.com|Pacific Standard Time|GMT-07:00
17:01:06.0 (415903)|EXECUTION_STARTED
17:01:06.0 (420588)|CODE_UNIT_STARTED|[EXTERNAL]|Aura
17:01:06.0 (2452726)|CODE_UNIT_STARTED|[EXTERNAL]|01p1I00000GA2Qw|CampingListController.getItems()
17:01:06.0 (2657734)|HEAP_ALLOCATE|[72]|Bytes:3
17:01:06.0 (2733380)|HEAP_ALLOCATE|[77]|Bytes:152
17:01:06.0 (2760558)|HEAP_ALLOCATE|[342]|Bytes:408
17:01:06.0 (2785835)|HEAP_ALLOCATE|[355]|Bytes:408
17:01:06.0 (2809146)|HEAP_ALLOCATE|[467]|Bytes:48
17:01:06.0 (2858220)|HEAP_ALLOCATE|[139]|Bytes:6
17:01:06.0 (2961414)|HEAP_ALLOCATE|[EXTERNAL]|Bytes:3
17:01:06.0 (2981232)|METHOD_ENTRY|[1]|01p1I00000GA2Qw|CampingListController.CampingListController()
17:01:06.0 (2991935)|STATEMENT_EXECUTE|[1]
17:01:06.0 (2998458)|STATEMENT_EXECUTE|[1]
17:01:06.0 (3003709)|METHOD_EXIT|[1]|CampingListController
17:01:06.0 (3023966)|SYSTEM_MODE_ENTER|false
17:01:06.0 (3042003)|STATEMENT_EXECUTE|[3]
17:01:06.0 (3044802)|STATEMENT_EXECUTE|[4]
17:01:06.0 (3049875)|HEAP_ALLOCATE|[4]|Bytes:70
17:01:06.0 (3086919)|HEAP_ALLOCATE|[4]|Bytes:4
17:01:06.0 (3155414)|HEAP_ALLOCATE|[50]|Bytes:5
17:01:06.0 (3194142)|HEAP_ALLOCATE|[56]|Bytes:5
17:01:06.0 (3207125)|HEAP_ALLOCATE|[64]|Bytes:7
17:01:06.0 (4176862)|SOQL_EXECUTE_BEGIN|[4]|Aggregations:0|SELECT id, name, price__c, Quantity__c, Packed__c FROM Camping_Item__c
17:01:06.0 (7058194)|SOQL_EXECUTE_END|[4]|Rows:0
17:01:06.0 (7096521)|HEAP_ALLOCATE|[4]|Bytes:4
17:01:06.0 (7114313)|HEAP_ALLOCATE|[4]|Bytes:0
17:01:06.0 (7266337)|HEAP_ALLOCATE|[4]|Bytes:4
17:01:06.0 (7288905)|VARIABLE_SCOPE_BEGIN|[4]|CI|List<Camping_Item__c>|true|false
17:01:06.0 (7325857)|VARIABLE_ASSIGNMENT|[4]|CI|[]|0x7b5c46b8
17:01:06.0 (7336308)|STATEMENT_EXECUTE|[5]
17:01:06.0 (7348936)|SYSTEM_MODE_EXIT|false
17:01:06.7 (7374484)|CUMULATIVE_LIMIT_USAGE
17:01:06.7 (7374484)|LIMIT_USAGE_FOR_NS|(default)|
  Number of SOQL queries: 1 out of 100
  Number of query rows: 0 out of 50000
  Number of SOSL queries: 0 out of 20
  Number of DML statements: 0 out of 150
  Number of DML rows: 0 out of 10000
  Maximum CPU time: 0 out of 10000
  Maximum heap size: 0 out of 6000000
  Number of callouts: 0 out of 100
  Number of Email Invocations: 0 out of 10
  Number of future calls: 0 out of 50
  Number of queueable jobs added to the queue: 0 out of 50
  Number of Mobile Apex push calls: 0 out of 10

17:01:06.7 (7374484)|CUMULATIVE_LIMIT_USAGE_END

17:01:06.0 (7410439)|CODE_UNIT_FINISHED|CampingListController.getItems()
17:01:06.0 (7508309)|CODE_UNIT_FINISHED|Aura
17:01:06.0 (8994072)|EXECUTION_FINISHED
