43.0 APEX_CODE,FINEST;APEX_PROFILING,INFO;CALLOUT,INFO;DB,INFO;NBA,INFO;SYSTEM,DEBUG;VALIDATION,INFO;VISUALFORCE,INFO;WAVE,INFO;WORKFLOW,INFO
16:54:55.0 (91053)|USER_INFO|[EXTERNAL]|0051I000000JaV8|amarvick94@gmail.com|Pacific Standard Time|GMT-07:00
16:54:55.0 (125589)|EXECUTION_STARTED
16:54:55.0 (131144)|CODE_UNIT_STARTED|[EXTERNAL]|Aura
16:54:55.0 (1640343)|CODE_UNIT_STARTED|[EXTERNAL]|01p1I00000GA2Qw|CampingListController.getItems()
16:54:55.0 (1900072)|HEAP_ALLOCATE|[72]|Bytes:3
16:54:55.0 (1969993)|HEAP_ALLOCATE|[77]|Bytes:152
16:54:55.0 (1986156)|HEAP_ALLOCATE|[342]|Bytes:408
16:54:55.0 (1997852)|HEAP_ALLOCATE|[355]|Bytes:408
16:54:55.0 (2008387)|HEAP_ALLOCATE|[467]|Bytes:48
16:54:55.0 (2040609)|HEAP_ALLOCATE|[139]|Bytes:6
16:54:55.0 (2129606)|HEAP_ALLOCATE|[EXTERNAL]|Bytes:3
16:54:55.0 (2194345)|METHOD_ENTRY|[1]|01p1I00000GA2Qw|CampingListController.CampingListController()
16:54:55.0 (2210189)|STATEMENT_EXECUTE|[1]
16:54:55.0 (2219024)|STATEMENT_EXECUTE|[1]
16:54:55.0 (2239610)|METHOD_EXIT|[1]|CampingListController
16:54:55.0 (2258845)|SYSTEM_MODE_ENTER|false
16:54:55.0 (2448730)|STATEMENT_EXECUTE|[3]
16:54:55.0 (2450841)|STATEMENT_EXECUTE|[4]
16:54:55.0 (2454574)|HEAP_ALLOCATE|[4]|Bytes:70
16:54:55.0 (2491518)|HEAP_ALLOCATE|[4]|Bytes:4
16:54:55.0 (2560875)|HEAP_ALLOCATE|[50]|Bytes:5
16:54:55.0 (2588544)|HEAP_ALLOCATE|[56]|Bytes:5
16:54:55.0 (2596048)|HEAP_ALLOCATE|[64]|Bytes:7
16:54:55.0 (2998681)|SOQL_EXECUTE_BEGIN|[4]|Aggregations:0|SELECT id, name, price__c, Quantity__c, Packed__c FROM Camping_Item__c
16:54:55.0 (5224073)|SOQL_EXECUTE_END|[4]|Rows:0
16:54:55.0 (5258570)|HEAP_ALLOCATE|[4]|Bytes:4
16:54:55.0 (5275841)|HEAP_ALLOCATE|[4]|Bytes:0
16:54:55.0 (5407043)|HEAP_ALLOCATE|[4]|Bytes:4
16:54:55.0 (5426599)|VARIABLE_SCOPE_BEGIN|[4]|CI|List<Camping_Item__c>|true|false
16:54:55.0 (5470758)|VARIABLE_ASSIGNMENT|[4]|CI|[]|0x50cd9973
16:54:55.0 (5487433)|STATEMENT_EXECUTE|[5]
16:54:55.0 (5511493)|SYSTEM_MODE_EXIT|false
16:54:55.5 (5543933)|CUMULATIVE_LIMIT_USAGE
16:54:55.5 (5543933)|LIMIT_USAGE_FOR_NS|(default)|
  Number of SOQL queries: 1 out of 100
  Number of query rows: 0 out of 50000
  Number of SOSL queries: 0 out of 20
  Number of DML statements: 0 out of 150
  Number of DML rows: 0 out of 10000
  Maximum CPU time: 0 out of 10000
  Maximum heap size: 0 out of 6000000
  Number of callouts: 0 out of 100
  Number of Email Invocations: 0 out of 10
  Number of future calls: 0 out of 50
  Number of queueable jobs added to the queue: 0 out of 50
  Number of Mobile Apex push calls: 0 out of 10

16:54:55.5 (5543933)|CUMULATIVE_LIMIT_USAGE_END

16:54:55.0 (5585160)|CODE_UNIT_FINISHED|CampingListController.getItems()
16:54:55.0 (5664205)|CODE_UNIT_FINISHED|Aura
16:54:55.0 (6865070)|EXECUTION_FINISHED
