42.0 APEX_CODE,FINEST;APEX_PROFILING,INFO;CALLOUT,INFO;DB,INFO;SYSTEM,DEBUG;VALIDATION,INFO;VISUALFORCE,INFO;WAVE,INFO;WORKFLOW,INFO
15:58:59.0 (339039)|USER_INFO|[EXTERNAL]|0051I000000JaV8|amarvick94@gmail.com|Pacific Standard Time|GMT-07:00
15:58:59.0 (28649350)|EXECUTION_STARTED
15:58:59.0 (28661857)|CODE_UNIT_STARTED|[EXTERNAL]|0661I000003daSA|VF: /apex/Settings
15:58:59.0 (30521761)|VF_DESERIALIZE_VIEWSTATE_BEGIN|0661I000003daSA
15:58:59.0 (390667602)|HEAP_ALLOCATE|[72]|Bytes:3
15:58:59.0 (390742207)|HEAP_ALLOCATE|[77]|Bytes:152
15:58:59.0 (390759819)|HEAP_ALLOCATE|[342]|Bytes:408
15:58:59.0 (390777767)|HEAP_ALLOCATE|[355]|Bytes:408
15:58:59.0 (390795597)|HEAP_ALLOCATE|[467]|Bytes:48
15:58:59.0 (390882971)|HEAP_ALLOCATE|[139]|Bytes:6
15:58:59.0 (423931133)|VF_DESERIALIZE_VIEWSTATE_END
15:58:59.0 (429379089)|SYSTEM_MODE_ENTER|true
15:58:59.0 (429596416)|HEAP_ALLOCATE|[EXTERNAL]|Bytes:164
15:58:59.0 (429645394)|HEAP_ALLOCATE|[EXTERNAL]|Bytes:11
15:58:59.0 (429653389)|HEAP_ALLOCATE|[EXTERNAL]|Bytes:11
15:58:59.0 (429680087)|METHOD_ENTRY|[1]|01p1I00000G9Bhb|MultiselectController.MultiselectController()
15:58:59.0 (429688467)|STATEMENT_EXECUTE|[1]
15:58:59.0 (429695113)|STATEMENT_EXECUTE|[1]
15:58:59.0 (429752902)|HEAP_ALLOCATE|[50]|Bytes:5
15:58:59.0 (429802638)|HEAP_ALLOCATE|[56]|Bytes:5
15:58:59.0 (429813876)|HEAP_ALLOCATE|[64]|Bytes:7
15:58:59.0 (429846665)|SYSTEM_MODE_ENTER|false
15:58:59.0 (429863279)|HEAP_ALLOCATE|[EXTERNAL]|Bytes:5
15:58:59.0 (429871412)|SYSTEM_MODE_EXIT|false
15:58:59.0 (429893500)|METHOD_EXIT|[1]|MultiselectController
15:58:59.0 (430381798)|SYSTEM_MODE_ENTER|true
15:58:59.0 (431243033)|SYSTEM_MODE_ENTER|true
15:58:59.0 (431534109)|HEAP_ALLOCATE|[EXTERNAL]|Bytes:240
15:58:59.0 (431545100)|HEAP_ALLOCATE|[EXTERNAL]|Bytes:26
15:58:59.0 (431550220)|HEAP_ALLOCATE|[EXTERNAL]|Bytes:22
15:58:59.0 (431558689)|METHOD_ENTRY|[1]|01p1I00000G8yt3|OpsHR_ContactDriverController.OpsHR_ContactDriverController()
15:58:59.0 (431564237)|STATEMENT_EXECUTE|[1]
15:58:59.0 (431568064)|STATEMENT_EXECUTE|[1]
15:58:59.0 (431578044)|SYSTEM_MODE_ENTER|false
15:58:59.0 (431585400)|HEAP_ALLOCATE|[EXTERNAL]|Bytes:5
15:58:59.0 (431592083)|SYSTEM_MODE_EXIT|false
15:58:59.0 (431613072)|METHOD_EXIT|[1]|OpsHR_ContactDriverController
15:58:59.0 (431624863)|HEAP_ALLOCATE|[EXTERNAL]|Bytes:36
15:58:59.0 (431700811)|VARIABLE_ASSIGNMENT|[EXTERNAL]|this|{"recordTypes":"0x633ee85e"}|0x6a127341
15:58:59.0 (431723844)|SYSTEM_MODE_ENTER|false
15:58:59.0 (431730341)|HEAP_ALLOCATE|[44]|Bytes:5
15:58:59.0 (431735646)|STATEMENT_EXECUTE|[43]
15:58:59.0 (431737474)|STATEMENT_EXECUTE|[44]
15:58:59.0 (431758483)|HEAP_ALLOCATE|[44]|Bytes:4
15:58:59.0 (455977142)|VARIABLE_SCOPE_BEGIN|[44]|allQueues|List<System.SelectOption>|true|false
15:58:59.0 (456015328)|HEAP_ALLOCATE|[EXTERNAL]|Bytes:4
15:58:59.0 (456030289)|VARIABLE_ASSIGNMENT|[44]|allQueues|[]|0x4c944953
15:58:59.0 (456037213)|STATEMENT_EXECUTE|[45]
15:58:59.0 (456041856)|HEAP_ALLOCATE|[45]|Bytes:34
15:58:59.0 (456065100)|HEAP_ALLOCATE|[45]|Bytes:4
15:58:59.0 (457009019)|SOQL_EXECUTE_BEGIN|[45]|Aggregations:0|SELECT Label FROM OpsHR_Setup__mdt
15:58:59.0 (465776857)|SOQL_EXECUTE_END|[45]|Rows:17
15:58:59.0 (465817400)|HEAP_ALLOCATE|[45]|Bytes:72
15:58:59.0 (465859747)|HEAP_ALLOCATE|[45]|Bytes:714
15:58:59.0 (465967811)|HEAP_ALLOCATE|[45]|Bytes:72
15:58:59.0 (465994831)|VARIABLE_SCOPE_BEGIN|[45]|allMDT|List<OpsHR_Setup__mdt>|true|false
15:58:59.0 (466024932)|VARIABLE_ASSIGNMENT|[45]|allMDT|"List of size 17 too large to display"|0x795ac595
15:58:59.0 (466036212)|STATEMENT_EXECUTE|[47]
15:58:59.0 (466196530)|HEAP_ALLOCATE|[47]|Bytes:553
15:58:59.0 (466264925)|HEAP_ALLOCATE|[47]|Bytes:535
15:58:59.0 (466292374)|HEAP_ALLOCATE|[47]|Bytes:2
15:58:59.0 (466320346)|VARIABLE_SCOPE_BEGIN|[47]|retURL|String|false|false
15:58:59.0 (466334327)|VARIABLE_ASSIGNMENT|[47]|retURL|"0051I000000JaV8"
15:58:59.0 (466339758)|STATEMENT_EXECUTE|[50]
15:58:59.0 (466343523)|HEAP_ALLOCATE|[50]|Bytes:60
15:58:59.0 (466359144)|HEAP_ALLOCATE|[50]|Bytes:4
15:58:59.0 (466368726)|HEAP_ALLOCATE|[50]|Bytes:7
15:58:59.0 (466432197)|HEAP_ALLOCATE|[50]|Bytes:85
15:58:59.0 (466447747)|SYSTEM_METHOD_ENTRY|[1]|UserInfo.UserInfo()
15:58:59.0 (466452164)|STATEMENT_EXECUTE|[1]
15:58:59.0 (466464081)|SYSTEM_METHOD_EXIT|[1]|UserInfo
15:58:59.0 (466483147)|METHOD_ENTRY|[50]||System.UserInfo.getUserId()
15:58:59.0 (466545177)|METHOD_EXIT|[50]||System.UserInfo.getUserId()
15:58:59.0 (468460981)|SOQL_EXECUTE_BEGIN|[50]|Aggregations:0|SELECT Id, Support_Location__c FROM User WHERE Id = :tmpVar1
15:58:59.0 (499189958)|SOQL_EXECUTE_END|[50]|Rows:1
15:58:59.0 (499238534)|HEAP_ALLOCATE|[50]|Bytes:8
15:58:59.0 (499266211)|HEAP_ALLOCATE|[50]|Bytes:56
15:58:59.0 (499402066)|HEAP_ALLOCATE|[50]|Bytes:8
15:58:59.0 (499424642)|HEAP_ALLOCATE|[50]|Bytes:30
15:58:59.0 (499492076)|HEAP_ALLOCATE|[50]|Bytes:12
15:58:59.0 (499508925)|VARIABLE_SCOPE_BEGIN|[50]|theUser|User|true|false
15:58:59.0 (499538909)|VARIABLE_ASSIGNMENT|[50]|theUser|{"Id":"0051I000000JaV8QAK","Support_Location__c":"ABE3"}|0x64e6f343
15:58:59.0 (499547300)|STATEMENT_EXECUTE|[53]
15:58:59.0 (499551715)|HEAP_ALLOCATE|[53]|Bytes:81
15:58:59.0 (499571209)|HEAP_ALLOCATE|[53]|Bytes:4
15:58:59.0 (499980645)|SOQL_EXECUTE_BEGIN|[53]|Aggregations:0|SELECT GroupId, Id, UserOrGroupId FROM GroupMember WHERE UserOrGroupId = :tmpVar1
15:58:59.0 (502532985)|SOQL_EXECUTE_END|[53]|Rows:6
15:58:59.0 (502564584)|HEAP_ALLOCATE|[53]|Bytes:28
15:58:59.0 (502595520)|HEAP_ALLOCATE|[53]|Bytes:558
15:58:59.0 (502676713)|HEAP_ALLOCATE|[53]|Bytes:28
15:58:59.0 (502699698)|VARIABLE_SCOPE_BEGIN|[53]|groupMembers|List<GroupMember>|true|false
15:58:59.0 (502732225)|VARIABLE_ASSIGNMENT|[53]|groupMembers|"List of size 6 too large to display"|0x5d4f174a
15:58:59.0 (502742079)|STATEMENT_EXECUTE|[54]
15:58:59.0 (502759117)|HEAP_ALLOCATE|[54]|Bytes:4
15:58:59.0 (502800786)|VARIABLE_SCOPE_BEGIN|[54]|groupIds|List<Id>|true|false
15:58:59.0 (502827934)|HEAP_ALLOCATE|[EXTERNAL]|Bytes:4
15:58:59.0 (502844200)|VARIABLE_ASSIGNMENT|[54]|groupIds|[]|0x7d76d2c
15:58:59.0 (503080646)|HEAP_ALLOCATE|[56]|Bytes:5
15:58:59.0 (503117508)|HEAP_ALLOCATE|[56]|Bytes:16
15:58:59.0 (503128846)|VARIABLE_SCOPE_BEGIN|[56]|g|GroupMember|true|false
15:58:59.0 (503150172)|VARIABLE_ASSIGNMENT|[56]|g|{"GroupId":"00G1I000000OhKRUA0","Id":"0111I000000UCIrQAO","UserOrGroupId":"0051I000000JaV8QAK"}|0x6364f719
15:58:59.0 (503158408)|STATEMENT_EXECUTE|[56]
15:58:59.0 (503160362)|STATEMENT_EXECUTE|[57]
15:58:59.0 (503226498)|HEAP_ALLOCATE|[EXTERNAL]|Bytes:4
15:58:59.0 (503248969)|HEAP_ALLOCATE|[56]|Bytes:5
15:58:59.0 (503266771)|HEAP_ALLOCATE|[56]|Bytes:16
15:58:59.0 (503277907)|VARIABLE_SCOPE_BEGIN|[56]|g|GroupMember|true|false
15:58:59.0 (503298083)|VARIABLE_ASSIGNMENT|[56]|g|{"GroupId":"00G1I000000aJ8WUAU","Id":"0111I000000UCIpQAO","UserOrGroupId":"0051I000000JaV8QAK"}|0x7c224bd6
15:58:59.0 (503305124)|STATEMENT_EXECUTE|[56]
15:58:59.0 (503306888)|STATEMENT_EXECUTE|[57]
15:58:59.0 (503319723)|HEAP_ALLOCATE|[EXTERNAL]|Bytes:4
15:58:59.0 (503332690)|HEAP_ALLOCATE|[56]|Bytes:5
15:58:59.0 (503347234)|HEAP_ALLOCATE|[56]|Bytes:16
15:58:59.0 (503356585)|VARIABLE_SCOPE_BEGIN|[56]|g|GroupMember|true|false
15:58:59.0 (503377025)|VARIABLE_ASSIGNMENT|[56]|g|{"GroupId":"00G1I000000aJ8gUAE","Id":"0111I000000UDCkQAO","UserOrGroupId":"0051I000000JaV8QAK"}|0x26c14100
15:58:59.0 (503386598)|STATEMENT_EXECUTE|[56]
15:58:59.0 (503388801)|STATEMENT_EXECUTE|[57]
15:58:59.0 (503403036)|HEAP_ALLOCATE|[EXTERNAL]|Bytes:4
15:58:59.0 (503420726)|HEAP_ALLOCATE|[56]|Bytes:5
15:58:59.0 (503436321)|HEAP_ALLOCATE|[56]|Bytes:16
15:58:59.0 (503445258)|VARIABLE_SCOPE_BEGIN|[56]|g|GroupMember|true|false
15:58:59.0 (503464952)|VARIABLE_ASSIGNMENT|[56]|g|{"GroupId":"00G1I000000aJ8lUAE","Id":"0111I000000UDCiQAO","UserOrGroupId":"0051I000000JaV8QAK"}|0x15c63359
15:58:59.0 (503475804)|STATEMENT_EXECUTE|[56]
15:58:59.0 (503478100)|STATEMENT_EXECUTE|[57]
15:58:59.0 (503491183)|HEAP_ALLOCATE|[EXTERNAL]|Bytes:4
15:58:59.0 (503508781)|HEAP_ALLOCATE|[56]|Bytes:5
15:58:59.0 (503520144)|HEAP_ALLOCATE|[56]|Bytes:16
15:58:59.0 (503526107)|VARIABLE_SCOPE_BEGIN|[56]|g|GroupMember|true|false
15:58:59.0 (503538092)|VARIABLE_ASSIGNMENT|[56]|g|{"GroupId":"00G1I000000aJ8qUAE","Id":"0111I000000UDCcQAO","UserOrGroupId":"0051I000000JaV8QAK"}|0x51dec2c7
15:58:59.0 (503543631)|STATEMENT_EXECUTE|[56]
15:58:59.0 (503545095)|STATEMENT_EXECUTE|[57]
15:58:59.0 (503557471)|HEAP_ALLOCATE|[EXTERNAL]|Bytes:4
15:58:59.0 (503573688)|HEAP_ALLOCATE|[56]|Bytes:5
15:58:59.0 (503583347)|HEAP_ALLOCATE|[56]|Bytes:16
15:58:59.0 (503589421)|VARIABLE_SCOPE_BEGIN|[56]|g|GroupMember|true|false
15:58:59.0 (503602436)|VARIABLE_ASSIGNMENT|[56]|g|{"GroupId":"00G1I000000aJ8vUAE","Id":"0111I000000UDChQAO","UserOrGroupId":"0051I000000JaV8QAK"}|0x3fcc4fd1
15:58:59.0 (503609094)|STATEMENT_EXECUTE|[56]
15:58:59.0 (503610642)|STATEMENT_EXECUTE|[57]
15:58:59.0 (503619735)|HEAP_ALLOCATE|[EXTERNAL]|Bytes:4
15:58:59.0 (503630224)|HEAP_ALLOCATE|[56]|Bytes:5
15:58:59.0 (503641122)|VARIABLE_ASSIGNMENT|[56]|g|null|
15:58:59.0 (503647684)|STATEMENT_EXECUTE|[61]
15:58:59.0 (503651375)|HEAP_ALLOCATE|[61]|Bytes:74
15:58:59.0 (503665000)|HEAP_ALLOCATE|[61]|Bytes:4
15:58:59.0 (503998620)|SOQL_EXECUTE_BEGIN|[61]|Aggregations:0|SELECT Id, Name FROM Group WHERE (Type = 'Regular' AND Id NOT IN :tmpVar1)
15:58:59.0 (509813225)|SOQL_EXECUTE_END|[61]|Rows:10
15:58:59.0 (509847913)|HEAP_ALLOCATE|[61]|Bytes:44
15:58:59.0 (509878157)|HEAP_ALLOCATE|[61]|Bytes:410
15:58:59.0 (509958722)|HEAP_ALLOCATE|[61]|Bytes:44
15:58:59.0 (509979775)|VARIABLE_SCOPE_BEGIN|[61]|nonGroups|List<Group>|true|false
15:58:59.0 (510009319)|VARIABLE_ASSIGNMENT|[61]|nonGroups|"List of size 10 too large to display"|0x782a89c8
15:58:59.0 (510017689)|STATEMENT_EXECUTE|[62]
15:58:59.0 (510024855)|HEAP_ALLOCATE|[62]|Bytes:11
15:58:59.0 (510191563)|HEAP_ALLOCATE|[62]|Bytes:420
15:58:59.0 (510216715)|HEAP_ALLOCATE|[62]|Bytes:431
15:58:59.0 (510261731)|USER_DEBUG|[62]|DEBUG|nonGroups: (Group:{Id=00G1I000000aJ8bUAE, Name=ABE2}, Group:{Id=00G1I000000aJ8RUAU, Name=ABE4}, Group:{Id=00G1I000000aJ8MUAU, Name=ABE8}, Group:{Id=00G1I000000aJ9FUAU, Name=BDL2}, Group:{Id=00G1I000000aJ8CUAU, Name=BFI3}, Group:{Id=00G1I000000aJ8HUAU, Name=BFI4}, Group:{Id=00G1I000000aJ9KUAU, Name=BFI5}, Group:{Id=00G1I000000aJ90UAE, Name=BNA2}, Group:{Id=00G1I000000aJ95UAE, Name=BWI2}, Group:{Id=00G1I000000aJ9AUAU, Name=CLT3})
15:58:59.0 (510475582)|HEAP_ALLOCATE|[64]|Bytes:5
15:58:59.0 (510498170)|HEAP_ALLOCATE|[64]|Bytes:12
15:58:59.0 (510509483)|VARIABLE_SCOPE_BEGIN|[64]|ng|Group|true|false
15:58:59.0 (510531585)|VARIABLE_ASSIGNMENT|[64]|ng|{"Id":"00G1I000000aJ8bUAE","Name":"ABE2"}|0x17ca8cf4
15:58:59.0 (510540181)|STATEMENT_EXECUTE|[64]
15:58:59.0 (510542193)|STATEMENT_EXECUTE|[65]
15:58:59.0 (510954987)|HEAP_ALLOCATE|[EXTERNAL]|Bytes:4
15:58:59.0 (510988384)|HEAP_ALLOCATE|[64]|Bytes:5
15:58:59.0 (511009296)|HEAP_ALLOCATE|[64]|Bytes:12
15:58:59.0 (511023212)|VARIABLE_SCOPE_BEGIN|[64]|ng|Group|true|false
15:58:59.0 (511047363)|VARIABLE_ASSIGNMENT|[64]|ng|{"Id":"00G1I000000aJ8RUAU","Name":"ABE4"}|0x8fa0a2
15:58:59.0 (511058252)|STATEMENT_EXECUTE|[64]
15:58:59.0 (511060690)|STATEMENT_EXECUTE|[65]
15:58:59.0 (511087320)|HEAP_ALLOCATE|[EXTERNAL]|Bytes:4
15:58:59.0 (511103766)|HEAP_ALLOCATE|[64]|Bytes:5
15:58:59.0 (511114458)|HEAP_ALLOCATE|[64]|Bytes:12
15:58:59.0 (511120945)|VARIABLE_SCOPE_BEGIN|[64]|ng|Group|true|false
15:58:59.0 (511135493)|VARIABLE_ASSIGNMENT|[64]|ng|{"Id":"00G1I000000aJ8MUAU","Name":"ABE8"}|0x50315ba5
15:58:59.0 (511141102)|STATEMENT_EXECUTE|[64]
15:58:59.0 (511142740)|STATEMENT_EXECUTE|[65]
15:58:59.0 (511155240)|HEAP_ALLOCATE|[EXTERNAL]|Bytes:4
15:58:59.0 (511165778)|HEAP_ALLOCATE|[64]|Bytes:5
15:58:59.0 (511174289)|HEAP_ALLOCATE|[64]|Bytes:12
15:58:59.0 (511179661)|VARIABLE_SCOPE_BEGIN|[64]|ng|Group|true|false
15:58:59.0 (511190833)|VARIABLE_ASSIGNMENT|[64]|ng|{"Id":"00G1I000000aJ9FUAU","Name":"BDL2"}|0x7789c64a
15:58:59.0 (511196835)|STATEMENT_EXECUTE|[64]
15:58:59.0 (511198425)|STATEMENT_EXECUTE|[65]
15:58:59.0 (511208197)|HEAP_ALLOCATE|[EXTERNAL]|Bytes:4
15:58:59.0 (511218067)|HEAP_ALLOCATE|[64]|Bytes:5
15:58:59.0 (511226126)|HEAP_ALLOCATE|[64]|Bytes:12
15:58:59.0 (511230750)|VARIABLE_SCOPE_BEGIN|[64]|ng|Group|true|false
15:58:59.0 (511243546)|VARIABLE_ASSIGNMENT|[64]|ng|{"Id":"00G1I000000aJ8CUAU","Name":"BFI3"}|0x34e75963
15:58:59.0 (511249869)|STATEMENT_EXECUTE|[64]
15:58:59.0 (511251316)|STATEMENT_EXECUTE|[65]
15:58:59.0 (511260716)|HEAP_ALLOCATE|[EXTERNAL]|Bytes:4
15:58:59.0 (511270467)|HEAP_ALLOCATE|[64]|Bytes:5
15:58:59.0 (511278819)|HEAP_ALLOCATE|[64]|Bytes:12
15:58:59.0 (511283480)|VARIABLE_SCOPE_BEGIN|[64]|ng|Group|true|false
15:58:59.0 (511294100)|VARIABLE_ASSIGNMENT|[64]|ng|{"Id":"00G1I000000aJ8HUAU","Name":"BFI4"}|0x499065ed
15:58:59.0 (511299354)|STATEMENT_EXECUTE|[64]
15:58:59.0 (511300745)|STATEMENT_EXECUTE|[65]
15:58:59.0 (511309901)|HEAP_ALLOCATE|[EXTERNAL]|Bytes:4
15:58:59.0 (511318895)|HEAP_ALLOCATE|[64]|Bytes:5
15:58:59.0 (511331945)|HEAP_ALLOCATE|[64]|Bytes:12
15:58:59.0 (511338413)|VARIABLE_SCOPE_BEGIN|[64]|ng|Group|true|false
15:58:59.0 (511354733)|VARIABLE_ASSIGNMENT|[64]|ng|{"Id":"00G1I000000aJ9KUAU","Name":"BFI5"}|0x1326e309
15:58:59.0 (511363308)|STATEMENT_EXECUTE|[64]
15:58:59.0 (511365442)|STATEMENT_EXECUTE|[65]
15:58:59.0 (511391942)|HEAP_ALLOCATE|[EXTERNAL]|Bytes:4
15:58:59.0 (511408959)|HEAP_ALLOCATE|[64]|Bytes:5
15:58:59.0 (511422057)|HEAP_ALLOCATE|[64]|Bytes:12
15:58:59.0 (511431022)|VARIABLE_SCOPE_BEGIN|[64]|ng|Group|true|false
15:58:59.0 (511448139)|VARIABLE_ASSIGNMENT|[64]|ng|{"Id":"00G1I000000aJ90UAE","Name":"BNA2"}|0x2a24dcb1
15:58:59.0 (511456371)|STATEMENT_EXECUTE|[64]
15:58:59.0 (511458636)|STATEMENT_EXECUTE|[65]
15:58:59.0 (511475982)|HEAP_ALLOCATE|[EXTERNAL]|Bytes:4
15:58:59.0 (511492642)|HEAP_ALLOCATE|[64]|Bytes:5
15:58:59.0 (511506064)|HEAP_ALLOCATE|[64]|Bytes:12
15:58:59.0 (511514626)|VARIABLE_SCOPE_BEGIN|[64]|ng|Group|true|false
15:58:59.0 (511530558)|VARIABLE_ASSIGNMENT|[64]|ng|{"Id":"00G1I000000aJ95UAE","Name":"BWI2"}|0x2406b4d7
15:58:59.0 (511536942)|STATEMENT_EXECUTE|[64]
15:58:59.0 (511538863)|STATEMENT_EXECUTE|[65]
15:58:59.0 (511550963)|HEAP_ALLOCATE|[EXTERNAL]|Bytes:4
15:58:59.0 (511562016)|HEAP_ALLOCATE|[64]|Bytes:5
15:58:59.0 (511574747)|HEAP_ALLOCATE|[64]|Bytes:12
15:58:59.0 (511583092)|VARIABLE_SCOPE_BEGIN|[64]|ng|Group|true|false
15:58:59.0 (511599143)|VARIABLE_ASSIGNMENT|[64]|ng|{"Id":"00G1I000000aJ9AUAU","Name":"CLT3"}|0x6ef302b7
15:58:59.0 (511608198)|STATEMENT_EXECUTE|[64]
15:58:59.0 (511610226)|STATEMENT_EXECUTE|[65]
15:58:59.0 (511626238)|HEAP_ALLOCATE|[EXTERNAL]|Bytes:4
15:58:59.0 (511637879)|HEAP_ALLOCATE|[64]|Bytes:5
15:58:59.0 (511651361)|VARIABLE_ASSIGNMENT|[64]|ng|null|
15:58:59.0 (511657293)|STATEMENT_EXECUTE|[68]
15:58:59.0 (511663810)|SYSTEM_MODE_EXIT|false
15:58:59.0 (511856969)|SYSTEM_MODE_ENTER|true
15:58:59.0 (512193374)|HEAP_ALLOCATE|[EXTERNAL]|Bytes:44
15:58:59.0 (512205612)|HEAP_ALLOCATE|[EXTERNAL]|Bytes:20
15:58:59.0 (512230779)|VARIABLE_ASSIGNMENT|[EXTERNAL]|this.leftOptions|"List of size 10 too large to display"|0x3feeb9a3
15:58:59.0 (512363325)|SYSTEM_MODE_ENTER|true
15:58:59.0 (512418270)|HEAP_ALLOCATE|[EXTERNAL]|Bytes:36
15:58:59.0 (512464010)|VARIABLE_ASSIGNMENT|[EXTERNAL]|this|{"recordTypes":"0x633ee85e"}|0x6a127341
15:58:59.0 (512480575)|SYSTEM_MODE_ENTER|false
15:58:59.0 (512487276)|HEAP_ALLOCATE|[75]|Bytes:5
15:58:59.0 (512492071)|STATEMENT_EXECUTE|[74]
15:58:59.0 (512493762)|STATEMENT_EXECUTE|[75]
15:58:59.0 (512504636)|HEAP_ALLOCATE|[75]|Bytes:4
15:58:59.0 (512532813)|VARIABLE_SCOPE_BEGIN|[75]|allQueues|List<System.SelectOption>|true|false
15:58:59.0 (512555528)|HEAP_ALLOCATE|[EXTERNAL]|Bytes:4
15:58:59.0 (512564644)|VARIABLE_ASSIGNMENT|[75]|allQueues|[]|0x7bd5fa9c
15:58:59.0 (512570774)|STATEMENT_EXECUTE|[76]
15:58:59.0 (512585939)|HEAP_ALLOCATE|[76]|Bytes:4
15:58:59.0 (512726937)|SOQL_EXECUTE_BEGIN|[76]|Aggregations:0|SELECT Label FROM OpsHR_Setup__mdt
15:58:59.0 (515106756)|SOQL_EXECUTE_END|[76]|Rows:17
15:58:59.0 (515138963)|HEAP_ALLOCATE|[76]|Bytes:72
15:58:59.0 (515181040)|HEAP_ALLOCATE|[76]|Bytes:714
15:58:59.0 (515224814)|HEAP_ALLOCATE|[76]|Bytes:72
15:58:59.0 (515241966)|VARIABLE_SCOPE_BEGIN|[76]|allMDT|List<OpsHR_Setup__mdt>|true|false
15:58:59.0 (515268979)|VARIABLE_ASSIGNMENT|[76]|allMDT|"List of size 17 too large to display"|0x3cd6a4a7
15:58:59.0 (515278439)|STATEMENT_EXECUTE|[78]
15:58:59.0 (515331368)|HEAP_ALLOCATE|[78]|Bytes:553
15:58:59.0 (515382673)|HEAP_ALLOCATE|[78]|Bytes:535
15:58:59.0 (515429791)|VARIABLE_SCOPE_BEGIN|[78]|retURL|String|false|false
15:58:59.0 (515446878)|VARIABLE_ASSIGNMENT|[78]|retURL|"0051I000000JaV8"
15:58:59.0 (515453598)|STATEMENT_EXECUTE|[81]
15:58:59.0 (515458223)|HEAP_ALLOCATE|[81]|Bytes:39
15:58:59.0 (515474269)|HEAP_ALLOCATE|[81]|Bytes:4
15:58:59.0 (515492711)|METHOD_ENTRY|[81]||System.UserInfo.getUserId()
15:58:59.0 (515528836)|METHOD_EXIT|[81]||System.UserInfo.getUserId()
15:58:59.0 (515741457)|SOQL_EXECUTE_BEGIN|[81]|Aggregations:0|SELECT Id FROM User WHERE Id = :tmpVar1
15:58:59.0 (542324494)|SOQL_EXECUTE_END|[81]|Rows:1
15:58:59.0 (542358130)|HEAP_ALLOCATE|[81]|Bytes:8
15:58:59.0 (542375224)|HEAP_ALLOCATE|[81]|Bytes:29
15:58:59.0 (542415715)|HEAP_ALLOCATE|[81]|Bytes:8
15:58:59.0 (542451430)|HEAP_ALLOCATE|[81]|Bytes:8
15:58:59.0 (542466684)|VARIABLE_SCOPE_BEGIN|[81]|theUser|User|true|false
15:58:59.0 (542496419)|VARIABLE_ASSIGNMENT|[81]|theUser|{"Id":"0051I000000JaV8QAK"}|0x7ec03bb3
15:58:59.0 (542507187)|STATEMENT_EXECUTE|[84]
15:58:59.0 (542524408)|HEAP_ALLOCATE|[84]|Bytes:4
15:58:59.0 (542829687)|SOQL_EXECUTE_BEGIN|[84]|Aggregations:0|SELECT GroupId, Id, UserOrGroupId FROM GroupMember WHERE UserOrGroupId = :tmpVar1
15:58:59.0 (546209443)|SOQL_EXECUTE_END|[84]|Rows:6
15:58:59.0 (546244034)|HEAP_ALLOCATE|[84]|Bytes:28
15:58:59.0 (546275279)|HEAP_ALLOCATE|[84]|Bytes:558
15:58:59.0 (546321267)|HEAP_ALLOCATE|[84]|Bytes:28
15:58:59.0 (546343066)|VARIABLE_SCOPE_BEGIN|[84]|groupMembers|List<GroupMember>|true|false
15:58:59.0 (546376785)|VARIABLE_ASSIGNMENT|[84]|groupMembers|"List of size 6 too large to display"|0x78500096
15:58:59.0 (546386809)|STATEMENT_EXECUTE|[85]
15:58:59.0 (546403748)|HEAP_ALLOCATE|[85]|Bytes:4
15:58:59.0 (546458165)|VARIABLE_SCOPE_BEGIN|[85]|groupIds|List<Id>|true|false
15:58:59.0 (546491814)|HEAP_ALLOCATE|[EXTERNAL]|Bytes:4
15:58:59.0 (546506142)|VARIABLE_ASSIGNMENT|[85]|groupIds|[]|0x4f56c1c3
15:58:59.0 (546569826)|HEAP_ALLOCATE|[87]|Bytes:5
15:58:59.0 (546592676)|HEAP_ALLOCATE|[87]|Bytes:16
15:58:59.0 (546605447)|VARIABLE_SCOPE_BEGIN|[87]|g|GroupMember|true|false
15:58:59.0 (546629641)|VARIABLE_ASSIGNMENT|[87]|g|{"GroupId":"00G1I000000OhKRUA0","Id":"0111I000000UCIrQAO","UserOrGroupId":"0051I000000JaV8QAK"}|0x4239d147
15:58:59.0 (546640457)|STATEMENT_EXECUTE|[87]
15:58:59.0 (546642910)|STATEMENT_EXECUTE|[88]
15:58:59.0 (546707412)|HEAP_ALLOCATE|[EXTERNAL]|Bytes:4
15:58:59.0 (546730553)|HEAP_ALLOCATE|[87]|Bytes:5
15:58:59.0 (546745773)|HEAP_ALLOCATE|[87]|Bytes:16
15:58:59.0 (546755021)|VARIABLE_SCOPE_BEGIN|[87]|g|GroupMember|true|false
15:58:59.0 (546775461)|VARIABLE_ASSIGNMENT|[87]|g|{"GroupId":"00G1I000000aJ8WUAU","Id":"0111I000000UCIpQAO","UserOrGroupId":"0051I000000JaV8QAK"}|0x2f164fec
15:58:59.0 (546783985)|STATEMENT_EXECUTE|[87]
15:58:59.0 (546786484)|STATEMENT_EXECUTE|[88]
15:58:59.0 (546800038)|HEAP_ALLOCATE|[EXTERNAL]|Bytes:4
15:58:59.0 (546817009)|HEAP_ALLOCATE|[87]|Bytes:5
15:58:59.0 (546829632)|HEAP_ALLOCATE|[87]|Bytes:16
15:58:59.0 (546838353)|VARIABLE_SCOPE_BEGIN|[87]|g|GroupMember|true|false
15:58:59.0 (546855836)|VARIABLE_ASSIGNMENT|[87]|g|{"GroupId":"00G1I000000aJ8gUAE","Id":"0111I000000UDCkQAO","UserOrGroupId":"0051I000000JaV8QAK"}|0x5f020111
15:58:59.0 (546865652)|STATEMENT_EXECUTE|[87]
15:58:59.0 (546867689)|STATEMENT_EXECUTE|[88]
15:58:59.0 (546879791)|HEAP_ALLOCATE|[EXTERNAL]|Bytes:4
15:58:59.0 (546896451)|HEAP_ALLOCATE|[87]|Bytes:5
15:58:59.0 (546909631)|HEAP_ALLOCATE|[87]|Bytes:16
15:58:59.0 (546917610)|VARIABLE_SCOPE_BEGIN|[87]|g|GroupMember|true|false
15:58:59.0 (546935586)|VARIABLE_ASSIGNMENT|[87]|g|{"GroupId":"00G1I000000aJ8lUAE","Id":"0111I000000UDCiQAO","UserOrGroupId":"0051I000000JaV8QAK"}|0x26ec3905
15:58:59.0 (546945298)|STATEMENT_EXECUTE|[87]
15:58:59.0 (546947378)|STATEMENT_EXECUTE|[88]
15:58:59.0 (546958935)|HEAP_ALLOCATE|[EXTERNAL]|Bytes:4
15:58:59.0 (546973653)|HEAP_ALLOCATE|[87]|Bytes:5
15:58:59.0 (546986125)|HEAP_ALLOCATE|[87]|Bytes:16
15:58:59.0 (546993904)|VARIABLE_SCOPE_BEGIN|[87]|g|GroupMember|true|false
15:58:59.0 (547009934)|VARIABLE_ASSIGNMENT|[87]|g|{"GroupId":"00G1I000000aJ8qUAE","Id":"0111I000000UDCcQAO","UserOrGroupId":"0051I000000JaV8QAK"}|0x2a536776
15:58:59.0 (547019581)|STATEMENT_EXECUTE|[87]
15:58:59.0 (547021719)|STATEMENT_EXECUTE|[88]
15:58:59.0 (547032371)|HEAP_ALLOCATE|[EXTERNAL]|Bytes:4
15:58:59.0 (547046800)|HEAP_ALLOCATE|[87]|Bytes:5
15:58:59.0 (547058722)|HEAP_ALLOCATE|[87]|Bytes:16
15:58:59.0 (547066081)|VARIABLE_SCOPE_BEGIN|[87]|g|GroupMember|true|false
15:58:59.0 (547081308)|VARIABLE_ASSIGNMENT|[87]|g|{"GroupId":"00G1I000000aJ8vUAE","Id":"0111I000000UDChQAO","UserOrGroupId":"0051I000000JaV8QAK"}|0x37a724ff
15:58:59.0 (547090065)|STATEMENT_EXECUTE|[87]
15:58:59.0 (547091955)|STATEMENT_EXECUTE|[88]
15:58:59.0 (547102238)|HEAP_ALLOCATE|[EXTERNAL]|Bytes:4
15:58:59.0 (547117027)|HEAP_ALLOCATE|[87]|Bytes:5
15:58:59.0 (547130770)|VARIABLE_ASSIGNMENT|[87]|g|null|
15:58:59.0 (547138344)|STATEMENT_EXECUTE|[92]
15:58:59.0 (547142853)|HEAP_ALLOCATE|[92]|Bytes:70
15:58:59.0 (547161804)|HEAP_ALLOCATE|[92]|Bytes:4
15:58:59.0 (547521542)|SOQL_EXECUTE_BEGIN|[92]|Aggregations:0|SELECT Id, Name FROM Group WHERE (Type = 'Regular' AND Id IN :tmpVar1)
15:58:59.0 (579645329)|SOQL_EXECUTE_END|[92]|Rows:6
15:58:59.0 (579688930)|HEAP_ALLOCATE|[92]|Bytes:28
15:58:59.0 (579719069)|HEAP_ALLOCATE|[92]|Bytes:251
15:58:59.0 (579778332)|HEAP_ALLOCATE|[92]|Bytes:28
15:58:59.0 (579801560)|VARIABLE_SCOPE_BEGIN|[92]|actualGroups|List<Group>|true|false
15:58:59.0 (579829712)|VARIABLE_ASSIGNMENT|[92]|actualGroups|"List of size 6 too large to display"|0x44a8fa53
15:58:59.0 (579918058)|HEAP_ALLOCATE|[94]|Bytes:5
15:58:59.0 (579956004)|HEAP_ALLOCATE|[94]|Bytes:12
15:58:59.0 (579969649)|VARIABLE_SCOPE_BEGIN|[94]|ng|Group|true|false
15:58:59.0 (579987891)|VARIABLE_ASSIGNMENT|[94]|ng|{"Id":"00G1I000000OhKRUA0","Name":"Reviewers"}|0x6eb7f339
15:58:59.0 (579995762)|STATEMENT_EXECUTE|[94]
15:58:59.0 (579998449)|STATEMENT_EXECUTE|[95]
15:58:59.0 (580088763)|HEAP_ALLOCATE|[EXTERNAL]|Bytes:4
15:58:59.0 (580106489)|HEAP_ALLOCATE|[94]|Bytes:5
15:58:59.0 (580117500)|HEAP_ALLOCATE|[94]|Bytes:12
15:58:59.0 (580123851)|VARIABLE_SCOPE_BEGIN|[94]|ng|Group|true|false
15:58:59.0 (580137471)|VARIABLE_ASSIGNMENT|[94]|ng|{"Id":"00G1I000000aJ8WUAU","Name":"CMH1"}|0x12e48c56
15:58:59.0 (580143471)|STATEMENT_EXECUTE|[94]
15:58:59.0 (580145377)|STATEMENT_EXECUTE|[95]
15:58:59.0 (580175092)|HEAP_ALLOCATE|[EXTERNAL]|Bytes:4
15:58:59.0 (580187913)|HEAP_ALLOCATE|[94]|Bytes:5
15:58:59.0 (580197787)|HEAP_ALLOCATE|[94]|Bytes:12
15:58:59.0 (580203444)|VARIABLE_SCOPE_BEGIN|[94]|ng|Group|true|false
15:58:59.0 (580214871)|VARIABLE_ASSIGNMENT|[94]|ng|{"Id":"00G1I000000aJ8gUAE","Name":"DEN2"}|0x2056c4ef
15:58:59.0 (580220813)|STATEMENT_EXECUTE|[94]
15:58:59.0 (580222320)|STATEMENT_EXECUTE|[95]
15:58:59.0 (580234237)|HEAP_ALLOCATE|[EXTERNAL]|Bytes:4
15:58:59.0 (580244169)|HEAP_ALLOCATE|[94]|Bytes:5
15:58:59.0 (580252695)|HEAP_ALLOCATE|[94]|Bytes:12
15:58:59.0 (580267752)|VARIABLE_SCOPE_BEGIN|[94]|ng|Group|true|false
15:58:59.0 (580279563)|VARIABLE_ASSIGNMENT|[94]|ng|{"Id":"00G1I000000aJ8lUAE","Name":"CLT2"}|0x18f71b50
15:58:59.0 (580285833)|STATEMENT_EXECUTE|[94]
15:58:59.0 (580287322)|STATEMENT_EXECUTE|[95]
15:58:59.0 (580298249)|HEAP_ALLOCATE|[EXTERNAL]|Bytes:4
15:58:59.0 (580308252)|HEAP_ALLOCATE|[94]|Bytes:5
15:58:59.0 (580317515)|HEAP_ALLOCATE|[94]|Bytes:12
15:58:59.0 (580323395)|VARIABLE_SCOPE_BEGIN|[94]|ng|Group|true|false
15:58:59.0 (580333763)|VARIABLE_ASSIGNMENT|[94]|ng|{"Id":"00G1I000000aJ8qUAE","Name":"AVP1"}|0x49081d4c
15:58:59.0 (580339035)|STATEMENT_EXECUTE|[94]
15:58:59.0 (580340422)|STATEMENT_EXECUTE|[95]
15:58:59.0 (580349590)|HEAP_ALLOCATE|[EXTERNAL]|Bytes:4
15:58:59.0 (580362548)|HEAP_ALLOCATE|[94]|Bytes:5
15:58:59.0 (580370480)|HEAP_ALLOCATE|[94]|Bytes:12
15:58:59.0 (580375144)|VARIABLE_SCOPE_BEGIN|[94]|ng|Group|true|false
15:58:59.0 (580385616)|VARIABLE_ASSIGNMENT|[94]|ng|{"Id":"00G1I000000aJ8vUAE","Name":"CAE1"}|0x7fb8ae07
15:58:59.0 (580401255)|STATEMENT_EXECUTE|[94]
15:58:59.0 (580402827)|STATEMENT_EXECUTE|[95]
15:58:59.0 (580413337)|HEAP_ALLOCATE|[EXTERNAL]|Bytes:4
15:58:59.0 (580423661)|HEAP_ALLOCATE|[94]|Bytes:5
15:58:59.0 (580433939)|VARIABLE_ASSIGNMENT|[94]|ng|null|
15:58:59.0 (580447608)|STATEMENT_EXECUTE|[98]
15:58:59.0 (580454542)|SYSTEM_MODE_EXIT|false
15:58:59.0 (580597317)|SYSTEM_MODE_ENTER|true
15:58:59.0 (580658843)|HEAP_ALLOCATE|[EXTERNAL]|Bytes:28
15:58:59.0 (580665908)|HEAP_ALLOCATE|[EXTERNAL]|Bytes:20
15:58:59.0 (580682284)|VARIABLE_ASSIGNMENT|[EXTERNAL]|this.rightOptions|"List of size 6 too large to display"|0x3feeb9a3
15:58:59.0 (581243421)|SYSTEM_MODE_ENTER|true
15:58:59.0 (581362652)|SYSTEM_MODE_ENTER|true
15:58:59.0 (581998036)|SYSTEM_MODE_ENTER|true
15:58:59.0 (582079003)|HEAP_ALLOCATE|[EXTERNAL]|Bytes:20
15:58:59.0 (582091545)|HEAP_ALLOCATE|[EXTERNAL]|Bytes:99
15:58:59.0 (582142611)|VARIABLE_ASSIGNMENT|[EXTERNAL]|this|{"leftOptions":"0x4c944953","rightOptions":"0x7bd5fa9c"}|0x3feeb9a3
15:58:59.0 (582159648)|VARIABLE_ASSIGNMENT|[EXTERNAL]|value|"ABE2&ABE2&ABE4&ABE4& (79 more) ..."
15:58:59.0 (582179865)|SYSTEM_MODE_ENTER|false
15:58:59.0 (582189327)|HEAP_ALLOCATE|[25]|Bytes:5
15:58:59.0 (582195136)|STATEMENT_EXECUTE|[24]
15:58:59.0 (582197072)|STATEMENT_EXECUTE|[25]
15:58:59.0 (582209389)|VARIABLE_ASSIGNMENT|[25]|this.leftOptionsHidden|"ABE2&ABE2&ABE4&ABE4& (79 more) ..."|0x3feeb9a3
15:58:59.0 (582216218)|STATEMENT_EXECUTE|[26]
15:58:59.0 (582283834)|VARIABLE_ASSIGNMENT|[EXTERNAL]|this|{"leftOptions":"0x4c944953","leftOptionsHidden":"ABE2&ABE2&ABE4&ABE4& (79 more) ...","rightOptions":"0x7bd5fa9c"}|0x3feeb9a3
15:58:59.0 (582317149)|METHOD_ENTRY|[26]|01p1I00000G9Bhb|MultiselectController.setOptions(List<System.SelectOption>, String)
15:58:59.0 (582326673)|VARIABLE_SCOPE_BEGIN|[9]|this|MultiselectController|true|false
15:58:59.0 (582345741)|VARIABLE_ASSIGNMENT|[9]|this|{"leftOptions":"0x4c944953","leftOptionsHidden":"ABE2&ABE2&ABE4&ABE4& (79 more) ...","rightOptions":"0x7bd5fa9c"}|0x3feeb9a3
15:58:59.0 (582352980)|VARIABLE_SCOPE_BEGIN|[9]|options|List<System.SelectOption>|true|false
15:58:59.0 (582381830)|VARIABLE_ASSIGNMENT|[9]|options|"List of size 10 too large to display"|0x4c944953
15:58:59.0 (582388108)|VARIABLE_SCOPE_BEGIN|[9]|value|String|false|false
15:58:59.0 (582397467)|VARIABLE_ASSIGNMENT|[9]|value|"ABE2&ABE2&ABE4&ABE4& (79 more) ..."
15:58:59.0 (582412011)|HEAP_ALLOCATE|[10]|Bytes:5
15:58:59.0 (582417801)|STATEMENT_EXECUTE|[9]
15:58:59.0 (582419798)|STATEMENT_EXECUTE|[10]
15:58:59.0 (582450401)|STATEMENT_EXECUTE|[11]
15:58:59.0 (582454401)|HEAP_ALLOCATE|[11]|Bytes:9
15:58:59.0 (582507693)|HEAP_ALLOCATE|[11]|Bytes:2
15:58:59.0 (582529946)|HEAP_ALLOCATE|[11]|Bytes:11
15:58:59.0 (582548225)|USER_DEBUG|[11]|DEBUG|options: ()
15:58:59.0 (582556360)|STATEMENT_EXECUTE|[12]
15:58:59.0 (582559571)|HEAP_ALLOCATE|[12]|Bytes:1
15:58:59.0 (582615577)|HEAP_ALLOCATE|[12]|Bytes:4
15:58:59.0 (582625397)|HEAP_ALLOCATE|[12]|Bytes:4
15:58:59.0 (582630649)|HEAP_ALLOCATE|[12]|Bytes:4
15:58:59.0 (582635107)|HEAP_ALLOCATE|[12]|Bytes:4
15:58:59.0 (582639903)|HEAP_ALLOCATE|[12]|Bytes:4
15:58:59.0 (582645471)|HEAP_ALLOCATE|[12]|Bytes:4
15:58:59.0 (582649618)|HEAP_ALLOCATE|[12]|Bytes:4
15:58:59.0 (582654012)|HEAP_ALLOCATE|[12]|Bytes:4
15:58:59.0 (582660309)|HEAP_ALLOCATE|[12]|Bytes:4
15:58:59.0 (582664518)|HEAP_ALLOCATE|[12]|Bytes:4
15:58:59.0 (582669366)|HEAP_ALLOCATE|[12]|Bytes:4
15:58:59.0 (582674389)|HEAP_ALLOCATE|[12]|Bytes:4
15:58:59.0 (582679045)|HEAP_ALLOCATE|[12]|Bytes:4
15:58:59.0 (582683655)|HEAP_ALLOCATE|[12]|Bytes:4
15:58:59.0 (582687781)|HEAP_ALLOCATE|[12]|Bytes:4
15:58:59.0 (582692037)|HEAP_ALLOCATE|[12]|Bytes:4
15:58:59.0 (582696669)|HEAP_ALLOCATE|[12]|Bytes:4
15:58:59.0 (582701072)|HEAP_ALLOCATE|[12]|Bytes:4
15:58:59.0 (582705316)|HEAP_ALLOCATE|[12]|Bytes:4
15:58:59.0 (582709852)|HEAP_ALLOCATE|[12]|Bytes:4
15:58:59.0 (582716540)|HEAP_ALLOCATE|[12]|Bytes:84
15:58:59.0 (582749115)|VARIABLE_SCOPE_BEGIN|[12]|parts|List<String>|true|false
15:58:59.0 (582823146)|HEAP_ALLOCATE|[EXTERNAL]|Bytes:84
15:58:59.0 (582838316)|VARIABLE_ASSIGNMENT|[12]|parts|"List of size 20 too large to display"|0x194cbe76
15:58:59.0 (582848488)|STATEMENT_EXECUTE|[13]
15:58:59.0 (582853499)|HEAP_ALLOCATE|[13]|Bytes:7
15:58:59.0 (582899145)|HEAP_ALLOCATE|[13]|Bytes:65
15:58:59.0 (582918957)|HEAP_ALLOCATE|[13]|Bytes:72
15:58:59.0 (582932691)|USER_DEBUG|[13]|DEBUG|parts: (ABE2, ABE2, ABE4, ABE4, ABE8, ABE8, BFI3, BFI3, BFI4, BFI4, ...)
15:58:59.0 (582945970)|STATEMENT_EXECUTE|[14]
15:58:59.0 (582953643)|VARIABLE_SCOPE_BEGIN|[14]|i|Integer|false|false
15:58:59.0 (582965149)|HEAP_ALLOCATE|[14]|Bytes:4
15:58:59.0 (582973720)|VARIABLE_ASSIGNMENT|[14]|i|0
15:58:59.0 (583005433)|STATEMENT_EXECUTE|[14]
15:58:59.0 (583007714)|STATEMENT_EXECUTE|[15]
15:58:59.0 (583011164)|HEAP_ALLOCATE|[15]|Bytes:21
15:58:59.0 (583188997)|HEAP_ALLOCATE|[15]|Bytes:1
15:58:59.0 (583203845)|HEAP_ALLOCATE|[15]|Bytes:22
15:58:59.0 (583217422)|USER_DEBUG|[15]|DEBUG|beginning iteration: 0
15:58:59.0 (583225693)|STATEMENT_EXECUTE|[16]
15:58:59.0 (583238700)|HEAP_ALLOCATE|[16]|Bytes:4
15:58:59.0 (583244551)|HEAP_ALLOCATE|[16]|Bytes:5
15:58:59.0 (583303973)|HEAP_ALLOCATE|[16]|Bytes:15
15:58:59.0 (583316913)|SYSTEM_METHOD_ENTRY|[1]|EncodingUtil.EncodingUtil()
15:58:59.0 (583321638)|STATEMENT_EXECUTE|[1]
15:58:59.0 (583331720)|SYSTEM_METHOD_EXIT|[1]|EncodingUtil
15:58:59.0 (583345176)|METHOD_ENTRY|[16]||System.EncodingUtil.urlDecode(String, String)
15:58:59.0 (583418709)|METHOD_EXIT|[16]||System.EncodingUtil.urlDecode(String, String)
15:58:59.0 (583429336)|HEAP_ALLOCATE|[17]|Bytes:4
15:58:59.0 (583436971)|METHOD_ENTRY|[17]||System.EncodingUtil.urlDecode(String, String)
15:58:59.0 (583459796)|METHOD_EXIT|[17]||System.EncodingUtil.urlDecode(String, String)
15:58:59.0 (583486732)|HEAP_ALLOCATE|[EXTERNAL]|Bytes:4
15:58:59.0 (583493713)|STATEMENT_EXECUTE|[18]
15:58:59.0 (583496867)|HEAP_ALLOCATE|[18]|Bytes:27
15:58:59.0 (583526624)|HEAP_ALLOCATE|[18]|Bytes:67
15:58:59.0 (583538556)|HEAP_ALLOCATE|[18]|Bytes:94
15:58:59.0 (583548221)|USER_DEBUG|[18]|DEBUG|option after Encoding Add: (System.SelectOption[value="ABE2", label="ABE2", disabled="false"])
15:58:59.0 (583556893)|HEAP_ALLOCATE|[14]|Bytes:4
15:58:59.0 (583564879)|VARIABLE_ASSIGNMENT|[14]|i|1
15:58:59.0 (583578262)|STATEMENT_EXECUTE|[14]
15:58:59.0 (583579884)|STATEMENT_EXECUTE|[15]
15:58:59.0 (583588869)|HEAP_ALLOCATE|[15]|Bytes:1
15:58:59.0 (583598524)|HEAP_ALLOCATE|[15]|Bytes:22
15:58:59.0 (583605591)|USER_DEBUG|[15]|DEBUG|beginning iteration: 1
15:58:59.0 (583613925)|STATEMENT_EXECUTE|[16]
15:58:59.0 (583619930)|HEAP_ALLOCATE|[16]|Bytes:4
15:58:59.0 (583627144)|METHOD_ENTRY|[16]||System.EncodingUtil.urlDecode(String, String)
15:58:59.0 (583648757)|METHOD_EXIT|[16]||System.EncodingUtil.urlDecode(String, String)
15:58:59.0 (583653784)|HEAP_ALLOCATE|[17]|Bytes:4
15:58:59.0 (583659003)|METHOD_ENTRY|[17]||System.EncodingUtil.urlDecode(String, String)
15:58:59.0 (583676710)|METHOD_EXIT|[17]||System.EncodingUtil.urlDecode(String, String)
15:58:59.0 (583686056)|HEAP_ALLOCATE|[EXTERNAL]|Bytes:4
15:58:59.0 (583691422)|STATEMENT_EXECUTE|[18]
15:58:59.0 (583703633)|HEAP_ALLOCATE|[18]|Bytes:134
15:58:59.0 (583713496)|HEAP_ALLOCATE|[18]|Bytes:161
15:58:59.0 (583724517)|USER_DEBUG|[18]|DEBUG|option after Encoding Add: (System.SelectOption[value="ABE2", label="ABE2", disabled="false"], System.SelectOption[value="ABE4", label="ABE4", disabled="false"])
15:58:59.0 (583733488)|HEAP_ALLOCATE|[14]|Bytes:4
15:58:59.0 (583740066)|VARIABLE_ASSIGNMENT|[14]|i|2
15:58:59.0 (583752551)|STATEMENT_EXECUTE|[14]
15:58:59.0 (583754109)|STATEMENT_EXECUTE|[15]
15:58:59.0 (583762367)|HEAP_ALLOCATE|[15]|Bytes:1
15:58:59.0 (583771502)|HEAP_ALLOCATE|[15]|Bytes:22
15:58:59.0 (583777603)|USER_DEBUG|[15]|DEBUG|beginning iteration: 2
15:58:59.0 (583783325)|STATEMENT_EXECUTE|[16]
15:58:59.0 (583787473)|HEAP_ALLOCATE|[16]|Bytes:4
15:58:59.0 (583793091)|METHOD_ENTRY|[16]||System.EncodingUtil.urlDecode(String, String)
15:58:59.0 (583811908)|METHOD_EXIT|[16]||System.EncodingUtil.urlDecode(String, String)
15:58:59.0 (583817514)|HEAP_ALLOCATE|[17]|Bytes:4
15:58:59.0 (583822347)|METHOD_ENTRY|[17]||System.EncodingUtil.urlDecode(String, String)
15:58:59.0 (583841852)|METHOD_EXIT|[17]||System.EncodingUtil.urlDecode(String, String)
15:58:59.0 (583850502)|HEAP_ALLOCATE|[EXTERNAL]|Bytes:4
15:58:59.0 (583855762)|STATEMENT_EXECUTE|[18]
15:58:59.0 (583868695)|HEAP_ALLOCATE|[18]|Bytes:201
15:58:59.0 (583878647)|HEAP_ALLOCATE|[18]|Bytes:228
15:58:59.0 (583884731)|USER_DEBUG|[18]|DEBUG|option after Encoding Add: (System.SelectOption[value="ABE2", label="ABE2", disabled="false"], System.SelectOption[value="ABE4", label="ABE4", disabled="false"], System.SelectOption[value="ABE8", label="ABE8", disabled="false"])
15:58:59.0 (583893457)|HEAP_ALLOCATE|[14]|Bytes:4
15:58:59.0 (583899801)|VARIABLE_ASSIGNMENT|[14]|i|3
15:58:59.0 (583910071)|STATEMENT_EXECUTE|[14]
15:58:59.0 (583911693)|STATEMENT_EXECUTE|[15]
15:58:59.0 (583919113)|HEAP_ALLOCATE|[15]|Bytes:1
15:58:59.0 (583927534)|HEAP_ALLOCATE|[15]|Bytes:22
15:58:59.0 (583933647)|USER_DEBUG|[15]|DEBUG|beginning iteration: 3
15:58:59.0 (583939403)|STATEMENT_EXECUTE|[16]
15:58:59.0 (583943288)|HEAP_ALLOCATE|[16]|Bytes:4
15:58:59.0 (583948673)|METHOD_ENTRY|[16]||System.EncodingUtil.urlDecode(String, String)
15:58:59.0 (583966840)|METHOD_EXIT|[16]||System.EncodingUtil.urlDecode(String, String)
15:58:59.0 (583971427)|HEAP_ALLOCATE|[17]|Bytes:4
15:58:59.0 (583977384)|METHOD_ENTRY|[17]||System.EncodingUtil.urlDecode(String, String)
15:58:59.0 (584002247)|METHOD_EXIT|[17]||System.EncodingUtil.urlDecode(String, String)
15:58:59.0 (584016965)|HEAP_ALLOCATE|[EXTERNAL]|Bytes:4
15:58:59.0 (584025611)|STATEMENT_EXECUTE|[18]
15:58:59.0 (584047176)|HEAP_ALLOCATE|[18]|Bytes:268
15:58:59.0 (584063960)|HEAP_ALLOCATE|[18]|Bytes:295
15:58:59.0 (584086790)|USER_DEBUG|[18]|DEBUG|option after Encoding Add: (System.SelectOption[value="ABE2", label="ABE2", disabled="false"], System.SelectOption[value="ABE4", label="ABE4", disabled="false"], System.SelectOption[value="ABE8", label="ABE8", disabled="false"], System.SelectOption[value="BFI3", label="BFI3", disabled="false"])
15:58:59.0 (584097414)|HEAP_ALLOCATE|[14]|Bytes:4
15:58:59.0 (584104386)|VARIABLE_ASSIGNMENT|[14]|i|4
15:58:59.0 (584118921)|STATEMENT_EXECUTE|[14]
15:58:59.0 (584120613)|STATEMENT_EXECUTE|[15]
15:58:59.0 (584129751)|HEAP_ALLOCATE|[15]|Bytes:1
15:58:59.0 (584139000)|HEAP_ALLOCATE|[15]|Bytes:22
15:58:59.0 (584145167)|USER_DEBUG|[15]|DEBUG|beginning iteration: 4
15:58:59.0 (584151125)|STATEMENT_EXECUTE|[16]
15:58:59.0 (584155956)|HEAP_ALLOCATE|[16]|Bytes:4
15:58:59.0 (584162045)|METHOD_ENTRY|[16]||System.EncodingUtil.urlDecode(String, String)
15:58:59.0 (584196638)|METHOD_EXIT|[16]||System.EncodingUtil.urlDecode(String, String)
15:58:59.0 (584207319)|HEAP_ALLOCATE|[17]|Bytes:4
15:58:59.0 (584215950)|METHOD_ENTRY|[17]||System.EncodingUtil.urlDecode(String, String)
15:58:59.0 (584251031)|METHOD_EXIT|[17]||System.EncodingUtil.urlDecode(String, String)
15:58:59.0 (584262666)|HEAP_ALLOCATE|[EXTERNAL]|Bytes:4
15:58:59.0 (584268879)|STATEMENT_EXECUTE|[18]
15:58:59.0 (584285103)|HEAP_ALLOCATE|[18]|Bytes:335
15:58:59.0 (584295283)|HEAP_ALLOCATE|[18]|Bytes:362
15:58:59.0 (584302629)|USER_DEBUG|[18]|DEBUG|option after Encoding Add: (System.SelectOption[value="ABE2", label="ABE2", disabled="false"], System.SelectOption[value="ABE4", label="ABE4", disabled="false"], System.SelectOption[value="ABE8", label="ABE8", disabled="false"], System.SelectOption[value="BFI3", label="BFI3", disabled="false"], System.SelectOption[value="BFI4", label="BFI4", disabled="false"])
15:58:59.0 (584314771)|HEAP_ALLOCATE|[14]|Bytes:4
15:58:59.0 (584321602)|VARIABLE_ASSIGNMENT|[14]|i|5
15:58:59.0 (584331988)|STATEMENT_EXECUTE|[14]
15:58:59.0 (584333801)|STATEMENT_EXECUTE|[15]
15:58:59.0 (584341366)|HEAP_ALLOCATE|[15]|Bytes:1
15:58:59.0 (584349881)|HEAP_ALLOCATE|[15]|Bytes:22
15:58:59.0 (584355549)|USER_DEBUG|[15]|DEBUG|beginning iteration: 5
15:58:59.0 (584366024)|STATEMENT_EXECUTE|[16]
15:58:59.0 (584370501)|HEAP_ALLOCATE|[16]|Bytes:4
15:58:59.0 (584376214)|METHOD_ENTRY|[16]||System.EncodingUtil.urlDecode(String, String)
15:58:59.0 (584400052)|METHOD_EXIT|[16]||System.EncodingUtil.urlDecode(String, String)
15:58:59.0 (584405566)|HEAP_ALLOCATE|[17]|Bytes:4
15:58:59.0 (584410754)|METHOD_ENTRY|[17]||System.EncodingUtil.urlDecode(String, String)
15:58:59.0 (584436557)|METHOD_EXIT|[17]||System.EncodingUtil.urlDecode(String, String)
15:58:59.0 (584448719)|HEAP_ALLOCATE|[EXTERNAL]|Bytes:4
15:58:59.0 (584454252)|STATEMENT_EXECUTE|[18]
15:58:59.0 (584477641)|HEAP_ALLOCATE|[18]|Bytes:402
15:58:59.0 (584493495)|HEAP_ALLOCATE|[18]|Bytes:429
15:58:59.0 (584504199)|USER_DEBUG|[18]|DEBUG|option after Encoding Add: (System.SelectOption[value="ABE2", label="ABE2", disabled="false"], System.SelectOption[value="ABE4", label="ABE4", disabled="false"], System.SelectOption[value="ABE8", label="ABE8", disabled="false"], System.SelectOption[value="BFI3", label="BFI3", disabled="false"], System.SelectOption[value="BFI4", label="BFI4", disabled="false"], System.SelectOption[value="BNA2", label="BNA2", disabled="false"])
15:58:59.0 (584525742)|HEAP_ALLOCATE|[14]|Bytes:4
15:58:59.0 (584534899)|VARIABLE_ASSIGNMENT|[14]|i|6
15:58:59.0 (584550633)|STATEMENT_EXECUTE|[14]
15:58:59.0 (584553099)|STATEMENT_EXECUTE|[15]
15:58:59.0 (584565382)|HEAP_ALLOCATE|[15]|Bytes:1
15:58:59.0 (584575269)|HEAP_ALLOCATE|[15]|Bytes:22
15:58:59.0 (584581146)|USER_DEBUG|[15]|DEBUG|beginning iteration: 6
15:58:59.0 (584587708)|STATEMENT_EXECUTE|[16]
15:58:59.0 (584595137)|HEAP_ALLOCATE|[16]|Bytes:4
15:58:59.0 (584603956)|METHOD_ENTRY|[16]||System.EncodingUtil.urlDecode(String, String)
15:58:59.0 (584626637)|METHOD_EXIT|[16]||System.EncodingUtil.urlDecode(String, String)
15:58:59.0 (584632564)|HEAP_ALLOCATE|[17]|Bytes:4
15:58:59.0 (584637808)|METHOD_ENTRY|[17]||System.EncodingUtil.urlDecode(String, String)
15:58:59.0 (584654281)|METHOD_EXIT|[17]||System.EncodingUtil.urlDecode(String, String)
15:58:59.0 (584663060)|HEAP_ALLOCATE|[EXTERNAL]|Bytes:4
15:58:59.0 (584668778)|STATEMENT_EXECUTE|[18]
15:58:59.0 (584683875)|HEAP_ALLOCATE|[18]|Bytes:469
15:58:59.0 (584693027)|HEAP_ALLOCATE|[18]|Bytes:496
15:58:59.0 (584700498)|USER_DEBUG|[18]|DEBUG|option after Encoding Add: (System.SelectOption[value="ABE2", label="ABE2", disabled="false"], System.SelectOption[value="ABE4", label="ABE4", disabled="false"], System.SelectOption[value="ABE8", label="ABE8", disabled="false"], System.SelectOption[value="BFI3", label="BFI3", disabled="false"], System.SelectOption[value="BFI4", label="BFI4", disabled="false"], System.SelectOption[value="BNA2", label="BNA2", disabled="false"], System.SelectOption[value="BWI2", label="BWI2", disabled="false"])
15:58:59.0 (584715586)|HEAP_ALLOCATE|[14]|Bytes:4
15:58:59.0 (584724094)|VARIABLE_ASSIGNMENT|[14]|i|7
15:58:59.0 (584738292)|STATEMENT_EXECUTE|[14]
15:58:59.0 (584740405)|STATEMENT_EXECUTE|[15]
15:58:59.0 (584748682)|HEAP_ALLOCATE|[15]|Bytes:1
15:58:59.0 (584757742)|HEAP_ALLOCATE|[15]|Bytes:22
15:58:59.0 (584763447)|USER_DEBUG|[15]|DEBUG|beginning iteration: 7
15:58:59.0 (584769224)|STATEMENT_EXECUTE|[16]
15:58:59.0 (584773028)|HEAP_ALLOCATE|[16]|Bytes:4
15:58:59.0 (584778488)|METHOD_ENTRY|[16]||System.EncodingUtil.urlDecode(String, String)
15:58:59.0 (584796428)|METHOD_EXIT|[16]||System.EncodingUtil.urlDecode(String, String)
15:58:59.0 (584802781)|HEAP_ALLOCATE|[17]|Bytes:4
15:58:59.0 (584810909)|METHOD_ENTRY|[17]||System.EncodingUtil.urlDecode(String, String)
15:58:59.0 (584836490)|METHOD_EXIT|[17]||System.EncodingUtil.urlDecode(String, String)
15:58:59.0 (584848849)|HEAP_ALLOCATE|[EXTERNAL]|Bytes:4
15:58:59.0 (584856926)|STATEMENT_EXECUTE|[18]
15:58:59.0 (584878767)|HEAP_ALLOCATE|[18]|Bytes:536
15:58:59.0 (584890552)|HEAP_ALLOCATE|[18]|Bytes:563
15:58:59.0 (584897053)|USER_DEBUG|[18]|DEBUG|option after Encoding Add: (System.SelectOption[value="ABE2", label="ABE2", disabled="false"], System.SelectOption[value="ABE4", label="ABE4", disabled="false"], System.SelectOption[value="ABE8", label="ABE8", disabled="false"], System.SelectOption[value="BFI3", label="BFI3", disabled="false"], System.SelectOption[value="BFI4", label="BFI4", disabled="false"], System.SelectOption[value="BNA2", label="BNA2", disabled="false"], System.SelectOption[value="BWI2", label="BWI2", disabled="false"], System.SelectOption[value="CLT3", label="CLT3", disabled="false"])
15:58:59.0 (584911881)|HEAP_ALLOCATE|[14]|Bytes:4
15:58:59.0 (584917314)|VARIABLE_ASSIGNMENT|[14]|i|8
15:58:59.0 (584927508)|STATEMENT_EXECUTE|[14]
15:58:59.0 (584929050)|STATEMENT_EXECUTE|[15]
15:58:59.0 (584936953)|HEAP_ALLOCATE|[15]|Bytes:1
15:58:59.0 (584945377)|HEAP_ALLOCATE|[15]|Bytes:22
15:58:59.0 (584951229)|USER_DEBUG|[15]|DEBUG|beginning iteration: 8
15:58:59.0 (584957067)|STATEMENT_EXECUTE|[16]
15:58:59.0 (584960947)|HEAP_ALLOCATE|[16]|Bytes:4
15:58:59.0 (584966318)|METHOD_ENTRY|[16]||System.EncodingUtil.urlDecode(String, String)
15:58:59.0 (584984069)|METHOD_EXIT|[16]||System.EncodingUtil.urlDecode(String, String)
15:58:59.0 (584989049)|HEAP_ALLOCATE|[17]|Bytes:4
15:58:59.0 (584994083)|METHOD_ENTRY|[17]||System.EncodingUtil.urlDecode(String, String)
15:58:59.0 (585009696)|METHOD_EXIT|[17]||System.EncodingUtil.urlDecode(String, String)
15:58:59.0 (585018531)|HEAP_ALLOCATE|[EXTERNAL]|Bytes:4
15:58:59.0 (585024386)|STATEMENT_EXECUTE|[18]
15:58:59.0 (585039905)|HEAP_ALLOCATE|[18]|Bytes:603
15:58:59.0 (585049163)|HEAP_ALLOCATE|[18]|Bytes:630
15:58:59.0 (585055058)|USER_DEBUG|[18]|DEBUG|option after Encoding Add: (System.SelectOption[value="ABE2", label="ABE2", disabled="false"], System.SelectOption[value="ABE4", label="ABE4", disabled="false"], System.SelectOption[value="ABE8", label="ABE8", disabled="false"], System.SelectOption[value="BFI3", label="BFI3", disabled="false"], System.SelectOption[value="BFI4", label="BFI4", disabled="false"], System.SelectOption[value="BNA2", label="BNA2", disabled="false"], System.SelectOption[value="BWI2", label="BWI2", disabled="false"], System.SelectOption[value="CLT3", label="CLT3", disabled="false"], System.SelectOption[value="BDL2", label="BDL2", disabled="false"])
15:58:59.0 (585069763)|HEAP_ALLOCATE|[14]|Bytes:4
15:58:59.0 (585075751)|VARIABLE_ASSIGNMENT|[14]|i|9
15:58:59.0 (585085508)|STATEMENT_EXECUTE|[14]
15:58:59.0 (585087534)|STATEMENT_EXECUTE|[15]
15:58:59.0 (585094819)|HEAP_ALLOCATE|[15]|Bytes:1
15:58:59.0 (585104613)|HEAP_ALLOCATE|[15]|Bytes:22
15:58:59.0 (585113702)|USER_DEBUG|[15]|DEBUG|beginning iteration: 9
15:58:59.0 (585122773)|STATEMENT_EXECUTE|[16]
15:58:59.0 (585128679)|HEAP_ALLOCATE|[16]|Bytes:4
15:58:59.0 (585136970)|METHOD_ENTRY|[16]||System.EncodingUtil.urlDecode(String, String)
15:58:59.0 (585163981)|METHOD_EXIT|[16]||System.EncodingUtil.urlDecode(String, String)
15:58:59.0 (585172118)|HEAP_ALLOCATE|[17]|Bytes:4
15:58:59.0 (585180283)|METHOD_ENTRY|[17]||System.EncodingUtil.urlDecode(String, String)
15:58:59.0 (585203901)|METHOD_EXIT|[17]||System.EncodingUtil.urlDecode(String, String)
15:58:59.0 (585214918)|HEAP_ALLOCATE|[EXTERNAL]|Bytes:4
15:58:59.0 (585220527)|STATEMENT_EXECUTE|[18]
15:58:59.0 (585238387)|HEAP_ALLOCATE|[18]|Bytes:670
15:58:59.0 (585253759)|HEAP_ALLOCATE|[18]|Bytes:697
15:58:59.0 (585263622)|USER_DEBUG|[18]|DEBUG|option after Encoding Add: (System.SelectOption[value="ABE2", label="ABE2", disabled="false"], System.SelectOption[value="ABE4", label="ABE4", disabled="false"], System.SelectOption[value="ABE8", label="ABE8", disabled="false"], System.SelectOption[value="BFI3", label="BFI3", disabled="false"], System.SelectOption[value="BFI4", label="BFI4", disabled="false"], System.SelectOption[value="BNA2", label="BNA2", disabled="false"], System.SelectOption[value="BWI2", label="BWI2", disabled="false"], System.SelectOption[value="CLT3", label="CLT3", disabled="false"], System.SelectOption[value="BDL2", label="BDL2", disabled="false"], System.SelectOption[value="BFI5", label="BFI5", disabled="false"])
15:58:59.0 (585281012)|HEAP_ALLOCATE|[14]|Bytes:4
15:58:59.0 (585291147)|VARIABLE_ASSIGNMENT|[14]|i|10
15:58:59.0 (585311780)|METHOD_EXIT|[26]|01p1I00000G9Bhb|MultiselectController.setOptions(List<System.SelectOption>, String)
15:58:59.0 (585319274)|SYSTEM_MODE_EXIT|false
15:58:59.0 (585436867)|SYSTEM_MODE_ENTER|true
15:58:59.0 (585490733)|HEAP_ALLOCATE|[EXTERNAL]|Bytes:20
15:58:59.0 (585499465)|HEAP_ALLOCATE|[EXTERNAL]|Bytes:69
15:58:59.0 (585547514)|VARIABLE_ASSIGNMENT|[EXTERNAL]|this|{"leftOptions":"0x4c944953","leftOptionsHidden":"ABE2&ABE2&ABE4&ABE4& (79 more) ...","rightOptions":"0x7bd5fa9c"}|0x3feeb9a3
15:58:59.0 (585564521)|VARIABLE_ASSIGNMENT|[EXTERNAL]|value|"Reviewers&Reviewers& (49 more) ..."
15:58:59.0 (585583799)|SYSTEM_MODE_ENTER|false
15:58:59.0 (585594115)|HEAP_ALLOCATE|[33]|Bytes:5
15:58:59.0 (585600703)|STATEMENT_EXECUTE|[32]
15:58:59.0 (585603272)|STATEMENT_EXECUTE|[33]
15:58:59.0 (585618994)|VARIABLE_ASSIGNMENT|[33]|this.rightOptionsHidden|"Reviewers&Reviewers& (49 more) ..."|0x3feeb9a3
15:58:59.0 (585627909)|STATEMENT_EXECUTE|[34]
15:58:59.0 (585679920)|VARIABLE_ASSIGNMENT|[EXTERNAL]|this|{"leftOptions":"0x4c944953","leftOptionsHidden":"ABE2&ABE2&ABE4&ABE4& (79 more) ...","rightOptions":"0x7bd5fa9c","rightOptionsHidden":"Reviewers&Reviewers& (49 more) ..."}|0x3feeb9a3
15:58:59.0 (585709604)|METHOD_ENTRY|[34]|01p1I00000G9Bhb|MultiselectController.setOptions(List<System.SelectOption>, String)
15:58:59.0 (585719429)|VARIABLE_SCOPE_BEGIN|[9]|this|MultiselectController|true|false
15:58:59.0 (585748633)|VARIABLE_ASSIGNMENT|[9]|this|{"leftOptions":"0x4c944953","leftOptionsHidden":"ABE2&ABE2&ABE4&ABE4& (79 more) ...","rightOptions":"0x7bd5fa9c","rightOptionsHidden":"Reviewers&Reviewers& (49 more) ..."}|0x3feeb9a3
15:58:59.0 (585759276)|VARIABLE_SCOPE_BEGIN|[9]|options|List<System.SelectOption>|true|false
15:58:59.0 (585776522)|VARIABLE_ASSIGNMENT|[9]|options|"List of size 6 too large to display"|0x7bd5fa9c
15:58:59.0 (585784750)|VARIABLE_SCOPE_BEGIN|[9]|value|String|false|false
15:58:59.0 (585797454)|VARIABLE_ASSIGNMENT|[9]|value|"Reviewers&Reviewers& (49 more) ..."
15:58:59.0 (585815760)|HEAP_ALLOCATE|[10]|Bytes:5
15:58:59.0 (585822611)|STATEMENT_EXECUTE|[9]
15:58:59.0 (585825160)|STATEMENT_EXECUTE|[10]
15:58:59.0 (585838853)|STATEMENT_EXECUTE|[11]
15:58:59.0 (585855257)|HEAP_ALLOCATE|[11]|Bytes:2
15:58:59.0 (585866944)|HEAP_ALLOCATE|[11]|Bytes:11
15:58:59.0 (585874867)|USER_DEBUG|[11]|DEBUG|options: ()
15:58:59.0 (585881985)|STATEMENT_EXECUTE|[12]
15:58:59.0 (585905507)|HEAP_ALLOCATE|[12]|Bytes:9
15:58:59.0 (585910210)|HEAP_ALLOCATE|[12]|Bytes:9
15:58:59.0 (585913217)|HEAP_ALLOCATE|[12]|Bytes:4
15:58:59.0 (585916044)|HEAP_ALLOCATE|[12]|Bytes:4
15:58:59.0 (585918856)|HEAP_ALLOCATE|[12]|Bytes:4
15:58:59.0 (585921964)|HEAP_ALLOCATE|[12]|Bytes:4
15:58:59.0 (585924723)|HEAP_ALLOCATE|[12]|Bytes:4
15:58:59.0 (585927575)|HEAP_ALLOCATE|[12]|Bytes:4
15:58:59.0 (585930852)|HEAP_ALLOCATE|[12]|Bytes:4
15:58:59.0 (585933618)|HEAP_ALLOCATE|[12]|Bytes:4
15:58:59.0 (585940401)|HEAP_ALLOCATE|[12]|Bytes:4
15:58:59.0 (585943771)|HEAP_ALLOCATE|[12]|Bytes:4
15:58:59.0 (585947948)|HEAP_ALLOCATE|[12]|Bytes:52
15:58:59.0 (585958801)|VARIABLE_SCOPE_BEGIN|[12]|parts|List<String>|true|false
15:58:59.0 (585985838)|HEAP_ALLOCATE|[EXTERNAL]|Bytes:52
15:58:59.0 (585996180)|VARIABLE_ASSIGNMENT|[12]|parts|"List of size 12 too large to display"|0x2515960e
15:58:59.0 (586002301)|STATEMENT_EXECUTE|[13]
15:58:59.0 (586017085)|HEAP_ALLOCATE|[13]|Bytes:75
15:58:59.0 (586032256)|HEAP_ALLOCATE|[13]|Bytes:82
15:58:59.0 (586043907)|USER_DEBUG|[13]|DEBUG|parts: (Reviewers, Reviewers, CMH1, CMH1, DEN2, DEN2, CLT2, CLT2, AVP1, AVP1, ...)
15:58:59.0 (586054722)|STATEMENT_EXECUTE|[14]
15:58:59.0 (586059978)|VARIABLE_SCOPE_BEGIN|[14]|i|Integer|false|false
15:58:59.0 (586070871)|HEAP_ALLOCATE|[14]|Bytes:4
15:58:59.0 (586079942)|VARIABLE_ASSIGNMENT|[14]|i|0
15:58:59.0 (586098590)|STATEMENT_EXECUTE|[14]
15:58:59.0 (586100846)|STATEMENT_EXECUTE|[15]
15:58:59.0 (586114751)|HEAP_ALLOCATE|[15]|Bytes:1
15:58:59.0 (586130164)|HEAP_ALLOCATE|[15]|Bytes:22
15:58:59.0 (586142303)|USER_DEBUG|[15]|DEBUG|beginning iteration: 0
15:58:59.0 (586152903)|STATEMENT_EXECUTE|[16]
15:58:59.0 (586161299)|HEAP_ALLOCATE|[16]|Bytes:9
15:58:59.0 (586173436)|METHOD_ENTRY|[16]||System.EncodingUtil.urlDecode(String, String)
15:58:59.0 (586211990)|METHOD_EXIT|[16]||System.EncodingUtil.urlDecode(String, String)
15:58:59.0 (586225529)|HEAP_ALLOCATE|[17]|Bytes:9
15:58:59.0 (586236053)|METHOD_ENTRY|[17]||System.EncodingUtil.urlDecode(String, String)
15:58:59.0 (586264381)|METHOD_EXIT|[17]||System.EncodingUtil.urlDecode(String, String)
15:58:59.0 (586279691)|HEAP_ALLOCATE|[EXTERNAL]|Bytes:4
15:58:59.0 (586286535)|STATEMENT_EXECUTE|[18]
15:58:59.0 (586300872)|HEAP_ALLOCATE|[18]|Bytes:77
15:58:59.0 (586310853)|HEAP_ALLOCATE|[18]|Bytes:104
15:58:59.0 (586318909)|USER_DEBUG|[18]|DEBUG|option after Encoding Add: (System.SelectOption[value="Reviewers", label="Reviewers", disabled="false"])
15:58:59.0 (586326772)|HEAP_ALLOCATE|[14]|Bytes:4
15:58:59.0 (586334384)|VARIABLE_ASSIGNMENT|[14]|i|1
15:58:59.0 (586345573)|STATEMENT_EXECUTE|[14]
15:58:59.0 (586347717)|STATEMENT_EXECUTE|[15]
15:58:59.0 (586355440)|HEAP_ALLOCATE|[15]|Bytes:1
15:58:59.0 (586371516)|HEAP_ALLOCATE|[15]|Bytes:22
15:58:59.0 (586377939)|USER_DEBUG|[15]|DEBUG|beginning iteration: 1
15:58:59.0 (586385341)|STATEMENT_EXECUTE|[16]
15:58:59.0 (586391765)|HEAP_ALLOCATE|[16]|Bytes:4
15:58:59.0 (586400805)|METHOD_ENTRY|[16]||System.EncodingUtil.urlDecode(String, String)
15:58:59.0 (586423268)|METHOD_EXIT|[16]||System.EncodingUtil.urlDecode(String, String)
15:58:59.0 (586431615)|HEAP_ALLOCATE|[17]|Bytes:4
15:58:59.0 (586449277)|METHOD_ENTRY|[17]||System.EncodingUtil.urlDecode(String, String)
15:58:59.0 (586478487)|METHOD_EXIT|[17]||System.EncodingUtil.urlDecode(String, String)
15:58:59.0 (586494320)|HEAP_ALLOCATE|[EXTERNAL]|Bytes:4
15:58:59.0 (586503366)|STATEMENT_EXECUTE|[18]
15:58:59.0 (586523804)|HEAP_ALLOCATE|[18]|Bytes:144
15:58:59.0 (586540817)|HEAP_ALLOCATE|[18]|Bytes:171
15:58:59.0 (586551621)|USER_DEBUG|[18]|DEBUG|option after Encoding Add: (System.SelectOption[value="Reviewers", label="Reviewers", disabled="false"], System.SelectOption[value="CMH1", label="CMH1", disabled="false"])
15:58:59.0 (586564527)|HEAP_ALLOCATE|[14]|Bytes:4
15:58:59.0 (586575243)|VARIABLE_ASSIGNMENT|[14]|i|2
15:58:59.0 (586592639)|STATEMENT_EXECUTE|[14]
15:58:59.0 (586595000)|STATEMENT_EXECUTE|[15]
15:58:59.0 (586608414)|HEAP_ALLOCATE|[15]|Bytes:1
15:58:59.0 (586631344)|HEAP_ALLOCATE|[15]|Bytes:22
15:58:59.0 (586642288)|USER_DEBUG|[15]|DEBUG|beginning iteration: 2
15:58:59.0 (586657628)|STATEMENT_EXECUTE|[16]
15:58:59.0 (586669155)|HEAP_ALLOCATE|[16]|Bytes:4
15:58:59.0 (586681811)|METHOD_ENTRY|[16]||System.EncodingUtil.urlDecode(String, String)
15:58:59.0 (586712498)|METHOD_EXIT|[16]||System.EncodingUtil.urlDecode(String, String)
15:58:59.0 (586721398)|HEAP_ALLOCATE|[17]|Bytes:4
15:58:59.0 (586729030)|METHOD_ENTRY|[17]||System.EncodingUtil.urlDecode(String, String)
15:58:59.0 (586755579)|METHOD_EXIT|[17]||System.EncodingUtil.urlDecode(String, String)
15:58:59.0 (586771066)|HEAP_ALLOCATE|[EXTERNAL]|Bytes:4
15:58:59.0 (586780267)|STATEMENT_EXECUTE|[18]
15:58:59.0 (586803094)|HEAP_ALLOCATE|[18]|Bytes:211
15:58:59.0 (586819854)|HEAP_ALLOCATE|[18]|Bytes:238
15:58:59.0 (586830971)|USER_DEBUG|[18]|DEBUG|option after Encoding Add: (System.SelectOption[value="Reviewers", label="Reviewers", disabled="false"], System.SelectOption[value="CMH1", label="CMH1", disabled="false"], System.SelectOption[value="DEN2", label="DEN2", disabled="false"])
15:58:59.0 (586840375)|HEAP_ALLOCATE|[14]|Bytes:4
15:58:59.0 (586848532)|VARIABLE_ASSIGNMENT|[14]|i|3
15:58:59.0 (586860250)|STATEMENT_EXECUTE|[14]
15:58:59.0 (586861934)|STATEMENT_EXECUTE|[15]
15:58:59.0 (586870669)|HEAP_ALLOCATE|[15]|Bytes:1
15:58:59.0 (586880035)|HEAP_ALLOCATE|[15]|Bytes:22
15:58:59.0 (586885949)|USER_DEBUG|[15]|DEBUG|beginning iteration: 3
15:58:59.0 (586892689)|STATEMENT_EXECUTE|[16]
15:58:59.0 (586896932)|HEAP_ALLOCATE|[16]|Bytes:4
15:58:59.0 (586902487)|METHOD_ENTRY|[16]||System.EncodingUtil.urlDecode(String, String)
15:58:59.0 (586921963)|METHOD_EXIT|[16]||System.EncodingUtil.urlDecode(String, String)
15:58:59.0 (586926699)|HEAP_ALLOCATE|[17]|Bytes:4
15:58:59.0 (586931828)|METHOD_ENTRY|[17]||System.EncodingUtil.urlDecode(String, String)
15:58:59.0 (586948098)|METHOD_EXIT|[17]||System.EncodingUtil.urlDecode(String, String)
15:58:59.0 (586957878)|HEAP_ALLOCATE|[EXTERNAL]|Bytes:4
15:58:59.0 (586965425)|STATEMENT_EXECUTE|[18]
15:58:59.0 (586984790)|HEAP_ALLOCATE|[18]|Bytes:278
15:58:59.0 (587000122)|HEAP_ALLOCATE|[18]|Bytes:305
15:58:59.0 (587011452)|USER_DEBUG|[18]|DEBUG|option after Encoding Add: (System.SelectOption[value="Reviewers", label="Reviewers", disabled="false"], System.SelectOption[value="CMH1", label="CMH1", disabled="false"], System.SelectOption[value="DEN2", label="DEN2", disabled="false"], System.SelectOption[value="CLT2", label="CLT2", disabled="false"])
15:58:59.0 (587025798)|HEAP_ALLOCATE|[14]|Bytes:4
15:58:59.0 (587035283)|VARIABLE_ASSIGNMENT|[14]|i|4
15:58:59.0 (587049149)|STATEMENT_EXECUTE|[14]
15:58:59.0 (587051180)|STATEMENT_EXECUTE|[15]
15:58:59.0 (587060091)|HEAP_ALLOCATE|[15]|Bytes:1
15:58:59.0 (587068821)|HEAP_ALLOCATE|[15]|Bytes:22
15:58:59.0 (587074655)|USER_DEBUG|[15]|DEBUG|beginning iteration: 4
15:58:59.0 (587080701)|STATEMENT_EXECUTE|[16]
15:58:59.0 (587084525)|HEAP_ALLOCATE|[16]|Bytes:4
15:58:59.0 (587090141)|METHOD_ENTRY|[16]||System.EncodingUtil.urlDecode(String, String)
15:58:59.0 (587108539)|METHOD_EXIT|[16]||System.EncodingUtil.urlDecode(String, String)
15:58:59.0 (587113950)|HEAP_ALLOCATE|[17]|Bytes:4
15:58:59.0 (587118736)|METHOD_ENTRY|[17]||System.EncodingUtil.urlDecode(String, String)
15:58:59.0 (587135350)|METHOD_EXIT|[17]||System.EncodingUtil.urlDecode(String, String)
15:58:59.0 (587143463)|HEAP_ALLOCATE|[EXTERNAL]|Bytes:4
15:58:59.0 (587148591)|STATEMENT_EXECUTE|[18]
15:58:59.0 (587161932)|HEAP_ALLOCATE|[18]|Bytes:345
15:58:59.0 (587171299)|HEAP_ALLOCATE|[18]|Bytes:372
15:58:59.0 (587177415)|USER_DEBUG|[18]|DEBUG|option after Encoding Add: (System.SelectOption[value="Reviewers", label="Reviewers", disabled="false"], System.SelectOption[value="CMH1", label="CMH1", disabled="false"], System.SelectOption[value="DEN2", label="DEN2", disabled="false"], System.SelectOption[value="CLT2", label="CLT2", disabled="false"], System.SelectOption[value="AVP1", label="AVP1", disabled="false"])
15:58:59.0 (587188045)|HEAP_ALLOCATE|[14]|Bytes:4
15:58:59.0 (587194437)|VARIABLE_ASSIGNMENT|[14]|i|5
15:58:59.0 (587204899)|STATEMENT_EXECUTE|[14]
15:58:59.0 (587206555)|STATEMENT_EXECUTE|[15]
15:58:59.0 (587214017)|HEAP_ALLOCATE|[15]|Bytes:1
15:58:59.0 (587222640)|HEAP_ALLOCATE|[15]|Bytes:22
15:58:59.0 (587228476)|USER_DEBUG|[15]|DEBUG|beginning iteration: 5
15:58:59.0 (587234049)|STATEMENT_EXECUTE|[16]
15:58:59.0 (587237612)|HEAP_ALLOCATE|[16]|Bytes:4
15:58:59.0 (587242728)|METHOD_ENTRY|[16]||System.EncodingUtil.urlDecode(String, String)
15:58:59.0 (587260382)|METHOD_EXIT|[16]||System.EncodingUtil.urlDecode(String, String)
15:58:59.0 (587265402)|HEAP_ALLOCATE|[17]|Bytes:4
15:58:59.0 (587270156)|METHOD_ENTRY|[17]||System.EncodingUtil.urlDecode(String, String)
15:58:59.0 (587287352)|METHOD_EXIT|[17]||System.EncodingUtil.urlDecode(String, String)
15:58:59.0 (587295310)|HEAP_ALLOCATE|[EXTERNAL]|Bytes:4
15:58:59.0 (587300492)|STATEMENT_EXECUTE|[18]
15:58:59.0 (587314929)|HEAP_ALLOCATE|[18]|Bytes:412
15:58:59.0 (587324069)|HEAP_ALLOCATE|[18]|Bytes:439
15:58:59.0 (587330825)|USER_DEBUG|[18]|DEBUG|option after Encoding Add: (System.SelectOption[value="Reviewers", label="Reviewers", disabled="false"], System.SelectOption[value="CMH1", label="CMH1", disabled="false"], System.SelectOption[value="DEN2", label="DEN2", disabled="false"], System.SelectOption[value="CLT2", label="CLT2", disabled="false"], System.SelectOption[value="AVP1", label="AVP1", disabled="false"], System.SelectOption[value="CAE1", label="CAE1", disabled="false"])
15:58:59.0 (587342255)|HEAP_ALLOCATE|[14]|Bytes:4
15:58:59.0 (587348635)|VARIABLE_ASSIGNMENT|[14]|i|6
15:58:59.0 (587369099)|METHOD_EXIT|[34]|01p1I00000G9Bhb|MultiselectController.setOptions(List<System.SelectOption>, String)
15:58:59.0 (587375969)|SYSTEM_MODE_EXIT|false
15:58:59.0 (587713097)|SYSTEM_MODE_ENTER|true
15:58:59.0 (587760998)|HEAP_ALLOCATE|[EXTERNAL]|Bytes:44
15:58:59.0 (587772767)|HEAP_ALLOCATE|[EXTERNAL]|Bytes:20
15:58:59.0 (587787149)|VARIABLE_ASSIGNMENT|[EXTERNAL]|this.leftOptions|"List of size 10 too large to display"|0x3feeb9a3
15:58:59.0 (587874402)|SYSTEM_MODE_ENTER|true
15:58:59.0 (587906466)|HEAP_ALLOCATE|[EXTERNAL]|Bytes:28
15:58:59.0 (587914043)|HEAP_ALLOCATE|[EXTERNAL]|Bytes:20
15:58:59.0 (587928541)|VARIABLE_ASSIGNMENT|[EXTERNAL]|this.rightOptions|"List of size 6 too large to display"|0x3feeb9a3
15:58:59.0 (620982955)|SYSTEM_MODE_ENTER|true
15:58:59.0 (621059755)|HEAP_ALLOCATE|[EXTERNAL]|Bytes:36
15:58:59.0 (621146623)|VARIABLE_ASSIGNMENT|[EXTERNAL]|this|{"recordTypes":"0x633ee85e"}|0x6a127341
15:58:59.0 (621170302)|SYSTEM_MODE_ENTER|false
15:58:59.0 (621185129)|HEAP_ALLOCATE|[44]|Bytes:5
15:58:59.0 (621194354)|STATEMENT_EXECUTE|[43]
15:58:59.0 (621196629)|STATEMENT_EXECUTE|[44]
15:58:59.0 (621215977)|HEAP_ALLOCATE|[44]|Bytes:4
15:58:59.0 (621246309)|VARIABLE_SCOPE_BEGIN|[44]|allQueues|List<System.SelectOption>|true|false
15:58:59.0 (621301876)|HEAP_ALLOCATE|[EXTERNAL]|Bytes:4
15:58:59.0 (621316298)|VARIABLE_ASSIGNMENT|[44]|allQueues|[]|0x3c3dead
15:58:59.0 (621322613)|STATEMENT_EXECUTE|[45]
15:58:59.0 (621337978)|HEAP_ALLOCATE|[45]|Bytes:4
15:58:59.0 (621473748)|SOQL_EXECUTE_BEGIN|[45]|Aggregations:0|SELECT Label FROM OpsHR_Setup__mdt
15:58:59.0 (623584043)|SOQL_EXECUTE_END|[45]|Rows:17
15:58:59.0 (623610038)|HEAP_ALLOCATE|[45]|Bytes:72
15:58:59.0 (623641090)|HEAP_ALLOCATE|[45]|Bytes:714
15:58:59.0 (623672259)|HEAP_ALLOCATE|[45]|Bytes:72
15:58:59.0 (623686492)|VARIABLE_SCOPE_BEGIN|[45]|allMDT|List<OpsHR_Setup__mdt>|true|false
15:58:59.0 (623708382)|VARIABLE_ASSIGNMENT|[45]|allMDT|"List of size 17 too large to display"|0x6ddc657f
15:58:59.0 (623715873)|STATEMENT_EXECUTE|[47]
15:58:59.0 (623745067)|HEAP_ALLOCATE|[47]|Bytes:553
15:58:59.0 (623776917)|HEAP_ALLOCATE|[47]|Bytes:535
15:58:59.0 (623813981)|VARIABLE_SCOPE_BEGIN|[47]|retURL|String|false|false
15:58:59.0 (623826958)|VARIABLE_ASSIGNMENT|[47]|retURL|"0051I000000JaV8"
15:58:59.0 (623831536)|STATEMENT_EXECUTE|[50]
15:58:59.0 (623842601)|HEAP_ALLOCATE|[50]|Bytes:4
15:58:59.0 (623858416)|METHOD_ENTRY|[50]||System.UserInfo.getUserId()
15:58:59.0 (623879622)|METHOD_EXIT|[50]||System.UserInfo.getUserId()
15:58:59.0 (624020296)|SOQL_EXECUTE_BEGIN|[50]|Aggregations:0|SELECT Id, Support_Location__c FROM User WHERE Id = :tmpVar1
15:58:59.0 (626434762)|SOQL_EXECUTE_END|[50]|Rows:1
15:58:59.0 (626464240)|HEAP_ALLOCATE|[50]|Bytes:8
15:58:59.0 (626478795)|HEAP_ALLOCATE|[50]|Bytes:56
15:58:59.0 (626515919)|HEAP_ALLOCATE|[50]|Bytes:8
15:58:59.0 (626542197)|HEAP_ALLOCATE|[50]|Bytes:12
15:58:59.0 (626551257)|VARIABLE_SCOPE_BEGIN|[50]|theUser|User|true|false
15:58:59.0 (626578068)|VARIABLE_ASSIGNMENT|[50]|theUser|{"Id":"0051I000000JaV8QAK","Support_Location__c":"ABE3"}|0x37bf71e4
15:58:59.0 (626584814)|STATEMENT_EXECUTE|[53]
15:58:59.0 (626598215)|HEAP_ALLOCATE|[53]|Bytes:4
15:58:59.0 (626777723)|SOQL_EXECUTE_BEGIN|[53]|Aggregations:0|SELECT GroupId, Id, UserOrGroupId FROM GroupMember WHERE UserOrGroupId = :tmpVar1
15:58:59.0 (629133728)|SOQL_EXECUTE_END|[53]|Rows:6
15:58:59.0 (629163607)|HEAP_ALLOCATE|[53]|Bytes:28
15:58:59.0 (629186881)|HEAP_ALLOCATE|[53]|Bytes:558
15:58:59.0 (629230433)|HEAP_ALLOCATE|[53]|Bytes:28
15:58:59.0 (629249419)|VARIABLE_SCOPE_BEGIN|[53]|groupMembers|List<GroupMember>|true|false
15:58:59.0 (629280580)|VARIABLE_ASSIGNMENT|[53]|groupMembers|"List of size 6 too large to display"|0x428db3e2
15:58:59.0 (629289588)|STATEMENT_EXECUTE|[54]
15:58:59.0 (629303181)|HEAP_ALLOCATE|[54]|Bytes:4
15:58:59.0 (629321809)|VARIABLE_SCOPE_BEGIN|[54]|groupIds|List<Id>|true|false
15:58:59.0 (629345746)|HEAP_ALLOCATE|[EXTERNAL]|Bytes:4
15:58:59.0 (629357008)|VARIABLE_ASSIGNMENT|[54]|groupIds|[]|0x426393be
15:58:59.0 (629397173)|HEAP_ALLOCATE|[56]|Bytes:5
15:58:59.0 (629415971)|HEAP_ALLOCATE|[56]|Bytes:16
15:58:59.0 (629427540)|VARIABLE_SCOPE_BEGIN|[56]|g|GroupMember|true|false
15:58:59.0 (629447144)|VARIABLE_ASSIGNMENT|[56]|g|{"GroupId":"00G1I000000OhKRUA0","Id":"0111I000000UCIrQAO","UserOrGroupId":"0051I000000JaV8QAK"}|0x7452950d
15:58:59.0 (629454104)|STATEMENT_EXECUTE|[56]
15:58:59.0 (629455902)|STATEMENT_EXECUTE|[57]
15:58:59.0 (629475471)|HEAP_ALLOCATE|[EXTERNAL]|Bytes:4
15:58:59.0 (629488339)|HEAP_ALLOCATE|[56]|Bytes:5
15:58:59.0 (629497795)|HEAP_ALLOCATE|[56]|Bytes:16
15:58:59.0 (629503316)|VARIABLE_SCOPE_BEGIN|[56]|g|GroupMember|true|false
15:58:59.0 (629516222)|VARIABLE_ASSIGNMENT|[56]|g|{"GroupId":"00G1I000000aJ8WUAU","Id":"0111I000000UCIpQAO","UserOrGroupId":"0051I000000JaV8QAK"}|0x2f203361
15:58:59.0 (629522569)|STATEMENT_EXECUTE|[56]
15:58:59.0 (629524167)|STATEMENT_EXECUTE|[57]
15:58:59.0 (629532421)|HEAP_ALLOCATE|[EXTERNAL]|Bytes:4
15:58:59.0 (629542685)|HEAP_ALLOCATE|[56]|Bytes:5
15:58:59.0 (629551012)|HEAP_ALLOCATE|[56]|Bytes:16
15:58:59.0 (629555989)|VARIABLE_SCOPE_BEGIN|[56]|g|GroupMember|true|false
15:58:59.0 (629567473)|VARIABLE_ASSIGNMENT|[56]|g|{"GroupId":"00G1I000000aJ8gUAE","Id":"0111I000000UDCkQAO","UserOrGroupId":"0051I000000JaV8QAK"}|0x619d6d09
15:58:59.0 (629572955)|STATEMENT_EXECUTE|[56]
15:58:59.0 (629574478)|STATEMENT_EXECUTE|[57]
15:58:59.0 (629581588)|HEAP_ALLOCATE|[EXTERNAL]|Bytes:4
15:58:59.0 (629590884)|HEAP_ALLOCATE|[56]|Bytes:5
15:58:59.0 (629598637)|HEAP_ALLOCATE|[56]|Bytes:16
15:58:59.0 (629603722)|VARIABLE_SCOPE_BEGIN|[56]|g|GroupMember|true|false
15:58:59.0 (629614706)|VARIABLE_ASSIGNMENT|[56]|g|{"GroupId":"00G1I000000aJ8lUAE","Id":"0111I000000UDCiQAO","UserOrGroupId":"0051I000000JaV8QAK"}|0x3c53064f
15:58:59.0 (629620359)|STATEMENT_EXECUTE|[56]
15:58:59.0 (629622020)|STATEMENT_EXECUTE|[57]
15:58:59.0 (629628532)|HEAP_ALLOCATE|[EXTERNAL]|Bytes:4
15:58:59.0 (629638270)|HEAP_ALLOCATE|[56]|Bytes:5
15:58:59.0 (629646048)|HEAP_ALLOCATE|[56]|Bytes:16
15:58:59.0 (629651370)|VARIABLE_SCOPE_BEGIN|[56]|g|GroupMember|true|false
15:58:59.0 (629664132)|VARIABLE_ASSIGNMENT|[56]|g|{"GroupId":"00G1I000000aJ8qUAE","Id":"0111I000000UDCcQAO","UserOrGroupId":"0051I000000JaV8QAK"}|0x5c490635
15:58:59.0 (629670237)|STATEMENT_EXECUTE|[56]
15:58:59.0 (629671863)|STATEMENT_EXECUTE|[57]
15:58:59.0 (629678618)|HEAP_ALLOCATE|[EXTERNAL]|Bytes:4
15:58:59.0 (629694269)|HEAP_ALLOCATE|[56]|Bytes:5
15:58:59.0 (629703496)|HEAP_ALLOCATE|[56]|Bytes:16
15:58:59.0 (629708917)|VARIABLE_SCOPE_BEGIN|[56]|g|GroupMember|true|false
15:58:59.0 (629720033)|VARIABLE_ASSIGNMENT|[56]|g|{"GroupId":"00G1I000000aJ8vUAE","Id":"0111I000000UDChQAO","UserOrGroupId":"0051I000000JaV8QAK"}|0x725c9de6
15:58:59.0 (629725162)|STATEMENT_EXECUTE|[56]
15:58:59.0 (629726651)|STATEMENT_EXECUTE|[57]
15:58:59.0 (629733466)|HEAP_ALLOCATE|[EXTERNAL]|Bytes:4
15:58:59.0 (629742522)|HEAP_ALLOCATE|[56]|Bytes:5
15:58:59.0 (629752363)|VARIABLE_ASSIGNMENT|[56]|g|null|
15:58:59.0 (629758201)|STATEMENT_EXECUTE|[61]
15:58:59.0 (629772799)|HEAP_ALLOCATE|[61]|Bytes:4
15:58:59.0 (630041716)|SOQL_EXECUTE_BEGIN|[61]|Aggregations:0|SELECT Id, Name FROM Group WHERE (Type = 'Regular' AND Id NOT IN :tmpVar1)
15:58:59.0 (632544937)|SOQL_EXECUTE_END|[61]|Rows:10
15:58:59.0 (632575705)|HEAP_ALLOCATE|[61]|Bytes:44
15:58:59.0 (632607111)|HEAP_ALLOCATE|[61]|Bytes:410
15:58:59.0 (632644285)|HEAP_ALLOCATE|[61]|Bytes:44
15:58:59.0 (632663061)|VARIABLE_SCOPE_BEGIN|[61]|nonGroups|List<Group>|true|false
15:58:59.0 (632699910)|VARIABLE_ASSIGNMENT|[61]|nonGroups|"List of size 10 too large to display"|0x6ecc4266
15:58:59.0 (632710832)|STATEMENT_EXECUTE|[62]
15:58:59.0 (632835154)|HEAP_ALLOCATE|[62]|Bytes:420
15:58:59.0 (632864035)|HEAP_ALLOCATE|[62]|Bytes:431
15:58:59.0 (632883879)|USER_DEBUG|[62]|DEBUG|nonGroups: (Group:{Id=00G1I000000aJ8bUAE, Name=ABE2}, Group:{Id=00G1I000000aJ8RUAU, Name=ABE4}, Group:{Id=00G1I000000aJ8MUAU, Name=ABE8}, Group:{Id=00G1I000000aJ9FUAU, Name=BDL2}, Group:{Id=00G1I000000aJ8CUAU, Name=BFI3}, Group:{Id=00G1I000000aJ8HUAU, Name=BFI4}, Group:{Id=00G1I000000aJ9KUAU, Name=BFI5}, Group:{Id=00G1I000000aJ90UAE, Name=BNA2}, Group:{Id=00G1I000000aJ95UAE, Name=BWI2}, Group:{Id=00G1I000000aJ9AUAU, Name=CLT3})
15:58:59.0 (632929501)|HEAP_ALLOCATE|[64]|Bytes:5
15:58:59.0 (632948201)|HEAP_ALLOCATE|[64]|Bytes:12
15:58:59.0 (632960103)|VARIABLE_SCOPE_BEGIN|[64]|ng|Group|true|false
15:58:59.0 (632983046)|VARIABLE_ASSIGNMENT|[64]|ng|{"Id":"00G1I000000aJ8bUAE","Name":"ABE2"}|0xb67f75f
15:58:59.0 (632992276)|STATEMENT_EXECUTE|[64]
15:58:59.0 (632994504)|STATEMENT_EXECUTE|[65]
15:58:59.0 (633029918)|HEAP_ALLOCATE|[EXTERNAL]|Bytes:4
15:58:59.0 (633050360)|HEAP_ALLOCATE|[64]|Bytes:5
15:58:59.0 (633064696)|HEAP_ALLOCATE|[64]|Bytes:12
15:58:59.0 (633073414)|VARIABLE_SCOPE_BEGIN|[64]|ng|Group|true|false
15:58:59.0 (633091326)|VARIABLE_ASSIGNMENT|[64]|ng|{"Id":"00G1I000000aJ8RUAU","Name":"ABE4"}|0x727f8930
15:58:59.0 (633101361)|STATEMENT_EXECUTE|[64]
15:58:59.0 (633103689)|STATEMENT_EXECUTE|[65]
15:58:59.0 (633122406)|HEAP_ALLOCATE|[EXTERNAL]|Bytes:4
15:58:59.0 (633139162)|HEAP_ALLOCATE|[64]|Bytes:5
15:58:59.0 (633153515)|HEAP_ALLOCATE|[64]|Bytes:12
15:58:59.0 (633161674)|VARIABLE_SCOPE_BEGIN|[64]|ng|Group|true|false
15:58:59.0 (633178529)|VARIABLE_ASSIGNMENT|[64]|ng|{"Id":"00G1I000000aJ8MUAU","Name":"ABE8"}|0x7e74acdd
15:58:59.0 (633186400)|STATEMENT_EXECUTE|[64]
15:58:59.0 (633188368)|STATEMENT_EXECUTE|[65]
15:58:59.0 (633204253)|HEAP_ALLOCATE|[EXTERNAL]|Bytes:4
15:58:59.0 (633219799)|HEAP_ALLOCATE|[64]|Bytes:5
15:58:59.0 (633232568)|HEAP_ALLOCATE|[64]|Bytes:12
15:58:59.0 (633240989)|VARIABLE_SCOPE_BEGIN|[64]|ng|Group|true|false
15:58:59.0 (633257380)|VARIABLE_ASSIGNMENT|[64]|ng|{"Id":"00G1I000000aJ9FUAU","Name":"BDL2"}|0x2f562231
15:58:59.0 (633265234)|STATEMENT_EXECUTE|[64]
15:58:59.0 (633267611)|STATEMENT_EXECUTE|[65]
15:58:59.0 (633282542)|HEAP_ALLOCATE|[EXTERNAL]|Bytes:4
15:58:59.0 (633296829)|HEAP_ALLOCATE|[64]|Bytes:5
15:58:59.0 (633308679)|HEAP_ALLOCATE|[64]|Bytes:12
15:58:59.0 (633315769)|VARIABLE_SCOPE_BEGIN|[64]|ng|Group|true|false
15:58:59.0 (633331012)|VARIABLE_ASSIGNMENT|[64]|ng|{"Id":"00G1I000000aJ8CUAU","Name":"BFI3"}|0x1b3fe58b
15:58:59.0 (633338571)|STATEMENT_EXECUTE|[64]
15:58:59.0 (633340661)|STATEMENT_EXECUTE|[65]
15:58:59.0 (633353135)|HEAP_ALLOCATE|[EXTERNAL]|Bytes:4
15:58:59.0 (633366343)|HEAP_ALLOCATE|[64]|Bytes:5
15:58:59.0 (633376837)|HEAP_ALLOCATE|[64]|Bytes:12
15:58:59.0 (633384207)|VARIABLE_SCOPE_BEGIN|[64]|ng|Group|true|false
15:58:59.0 (633399111)|VARIABLE_ASSIGNMENT|[64]|ng|{"Id":"00G1I000000aJ8HUAU","Name":"BFI4"}|0x1507d9d5
15:58:59.0 (633406632)|STATEMENT_EXECUTE|[64]
15:58:59.0 (633408761)|STATEMENT_EXECUTE|[65]
15:58:59.0 (633421482)|HEAP_ALLOCATE|[EXTERNAL]|Bytes:4
15:58:59.0 (633435023)|HEAP_ALLOCATE|[64]|Bytes:5
15:58:59.0 (633445528)|HEAP_ALLOCATE|[64]|Bytes:12
15:58:59.0 (633453215)|VARIABLE_SCOPE_BEGIN|[64]|ng|Group|true|false
15:58:59.0 (633468055)|VARIABLE_ASSIGNMENT|[64]|ng|{"Id":"00G1I000000aJ9KUAU","Name":"BFI5"}|0x4ece8dec
15:58:59.0 (633476610)|STATEMENT_EXECUTE|[64]
15:58:59.0 (633478898)|STATEMENT_EXECUTE|[65]
15:58:59.0 (633491998)|HEAP_ALLOCATE|[EXTERNAL]|Bytes:4
15:58:59.0 (633505590)|HEAP_ALLOCATE|[64]|Bytes:5
15:58:59.0 (633516495)|HEAP_ALLOCATE|[64]|Bytes:12
15:58:59.0 (633523052)|VARIABLE_SCOPE_BEGIN|[64]|ng|Group|true|false
15:58:59.0 (633539306)|VARIABLE_ASSIGNMENT|[64]|ng|{"Id":"00G1I000000aJ90UAE","Name":"BNA2"}|0x509779ae
15:58:59.0 (633547773)|STATEMENT_EXECUTE|[64]
15:58:59.0 (633549922)|STATEMENT_EXECUTE|[65]
15:58:59.0 (633562754)|HEAP_ALLOCATE|[EXTERNAL]|Bytes:4
15:58:59.0 (633576355)|HEAP_ALLOCATE|[64]|Bytes:5
15:58:59.0 (633587925)|HEAP_ALLOCATE|[64]|Bytes:12
15:58:59.0 (633594586)|VARIABLE_SCOPE_BEGIN|[64]|ng|Group|true|false
15:58:59.0 (633609958)|VARIABLE_ASSIGNMENT|[64]|ng|{"Id":"00G1I000000aJ95UAE","Name":"BWI2"}|0x3460cd8a
15:58:59.0 (633618045)|STATEMENT_EXECUTE|[64]
15:58:59.0 (633620160)|STATEMENT_EXECUTE|[65]
15:58:59.0 (633633037)|HEAP_ALLOCATE|[EXTERNAL]|Bytes:4
15:58:59.0 (633645528)|HEAP_ALLOCATE|[64]|Bytes:5
15:58:59.0 (633658998)|HEAP_ALLOCATE|[64]|Bytes:12
15:58:59.0 (633667464)|VARIABLE_SCOPE_BEGIN|[64]|ng|Group|true|false
15:58:59.0 (633685566)|VARIABLE_ASSIGNMENT|[64]|ng|{"Id":"00G1I000000aJ9AUAU","Name":"CLT3"}|0x1f8273a2
15:58:59.0 (633701816)|STATEMENT_EXECUTE|[64]
15:58:59.0 (633704185)|STATEMENT_EXECUTE|[65]
15:58:59.0 (633721843)|HEAP_ALLOCATE|[EXTERNAL]|Bytes:4
15:58:59.0 (633738502)|HEAP_ALLOCATE|[64]|Bytes:5
15:58:59.0 (633754174)|VARIABLE_ASSIGNMENT|[64]|ng|null|
15:58:59.0 (633761924)|STATEMENT_EXECUTE|[68]
15:58:59.0 (633767884)|SYSTEM_MODE_EXIT|false
15:58:59.0 (633885836)|SYSTEM_MODE_ENTER|true
15:58:59.0 (633943268)|HEAP_ALLOCATE|[EXTERNAL]|Bytes:44
15:58:59.0 (633950017)|HEAP_ALLOCATE|[EXTERNAL]|Bytes:20
15:58:59.0 (633965654)|VARIABLE_ASSIGNMENT|[EXTERNAL]|this.leftOptions|"List of size 10 too large to display"|0x3feeb9a3
15:58:59.0 (634064330)|SYSTEM_MODE_ENTER|true
15:58:59.0 (634115690)|HEAP_ALLOCATE|[EXTERNAL]|Bytes:36
15:58:59.0 (634158220)|VARIABLE_ASSIGNMENT|[EXTERNAL]|this|{"recordTypes":"0x633ee85e"}|0x6a127341
15:58:59.0 (634175124)|SYSTEM_MODE_ENTER|false
15:58:59.0 (634182224)|HEAP_ALLOCATE|[75]|Bytes:5
15:58:59.0 (634187204)|STATEMENT_EXECUTE|[74]
15:58:59.0 (634189113)|STATEMENT_EXECUTE|[75]
15:58:59.0 (634199496)|HEAP_ALLOCATE|[75]|Bytes:4
15:58:59.0 (634215693)|VARIABLE_SCOPE_BEGIN|[75]|allQueues|List<System.SelectOption>|true|false
15:58:59.0 (634236702)|HEAP_ALLOCATE|[EXTERNAL]|Bytes:4
15:58:59.0 (634246008)|VARIABLE_ASSIGNMENT|[75]|allQueues|[]|0xddc06f0
15:58:59.0 (634251731)|STATEMENT_EXECUTE|[76]
15:58:59.0 (634265960)|HEAP_ALLOCATE|[76]|Bytes:4
15:58:59.0 (634384575)|SOQL_EXECUTE_BEGIN|[76]|Aggregations:0|SELECT Label FROM OpsHR_Setup__mdt
15:58:59.0 (659915630)|SOQL_EXECUTE_END|[76]|Rows:17
15:58:59.0 (659955789)|HEAP_ALLOCATE|[76]|Bytes:72
15:58:59.0 (659993026)|HEAP_ALLOCATE|[76]|Bytes:714
15:58:59.0 (660045788)|HEAP_ALLOCATE|[76]|Bytes:72
15:58:59.0 (660070022)|VARIABLE_SCOPE_BEGIN|[76]|allMDT|List<OpsHR_Setup__mdt>|true|false
15:58:59.0 (660097414)|VARIABLE_ASSIGNMENT|[76]|allMDT|"List of size 17 too large to display"|0x278fb66c
15:58:59.0 (660105808)|STATEMENT_EXECUTE|[78]
15:58:59.0 (660142694)|HEAP_ALLOCATE|[78]|Bytes:553
15:58:59.0 (660179214)|HEAP_ALLOCATE|[78]|Bytes:535
15:58:59.0 (660221809)|VARIABLE_SCOPE_BEGIN|[78]|retURL|String|false|false
15:58:59.0 (660239405)|VARIABLE_ASSIGNMENT|[78]|retURL|"0051I000000JaV8"
15:58:59.0 (660244455)|STATEMENT_EXECUTE|[81]
15:58:59.0 (660258094)|HEAP_ALLOCATE|[81]|Bytes:4
15:58:59.0 (660275738)|METHOD_ENTRY|[81]||System.UserInfo.getUserId()
15:58:59.0 (660299738)|METHOD_EXIT|[81]||System.UserInfo.getUserId()
15:58:59.0 (660514166)|SOQL_EXECUTE_BEGIN|[81]|Aggregations:0|SELECT Id FROM User WHERE Id = :tmpVar1
15:58:59.0 (662443081)|SOQL_EXECUTE_END|[81]|Rows:1
15:58:59.0 (662467208)|HEAP_ALLOCATE|[81]|Bytes:8
15:58:59.0 (662482204)|HEAP_ALLOCATE|[81]|Bytes:29
15:58:59.0 (662519256)|HEAP_ALLOCATE|[81]|Bytes:8
15:58:59.0 (662544233)|HEAP_ALLOCATE|[81]|Bytes:8
15:58:59.0 (662555109)|VARIABLE_SCOPE_BEGIN|[81]|theUser|User|true|false
15:58:59.0 (662581757)|VARIABLE_ASSIGNMENT|[81]|theUser|{"Id":"0051I000000JaV8QAK"}|0x4b9b7c7a
15:58:59.0 (662588059)|STATEMENT_EXECUTE|[84]
15:58:59.0 (662601778)|HEAP_ALLOCATE|[84]|Bytes:4
15:58:59.0 (662812631)|SOQL_EXECUTE_BEGIN|[84]|Aggregations:0|SELECT GroupId, Id, UserOrGroupId FROM GroupMember WHERE UserOrGroupId = :tmpVar1
15:58:59.0 (665050255)|SOQL_EXECUTE_END|[84]|Rows:6
15:58:59.0 (665085718)|HEAP_ALLOCATE|[84]|Bytes:28
15:58:59.0 (665115125)|HEAP_ALLOCATE|[84]|Bytes:558
15:58:59.0 (665156444)|HEAP_ALLOCATE|[84]|Bytes:28
15:58:59.0 (665174804)|VARIABLE_SCOPE_BEGIN|[84]|groupMembers|List<GroupMember>|true|false
15:58:59.0 (665204653)|VARIABLE_ASSIGNMENT|[84]|groupMembers|"List of size 6 too large to display"|0x2e50b69a
15:58:59.0 (665214448)|STATEMENT_EXECUTE|[85]
15:58:59.0 (665230078)|HEAP_ALLOCATE|[85]|Bytes:4
15:58:59.0 (665252071)|VARIABLE_SCOPE_BEGIN|[85]|groupIds|List<Id>|true|false
15:58:59.0 (665276907)|HEAP_ALLOCATE|[EXTERNAL]|Bytes:4
15:58:59.0 (665289095)|VARIABLE_ASSIGNMENT|[85]|groupIds|[]|0x16b896f4
15:58:59.0 (665334997)|HEAP_ALLOCATE|[87]|Bytes:5
15:58:59.0 (665356226)|HEAP_ALLOCATE|[87]|Bytes:16
15:58:59.0 (665367692)|VARIABLE_SCOPE_BEGIN|[87]|g|GroupMember|true|false
15:58:59.0 (665388040)|VARIABLE_ASSIGNMENT|[87]|g|{"GroupId":"00G1I000000OhKRUA0","Id":"0111I000000UCIrQAO","UserOrGroupId":"0051I000000JaV8QAK"}|0x9684f68
15:58:59.0 (665394584)|STATEMENT_EXECUTE|[87]
15:58:59.0 (665396349)|STATEMENT_EXECUTE|[88]
15:58:59.0 (665418495)|HEAP_ALLOCATE|[EXTERNAL]|Bytes:4
15:58:59.0 (665431769)|HEAP_ALLOCATE|[87]|Bytes:5
15:58:59.0 (665448047)|HEAP_ALLOCATE|[87]|Bytes:16
15:58:59.0 (665454559)|VARIABLE_SCOPE_BEGIN|[87]|g|GroupMember|true|false
15:58:59.0 (665468050)|VARIABLE_ASSIGNMENT|[87]|g|{"GroupId":"00G1I000000aJ8WUAU","Id":"0111I000000UCIpQAO","UserOrGroupId":"0051I000000JaV8QAK"}|0x4856564f
15:58:59.0 (665473403)|STATEMENT_EXECUTE|[87]
15:58:59.0 (665475139)|STATEMENT_EXECUTE|[88]
15:58:59.0 (665482945)|HEAP_ALLOCATE|[EXTERNAL]|Bytes:4
15:58:59.0 (665493795)|HEAP_ALLOCATE|[87]|Bytes:5
15:58:59.0 (665501913)|HEAP_ALLOCATE|[87]|Bytes:16
15:58:59.0 (665506758)|VARIABLE_SCOPE_BEGIN|[87]|g|GroupMember|true|false
15:58:59.0 (665518081)|VARIABLE_ASSIGNMENT|[87]|g|{"GroupId":"00G1I000000aJ8gUAE","Id":"0111I000000UDCkQAO","UserOrGroupId":"0051I000000JaV8QAK"}|0x7bfa53e5
15:58:59.0 (665524483)|STATEMENT_EXECUTE|[87]
15:58:59.0 (665525944)|STATEMENT_EXECUTE|[88]
15:58:59.0 (665532698)|HEAP_ALLOCATE|[EXTERNAL]|Bytes:4
15:58:59.0 (665542198)|HEAP_ALLOCATE|[87]|Bytes:5
15:58:59.0 (665550865)|HEAP_ALLOCATE|[87]|Bytes:16
15:58:59.0 (665555675)|VARIABLE_SCOPE_BEGIN|[87]|g|GroupMember|true|false
15:58:59.0 (665567395)|VARIABLE_ASSIGNMENT|[87]|g|{"GroupId":"00G1I000000aJ8lUAE","Id":"0111I000000UDCiQAO","UserOrGroupId":"0051I000000JaV8QAK"}|0x66e45eb8
15:58:59.0 (665572782)|STATEMENT_EXECUTE|[87]
15:58:59.0 (665574284)|STATEMENT_EXECUTE|[88]
15:58:59.0 (665581402)|HEAP_ALLOCATE|[EXTERNAL]|Bytes:4
15:58:59.0 (665590745)|HEAP_ALLOCATE|[87]|Bytes:5
15:58:59.0 (665598622)|HEAP_ALLOCATE|[87]|Bytes:16
15:58:59.0 (665603384)|VARIABLE_SCOPE_BEGIN|[87]|g|GroupMember|true|false
15:58:59.0 (665614255)|VARIABLE_ASSIGNMENT|[87]|g|{"GroupId":"00G1I000000aJ8qUAE","Id":"0111I000000UDCcQAO","UserOrGroupId":"0051I000000JaV8QAK"}|0x2d3c4e03
15:58:59.0 (665619831)|STATEMENT_EXECUTE|[87]
15:58:59.0 (665621486)|STATEMENT_EXECUTE|[88]
15:58:59.0 (665628004)|HEAP_ALLOCATE|[EXTERNAL]|Bytes:4
15:58:59.0 (665637549)|HEAP_ALLOCATE|[87]|Bytes:5
15:58:59.0 (665645006)|HEAP_ALLOCATE|[87]|Bytes:16
15:58:59.0 (665649612)|VARIABLE_SCOPE_BEGIN|[87]|g|GroupMember|true|false
15:58:59.0 (665660752)|VARIABLE_ASSIGNMENT|[87]|g|{"GroupId":"00G1I000000aJ8vUAE","Id":"0111I000000UDChQAO","UserOrGroupId":"0051I000000JaV8QAK"}|0x57a291c5
15:58:59.0 (665666048)|STATEMENT_EXECUTE|[87]
15:58:59.0 (665667513)|STATEMENT_EXECUTE|[88]
15:58:59.0 (665674041)|HEAP_ALLOCATE|[EXTERNAL]|Bytes:4
15:58:59.0 (665683616)|HEAP_ALLOCATE|[87]|Bytes:5
15:58:59.0 (665693867)|VARIABLE_ASSIGNMENT|[87]|g|null|
15:58:59.0 (665699942)|STATEMENT_EXECUTE|[92]
15:58:59.0 (665720030)|HEAP_ALLOCATE|[92]|Bytes:4
15:58:59.0 (665967269)|SOQL_EXECUTE_BEGIN|[92]|Aggregations:0|SELECT Id, Name FROM Group WHERE (Type = 'Regular' AND Id IN :tmpVar1)
15:58:59.0 (669409781)|SOQL_EXECUTE_END|[92]|Rows:6
15:58:59.0 (669440171)|HEAP_ALLOCATE|[92]|Bytes:28
15:58:59.0 (669474263)|HEAP_ALLOCATE|[92]|Bytes:251
15:58:59.0 (669516330)|HEAP_ALLOCATE|[92]|Bytes:28
15:58:59.0 (669535434)|VARIABLE_SCOPE_BEGIN|[92]|actualGroups|List<Group>|true|false
15:58:59.0 (669563540)|VARIABLE_ASSIGNMENT|[92]|actualGroups|"List of size 6 too large to display"|0x31799d3c
15:58:59.0 (669606862)|HEAP_ALLOCATE|[94]|Bytes:5
15:58:59.0 (669626387)|HEAP_ALLOCATE|[94]|Bytes:12
15:58:59.0 (669636469)|VARIABLE_SCOPE_BEGIN|[94]|ng|Group|true|false
15:58:59.0 (669657619)|VARIABLE_ASSIGNMENT|[94]|ng|{"Id":"00G1I000000OhKRUA0","Name":"Reviewers"}|0x4785ba16
15:58:59.0 (669665327)|STATEMENT_EXECUTE|[94]
15:58:59.0 (669667469)|STATEMENT_EXECUTE|[95]
15:58:59.0 (669702376)|HEAP_ALLOCATE|[EXTERNAL]|Bytes:4
15:58:59.0 (669717828)|HEAP_ALLOCATE|[94]|Bytes:5
15:58:59.0 (669730837)|HEAP_ALLOCATE|[94]|Bytes:12
15:58:59.0 (669736376)|VARIABLE_SCOPE_BEGIN|[94]|ng|Group|true|false
15:58:59.0 (669751426)|VARIABLE_ASSIGNMENT|[94]|ng|{"Id":"00G1I000000aJ8WUAU","Name":"CMH1"}|0x3cc1b834
15:58:59.0 (669759940)|STATEMENT_EXECUTE|[94]
15:58:59.0 (669762224)|STATEMENT_EXECUTE|[95]
15:58:59.0 (669779672)|HEAP_ALLOCATE|[EXTERNAL]|Bytes:4
15:58:59.0 (669796953)|HEAP_ALLOCATE|[94]|Bytes:5
15:58:59.0 (669807654)|HEAP_ALLOCATE|[94]|Bytes:12
15:58:59.0 (669813328)|VARIABLE_SCOPE_BEGIN|[94]|ng|Group|true|false
15:58:59.0 (669825294)|VARIABLE_ASSIGNMENT|[94]|ng|{"Id":"00G1I000000aJ8gUAE","Name":"DEN2"}|0x6c12a4cf
15:58:59.0 (669831290)|STATEMENT_EXECUTE|[94]
15:58:59.0 (669832870)|STATEMENT_EXECUTE|[95]
15:58:59.0 (669844387)|HEAP_ALLOCATE|[EXTERNAL]|Bytes:4
15:58:59.0 (669858861)|HEAP_ALLOCATE|[94]|Bytes:5
15:58:59.0 (669872698)|HEAP_ALLOCATE|[94]|Bytes:12
15:58:59.0 (669881417)|VARIABLE_SCOPE_BEGIN|[94]|ng|Group|true|false
15:58:59.0 (669897837)|VARIABLE_ASSIGNMENT|[94]|ng|{"Id":"00G1I000000aJ8lUAE","Name":"CLT2"}|0x1b4a6c67
15:58:59.0 (669907214)|STATEMENT_EXECUTE|[94]
15:58:59.0 (669909488)|STATEMENT_EXECUTE|[95]
15:58:59.0 (669924170)|HEAP_ALLOCATE|[EXTERNAL]|Bytes:4
15:58:59.0 (669935304)|HEAP_ALLOCATE|[94]|Bytes:5
15:58:59.0 (669943849)|HEAP_ALLOCATE|[94]|Bytes:12
15:58:59.0 (669949307)|VARIABLE_SCOPE_BEGIN|[94]|ng|Group|true|false
15:58:59.0 (669960848)|VARIABLE_ASSIGNMENT|[94]|ng|{"Id":"00G1I000000aJ8qUAE","Name":"AVP1"}|0x71f53012
15:58:59.0 (669966405)|STATEMENT_EXECUTE|[94]
15:58:59.0 (669967839)|STATEMENT_EXECUTE|[95]
15:58:59.0 (669977994)|HEAP_ALLOCATE|[EXTERNAL]|Bytes:4
15:58:59.0 (669986956)|HEAP_ALLOCATE|[94]|Bytes:5
15:58:59.0 (669995136)|HEAP_ALLOCATE|[94]|Bytes:12
15:58:59.0 (670000882)|VARIABLE_SCOPE_BEGIN|[94]|ng|Group|true|false
15:58:59.0 (670012072)|VARIABLE_ASSIGNMENT|[94]|ng|{"Id":"00G1I000000aJ8vUAE","Name":"CAE1"}|0x40c43600
15:58:59.0 (670017173)|STATEMENT_EXECUTE|[94]
15:58:59.0 (670018632)|STATEMENT_EXECUTE|[95]
15:58:59.0 (670028358)|HEAP_ALLOCATE|[EXTERNAL]|Bytes:4
15:58:59.0 (670037744)|HEAP_ALLOCATE|[94]|Bytes:5
15:58:59.0 (670047976)|VARIABLE_ASSIGNMENT|[94]|ng|null|
15:58:59.0 (670053612)|STATEMENT_EXECUTE|[98]
15:58:59.0 (670060112)|SYSTEM_MODE_EXIT|false
15:58:59.0 (670176268)|SYSTEM_MODE_ENTER|true
15:58:59.0 (670231832)|HEAP_ALLOCATE|[EXTERNAL]|Bytes:28
15:58:59.0 (670237847)|HEAP_ALLOCATE|[EXTERNAL]|Bytes:20
15:58:59.0 (670253048)|VARIABLE_ASSIGNMENT|[EXTERNAL]|this.rightOptions|"List of size 6 too large to display"|0x3feeb9a3
15:58:59.0 (670432631)|SYSTEM_MODE_ENTER|true
15:58:59.0 (670786499)|SYSTEM_MODE_ENTER|true
15:58:59.0 (753278195)|SYSTEM_MODE_ENTER|true
15:58:59.0 (753389154)|HEAP_ALLOCATE|[EXTERNAL]|Bytes:44
15:58:59.0 (753404339)|HEAP_ALLOCATE|[EXTERNAL]|Bytes:20
15:58:59.0 (753440057)|VARIABLE_ASSIGNMENT|[EXTERNAL]|this.leftOptions|"List of size 10 too large to display"|0x3feeb9a3
15:58:59.0 (753569261)|SYSTEM_MODE_ENTER|true
15:58:59.0 (753626567)|HEAP_ALLOCATE|[EXTERNAL]|Bytes:28
15:58:59.0 (753635014)|HEAP_ALLOCATE|[EXTERNAL]|Bytes:20
15:58:59.0 (753650254)|VARIABLE_ASSIGNMENT|[EXTERNAL]|this.rightOptions|"List of size 6 too large to display"|0x3feeb9a3
15:58:59.0 (755534321)|SYSTEM_MODE_ENTER|true
15:58:59.0 (758898906)|SYSTEM_MODE_ENTER|true
15:58:59.0 (759224980)|SYSTEM_MODE_ENTER|true
15:58:59.0 (759311159)|SYSTEM_MODE_ENTER|true
15:58:59.0 (788575038)|VF_SERIALIZE_VIEWSTATE_BEGIN|0661I000003daSA
15:58:59.0 (793410007)|VF_SERIALIZE_VIEWSTATE_END
15:58:59.795 (795948435)|CUMULATIVE_LIMIT_USAGE
15:58:59.795 (795948435)|LIMIT_USAGE_FOR_NS|(default)|
  Number of SOQL queries: 12 out of 100
  Number of query rows: 128 out of 50000
  Number of SOSL queries: 0 out of 20
  Number of DML statements: 0 out of 150
  Number of DML rows: 0 out of 10000
  Maximum CPU time: 0 out of 10000
  Maximum heap size: 0 out of 6000000
  Number of callouts: 0 out of 100
  Number of Email Invocations: 0 out of 10
  Number of future calls: 0 out of 50
  Number of queueable jobs added to the queue: 0 out of 50
  Number of Mobile Apex push calls: 0 out of 10

15:58:59.795 (795948435)|CUMULATIVE_LIMIT_USAGE_END

15:58:59.0 (796009408)|CODE_UNIT_FINISHED|VF: /apex/Settings
15:58:59.0 (797007133)|EXECUTION_FINISHED
