43.0 APEX_CODE,FINEST;APEX_PROFILING,INFO;CALLOUT,INFO;DB,INFO;NBA,INFO;SYSTEM,DEBUG;VALIDATION,INFO;VISUALFORCE,INFO;WAVE,INFO;WORKFLOW,INFO
16:51:06.0 (427892)|USER_INFO|[EXTERNAL]|0051I000000JaV8|amarvick94@gmail.com|Pacific Standard Time|GMT-07:00
16:51:06.0 (471552)|EXECUTION_STARTED
16:51:06.0 (476886)|CODE_UNIT_STARTED|[EXTERNAL]|Aura
16:51:06.0 (3891138)|CODE_UNIT_STARTED|[EXTERNAL]|01p1I00000GA2Qw|CampingListController.getItems()
16:51:06.0 (4270758)|HEAP_ALLOCATE|[72]|Bytes:3
16:51:06.0 (4331367)|HEAP_ALLOCATE|[77]|Bytes:152
16:51:06.0 (4354271)|HEAP_ALLOCATE|[342]|Bytes:408
16:51:06.0 (4375962)|HEAP_ALLOCATE|[355]|Bytes:408
16:51:06.0 (4395111)|HEAP_ALLOCATE|[467]|Bytes:48
16:51:06.0 (4433265)|HEAP_ALLOCATE|[139]|Bytes:6
16:51:06.0 (4455154)|HEAP_ALLOCATE|[EXTERNAL]|Bytes:3
16:51:06.0 (4468248)|METHOD_ENTRY|[1]|01p1I00000GA2Qw|CampingListController.CampingListController()
16:51:06.0 (4476516)|STATEMENT_EXECUTE|[1]
16:51:06.0 (4482309)|STATEMENT_EXECUTE|[1]
16:51:06.0 (4487232)|METHOD_EXIT|[1]|CampingListController
16:51:06.0 (4501675)|SYSTEM_MODE_ENTER|false
16:51:06.0 (4515925)|STATEMENT_EXECUTE|[3]
16:51:06.0 (4518635)|STATEMENT_EXECUTE|[4]
16:51:06.0 (4522326)|HEAP_ALLOCATE|[4]|Bytes:70
16:51:06.0 (4542663)|HEAP_ALLOCATE|[4]|Bytes:4
16:51:06.0 (4594929)|HEAP_ALLOCATE|[50]|Bytes:5
16:51:06.0 (4623942)|HEAP_ALLOCATE|[56]|Bytes:5
16:51:06.0 (4638693)|HEAP_ALLOCATE|[64]|Bytes:7
16:51:06.0 (4995997)|SOQL_EXECUTE_BEGIN|[4]|Aggregations:0|SELECT id, name, price__c, Quantity__c, Packed__c FROM Camping_Item__c
16:51:06.0 (20562226)|SOQL_EXECUTE_END|[4]|Rows:0
16:51:06.0 (20605486)|HEAP_ALLOCATE|[4]|Bytes:4
16:51:06.0 (20625394)|HEAP_ALLOCATE|[4]|Bytes:0
16:51:06.0 (20680390)|HEAP_ALLOCATE|[4]|Bytes:4
16:51:06.0 (20704503)|VARIABLE_SCOPE_BEGIN|[4]|CI|List<Camping_Item__c>|true|false
16:51:06.0 (20751763)|VARIABLE_ASSIGNMENT|[4]|CI|[]|0x1d9f196b
16:51:06.0 (20766400)|STATEMENT_EXECUTE|[5]
16:51:06.0 (20786387)|SYSTEM_MODE_EXIT|false
16:51:06.20 (20820302)|CUMULATIVE_LIMIT_USAGE
16:51:06.20 (20820302)|LIMIT_USAGE_FOR_NS|(default)|
  Number of SOQL queries: 1 out of 100
  Number of query rows: 0 out of 50000
  Number of SOSL queries: 0 out of 20
  Number of DML statements: 0 out of 150
  Number of DML rows: 0 out of 10000
  Maximum CPU time: 0 out of 10000
  Maximum heap size: 0 out of 6000000
  Number of callouts: 0 out of 100
  Number of Email Invocations: 0 out of 10
  Number of future calls: 0 out of 50
  Number of queueable jobs added to the queue: 0 out of 50
  Number of Mobile Apex push calls: 0 out of 10

16:51:06.20 (20820302)|CUMULATIVE_LIMIT_USAGE_END

16:51:06.0 (20867114)|CODE_UNIT_FINISHED|CampingListController.getItems()
16:51:06.0 (20946404)|CODE_UNIT_FINISHED|Aura
16:51:06.0 (22333142)|EXECUTION_FINISHED
